[2023-09-27T14:34:26.727+0700] {taskinstance.py:1157} INFO - Dependencies all met for dep_context=non-requeueable deps ti=<TaskInstance: crawl_dag_v01.run_my_async_task manual__2023-09-27T07:34:24.757487+00:00 [queued]>
[2023-09-27T14:34:26.732+0700] {taskinstance.py:1157} INFO - Dependencies all met for dep_context=requeueable deps ti=<TaskInstance: crawl_dag_v01.run_my_async_task manual__2023-09-27T07:34:24.757487+00:00 [queued]>
[2023-09-27T14:34:26.733+0700] {taskinstance.py:1359} INFO - Starting attempt 1 of 6
[2023-09-27T14:34:26.741+0700] {taskinstance.py:1380} INFO - Executing <Task(PythonOperator): run_my_async_task> on 2023-09-27 07:34:24.757487+00:00
[2023-09-27T14:34:26.745+0700] {standard_task_runner.py:57} INFO - Started process 923 to run task
[2023-09-27T14:34:26.749+0700] {standard_task_runner.py:84} INFO - Running: ['***', 'tasks', 'run', 'crawl_dag_v01', 'run_my_async_task', 'manual__2023-09-27T07:34:24.757487+00:00', '--job-id', '208', '--raw', '--subdir', 'DAGS_FOLDER/crawlInvest.py', '--cfg-path', '/tmp/tmptzuyhdgr']
[2023-09-27T14:34:26.751+0700] {standard_task_runner.py:85} INFO - Job 208: Subtask run_my_async_task
[2023-09-27T14:34:26.794+0700] {task_command.py:415} INFO - Running <TaskInstance: crawl_dag_v01.run_my_async_task manual__2023-09-27T07:34:24.757487+00:00 [running]> on host 33b2b98956f5
[2023-09-27T14:34:26.857+0700] {taskinstance.py:1660} INFO - Exporting env vars: AIRFLOW_CTX_DAG_OWNER='linhhv' AIRFLOW_CTX_DAG_ID='crawl_dag_v01' AIRFLOW_CTX_TASK_ID='run_my_async_task' AIRFLOW_CTX_EXECUTION_DATE='2023-09-27T07:34:24.757487+00:00' AIRFLOW_CTX_TRY_NUMBER='1' AIRFLOW_CTX_DAG_RUN_ID='manual__2023-09-27T07:34:24.757487+00:00'
[2023-09-27T14:34:26.869+0700] {logging_mixin.py:151} INFO - ['ASG', 'BAX', 'BCF', 'BSA', 'BSH', 'DHB', 'DP2', 'DSG', 'DTK', 'EIC']
[2023-09-27T14:34:26.871+0700] {logging_mixin.py:151} INFO - etl_ingest_time_2023_09_27_14_34_26
[2023-09-27T14:34:27.102+0700] {logging_mixin.py:151} INFO - 10
[2023-09-27T14:34:27.103+0700] {logging_mixin.py:151} INFO - 1
[2023-09-27T14:34:27.108+0700] {logging_mixin.py:151} WARNING -   0%|          | 0/1 [00:00<?, ?it/s]
[2023-09-27T14:34:27.109+0700] {logging_mixin.py:151} INFO - ['ASG', 'BAX', 'BCF', 'BSA', 'BSH', 'DHB', 'DP2', 'DSG', 'DTK', 'EIC']
[2023-09-27T14:34:29.702+0700] {logging_mixin.py:151} INFO - [Empty DataFrame
Columns: []
Index: [],          p    v      cp  rcp   a     ba     sa     hl     pcp         t
0  50000.0  100 -3100.0 -0.1  BU  200.0  200.0  False     0.0  11:07:53
1  50000.0  100 -3100.0 -0.1  BU  100.0  200.0  False -3000.0  11:07:38
2  53000.0  200  -100.0  0.0  SD    0.0  200.0  False     0.0  10:13:35,          p     v     cp  rcp   a     ba      sa     hl  pcp         t
0  29900.0   600  100.0  0.0  BU  600.0  1000.0  False  0.0  13:50:52
1  29900.0  1000  100.0  0.0  SD    0.0  1000.0  False  0.0  10:36:57,          p     v     cp  rcp   a     ba      sa     hl    pcp         t
0  17600.0   400 -100.0  0.0  SD  100.0  4900.0  False    0.0  11:24:46
1  17600.0  4000 -100.0  0.0  SD  100.0  4500.0  False    0.0  11:15:52
2  17600.0   500 -100.0  0.0  SD  100.0   500.0  False -200.0  11:15:08
3  17800.0   100  100.0  0.0  BU  100.0     0.0  False    0.0  11:15:07, Empty DataFrame
Columns: []
Index: [], Empty DataFrame
Columns: []
Index: [], Empty DataFrame
Columns: []
Index: [], Empty DataFrame
Columns: []
Index: [],          p    v     cp  rcp   a     ba   sa     hl  pcp         t
0  10700.0  200 -300.0  0.0  BU  400.0  0.0  False  0.0  11:29:11
1  10700.0  100 -300.0  0.0  BU  200.0  0.0  False  0.0  11:20:17
2  10700.0  100 -300.0  0.0  BU  100.0  0.0  False  0.0  09:28:31,          p    v     cp  rcp   a     ba   sa     hl  pcp         t
0  22800.0  100  500.0  0.0  BU  100.0  0.0  False  0.0  14:30:26]
[2023-09-27T14:34:29.702+0700] {logging_mixin.py:151} INFO - hello
[2023-09-27T14:34:29.703+0700] {logging_mixin.py:151} INFO - 10
[2023-09-27T14:34:29.703+0700] {logging_mixin.py:151} WARNING -   0%|          | 0/10 [00:00<?, ?it/s]
[2023-09-27T14:34:29.704+0700] {logging_mixin.py:151} WARNING - 
[2023-09-27T14:34:29.704+0700] {logging_mixin.py:151} INFO - ASG is empty
[2023-09-27T14:34:29.710+0700] {logging_mixin.py:151} INFO -          p    v      cp  rcp   a     ba     sa     hl     pcp         t
0  50000.0  100 -3100.0 -0.1  BU  200.0  200.0  False     0.0  11:07:53
1  50000.0  100 -3100.0 -0.1  BU  100.0  200.0  False -3000.0  11:07:38
2  53000.0  200  -100.0  0.0  SD    0.0  200.0  False     0.0  10:13:35
[2023-09-27T14:34:29.718+0700] {logging_mixin.py:151} INFO - DRIVER={ODBC Driver 18 for SQL Server};SERVER=host.docker.internal;DATABASE=etl_ingest_time_2023_09_27_14_34_26;UID=sa;PWD=Docker@123;TrustServerCertificate=yes;
[2023-09-27T14:34:30.782+0700] {logging_mixin.py:151} WARNING -  10%|#         | 1/10 [00:01<00:09,  1.08s/it]
[2023-09-27T14:34:30.783+0700] {logging_mixin.py:151} WARNING -   0%|          | 0/1 [00:03<?, ?it/s]
[2023-09-27T14:34:30.784+0700] {logging_mixin.py:151} INFO - 'str' object has no attribute 'csv'
[2023-09-27T14:34:30.785+0700] {python.py:194} INFO - Done. Returned value was: None
[2023-09-27T14:34:30.794+0700] {taskinstance.py:1398} INFO - Marking task as SUCCESS. dag_id=crawl_dag_v01, task_id=run_my_async_task, execution_date=20230927T073424, start_date=20230927T073426, end_date=20230927T073430
[2023-09-27T14:34:30.815+0700] {local_task_job_runner.py:228} INFO - Task exited with return code 0
[2023-09-27T14:34:30.833+0700] {taskinstance.py:2776} INFO - 0 downstream tasks scheduled from follow-on schedule check
