[2023-10-02T16:13:47.013+0700] {taskinstance.py:1157} INFO - Dependencies all met for dep_context=non-requeueable deps ti=<TaskInstance: crawl_dag_v01.run_my_async_task scheduled__2023-10-01T08:12:00+00:00 [queued]>
[2023-10-02T16:13:47.018+0700] {taskinstance.py:1157} INFO - Dependencies all met for dep_context=requeueable deps ti=<TaskInstance: crawl_dag_v01.run_my_async_task scheduled__2023-10-01T08:12:00+00:00 [queued]>
[2023-10-02T16:13:47.019+0700] {taskinstance.py:1359} INFO - Starting attempt 2 of 2
[2023-10-02T16:13:47.027+0700] {taskinstance.py:1380} INFO - Executing <Task(PythonOperator): run_my_async_task> on 2023-10-01 08:12:00+00:00
[2023-10-02T16:13:47.032+0700] {standard_task_runner.py:57} INFO - Started process 249 to run task
[2023-10-02T16:13:47.036+0700] {standard_task_runner.py:84} INFO - Running: ['***', 'tasks', 'run', 'crawl_dag_v01', 'run_my_async_task', 'scheduled__2023-10-01T08:12:00+00:00', '--job-id', '192', '--raw', '--subdir', 'DAGS_FOLDER/crawlInvest.py', '--cfg-path', '/tmp/tmpecsga4b3']
[2023-10-02T16:13:47.037+0700] {standard_task_runner.py:85} INFO - Job 192: Subtask run_my_async_task
[2023-10-02T16:13:47.080+0700] {task_command.py:415} INFO - Running <TaskInstance: crawl_dag_v01.run_my_async_task scheduled__2023-10-01T08:12:00+00:00 [running]> on host 052a1d3faae2
[2023-10-02T16:13:47.138+0700] {taskinstance.py:1660} INFO - Exporting env vars: AIRFLOW_CTX_DAG_OWNER='linhhv' AIRFLOW_CTX_DAG_ID='crawl_dag_v01' AIRFLOW_CTX_TASK_ID='run_my_async_task' AIRFLOW_CTX_EXECUTION_DATE='2023-10-01T08:12:00+00:00' AIRFLOW_CTX_TRY_NUMBER='2' AIRFLOW_CTX_DAG_RUN_ID='scheduled__2023-10-01T08:12:00+00:00'
[2023-10-02T16:13:47.149+0700] {logging_mixin.py:151} INFO - ['ASG', 'BAX', 'BCF', 'BSA', 'BSH', 'DHB', 'DP2', 'DSG', 'DTK', 'EIC']
[2023-10-02T16:13:47.151+0700] {logging_mixin.py:151} INFO - etl_ingest_time_2023_10_02_16_13_47
[2023-10-02T16:13:47.332+0700] {logging_mixin.py:151} INFO - 10
[2023-10-02T16:13:47.332+0700] {logging_mixin.py:151} INFO - 1
[2023-10-02T16:13:47.338+0700] {logging_mixin.py:151} WARNING -   0%|          | 0/1 [00:00<?, ?it/s]
[2023-10-02T16:13:47.339+0700] {logging_mixin.py:151} INFO - ['ASG', 'BAX', 'BCF', 'BSA', 'BSH', 'DHB', 'DP2', 'DSG', 'DTK', 'EIC']
[2023-10-02T16:13:48.052+0700] {logging_mixin.py:151} INFO - [Empty DataFrame
Columns: []
Index: [],          p    v      cp  rcp   a     ba   sa     hl     pcp         t
0  53500.0  100  3300.0  0.1  BU  300.0  0.0  False     0.0  10:15:22
1  53500.0  100  3300.0  0.1  BU  200.0  0.0  False -1400.0  09:58:23
2  54900.0  100  4700.0  0.1  BU  100.0  0.0  False     0.0  09:31:30,          p     v     cp  rcp   a      ba   sa     hl    pcp         t
0  29500.0   100 -400.0  0.0  BU  1600.0  0.0  False  500.0  13:08:28
1  29000.0  1100 -900.0  0.0  BU  1500.0  0.0  False -100.0  09:42:03
2  29100.0   200 -800.0  0.0  BU   400.0  0.0  False -200.0  09:40:37
3  29300.0   200 -600.0  0.0  BU   200.0  0.0  False    0.0  09:33:00,          p    v     cp  rcp   a     ba     sa     hl  pcp         t
0  17900.0  100  200.0  0.0  BU  100.0  200.0  False  0.0  14:42:53
1  17900.0  200  200.0  0.0  SD    0.0  200.0  False  0.0  13:17:43, Empty DataFrame
Columns: []
Index: [], Empty DataFrame
Columns: []
Index: [], Empty DataFrame
Columns: []
Index: [],         p    v     cp  rcp   a     ba   sa     hl  pcp         t
0  4500.0  100  500.0  0.1  BU  100.0  0.0  False  0.0  09:42:41,           p     v     cp  rcp   a      ba      sa     hl    pcp         t
0   10900.0   100  300.0  0.0      3900.0  2000.0  False  300.0  14:45:01
1   10600.0  1900    0.0  0.0  SD  3900.0  2000.0  False -100.0  14:29:40
2   10700.0   700  100.0  0.0  BU  3900.0   100.0  False    0.0  14:24:20
3   10700.0   300  100.0  0.0  BU  3200.0   100.0  False -300.0  14:24:03
4   11000.0   800  400.0  0.0  BU  2900.0   100.0  False    0.0  14:06:57
5   11000.0   100  400.0  0.0  BU  2100.0   100.0  False  100.0  13:36:36
6   10900.0   100  300.0  0.0  BU  2000.0   100.0  False  200.0  13:30:16
7   10700.0   700  100.0  0.0  BU  1900.0   100.0  False    0.0  10:46:54
8   10700.0   200  100.0  0.0  BU  1200.0   100.0  False    0.0  10:46:40
9   10700.0   100  100.0  0.0  BU  1000.0   100.0  False    0.0  10:45:50
10  10700.0   900  100.0  0.0  BU   900.0   100.0  False    0.0  09:08:53
11  10700.0   100  100.0  0.0  SD     0.0   100.0  False    0.0  09:07:18,          p    v     cp  rcp   a   ba     sa     hl  pcp         t
0  21600.0  900  100.0  0.0  SD  0.0  900.0  False  0.0  14:53:19]
[2023-10-02T16:13:48.057+0700] {logging_mixin.py:151} INFO - hello
[2023-10-02T16:13:48.058+0700] {logging_mixin.py:151} INFO - 10
[2023-10-02T16:13:48.059+0700] {logging_mixin.py:151} WARNING -   0%|          | 0/10 [00:00<?, ?it/s]
[2023-10-02T16:13:48.060+0700] {logging_mixin.py:151} WARNING - 
[2023-10-02T16:13:48.060+0700] {logging_mixin.py:151} INFO - ASG is empty
[2023-10-02T16:13:48.066+0700] {logging_mixin.py:151} INFO -          p    v      cp  rcp   a     ba   sa     hl     pcp         t
0  53500.0  100  3300.0  0.1  BU  300.0  0.0  False     0.0  10:15:22
1  53500.0  100  3300.0  0.1  BU  200.0  0.0  False -1400.0  09:58:23
2  54900.0  100  4700.0  0.1  BU  100.0  0.0  False     0.0  09:31:30
[2023-10-02T16:13:48.073+0700] {logging_mixin.py:151} INFO - DRIVER={ODBC Driver 18 for SQL Server};SERVER=host.docker.internal;DATABASE=etl_ingest_time_2023_10_02_16_13_47;UID=sa;PWD=Docker@123;TrustServerCertificate=yes;
[2023-10-02T16:13:49.267+0700] {base.py:73} INFO - Using connection ID 'minio_s3_conn' for task execution.
[2023-10-02T16:13:49.268+0700] {connection_wrapper.py:340} INFO - AWS Connection (conn_id='minio_s3_conn', conn_type='aws') credentials retrieved from login and password.
[2023-10-02T16:13:49.507+0700] {logging_mixin.py:151} WARNING -  20%|##        | 2/10 [00:01<00:05,  1.38it/s]
[2023-10-02T16:13:49.508+0700] {logging_mixin.py:151} WARNING - 
[2023-10-02T16:13:49.513+0700] {logging_mixin.py:151} INFO -          p     v     cp  rcp   a      ba   sa     hl    pcp         t
0  29500.0   100 -400.0  0.0  BU  1600.0  0.0  False  500.0  13:08:28
1  29000.0  1100 -900.0  0.0  BU  1500.0  0.0  False -100.0  09:42:03
2  29100.0   200 -800.0  0.0  BU   400.0  0.0  False -200.0  09:40:37
3  29300.0   200 -600.0  0.0  BU   200.0  0.0  False    0.0  09:33:00
[2023-10-02T16:13:49.518+0700] {logging_mixin.py:151} INFO - DRIVER={ODBC Driver 18 for SQL Server};SERVER=host.docker.internal;DATABASE=etl_ingest_time_2023_10_02_16_13_47;UID=sa;PWD=Docker@123;TrustServerCertificate=yes;
[2023-10-02T16:13:49.604+0700] {base.py:73} INFO - Using connection ID 'minio_s3_conn' for task execution.
[2023-10-02T16:13:49.605+0700] {connection_wrapper.py:340} INFO - AWS Connection (conn_id='minio_s3_conn', conn_type='aws') credentials retrieved from login and password.
[2023-10-02T16:13:49.670+0700] {logging_mixin.py:151} WARNING -  30%|###       | 3/10 [00:01<00:03,  2.04it/s]
[2023-10-02T16:13:49.670+0700] {logging_mixin.py:151} WARNING - 
[2023-10-02T16:13:49.675+0700] {logging_mixin.py:151} INFO -          p    v     cp  rcp   a     ba     sa     hl  pcp         t
0  17900.0  100  200.0  0.0  BU  100.0  200.0  False  0.0  14:42:53
1  17900.0  200  200.0  0.0  SD    0.0  200.0  False  0.0  13:17:43
[2023-10-02T16:13:49.680+0700] {logging_mixin.py:151} INFO - DRIVER={ODBC Driver 18 for SQL Server};SERVER=host.docker.internal;DATABASE=etl_ingest_time_2023_10_02_16_13_47;UID=sa;PWD=Docker@123;TrustServerCertificate=yes;
[2023-10-02T16:13:49.905+0700] {base.py:73} INFO - Using connection ID 'minio_s3_conn' for task execution.
[2023-10-02T16:13:49.906+0700] {connection_wrapper.py:340} INFO - AWS Connection (conn_id='minio_s3_conn', conn_type='aws') credentials retrieved from login and password.
[2023-10-02T16:13:49.969+0700] {logging_mixin.py:151} WARNING -  40%|####      | 4/10 [00:01<00:02,  2.39it/s]
[2023-10-02T16:13:49.969+0700] {logging_mixin.py:151} WARNING - 
[2023-10-02T16:13:49.970+0700] {logging_mixin.py:151} INFO - BSH is empty
[2023-10-02T16:13:49.970+0700] {logging_mixin.py:151} INFO - DHB is empty
[2023-10-02T16:13:49.970+0700] {logging_mixin.py:151} INFO - DP2 is empty
[2023-10-02T16:13:49.975+0700] {logging_mixin.py:151} INFO -         p    v     cp  rcp   a     ba   sa     hl  pcp         t
0  4500.0  100  500.0  0.1  BU  100.0  0.0  False  0.0  09:42:41
[2023-10-02T16:13:49.981+0700] {logging_mixin.py:151} INFO - DRIVER={ODBC Driver 18 for SQL Server};SERVER=host.docker.internal;DATABASE=etl_ingest_time_2023_10_02_16_13_47;UID=sa;PWD=Docker@123;TrustServerCertificate=yes;
[2023-10-02T16:13:50.070+0700] {base.py:73} INFO - Using connection ID 'minio_s3_conn' for task execution.
[2023-10-02T16:13:50.071+0700] {connection_wrapper.py:340} INFO - AWS Connection (conn_id='minio_s3_conn', conn_type='aws') credentials retrieved from login and password.
[2023-10-02T16:13:50.140+0700] {logging_mixin.py:151} WARNING -  80%|########  | 8/10 [00:02<00:00,  6.15it/s]
[2023-10-02T16:13:50.140+0700] {logging_mixin.py:151} WARNING - 
[2023-10-02T16:13:50.148+0700] {logging_mixin.py:151} INFO -           p     v     cp  rcp   a      ba      sa     hl    pcp         t
0   10900.0   100  300.0  0.0      3900.0  2000.0  False  300.0  14:45:01
1   10600.0  1900    0.0  0.0  SD  3900.0  2000.0  False -100.0  14:29:40
2   10700.0   700  100.0  0.0  BU  3900.0   100.0  False    0.0  14:24:20
3   10700.0   300  100.0  0.0  BU  3200.0   100.0  False -300.0  14:24:03
4   11000.0   800  400.0  0.0  BU  2900.0   100.0  False    0.0  14:06:57
5   11000.0   100  400.0  0.0  BU  2100.0   100.0  False  100.0  13:36:36
6   10900.0   100  300.0  0.0  BU  2000.0   100.0  False  200.0  13:30:16
7   10700.0   700  100.0  0.0  BU  1900.0   100.0  False    0.0  10:46:54
8   10700.0   200  100.0  0.0  BU  1200.0   100.0  False    0.0  10:46:40
9   10700.0   100  100.0  0.0  BU  1000.0   100.0  False    0.0  10:45:50
10  10700.0   900  100.0  0.0  BU   900.0   100.0  False    0.0  09:08:53
11  10700.0   100  100.0  0.0  SD     0.0   100.0  False    0.0  09:07:18
[2023-10-02T16:13:50.154+0700] {logging_mixin.py:151} INFO - DRIVER={ODBC Driver 18 for SQL Server};SERVER=host.docker.internal;DATABASE=etl_ingest_time_2023_10_02_16_13_47;UID=sa;PWD=Docker@123;TrustServerCertificate=yes;
[2023-10-02T16:13:50.286+0700] {base.py:73} INFO - Using connection ID 'minio_s3_conn' for task execution.
[2023-10-02T16:13:50.287+0700] {connection_wrapper.py:340} INFO - AWS Connection (conn_id='minio_s3_conn', conn_type='aws') credentials retrieved from login and password.
[2023-10-02T16:13:50.364+0700] {logging_mixin.py:151} INFO -          p    v     cp  rcp   a   ba     sa     hl  pcp         t
0  21600.0  900  100.0  0.0  SD  0.0  900.0  False  0.0  14:53:19
[2023-10-02T16:13:50.370+0700] {logging_mixin.py:151} INFO - DRIVER={ODBC Driver 18 for SQL Server};SERVER=host.docker.internal;DATABASE=etl_ingest_time_2023_10_02_16_13_47;UID=sa;PWD=Docker@123;TrustServerCertificate=yes;
[2023-10-02T16:13:50.486+0700] {base.py:73} INFO - Using connection ID 'minio_s3_conn' for task execution.
[2023-10-02T16:13:50.487+0700] {connection_wrapper.py:340} INFO - AWS Connection (conn_id='minio_s3_conn', conn_type='aws') credentials retrieved from login and password.
[2023-10-02T16:13:50.718+0700] {logging_mixin.py:151} WARNING - 100%|##########| 10/10 [00:02<00:00,  4.90it/s]
[2023-10-02T16:13:50.719+0700] {logging_mixin.py:151} WARNING - 
[2023-10-02T16:13:50.719+0700] {logging_mixin.py:151} WARNING - 100%|##########| 10/10 [00:02<00:00,  3.76it/s]
[2023-10-02T16:13:50.720+0700] {logging_mixin.py:151} INFO - chay lan 1
[2023-10-02T16:13:50.720+0700] {logging_mixin.py:151} INFO - Took 3.38 s
[2023-10-02T16:13:50.720+0700] {logging_mixin.py:151} WARNING - 100%|##########| 1/1 [00:03<00:00,  3.38s/it]
[2023-10-02T16:13:50.721+0700] {logging_mixin.py:151} WARNING - 100%|##########| 1/1 [00:03<00:00,  3.38s/it]
[2023-10-02T16:13:50.721+0700] {logging_mixin.py:151} INFO - DONE CRAWL IN 3.39 s
[2023-10-02T16:13:50.725+0700] {python.py:194} INFO - Done. Returned value was: None
[2023-10-02T16:13:50.735+0700] {taskinstance.py:1398} INFO - Marking task as SUCCESS. dag_id=crawl_dag_v01, task_id=run_my_async_task, execution_date=20231001T081200, start_date=20231002T091347, end_date=20231002T091350
[2023-10-02T16:13:50.802+0700] {local_task_job_runner.py:228} INFO - Task exited with return code 0
[2023-10-02T16:13:50.819+0700] {taskinstance.py:2776} INFO - 0 downstream tasks scheduled from follow-on schedule check
