[2023-09-22T17:44:05.096+0700] {taskinstance.py:1157} INFO - Dependencies all met for dep_context=non-requeueable deps ti=<TaskInstance: crawl_dag_v01.run_my_async_task manual__2023-09-22T09:05:17.387394+00:00 [queued]>
[2023-09-22T17:44:05.102+0700] {taskinstance.py:1157} INFO - Dependencies all met for dep_context=requeueable deps ti=<TaskInstance: crawl_dag_v01.run_my_async_task manual__2023-09-22T09:05:17.387394+00:00 [queued]>
[2023-09-22T17:44:05.103+0700] {taskinstance.py:1359} INFO - Starting attempt 13 of 18
[2023-09-22T17:44:05.110+0700] {taskinstance.py:1380} INFO - Executing <Task(PythonOperator): run_my_async_task> on 2023-09-22 09:05:17.387394+00:00
[2023-09-22T17:44:05.115+0700] {standard_task_runner.py:57} INFO - Started process 2226 to run task
[2023-09-22T17:44:05.119+0700] {standard_task_runner.py:84} INFO - Running: ['***', 'tasks', 'run', 'crawl_dag_v01', 'run_my_async_task', 'manual__2023-09-22T09:05:17.387394+00:00', '--job-id', '76', '--raw', '--subdir', 'DAGS_FOLDER/crawlInvest.py', '--cfg-path', '/tmp/tmpdff3dx0x']
[2023-09-22T17:44:05.121+0700] {standard_task_runner.py:85} INFO - Job 76: Subtask run_my_async_task
[2023-09-22T17:44:05.164+0700] {task_command.py:415} INFO - Running <TaskInstance: crawl_dag_v01.run_my_async_task manual__2023-09-22T09:05:17.387394+00:00 [running]> on host 92f43f7b42a7
[2023-09-22T17:44:05.220+0700] {taskinstance.py:1660} INFO - Exporting env vars: AIRFLOW_CTX_DAG_OWNER='linhhv' AIRFLOW_CTX_DAG_ID='crawl_dag_v01' AIRFLOW_CTX_TASK_ID='run_my_async_task' AIRFLOW_CTX_EXECUTION_DATE='2023-09-22T09:05:17.387394+00:00' AIRFLOW_CTX_TRY_NUMBER='13' AIRFLOW_CTX_DAG_RUN_ID='manual__2023-09-22T09:05:17.387394+00:00'
[2023-09-22T17:44:05.232+0700] {logging_mixin.py:151} INFO - ['ASG', 'BAX', 'BCF', 'BSA', 'BSH', 'DHB', 'DP2', 'DSG', 'DTK', 'EIC']
[2023-09-22T17:44:05.234+0700] {logging_mixin.py:151} INFO - 10
[2023-09-22T17:44:05.234+0700] {logging_mixin.py:151} INFO - 1
[2023-09-22T17:44:05.238+0700] {logging_mixin.py:151} WARNING -   0%|          | 0/1 [00:00<?, ?it/s]
[2023-09-22T17:44:05.239+0700] {logging_mixin.py:151} INFO - ['ASG', 'BAX', 'BCF', 'BSA', 'BSH', 'DHB', 'DP2', 'DSG', 'DTK', 'EIC']
[2023-09-22T17:44:05.239+0700] {logging_mixin.py:151} WARNING -   0%|          | 0/1 [00:00<?, ?it/s]
[2023-09-22T17:44:05.240+0700] {logging_mixin.py:151} INFO - asyncio.run() cannot be called from a running event loop
[2023-09-22T17:44:05.241+0700] {warnings.py:109} WARNING - /opt/***/dags/crawlInvest.py:146: RuntimeWarning: coroutine 'request_link' was never awaited
  print(ex)

[2023-09-22T17:44:05.242+0700] {python.py:194} INFO - Done. Returned value was: None
[2023-09-22T17:44:05.251+0700] {taskinstance.py:1398} INFO - Marking task as SUCCESS. dag_id=crawl_dag_v01, task_id=run_my_async_task, execution_date=20230922T090517, start_date=20230922T104405, end_date=20230922T104405
[2023-09-22T17:44:05.291+0700] {local_task_job_runner.py:228} INFO - Task exited with return code 0
[2023-09-22T17:44:05.308+0700] {taskinstance.py:2776} INFO - 0 downstream tasks scheduled from follow-on schedule check
