[2023-09-22T17:41:21.813+0700] {taskinstance.py:1157} INFO - Dependencies all met for dep_context=non-requeueable deps ti=<TaskInstance: crawl_dag_v01.run_my_async_task manual__2023-09-22T09:05:17.387394+00:00 [queued]>
[2023-09-22T17:41:21.819+0700] {taskinstance.py:1157} INFO - Dependencies all met for dep_context=requeueable deps ti=<TaskInstance: crawl_dag_v01.run_my_async_task manual__2023-09-22T09:05:17.387394+00:00 [queued]>
[2023-09-22T17:41:21.820+0700] {taskinstance.py:1359} INFO - Starting attempt 11 of 16
[2023-09-22T17:41:21.828+0700] {taskinstance.py:1380} INFO - Executing <Task(PythonOperator): run_my_async_task> on 2023-09-22 09:05:17.387394+00:00
[2023-09-22T17:41:21.833+0700] {standard_task_runner.py:57} INFO - Started process 2163 to run task
[2023-09-22T17:41:21.837+0700] {standard_task_runner.py:84} INFO - Running: ['***', 'tasks', 'run', 'crawl_dag_v01', 'run_my_async_task', 'manual__2023-09-22T09:05:17.387394+00:00', '--job-id', '74', '--raw', '--subdir', 'DAGS_FOLDER/crawlInvest.py', '--cfg-path', '/tmp/tmpixsv7ngm']
[2023-09-22T17:41:21.838+0700] {standard_task_runner.py:85} INFO - Job 74: Subtask run_my_async_task
[2023-09-22T17:41:21.882+0700] {task_command.py:415} INFO - Running <TaskInstance: crawl_dag_v01.run_my_async_task manual__2023-09-22T09:05:17.387394+00:00 [running]> on host 92f43f7b42a7
[2023-09-22T17:41:21.945+0700] {taskinstance.py:1660} INFO - Exporting env vars: AIRFLOW_CTX_DAG_OWNER='linhhv' AIRFLOW_CTX_DAG_ID='crawl_dag_v01' AIRFLOW_CTX_TASK_ID='run_my_async_task' AIRFLOW_CTX_EXECUTION_DATE='2023-09-22T09:05:17.387394+00:00' AIRFLOW_CTX_TRY_NUMBER='11' AIRFLOW_CTX_DAG_RUN_ID='manual__2023-09-22T09:05:17.387394+00:00'
[2023-09-22T17:41:21.958+0700] {logging_mixin.py:151} INFO - ['ASG', 'BAX', 'BCF', 'BSA', 'BSH', 'DHB', 'DP2', 'DSG', 'DTK', 'EIC']
[2023-09-22T17:41:21.959+0700] {logging_mixin.py:151} INFO - 10
[2023-09-22T17:41:21.960+0700] {logging_mixin.py:151} INFO - 1
[2023-09-22T17:41:21.965+0700] {logging_mixin.py:151} WARNING -   0%|          | 0/1 [00:00<?, ?it/s]
[2023-09-22T17:41:23.572+0700] {logging_mixin.py:151} INFO - [None, None, None, None, None, None, None, None, None, None]
[2023-09-22T17:41:23.573+0700] {logging_mixin.py:151} INFO - hello
[2023-09-22T17:41:23.574+0700] {logging_mixin.py:151} WARNING - 100%|##########| 1/1 [00:01<00:00,  1.61s/it]
[2023-09-22T17:41:23.575+0700] {logging_mixin.py:151} WARNING - 100%|##########| 1/1 [00:01<00:00,  1.61s/it]
[2023-09-22T17:41:23.576+0700] {python.py:194} INFO - Done. Returned value was: None
[2023-09-22T17:41:23.586+0700] {taskinstance.py:1398} INFO - Marking task as SUCCESS. dag_id=crawl_dag_v01, task_id=run_my_async_task, execution_date=20230922T090517, start_date=20230922T104121, end_date=20230922T104123
[2023-09-22T17:41:23.607+0700] {local_task_job_runner.py:228} INFO - Task exited with return code 0
[2023-09-22T17:41:23.624+0700] {taskinstance.py:2776} INFO - 0 downstream tasks scheduled from follow-on schedule check
