[2023-09-22T17:52:21.381+0700] {taskinstance.py:1157} INFO - Dependencies all met for dep_context=non-requeueable deps ti=<TaskInstance: crawl_dag_v01.run_my_async_task manual__2023-09-22T09:05:17.387394+00:00 [queued]>
[2023-09-22T17:52:21.387+0700] {taskinstance.py:1157} INFO - Dependencies all met for dep_context=requeueable deps ti=<TaskInstance: crawl_dag_v01.run_my_async_task manual__2023-09-22T09:05:17.387394+00:00 [queued]>
[2023-09-22T17:52:21.388+0700] {taskinstance.py:1359} INFO - Starting attempt 16 of 21
[2023-09-22T17:52:21.397+0700] {taskinstance.py:1380} INFO - Executing <Task(PythonOperator): run_my_async_task> on 2023-09-22 09:05:17.387394+00:00
[2023-09-22T17:52:21.401+0700] {standard_task_runner.py:57} INFO - Started process 2381 to run task
[2023-09-22T17:52:21.406+0700] {standard_task_runner.py:84} INFO - Running: ['***', 'tasks', 'run', 'crawl_dag_v01', 'run_my_async_task', 'manual__2023-09-22T09:05:17.387394+00:00', '--job-id', '79', '--raw', '--subdir', 'DAGS_FOLDER/crawlInvest.py', '--cfg-path', '/tmp/tmp1z8bt1pj']
[2023-09-22T17:52:21.407+0700] {standard_task_runner.py:85} INFO - Job 79: Subtask run_my_async_task
[2023-09-22T17:52:21.453+0700] {task_command.py:415} INFO - Running <TaskInstance: crawl_dag_v01.run_my_async_task manual__2023-09-22T09:05:17.387394+00:00 [running]> on host 92f43f7b42a7
[2023-09-22T17:52:21.516+0700] {taskinstance.py:1660} INFO - Exporting env vars: AIRFLOW_CTX_DAG_OWNER='linhhv' AIRFLOW_CTX_DAG_ID='crawl_dag_v01' AIRFLOW_CTX_TASK_ID='run_my_async_task' AIRFLOW_CTX_EXECUTION_DATE='2023-09-22T09:05:17.387394+00:00' AIRFLOW_CTX_TRY_NUMBER='16' AIRFLOW_CTX_DAG_RUN_ID='manual__2023-09-22T09:05:17.387394+00:00'
[2023-09-22T17:52:21.528+0700] {logging_mixin.py:151} INFO - ['ASG', 'BAX', 'BCF', 'BSA', 'BSH', 'DHB', 'DP2', 'DSG', 'DTK', 'EIC']
[2023-09-22T17:52:21.530+0700] {logging_mixin.py:151} INFO - 10
[2023-09-22T17:52:21.530+0700] {logging_mixin.py:151} INFO - 1
[2023-09-22T17:52:21.534+0700] {logging_mixin.py:151} WARNING -   0%|          | 0/1 [00:00<?, ?it/s]
[2023-09-22T17:52:21.535+0700] {logging_mixin.py:151} INFO - ['ASG', 'BAX', 'BCF', 'BSA', 'BSH', 'DHB', 'DP2', 'DSG', 'DTK', 'EIC']
[2023-09-22T17:52:23.791+0700] {logging_mixin.py:151} INFO - [         p     v      cp  rcp   a      ba      sa     hl    pcp         t
0  23150.0   100  -450.0  0.0  BU  1700.0  1100.0  False -250.0  13:15:24
1  23400.0   100  -200.0  0.0  BU  1600.0  1100.0  False  250.0  13:06:47
2  23150.0   200  -450.0  0.0  BU  1500.0  1100.0  False   50.0  13:06:14
3  23100.0   200  -500.0  0.0  BU  1300.0  1100.0  False    0.0  13:06:14
4  23100.0  1000  -500.0  0.0  SD  1100.0  1100.0  False    0.0  13:05:11
5  23100.0   900  -500.0  0.0  BU  1100.0   100.0  False    0.0  13:04:59
6  23100.0   100  -500.0  0.0  BU   200.0   100.0  False  800.0  13:04:59
7  22300.0   100 -1300.0 -0.1  BU   100.0   100.0  False  350.0  13:00:01
8  21950.0   100 -1650.0 -0.1  SD     0.0   100.0  False    0.0  10:20:20,          p    v      cp  rcp   a     ba   sa     hl  pcp         t
0  56600.0  100  2600.0  0.0  BU  100.0  0.0  False  0.0  13:56:39,          p     v     cp  rcp   a      ba   sa     hl    pcp         t
0  30500.0  1000 -500.0  0.0  BU  3500.0  0.0  False    0.0  14:29:01
1  30500.0  2000 -500.0  0.0  BU  2500.0  0.0  False -500.0  10:17:01
2  31000.0   500    0.0  0.0  BU   500.0  0.0  False    0.0  10:04:36,          p      v     cp  rcp   a       ba      sa     hl    pcp         t
0  17900.0   2000    0.0  0.0  BU  26300.0  1700.0  False    0.0  13:44:55
1  17900.0  20000    0.0  0.0  BU  24300.0  1700.0   True    0.0  13:44:36
2  17900.0   1800    0.0  0.0  BU   4300.0  1700.0  False  100.0  13:33:31
3  17800.0   2500 -100.0  0.0  BU   2500.0  1700.0  False  200.0  13:31:38
4  17600.0    900 -300.0  0.0  SD      0.0  1700.0  False    0.0  13:23:05
5  17600.0    600 -300.0  0.0  SD      0.0   800.0  False    0.0  10:15:31
6  17600.0    200 -300.0  0.0  SD      0.0   200.0  False    0.0  10:09:47,          p    v      cp  rcp   a     ba   sa     hl  pcp         t
0  21900.0  200  2700.0  0.1  BU  200.0  0.0  False  0.0  11:25:53,          p     v      cp  rcp   a       ba       sa     hl    pcp         t
0   7500.0   100  -800.0 -0.1  BU  13200.0  29200.0  False  100.0  14:43:20
1   7400.0   200  -900.0 -0.1  SD  13100.0  29200.0  False    0.0  14:20:07
2   7400.0  1000  -900.0 -0.1  SD  13100.0  29000.0  False    0.0  14:13:43
3   7400.0   300  -900.0 -0.1  SD  13100.0  28000.0  False    0.0  14:12:06
4   7400.0  2000  -900.0 -0.1  SD  13100.0  27700.0  False    0.0  14:10:50
5   7400.0  1200  -900.0 -0.1  SD  13100.0  25700.0  False    0.0  14:09:17
6   7400.0  2000  -900.0 -0.1  SD  13100.0  24500.0  False    0.0  13:27:46
7   7400.0   300  -900.0 -0.1  SD  13100.0  22500.0  False -100.0  13:06:46
8   7500.0   400  -800.0 -0.1  BU  13100.0  22200.0  False    0.0  13:04:52
9   7500.0  1000  -800.0 -0.1  BU  12700.0  22200.0  False    0.0  11:15:04
10  7500.0   500  -800.0 -0.1  BU  11700.0  22200.0  False    0.0  11:01:30
11  7500.0   100  -800.0 -0.1  BU  11200.0  22200.0  False  300.0  10:44:23
12  7200.0  4100 -1100.0 -0.1  SD  11100.0  22200.0  False    0.0  10:36:24
13  7200.0  3500 -1100.0 -0.1  SD  11100.0  18100.0  False    0.0  10:36:00
14  7200.0   200 -1100.0 -0.1  SD  11100.0  14600.0  False    0.0  10:35:30
15  7200.0  1300 -1100.0 -0.1  SD  11100.0  14400.0  False  100.0  10:33:05
16  7100.0   100 -1200.0 -0.1  SD  11100.0  13100.0  False    0.0  10:18:53
17  7100.0   600 -1200.0 -0.1  SD  11100.0  13000.0  False    0.0  10:18:16
18  7100.0   100 -1200.0 -0.1  SD  11100.0  12400.0  False -100.0  10:17:56
19  7200.0   900 -1100.0 -0.1  BU  11100.0  12300.0  False  100.0  10:17:53
20  7100.0  1000 -1200.0 -0.1  SD  10200.0  12300.0  False -100.0  10:17:45
21  7200.0  1000 -1100.0 -0.1  SD  10200.0  11300.0  False -100.0  10:17:16
22  7300.0  2000 -1000.0 -0.1  BU  10200.0  10300.0  False -200.0  10:17:10
23  7500.0   200  -800.0 -0.1  BU   8200.0  10300.0  False    0.0  10:15:24
24  7500.0  1300  -800.0 -0.1  BU   8000.0  10300.0  False    0.0  09:57:01
25  7500.0   500  -800.0 -0.1  BU   6700.0  10300.0  False    0.0  09:55:10
26  7500.0   200  -800.0 -0.1  BU   6200.0  10300.0  False  200.0  09:53:38
27  7300.0  2000 -1000.0 -0.1  BU   6000.0  10300.0  False -600.0  09:52:50
28  7900.0   100  -400.0  0.0  BU   4000.0  10300.0  False  800.0  09:52:26
29  7100.0  1900 -1200.0 -0.1  SD   3900.0  10300.0  False    0.0  09:48:33
30  7100.0  8100 -1200.0 -0.1  SD   3900.0   8400.0  False -100.0  09:48:22
31  7200.0   300 -1100.0 -0.1  SD   3900.0    300.0  False -300.0  09:46:41
32  7500.0  2000  -800.0 -0.1  BU   3900.0      0.0  False -400.0  09:46:30
33  7900.0   400  -400.0  0.0  BU   1900.0      0.0  False -100.0  09:42:29
34  8000.0   500  -300.0  0.0  BU   1500.0      0.0  False  100.0  09:34:33
35  7900.0   300  -400.0  0.0  BU   1000.0      0.0  False    0.0  09:34:04
36  7900.0   400  -400.0  0.0  BU    700.0      0.0  False -200.0  09:33:17
37  8100.0   300  -200.0  0.0  BU    300.0      0.0  False    0.0  09:25:47,         p     v     cp  rcp   a      ba   sa     hl    pcp         t
0  5000.0  2200    0.0  0.0  BU  2300.0  0.0  False  700.0  11:26:42
1  4300.0   100 -700.0 -0.1  BU   100.0  0.0  False    0.0  11:22:35,         p    v     cp  rcp   a     ba   sa     hl  pcp         t
0  4000.0  500 -200.0  0.0  BU  500.0  0.0  False  0.0  11:29:21,          p     v     cp  rcp   a      ba     sa     hl    pcp         t
0  10900.0   200 -100.0  0.0  BU  1700.0  700.0  False    0.0  14:24:44
1  10900.0   100 -100.0  0.0  BU  1500.0  700.0  False  100.0  13:47:03
2  10800.0   500 -200.0  0.0  SD  1400.0  700.0  False -100.0  13:28:32
3  10900.0  1000 -100.0  0.0  BU  1400.0  200.0  False    0.0  13:18:54
4  10900.0   100 -100.0  0.0  BU   400.0  200.0  False -100.0  11:21:57
5  11000.0   200    0.0  0.0  BU   300.0  200.0  False    0.0  11:21:45
6  11000.0   100    0.0  0.0  BU   100.0  200.0  False  900.0  11:17:31
7  10100.0   200 -900.0 -0.1  SD     0.0  200.0  False    0.0  10:20:21,          p    v     cp  rcp   a     ba     sa     hl    pcp         t
0  22000.0  100  200.0  0.0  SD  100.0  100.0  False -300.0  13:01:19
1  22300.0  100  500.0  0.0  BU  100.0    0.0  False    0.0  11:26:47]
[2023-09-22T17:52:23.792+0700] {logging_mixin.py:151} INFO - hello
[2023-09-22T17:52:23.793+0700] {logging_mixin.py:151} WARNING - 100%|##########| 1/1 [00:02<00:00,  2.26s/it]
[2023-09-22T17:52:23.793+0700] {logging_mixin.py:151} WARNING - 100%|##########| 1/1 [00:02<00:00,  2.26s/it]
[2023-09-22T17:52:23.795+0700] {python.py:194} INFO - Done. Returned value was: None
[2023-09-22T17:52:23.804+0700] {taskinstance.py:1398} INFO - Marking task as SUCCESS. dag_id=crawl_dag_v01, task_id=run_my_async_task, execution_date=20230922T090517, start_date=20230922T105221, end_date=20230922T105223
[2023-09-22T17:52:23.853+0700] {local_task_job_runner.py:228} INFO - Task exited with return code 0
[2023-09-22T17:52:23.868+0700] {taskinstance.py:2776} INFO - 0 downstream tasks scheduled from follow-on schedule check
