[2023-09-22T17:42:42.385+0700] {taskinstance.py:1157} INFO - Dependencies all met for dep_context=non-requeueable deps ti=<TaskInstance: crawl_dag_v01.run_my_async_task manual__2023-09-22T09:05:17.387394+00:00 [queued]>
[2023-09-22T17:42:42.390+0700] {taskinstance.py:1157} INFO - Dependencies all met for dep_context=requeueable deps ti=<TaskInstance: crawl_dag_v01.run_my_async_task manual__2023-09-22T09:05:17.387394+00:00 [queued]>
[2023-09-22T17:42:42.390+0700] {taskinstance.py:1359} INFO - Starting attempt 12 of 17
[2023-09-22T17:42:42.397+0700] {taskinstance.py:1380} INFO - Executing <Task(PythonOperator): run_my_async_task> on 2023-09-22 09:05:17.387394+00:00
[2023-09-22T17:42:42.402+0700] {standard_task_runner.py:57} INFO - Started process 2199 to run task
[2023-09-22T17:42:42.405+0700] {standard_task_runner.py:84} INFO - Running: ['***', 'tasks', 'run', 'crawl_dag_v01', 'run_my_async_task', 'manual__2023-09-22T09:05:17.387394+00:00', '--job-id', '75', '--raw', '--subdir', 'DAGS_FOLDER/crawlInvest.py', '--cfg-path', '/tmp/tmpumd79wv9']
[2023-09-22T17:42:42.407+0700] {standard_task_runner.py:85} INFO - Job 75: Subtask run_my_async_task
[2023-09-22T17:42:42.448+0700] {task_command.py:415} INFO - Running <TaskInstance: crawl_dag_v01.run_my_async_task manual__2023-09-22T09:05:17.387394+00:00 [running]> on host 92f43f7b42a7
[2023-09-22T17:42:42.500+0700] {taskinstance.py:1660} INFO - Exporting env vars: AIRFLOW_CTX_DAG_OWNER='linhhv' AIRFLOW_CTX_DAG_ID='crawl_dag_v01' AIRFLOW_CTX_TASK_ID='run_my_async_task' AIRFLOW_CTX_EXECUTION_DATE='2023-09-22T09:05:17.387394+00:00' AIRFLOW_CTX_TRY_NUMBER='12' AIRFLOW_CTX_DAG_RUN_ID='manual__2023-09-22T09:05:17.387394+00:00'
[2023-09-22T17:42:42.511+0700] {logging_mixin.py:151} INFO - ['ASG', 'BAX', 'BCF', 'BSA', 'BSH', 'DHB', 'DP2', 'DSG', 'DTK', 'EIC']
[2023-09-22T17:42:42.512+0700] {logging_mixin.py:151} INFO - 10
[2023-09-22T17:42:42.513+0700] {logging_mixin.py:151} INFO - 1
[2023-09-22T17:42:42.517+0700] {logging_mixin.py:151} WARNING -   0%|          | 0/1 [00:00<?, ?it/s]
[2023-09-22T17:42:42.517+0700] {logging_mixin.py:151} INFO - ['ASG', 'BAX', 'BCF', 'BSA', 'BSH', 'DHB', 'DP2', 'DSG', 'DTK', 'EIC']
[2023-09-22T17:42:46.441+0700] {logging_mixin.py:151} INFO - [None, None, None, None, None, None, None, None, None, None]
[2023-09-22T17:42:46.442+0700] {logging_mixin.py:151} INFO - hello
[2023-09-22T17:42:46.444+0700] {logging_mixin.py:151} WARNING - 100%|##########| 1/1 [00:03<00:00,  3.93s/it]
[2023-09-22T17:42:46.445+0700] {logging_mixin.py:151} WARNING - 100%|##########| 1/1 [00:03<00:00,  3.93s/it]
[2023-09-22T17:42:46.447+0700] {python.py:194} INFO - Done. Returned value was: None
[2023-09-22T17:42:46.464+0700] {taskinstance.py:1398} INFO - Marking task as SUCCESS. dag_id=crawl_dag_v01, task_id=run_my_async_task, execution_date=20230922T090517, start_date=20230922T104242, end_date=20230922T104246
[2023-09-22T17:42:46.489+0700] {local_task_job_runner.py:228} INFO - Task exited with return code 0
[2023-09-22T17:42:46.504+0700] {taskinstance.py:2776} INFO - 0 downstream tasks scheduled from follow-on schedule check
