[2023-09-22T17:39:32.899+0700] {taskinstance.py:1157} INFO - Dependencies all met for dep_context=non-requeueable deps ti=<TaskInstance: crawl_dag_v01.run_my_async_task manual__2023-09-22T09:05:17.387394+00:00 [queued]>
[2023-09-22T17:39:32.905+0700] {taskinstance.py:1157} INFO - Dependencies all met for dep_context=requeueable deps ti=<TaskInstance: crawl_dag_v01.run_my_async_task manual__2023-09-22T09:05:17.387394+00:00 [queued]>
[2023-09-22T17:39:32.905+0700] {taskinstance.py:1359} INFO - Starting attempt 10 of 15
[2023-09-22T17:39:32.912+0700] {taskinstance.py:1380} INFO - Executing <Task(PythonOperator): run_my_async_task> on 2023-09-22 09:05:17.387394+00:00
[2023-09-22T17:39:32.917+0700] {standard_task_runner.py:57} INFO - Started process 2127 to run task
[2023-09-22T17:39:32.921+0700] {standard_task_runner.py:84} INFO - Running: ['***', 'tasks', 'run', 'crawl_dag_v01', 'run_my_async_task', 'manual__2023-09-22T09:05:17.387394+00:00', '--job-id', '73', '--raw', '--subdir', 'DAGS_FOLDER/crawlInvest.py', '--cfg-path', '/tmp/tmpub5kwn_3']
[2023-09-22T17:39:32.922+0700] {standard_task_runner.py:85} INFO - Job 73: Subtask run_my_async_task
[2023-09-22T17:39:32.962+0700] {task_command.py:415} INFO - Running <TaskInstance: crawl_dag_v01.run_my_async_task manual__2023-09-22T09:05:17.387394+00:00 [running]> on host 92f43f7b42a7
[2023-09-22T17:39:33.016+0700] {taskinstance.py:1660} INFO - Exporting env vars: AIRFLOW_CTX_DAG_OWNER='linhhv' AIRFLOW_CTX_DAG_ID='crawl_dag_v01' AIRFLOW_CTX_TASK_ID='run_my_async_task' AIRFLOW_CTX_EXECUTION_DATE='2023-09-22T09:05:17.387394+00:00' AIRFLOW_CTX_TRY_NUMBER='10' AIRFLOW_CTX_DAG_RUN_ID='manual__2023-09-22T09:05:17.387394+00:00'
[2023-09-22T17:39:33.027+0700] {logging_mixin.py:151} INFO - 10
[2023-09-22T17:39:33.028+0700] {logging_mixin.py:151} INFO - 1
[2023-09-22T17:39:33.032+0700] {logging_mixin.py:151} WARNING -   0%|          | 0/1 [00:00<?, ?it/s]
[2023-09-22T17:39:35.010+0700] {logging_mixin.py:151} INFO - [None, None, None, None, None, None, None, None, None, None]
[2023-09-22T17:39:35.014+0700] {logging_mixin.py:151} INFO - hello
[2023-09-22T17:39:35.016+0700] {logging_mixin.py:151} WARNING - 100%|##########| 1/1 [00:01<00:00,  1.98s/it]
[2023-09-22T17:39:35.017+0700] {logging_mixin.py:151} WARNING - 100%|##########| 1/1 [00:01<00:00,  1.98s/it]
[2023-09-22T17:39:35.018+0700] {python.py:194} INFO - Done. Returned value was: None
[2023-09-22T17:39:35.031+0700] {taskinstance.py:1398} INFO - Marking task as SUCCESS. dag_id=crawl_dag_v01, task_id=run_my_async_task, execution_date=20230922T090517, start_date=20230922T103932, end_date=20230922T103935
[2023-09-22T17:39:35.075+0700] {local_task_job_runner.py:228} INFO - Task exited with return code 0
[2023-09-22T17:39:35.097+0700] {taskinstance.py:2776} INFO - 0 downstream tasks scheduled from follow-on schedule check
