[2023-09-22T17:36:02.240+0700] {taskinstance.py:1157} INFO - Dependencies all met for dep_context=non-requeueable deps ti=<TaskInstance: crawl_dag_v01.run_my_async_task manual__2023-09-22T09:05:17.387394+00:00 [queued]>
[2023-09-22T17:36:02.247+0700] {taskinstance.py:1157} INFO - Dependencies all met for dep_context=requeueable deps ti=<TaskInstance: crawl_dag_v01.run_my_async_task manual__2023-09-22T09:05:17.387394+00:00 [queued]>
[2023-09-22T17:36:02.248+0700] {taskinstance.py:1359} INFO - Starting attempt 8 of 13
[2023-09-22T17:36:02.259+0700] {taskinstance.py:1380} INFO - Executing <Task(PythonOperator): run_my_async_task> on 2023-09-22 09:05:17.387394+00:00
[2023-09-22T17:36:02.264+0700] {standard_task_runner.py:57} INFO - Started process 2047 to run task
[2023-09-22T17:36:02.268+0700] {standard_task_runner.py:84} INFO - Running: ['***', 'tasks', 'run', 'crawl_dag_v01', 'run_my_async_task', 'manual__2023-09-22T09:05:17.387394+00:00', '--job-id', '71', '--raw', '--subdir', 'DAGS_FOLDER/crawlInvest.py', '--cfg-path', '/tmp/tmpl7bmcucw']
[2023-09-22T17:36:02.270+0700] {standard_task_runner.py:85} INFO - Job 71: Subtask run_my_async_task
[2023-09-22T17:36:02.325+0700] {task_command.py:415} INFO - Running <TaskInstance: crawl_dag_v01.run_my_async_task manual__2023-09-22T09:05:17.387394+00:00 [running]> on host 92f43f7b42a7
[2023-09-22T17:36:02.406+0700] {taskinstance.py:1660} INFO - Exporting env vars: AIRFLOW_CTX_DAG_OWNER='linhhv' AIRFLOW_CTX_DAG_ID='crawl_dag_v01' AIRFLOW_CTX_TASK_ID='run_my_async_task' AIRFLOW_CTX_EXECUTION_DATE='2023-09-22T09:05:17.387394+00:00' AIRFLOW_CTX_TRY_NUMBER='8' AIRFLOW_CTX_DAG_RUN_ID='manual__2023-09-22T09:05:17.387394+00:00'
[2023-09-22T17:36:02.419+0700] {logging_mixin.py:151} INFO - 1
[2023-09-22T17:36:02.424+0700] {logging_mixin.py:151} WARNING -   0%|          | 0/1 [00:00<?, ?it/s]
[2023-09-22T17:36:07.800+0700] {logging_mixin.py:151} INFO - hello
[2023-09-22T17:36:07.802+0700] {logging_mixin.py:151} WARNING -   0%|          | 0/10 [00:00<?, ?it/s]
[2023-09-22T17:36:07.803+0700] {logging_mixin.py:151} WARNING - 
[2023-09-22T17:36:07.804+0700] {logging_mixin.py:151} WARNING -   0%|          | 0/10 [00:00<?, ?it/s]
[2023-09-22T17:36:07.804+0700] {logging_mixin.py:151} WARNING -   0%|          | 0/1 [00:05<?, ?it/s]
[2023-09-22T17:36:07.805+0700] {logging_mixin.py:151} INFO - object of type 'NoneType' has no len()
[2023-09-22T17:36:07.806+0700] {python.py:194} INFO - Done. Returned value was: None
[2023-09-22T17:36:07.816+0700] {taskinstance.py:1398} INFO - Marking task as SUCCESS. dag_id=crawl_dag_v01, task_id=run_my_async_task, execution_date=20230922T090517, start_date=20230922T103602, end_date=20230922T103607
[2023-09-22T17:36:07.843+0700] {local_task_job_runner.py:228} INFO - Task exited with return code 0
[2023-09-22T17:36:07.857+0700] {taskinstance.py:2776} INFO - 0 downstream tasks scheduled from follow-on schedule check
