[2023-09-22T17:38:56.877+0700] {taskinstance.py:1157} INFO - Dependencies all met for dep_context=non-requeueable deps ti=<TaskInstance: crawl_dag_v01.run_my_async_task manual__2023-09-22T09:05:17.387394+00:00 [queued]>
[2023-09-22T17:38:56.882+0700] {taskinstance.py:1157} INFO - Dependencies all met for dep_context=requeueable deps ti=<TaskInstance: crawl_dag_v01.run_my_async_task manual__2023-09-22T09:05:17.387394+00:00 [queued]>
[2023-09-22T17:38:56.883+0700] {taskinstance.py:1359} INFO - Starting attempt 9 of 14
[2023-09-22T17:38:56.892+0700] {taskinstance.py:1380} INFO - Executing <Task(PythonOperator): run_my_async_task> on 2023-09-22 09:05:17.387394+00:00
[2023-09-22T17:38:56.896+0700] {standard_task_runner.py:57} INFO - Started process 2099 to run task
[2023-09-22T17:38:56.900+0700] {standard_task_runner.py:84} INFO - Running: ['***', 'tasks', 'run', 'crawl_dag_v01', 'run_my_async_task', 'manual__2023-09-22T09:05:17.387394+00:00', '--job-id', '72', '--raw', '--subdir', 'DAGS_FOLDER/crawlInvest.py', '--cfg-path', '/tmp/tmpc_2b8fom']
[2023-09-22T17:38:56.902+0700] {standard_task_runner.py:85} INFO - Job 72: Subtask run_my_async_task
[2023-09-22T17:38:56.945+0700] {task_command.py:415} INFO - Running <TaskInstance: crawl_dag_v01.run_my_async_task manual__2023-09-22T09:05:17.387394+00:00 [running]> on host 92f43f7b42a7
[2023-09-22T17:38:57.003+0700] {taskinstance.py:1660} INFO - Exporting env vars: AIRFLOW_CTX_DAG_OWNER='linhhv' AIRFLOW_CTX_DAG_ID='crawl_dag_v01' AIRFLOW_CTX_TASK_ID='run_my_async_task' AIRFLOW_CTX_EXECUTION_DATE='2023-09-22T09:05:17.387394+00:00' AIRFLOW_CTX_TRY_NUMBER='9' AIRFLOW_CTX_DAG_RUN_ID='manual__2023-09-22T09:05:17.387394+00:00'
[2023-09-22T17:38:57.015+0700] {logging_mixin.py:151} INFO - 10
[2023-09-22T17:38:57.016+0700] {logging_mixin.py:151} INFO - 1
[2023-09-22T17:38:57.020+0700] {logging_mixin.py:151} WARNING -   0%|          | 0/1 [00:00<?, ?it/s]
[2023-09-22T17:38:58.991+0700] {logging_mixin.py:151} INFO - hello
[2023-09-22T17:38:58.992+0700] {logging_mixin.py:151} WARNING -   0%|          | 0/10 [00:00<?, ?it/s]
[2023-09-22T17:38:58.993+0700] {logging_mixin.py:151} WARNING - 
[2023-09-22T17:38:58.994+0700] {logging_mixin.py:151} WARNING -   0%|          | 0/10 [00:00<?, ?it/s]
[2023-09-22T17:38:58.994+0700] {logging_mixin.py:151} WARNING -   0%|          | 0/1 [00:01<?, ?it/s]
[2023-09-22T17:38:58.995+0700] {logging_mixin.py:151} INFO - object of type 'NoneType' has no len()
[2023-09-22T17:38:58.996+0700] {python.py:194} INFO - Done. Returned value was: None
[2023-09-22T17:38:59.005+0700] {taskinstance.py:1398} INFO - Marking task as SUCCESS. dag_id=crawl_dag_v01, task_id=run_my_async_task, execution_date=20230922T090517, start_date=20230922T103856, end_date=20230922T103859
[2023-09-22T17:38:59.041+0700] {local_task_job_runner.py:228} INFO - Task exited with return code 0
[2023-09-22T17:38:59.058+0700] {taskinstance.py:2776} INFO - 0 downstream tasks scheduled from follow-on schedule check
