[2023-09-22T17:49:37.441+0700] {taskinstance.py:1157} INFO - Dependencies all met for dep_context=non-requeueable deps ti=<TaskInstance: crawl_dag_v01.run_my_async_task manual__2023-09-22T09:05:17.387394+00:00 [queued]>
[2023-09-22T17:49:37.448+0700] {taskinstance.py:1157} INFO - Dependencies all met for dep_context=requeueable deps ti=<TaskInstance: crawl_dag_v01.run_my_async_task manual__2023-09-22T09:05:17.387394+00:00 [queued]>
[2023-09-22T17:49:37.449+0700] {taskinstance.py:1359} INFO - Starting attempt 15 of 20
[2023-09-22T17:49:37.456+0700] {taskinstance.py:1380} INFO - Executing <Task(PythonOperator): run_my_async_task> on 2023-09-22 09:05:17.387394+00:00
[2023-09-22T17:49:37.461+0700] {standard_task_runner.py:57} INFO - Started process 2330 to run task
[2023-09-22T17:49:37.465+0700] {standard_task_runner.py:84} INFO - Running: ['***', 'tasks', 'run', 'crawl_dag_v01', 'run_my_async_task', 'manual__2023-09-22T09:05:17.387394+00:00', '--job-id', '78', '--raw', '--subdir', 'DAGS_FOLDER/crawlInvest.py', '--cfg-path', '/tmp/tmpeia53yca']
[2023-09-22T17:49:37.467+0700] {standard_task_runner.py:85} INFO - Job 78: Subtask run_my_async_task
[2023-09-22T17:49:37.507+0700] {task_command.py:415} INFO - Running <TaskInstance: crawl_dag_v01.run_my_async_task manual__2023-09-22T09:05:17.387394+00:00 [running]> on host 92f43f7b42a7
[2023-09-22T17:49:37.560+0700] {taskinstance.py:1660} INFO - Exporting env vars: AIRFLOW_CTX_DAG_OWNER='linhhv' AIRFLOW_CTX_DAG_ID='crawl_dag_v01' AIRFLOW_CTX_TASK_ID='run_my_async_task' AIRFLOW_CTX_EXECUTION_DATE='2023-09-22T09:05:17.387394+00:00' AIRFLOW_CTX_TRY_NUMBER='15' AIRFLOW_CTX_DAG_RUN_ID='manual__2023-09-22T09:05:17.387394+00:00'
[2023-09-22T17:49:37.571+0700] {logging_mixin.py:151} INFO - ['ASG', 'BAX', 'BCF', 'BSA', 'BSH', 'DHB', 'DP2', 'DSG', 'DTK', 'EIC']
[2023-09-22T17:49:37.573+0700] {logging_mixin.py:151} INFO - 10
[2023-09-22T17:49:37.573+0700] {logging_mixin.py:151} INFO - 1
[2023-09-22T17:49:37.577+0700] {logging_mixin.py:151} WARNING -   0%|          | 0/1 [00:00<?, ?it/s]
[2023-09-22T17:49:37.577+0700] {logging_mixin.py:151} INFO - ['ASG', 'BAX', 'BCF', 'BSA', 'BSH', 'DHB', 'DP2', 'DSG', 'DTK', 'EIC']
[2023-09-22T17:49:38.397+0700] {logging_mixin.py:151} INFO - [['https://apipubaws.tcbs.com.vn/stock-insight/v1/intraday/ASG/his/paging?page=0&size=100&headIndex=-1'], ['https://apipubaws.tcbs.com.vn/stock-insight/v1/intraday/BAX/his/paging?page=0&size=100&headIndex=-1'], ['https://apipubaws.tcbs.com.vn/stock-insight/v1/intraday/BCF/his/paging?page=0&size=100&headIndex=-1'], ['https://apipubaws.tcbs.com.vn/stock-insight/v1/intraday/BSA/his/paging?page=0&size=100&headIndex=-1'], ['https://apipubaws.tcbs.com.vn/stock-insight/v1/intraday/BSH/his/paging?page=0&size=100&headIndex=-1'], ['https://apipubaws.tcbs.com.vn/stock-insight/v1/intraday/DHB/his/paging?page=0&size=100&headIndex=-1'], ['https://apipubaws.tcbs.com.vn/stock-insight/v1/intraday/DP2/his/paging?page=0&size=100&headIndex=-1'], ['https://apipubaws.tcbs.com.vn/stock-insight/v1/intraday/DSG/his/paging?page=0&size=100&headIndex=-1'], ['https://apipubaws.tcbs.com.vn/stock-insight/v1/intraday/DTK/his/paging?page=0&size=100&headIndex=-1'], ['https://apipubaws.tcbs.com.vn/stock-insight/v1/intraday/EIC/his/paging?page=0&size=100&headIndex=-1']]
[2023-09-22T17:49:38.400+0700] {logging_mixin.py:151} INFO - hello
[2023-09-22T17:49:38.402+0700] {logging_mixin.py:151} WARNING - 100%|##########| 1/1 [00:00<00:00,  1.21it/s]
[2023-09-22T17:49:38.406+0700] {logging_mixin.py:151} WARNING - 100%|##########| 1/1 [00:00<00:00,  1.21it/s]
[2023-09-22T17:49:38.408+0700] {python.py:194} INFO - Done. Returned value was: None
[2023-09-22T17:49:38.419+0700] {taskinstance.py:1398} INFO - Marking task as SUCCESS. dag_id=crawl_dag_v01, task_id=run_my_async_task, execution_date=20230922T090517, start_date=20230922T104937, end_date=20230922T104938
[2023-09-22T17:49:38.465+0700] {local_task_job_runner.py:228} INFO - Task exited with return code 0
[2023-09-22T17:49:38.484+0700] {taskinstance.py:2776} INFO - 0 downstream tasks scheduled from follow-on schedule check
