[2023-09-28T14:14:41.643+0700] {taskinstance.py:1157} INFO - Dependencies all met for dep_context=non-requeueable deps ti=<TaskInstance: crawl_dag_v01.run_my_async_task scheduled__2023-09-22T00:35:00+00:00 [queued]>
[2023-09-28T14:14:41.655+0700] {taskinstance.py:1157} INFO - Dependencies all met for dep_context=requeueable deps ti=<TaskInstance: crawl_dag_v01.run_my_async_task scheduled__2023-09-22T00:35:00+00:00 [queued]>
[2023-09-28T14:14:41.656+0700] {taskinstance.py:1359} INFO - Starting attempt 1 of 6
[2023-09-28T14:14:41.678+0700] {taskinstance.py:1380} INFO - Executing <Task(PythonOperator): run_my_async_task> on 2023-09-22 00:35:00+00:00
[2023-09-28T14:14:41.684+0700] {standard_task_runner.py:57} INFO - Started process 988 to run task
[2023-09-28T14:14:41.771+0700] {standard_task_runner.py:84} INFO - Running: ['***', 'tasks', 'run', 'crawl_dag_v01', 'run_my_async_task', 'scheduled__2023-09-22T00:35:00+00:00', '--job-id', '104', '--raw', '--subdir', 'DAGS_FOLDER/crawlInvest.py', '--cfg-path', '/tmp/tmpvluecnrz']
[2023-09-28T14:14:41.774+0700] {standard_task_runner.py:85} INFO - Job 104: Subtask run_my_async_task
[2023-09-28T14:14:41.850+0700] {task_command.py:415} INFO - Running <TaskInstance: crawl_dag_v01.run_my_async_task scheduled__2023-09-22T00:35:00+00:00 [running]> on host 052a1d3faae2
[2023-09-28T14:14:42.009+0700] {taskinstance.py:1660} INFO - Exporting env vars: AIRFLOW_CTX_DAG_OWNER='linhhv' AIRFLOW_CTX_DAG_ID='crawl_dag_v01' AIRFLOW_CTX_TASK_ID='run_my_async_task' AIRFLOW_CTX_EXECUTION_DATE='2023-09-22T00:35:00+00:00' AIRFLOW_CTX_TRY_NUMBER='1' AIRFLOW_CTX_DAG_RUN_ID='scheduled__2023-09-22T00:35:00+00:00'
[2023-09-28T14:14:42.044+0700] {logging_mixin.py:151} INFO - ['ASG', 'BAX', 'BCF', 'BSA', 'BSH', 'DHB', 'DP2', 'DSG', 'DTK', 'EIC']
[2023-09-28T14:14:42.052+0700] {logging_mixin.py:151} INFO - etl_ingest_time_2023_09_28_14_14_42
[2023-09-28T14:14:42.823+0700] {logging_mixin.py:151} INFO - 10
[2023-09-28T14:14:42.824+0700] {logging_mixin.py:151} INFO - 1
[2023-09-28T14:14:42.837+0700] {logging_mixin.py:151} WARNING -   0%|          | 0/1 [00:00<?, ?it/s]
[2023-09-28T14:14:42.838+0700] {logging_mixin.py:151} INFO - ['ASG', 'BAX', 'BCF', 'BSA', 'BSH', 'DHB', 'DP2', 'DSG', 'DTK', 'EIC']
[2023-09-28T14:14:43.639+0700] {logging_mixin.py:151} INFO - [Empty DataFrame
Columns: []
Index: [],          p    v      cp  rcp   a   ba     sa     hl  pcp         t
0  50200.0  100 -4600.0 -0.1  SD  0.0  100.0  False  0.0  09:00:13, Empty DataFrame
Columns: []
Index: [], Empty DataFrame
Columns: []
Index: [], Empty DataFrame
Columns: []
Index: [], Empty DataFrame
Columns: []
Index: [], Empty DataFrame
Columns: []
Index: [], Empty DataFrame
Columns: []
Index: [],          p    v     cp  rcp   a     ba     sa     hl    pcp         t
0  10700.0  200    0.0  0.0  BU  400.0  100.0  False    0.0  14:03:06
1  10700.0  100    0.0  0.0  BU  200.0  100.0  False    0.0  13:35:59
2  10700.0  100    0.0  0.0  SD  100.0  100.0  False -200.0  10:40:12
3  10900.0  100  200.0  0.0  BU  100.0    0.0  False    0.0  09:57:39, Empty DataFrame
Columns: []
Index: []]
[2023-09-28T14:14:43.655+0700] {logging_mixin.py:151} INFO - hello
[2023-09-28T14:14:43.657+0700] {logging_mixin.py:151} INFO - 10
[2023-09-28T14:14:43.658+0700] {logging_mixin.py:151} WARNING -   0%|          | 0/10 [00:00<?, ?it/s]
[2023-09-28T14:14:43.659+0700] {logging_mixin.py:151} WARNING - 
[2023-09-28T14:14:43.660+0700] {logging_mixin.py:151} INFO - ASG is empty
[2023-09-28T14:14:43.677+0700] {logging_mixin.py:151} INFO -          p    v      cp  rcp   a   ba     sa     hl  pcp         t
0  50200.0  100 -4600.0 -0.1  SD  0.0  100.0  False  0.0  09:00:13
[2023-09-28T14:14:43.726+0700] {logging_mixin.py:151} INFO - DRIVER={ODBC Driver 18 for SQL Server};SERVER=host.docker.internal;DATABASE=etl_ingest_time_2023_09_28_14_14_42;UID=sa;PWD=Docker@123;TrustServerCertificate=yes;
[2023-09-28T14:14:46.188+0700] {base.py:73} INFO - Using connection ID 'minio_s3_conn' for task execution.
[2023-09-28T14:14:46.191+0700] {connection_wrapper.py:340} INFO - AWS Connection (conn_id='minio_s3_conn', conn_type='aws') credentials retrieved from login and password.
[2023-09-28T14:14:46.449+0700] {logging_mixin.py:151} WARNING -  20%|##        | 2/10 [00:02<00:11,  1.39s/it]
[2023-09-28T14:14:46.450+0700] {logging_mixin.py:151} WARNING - 
[2023-09-28T14:14:46.450+0700] {logging_mixin.py:151} INFO - BCF is empty
[2023-09-28T14:14:46.451+0700] {logging_mixin.py:151} INFO - BSA is empty
[2023-09-28T14:14:46.451+0700] {logging_mixin.py:151} INFO - BSH is empty
[2023-09-28T14:14:46.451+0700] {logging_mixin.py:151} INFO - DHB is empty
[2023-09-28T14:14:46.452+0700] {logging_mixin.py:151} INFO - DP2 is empty
[2023-09-28T14:14:46.452+0700] {logging_mixin.py:151} INFO - DSG is empty
[2023-09-28T14:14:46.458+0700] {logging_mixin.py:151} INFO -          p    v     cp  rcp   a     ba     sa     hl    pcp         t
0  10700.0  200    0.0  0.0  BU  400.0  100.0  False    0.0  14:03:06
1  10700.0  100    0.0  0.0  BU  200.0  100.0  False    0.0  13:35:59
2  10700.0  100    0.0  0.0  SD  100.0  100.0  False -200.0  10:40:12
3  10900.0  100  200.0  0.0  BU  100.0    0.0  False    0.0  09:57:39
[2023-09-28T14:14:46.483+0700] {logging_mixin.py:151} INFO - DRIVER={ODBC Driver 18 for SQL Server};SERVER=host.docker.internal;DATABASE=etl_ingest_time_2023_09_28_14_14_42;UID=sa;PWD=Docker@123;TrustServerCertificate=yes;
[2023-09-28T14:14:46.637+0700] {base.py:73} INFO - Using connection ID 'minio_s3_conn' for task execution.
[2023-09-28T14:14:46.637+0700] {connection_wrapper.py:340} INFO - AWS Connection (conn_id='minio_s3_conn', conn_type='aws') credentials retrieved from login and password.
[2023-09-28T14:14:46.710+0700] {logging_mixin.py:151} WARNING -  90%|######### | 9/10 [00:03<00:00,  3.80it/s]
[2023-09-28T14:14:46.710+0700] {logging_mixin.py:151} WARNING - 
[2023-09-28T14:14:46.711+0700] {logging_mixin.py:151} INFO - EIC is empty
[2023-09-28T14:14:46.712+0700] {logging_mixin.py:151} WARNING - 100%|##########| 10/10 [00:03<00:00,  3.28it/s]
[2023-09-28T14:14:46.712+0700] {logging_mixin.py:151} INFO - chay lan 1
[2023-09-28T14:14:46.712+0700] {logging_mixin.py:151} INFO - Took 3.87 s
[2023-09-28T14:14:46.713+0700] {logging_mixin.py:151} WARNING - 100%|##########| 1/1 [00:03<00:00,  3.88s/it]
[2023-09-28T14:14:46.714+0700] {logging_mixin.py:151} WARNING - 100%|##########| 1/1 [00:03<00:00,  3.88s/it]
[2023-09-28T14:14:46.715+0700] {logging_mixin.py:151} INFO - DONE CRAWL IN 3.89 s
[2023-09-28T14:14:46.718+0700] {python.py:194} INFO - Done. Returned value was: None
[2023-09-28T14:14:46.730+0700] {taskinstance.py:1398} INFO - Marking task as SUCCESS. dag_id=crawl_dag_v01, task_id=run_my_async_task, execution_date=20230922T003500, start_date=20230928T071441, end_date=20230928T071446
[2023-09-28T14:14:46.764+0700] {local_task_job_runner.py:228} INFO - Task exited with return code 0
[2023-09-28T14:14:46.779+0700] {taskinstance.py:2776} INFO - 0 downstream tasks scheduled from follow-on schedule check
