[2023-09-27T14:52:17.719+0700] {taskinstance.py:1157} INFO - Dependencies all met for dep_context=non-requeueable deps ti=<TaskInstance: crawl_dag_v01.run_my_async_task manual__2023-09-27T07:52:15.692198+00:00 [queued]>
[2023-09-27T14:52:17.726+0700] {taskinstance.py:1157} INFO - Dependencies all met for dep_context=requeueable deps ti=<TaskInstance: crawl_dag_v01.run_my_async_task manual__2023-09-27T07:52:15.692198+00:00 [queued]>
[2023-09-27T14:52:17.726+0700] {taskinstance.py:1359} INFO - Starting attempt 1 of 6
[2023-09-27T14:52:17.735+0700] {taskinstance.py:1380} INFO - Executing <Task(PythonOperator): run_my_async_task> on 2023-09-27 07:52:15.692198+00:00
[2023-09-27T14:52:17.740+0700] {standard_task_runner.py:57} INFO - Started process 1245 to run task
[2023-09-27T14:52:17.744+0700] {standard_task_runner.py:84} INFO - Running: ['***', 'tasks', 'run', 'crawl_dag_v01', 'run_my_async_task', 'manual__2023-09-27T07:52:15.692198+00:00', '--job-id', '214', '--raw', '--subdir', 'DAGS_FOLDER/crawlInvest.py', '--cfg-path', '/tmp/tmpwobjinye']
[2023-09-27T14:52:17.745+0700] {standard_task_runner.py:85} INFO - Job 214: Subtask run_my_async_task
[2023-09-27T14:52:17.791+0700] {task_command.py:415} INFO - Running <TaskInstance: crawl_dag_v01.run_my_async_task manual__2023-09-27T07:52:15.692198+00:00 [running]> on host 33b2b98956f5
[2023-09-27T14:52:17.855+0700] {taskinstance.py:1660} INFO - Exporting env vars: AIRFLOW_CTX_DAG_OWNER='linhhv' AIRFLOW_CTX_DAG_ID='crawl_dag_v01' AIRFLOW_CTX_TASK_ID='run_my_async_task' AIRFLOW_CTX_EXECUTION_DATE='2023-09-27T07:52:15.692198+00:00' AIRFLOW_CTX_TRY_NUMBER='1' AIRFLOW_CTX_DAG_RUN_ID='manual__2023-09-27T07:52:15.692198+00:00'
[2023-09-27T14:52:17.869+0700] {logging_mixin.py:151} INFO - ['ASG', 'BAX', 'BCF', 'BSA', 'BSH', 'DHB', 'DP2', 'DSG', 'DTK', 'EIC']
[2023-09-27T14:52:17.870+0700] {logging_mixin.py:151} INFO - etl_ingest_time_2023_09_27_14_52_17
[2023-09-27T14:52:18.057+0700] {logging_mixin.py:151} INFO - 10
[2023-09-27T14:52:18.058+0700] {logging_mixin.py:151} INFO - 1
[2023-09-27T14:52:18.064+0700] {logging_mixin.py:151} WARNING -   0%|          | 0/1 [00:00<?, ?it/s]
[2023-09-27T14:52:18.064+0700] {logging_mixin.py:151} INFO - ['ASG', 'BAX', 'BCF', 'BSA', 'BSH', 'DHB', 'DP2', 'DSG', 'DTK', 'EIC']
[2023-09-27T14:52:20.060+0700] {logging_mixin.py:151} INFO - [Empty DataFrame
Columns: []
Index: [],          p    v      cp  rcp   a     ba     sa     hl     pcp         t
0  54800.0  100  1700.0  0.0      200.0  200.0  False  4800.0  14:45:00
1  50000.0  100 -3100.0 -0.1  BU  200.0  200.0  False     0.0  11:07:53
2  50000.0  100 -3100.0 -0.1  BU  100.0  200.0  False -3000.0  11:07:38
3  53000.0  200  -100.0  0.0  SD    0.0  200.0  False     0.0  10:13:35,          p     v     cp  rcp   a     ba      sa     hl  pcp         t
0  29900.0   600  100.0  0.0  BU  600.0  1000.0  False  0.0  13:50:52
1  29900.0  1000  100.0  0.0  SD    0.0  1000.0  False  0.0  10:36:57,          p     v     cp  rcp   a     ba      sa     hl    pcp         t
0  17600.0   400 -100.0  0.0  SD  100.0  4900.0  False    0.0  11:24:46
1  17600.0  4000 -100.0  0.0  SD  100.0  4500.0  False    0.0  11:15:52
2  17600.0   500 -100.0  0.0  SD  100.0   500.0  False -200.0  11:15:08
3  17800.0   100  100.0  0.0  BU  100.0     0.0  False    0.0  11:15:07, Empty DataFrame
Columns: []
Index: [], Empty DataFrame
Columns: []
Index: [], Empty DataFrame
Columns: []
Index: [], Empty DataFrame
Columns: []
Index: [],          p    v     cp  rcp   a     ba   sa     hl  pcp         t
0  10700.0  200 -300.0  0.0  BU  400.0  0.0  False  0.0  11:29:11
1  10700.0  100 -300.0  0.0  BU  200.0  0.0  False  0.0  11:20:17
2  10700.0  100 -300.0  0.0  BU  100.0  0.0  False  0.0  09:28:31,          p    v     cp  rcp   a     ba   sa     hl  pcp         t
0  22800.0  100  500.0  0.0  BU  100.0  0.0  False  0.0  14:30:26]
[2023-09-27T14:52:20.061+0700] {logging_mixin.py:151} INFO - hello
[2023-09-27T14:52:20.062+0700] {logging_mixin.py:151} INFO - 10
[2023-09-27T14:52:20.062+0700] {logging_mixin.py:151} WARNING -   0%|          | 0/10 [00:00<?, ?it/s]
[2023-09-27T14:52:20.063+0700] {logging_mixin.py:151} WARNING - 
[2023-09-27T14:52:20.064+0700] {logging_mixin.py:151} INFO - ASG is empty
[2023-09-27T14:52:20.070+0700] {logging_mixin.py:151} INFO -          p    v      cp  rcp   a     ba     sa     hl     pcp         t
0  54800.0  100  1700.0  0.0      200.0  200.0  False  4800.0  14:45:00
1  50000.0  100 -3100.0 -0.1  BU  200.0  200.0  False     0.0  11:07:53
2  50000.0  100 -3100.0 -0.1  BU  100.0  200.0  False -3000.0  11:07:38
3  53000.0  200  -100.0  0.0  SD    0.0  200.0  False     0.0  10:13:35
[2023-09-27T14:52:20.077+0700] {logging_mixin.py:151} INFO - DRIVER={ODBC Driver 18 for SQL Server};SERVER=host.docker.internal;DATABASE=etl_ingest_time_2023_09_27_14_52_17;UID=sa;PWD=Docker@123;TrustServerCertificate=yes;
[2023-09-27T14:52:21.084+0700] {base.py:73} INFO - Using connection ID 'minio_s3_conn' for task execution.
[2023-09-27T14:52:21.085+0700] {connection_wrapper.py:340} INFO - AWS Connection (conn_id='minio_s3_conn', conn_type='aws') credentials retrieved from login and password.
[2023-09-27T14:52:21.335+0700] {logging_mixin.py:151} WARNING -  20%|##        | 2/10 [00:01<00:05,  1.57it/s]
[2023-09-27T14:52:21.336+0700] {logging_mixin.py:151} WARNING - 
[2023-09-27T14:52:21.341+0700] {logging_mixin.py:151} INFO -          p     v     cp  rcp   a     ba      sa     hl  pcp         t
0  29900.0   600  100.0  0.0  BU  600.0  1000.0  False  0.0  13:50:52
1  29900.0  1000  100.0  0.0  SD    0.0  1000.0  False  0.0  10:36:57
[2023-09-27T14:52:21.346+0700] {logging_mixin.py:151} INFO - DRIVER={ODBC Driver 18 for SQL Server};SERVER=host.docker.internal;DATABASE=etl_ingest_time_2023_09_27_14_52_17;UID=sa;PWD=Docker@123;TrustServerCertificate=yes;
[2023-09-27T14:52:21.431+0700] {base.py:73} INFO - Using connection ID 'minio_s3_conn' for task execution.
[2023-09-27T14:52:21.431+0700] {connection_wrapper.py:340} INFO - AWS Connection (conn_id='minio_s3_conn', conn_type='aws') credentials retrieved from login and password.
[2023-09-27T14:52:21.498+0700] {logging_mixin.py:151} WARNING -  30%|###       | 3/10 [00:01<00:03,  2.28it/s]
[2023-09-27T14:52:21.498+0700] {logging_mixin.py:151} WARNING - 
[2023-09-27T14:52:21.503+0700] {logging_mixin.py:151} INFO -          p     v     cp  rcp   a     ba      sa     hl    pcp         t
0  17600.0   400 -100.0  0.0  SD  100.0  4900.0  False    0.0  11:24:46
1  17600.0  4000 -100.0  0.0  SD  100.0  4500.0  False    0.0  11:15:52
2  17600.0   500 -100.0  0.0  SD  100.0   500.0  False -200.0  11:15:08
3  17800.0   100  100.0  0.0  BU  100.0     0.0  False    0.0  11:15:07
[2023-09-27T14:52:21.509+0700] {logging_mixin.py:151} INFO - DRIVER={ODBC Driver 18 for SQL Server};SERVER=host.docker.internal;DATABASE=etl_ingest_time_2023_09_27_14_52_17;UID=sa;PWD=Docker@123;TrustServerCertificate=yes;
[2023-09-27T14:52:21.594+0700] {base.py:73} INFO - Using connection ID 'minio_s3_conn' for task execution.
[2023-09-27T14:52:21.594+0700] {connection_wrapper.py:340} INFO - AWS Connection (conn_id='minio_s3_conn', conn_type='aws') credentials retrieved from login and password.
[2023-09-27T14:52:21.822+0700] {logging_mixin.py:151} WARNING -  40%|####      | 4/10 [00:01<00:02,  2.53it/s]
[2023-09-27T14:52:21.823+0700] {logging_mixin.py:151} WARNING - 
[2023-09-27T14:52:21.823+0700] {logging_mixin.py:151} INFO - BSH is empty
[2023-09-27T14:52:21.824+0700] {logging_mixin.py:151} INFO - DHB is empty
[2023-09-27T14:52:21.824+0700] {logging_mixin.py:151} INFO - DP2 is empty
[2023-09-27T14:52:21.824+0700] {logging_mixin.py:151} INFO - DSG is empty
[2023-09-27T14:52:21.830+0700] {logging_mixin.py:151} INFO -          p    v     cp  rcp   a     ba   sa     hl  pcp         t
0  10700.0  200 -300.0  0.0  BU  400.0  0.0  False  0.0  11:29:11
1  10700.0  100 -300.0  0.0  BU  200.0  0.0  False  0.0  11:20:17
2  10700.0  100 -300.0  0.0  BU  100.0  0.0  False  0.0  09:28:31
[2023-09-27T14:52:21.836+0700] {logging_mixin.py:151} INFO - DRIVER={ODBC Driver 18 for SQL Server};SERVER=host.docker.internal;DATABASE=etl_ingest_time_2023_09_27_14_52_17;UID=sa;PWD=Docker@123;TrustServerCertificate=yes;
[2023-09-27T14:52:21.927+0700] {base.py:73} INFO - Using connection ID 'minio_s3_conn' for task execution.
[2023-09-27T14:52:21.928+0700] {connection_wrapper.py:340} INFO - AWS Connection (conn_id='minio_s3_conn', conn_type='aws') credentials retrieved from login and password.
[2023-09-27T14:52:21.989+0700] {logging_mixin.py:151} WARNING -  90%|######### | 9/10 [00:01<00:00,  7.56it/s]
[2023-09-27T14:52:21.990+0700] {logging_mixin.py:151} WARNING - 
[2023-09-27T14:52:21.995+0700] {logging_mixin.py:151} INFO -          p    v     cp  rcp   a     ba   sa     hl  pcp         t
0  22800.0  100  500.0  0.0  BU  100.0  0.0  False  0.0  14:30:26
[2023-09-27T14:52:21.999+0700] {logging_mixin.py:151} INFO - DRIVER={ODBC Driver 18 for SQL Server};SERVER=host.docker.internal;DATABASE=etl_ingest_time_2023_09_27_14_52_17;UID=sa;PWD=Docker@123;TrustServerCertificate=yes;
[2023-09-27T14:52:22.094+0700] {base.py:73} INFO - Using connection ID 'minio_s3_conn' for task execution.
[2023-09-27T14:52:22.095+0700] {connection_wrapper.py:340} INFO - AWS Connection (conn_id='minio_s3_conn', conn_type='aws') credentials retrieved from login and password.
[2023-09-27T14:52:22.164+0700] {logging_mixin.py:151} WARNING - 100%|##########| 10/10 [00:02<00:00,  4.76it/s]
[2023-09-27T14:52:22.164+0700] {logging_mixin.py:151} INFO - chay lan 1
[2023-09-27T14:52:22.165+0700] {logging_mixin.py:151} INFO - Took 4.10 s
[2023-09-27T14:52:22.165+0700] {logging_mixin.py:151} WARNING - 100%|##########| 1/1 [00:04<00:00,  4.10s/it]
[2023-09-27T14:52:22.166+0700] {logging_mixin.py:151} WARNING - 100%|##########| 1/1 [00:04<00:00,  4.10s/it]
[2023-09-27T14:52:22.167+0700] {logging_mixin.py:151} INFO - DONE CRAWL IN 4.11 s
[2023-09-27T14:52:22.168+0700] {python.py:194} INFO - Done. Returned value was: None
[2023-09-27T14:52:22.178+0700] {taskinstance.py:1398} INFO - Marking task as SUCCESS. dag_id=crawl_dag_v01, task_id=run_my_async_task, execution_date=20230927T075215, start_date=20230927T075217, end_date=20230927T075222
[2023-09-27T14:52:22.210+0700] {local_task_job_runner.py:228} INFO - Task exited with return code 0
[2023-09-27T14:52:22.227+0700] {taskinstance.py:2776} INFO - 0 downstream tasks scheduled from follow-on schedule check
