[2023-09-27T14:19:43.809+0700] {taskinstance.py:1157} INFO - Dependencies all met for dep_context=non-requeueable deps ti=<TaskInstance: crawl_dag_v01.run_my_async_task manual__2023-09-27T07:19:40.770571+00:00 [queued]>
[2023-09-27T14:19:43.817+0700] {taskinstance.py:1157} INFO - Dependencies all met for dep_context=requeueable deps ti=<TaskInstance: crawl_dag_v01.run_my_async_task manual__2023-09-27T07:19:40.770571+00:00 [queued]>
[2023-09-27T14:19:43.817+0700] {taskinstance.py:1359} INFO - Starting attempt 1 of 6
[2023-09-27T14:19:43.825+0700] {taskinstance.py:1380} INFO - Executing <Task(PythonOperator): run_my_async_task> on 2023-09-27 07:19:40.770571+00:00
[2023-09-27T14:19:43.829+0700] {standard_task_runner.py:57} INFO - Started process 611 to run task
[2023-09-27T14:19:43.833+0700] {standard_task_runner.py:84} INFO - Running: ['***', 'tasks', 'run', 'crawl_dag_v01', 'run_my_async_task', 'manual__2023-09-27T07:19:40.770571+00:00', '--job-id', '198', '--raw', '--subdir', 'DAGS_FOLDER/crawlInvest.py', '--cfg-path', '/tmp/tmpwuh5etlb']
[2023-09-27T14:19:43.834+0700] {standard_task_runner.py:85} INFO - Job 198: Subtask run_my_async_task
[2023-09-27T14:19:43.877+0700] {task_command.py:415} INFO - Running <TaskInstance: crawl_dag_v01.run_my_async_task manual__2023-09-27T07:19:40.770571+00:00 [running]> on host 33b2b98956f5
[2023-09-27T14:19:43.935+0700] {taskinstance.py:1660} INFO - Exporting env vars: AIRFLOW_CTX_DAG_OWNER='linhhv' AIRFLOW_CTX_DAG_ID='crawl_dag_v01' AIRFLOW_CTX_TASK_ID='run_my_async_task' AIRFLOW_CTX_EXECUTION_DATE='2023-09-27T07:19:40.770571+00:00' AIRFLOW_CTX_TRY_NUMBER='1' AIRFLOW_CTX_DAG_RUN_ID='manual__2023-09-27T07:19:40.770571+00:00'
[2023-09-27T14:19:43.947+0700] {logging_mixin.py:151} INFO - ['ASG', 'BAX', 'BCF', 'BSA', 'BSH', 'DHB', 'DP2', 'DSG', 'DTK', 'EIC']
[2023-09-27T14:19:43.949+0700] {logging_mixin.py:151} INFO - etl_ingest_time_2023_09_27_14_19_43
[2023-09-27T14:19:44.118+0700] {logging_mixin.py:151} INFO - 10
[2023-09-27T14:19:44.119+0700] {logging_mixin.py:151} INFO - 1
[2023-09-27T14:19:44.124+0700] {logging_mixin.py:151} WARNING -   0%|          | 0/1 [00:00<?, ?it/s]
[2023-09-27T14:19:44.125+0700] {logging_mixin.py:151} INFO - ['ASG', 'BAX', 'BCF', 'BSA', 'BSH', 'DHB', 'DP2', 'DSG', 'DTK', 'EIC']
[2023-09-27T14:19:44.833+0700] {logging_mixin.py:151} INFO - [Empty DataFrame
Columns: []
Index: [],          p    v      cp  rcp   a     ba     sa     hl     pcp         t
0  50000.0  100 -3100.0 -0.1  BU  200.0  200.0  False     0.0  11:07:53
1  50000.0  100 -3100.0 -0.1  BU  100.0  200.0  False -3000.0  11:07:38
2  53000.0  200  -100.0  0.0  SD    0.0  200.0  False     0.0  10:13:35,          p     v     cp  rcp   a     ba      sa     hl  pcp         t
0  29900.0   600  100.0  0.0  BU  600.0  1000.0  False  0.0  13:50:52
1  29900.0  1000  100.0  0.0  SD    0.0  1000.0  False  0.0  10:36:57,          p     v     cp  rcp   a     ba      sa     hl    pcp         t
0  17600.0   400 -100.0  0.0  SD  100.0  4900.0  False    0.0  11:24:46
1  17600.0  4000 -100.0  0.0  SD  100.0  4500.0  False    0.0  11:15:52
2  17600.0   500 -100.0  0.0  SD  100.0   500.0  False -200.0  11:15:08
3  17800.0   100  100.0  0.0  BU  100.0     0.0  False    0.0  11:15:07, Empty DataFrame
Columns: []
Index: [], Empty DataFrame
Columns: []
Index: [], Empty DataFrame
Columns: []
Index: [], Empty DataFrame
Columns: []
Index: [],          p    v     cp  rcp   a     ba   sa     hl  pcp         t
0  10700.0  200 -300.0  0.0  BU  400.0  0.0  False  0.0  11:29:11
1  10700.0  100 -300.0  0.0  BU  200.0  0.0  False  0.0  11:20:17
2  10700.0  100 -300.0  0.0  BU  100.0  0.0  False  0.0  09:28:31, Empty DataFrame
Columns: []
Index: []]
[2023-09-27T14:19:44.835+0700] {logging_mixin.py:151} INFO - hello
[2023-09-27T14:19:44.835+0700] {logging_mixin.py:151} INFO - 10
[2023-09-27T14:19:44.836+0700] {logging_mixin.py:151} WARNING -   0%|          | 0/10 [00:00<?, ?it/s]
[2023-09-27T14:19:44.837+0700] {logging_mixin.py:151} WARNING - 
[2023-09-27T14:19:44.838+0700] {logging_mixin.py:151} INFO - ASG is empty
[2023-09-27T14:19:44.844+0700] {logging_mixin.py:151} INFO -          p    v      cp  rcp   a     ba     sa     hl     pcp         t
0  50000.0  100 -3100.0 -0.1  BU  200.0  200.0  False     0.0  11:07:53
1  50000.0  100 -3100.0 -0.1  BU  100.0  200.0  False -3000.0  11:07:38
2  53000.0  200  -100.0  0.0  SD    0.0  200.0  False     0.0  10:13:35
[2023-09-27T14:19:44.851+0700] {logging_mixin.py:151} INFO - DRIVER={ODBC Driver 18 for SQL Server};SERVER=host.docker.internal;DATABASE=etl_ingest_time_2023_09_27_14_19_43;UID=sa;PWD=Docker@123;TrustServerCertificate=yes;
[2023-09-27T14:19:45.806+0700] {logging_mixin.py:151} WARNING -  20%|##        | 2/10 [00:00<00:03,  2.07it/s]
[2023-09-27T14:19:45.807+0700] {logging_mixin.py:151} WARNING - 
[2023-09-27T14:19:45.812+0700] {logging_mixin.py:151} INFO -          p     v     cp  rcp   a     ba      sa     hl  pcp         t
0  29900.0   600  100.0  0.0  BU  600.0  1000.0  False  0.0  13:50:52
1  29900.0  1000  100.0  0.0  SD    0.0  1000.0  False  0.0  10:36:57
[2023-09-27T14:19:45.817+0700] {logging_mixin.py:151} INFO - DRIVER={ODBC Driver 18 for SQL Server};SERVER=host.docker.internal;DATABASE=etl_ingest_time_2023_09_27_14_19_43;UID=sa;PWD=Docker@123;TrustServerCertificate=yes;
[2023-09-27T14:19:45.902+0700] {logging_mixin.py:151} INFO -          p     v     cp  rcp   a     ba      sa     hl    pcp         t
0  17600.0   400 -100.0  0.0  SD  100.0  4900.0  False    0.0  11:24:46
1  17600.0  4000 -100.0  0.0  SD  100.0  4500.0  False    0.0  11:15:52
2  17600.0   500 -100.0  0.0  SD  100.0   500.0  False -200.0  11:15:08
3  17800.0   100  100.0  0.0  BU  100.0     0.0  False    0.0  11:15:07
[2023-09-27T14:19:45.907+0700] {logging_mixin.py:151} INFO - DRIVER={ODBC Driver 18 for SQL Server};SERVER=host.docker.internal;DATABASE=etl_ingest_time_2023_09_27_14_19_43;UID=sa;PWD=Docker@123;TrustServerCertificate=yes;
[2023-09-27T14:19:45.992+0700] {logging_mixin.py:151} WARNING -  40%|####      | 4/10 [00:01<00:01,  3.94it/s]
[2023-09-27T14:19:45.993+0700] {logging_mixin.py:151} WARNING - 
[2023-09-27T14:19:45.993+0700] {logging_mixin.py:151} INFO - BSH is empty
[2023-09-27T14:19:45.994+0700] {logging_mixin.py:151} INFO - DHB is empty
[2023-09-27T14:19:45.994+0700] {logging_mixin.py:151} INFO - DP2 is empty
[2023-09-27T14:19:45.995+0700] {logging_mixin.py:151} INFO - DSG is empty
[2023-09-27T14:19:46.001+0700] {logging_mixin.py:151} INFO -          p    v     cp  rcp   a     ba   sa     hl  pcp         t
0  10700.0  200 -300.0  0.0  BU  400.0  0.0  False  0.0  11:29:11
1  10700.0  100 -300.0  0.0  BU  200.0  0.0  False  0.0  11:20:17
2  10700.0  100 -300.0  0.0  BU  100.0  0.0  False  0.0  09:28:31
[2023-09-27T14:19:46.009+0700] {logging_mixin.py:151} INFO - DRIVER={ODBC Driver 18 for SQL Server};SERVER=host.docker.internal;DATABASE=etl_ingest_time_2023_09_27_14_19_43;UID=sa;PWD=Docker@123;TrustServerCertificate=yes;
[2023-09-27T14:19:46.091+0700] {logging_mixin.py:151} INFO - EIC is empty
[2023-09-27T14:19:46.092+0700] {logging_mixin.py:151} WARNING - 100%|##########| 10/10 [00:01<00:00,  7.97it/s]
[2023-09-27T14:19:46.093+0700] {logging_mixin.py:151} INFO - chay lan 1
[2023-09-27T14:19:46.093+0700] {logging_mixin.py:151} INFO - Took 1.97 s
[2023-09-27T14:19:46.094+0700] {logging_mixin.py:151} WARNING - 100%|##########| 1/1 [00:01<00:00,  1.97s/it]
[2023-09-27T14:19:46.094+0700] {logging_mixin.py:151} WARNING - 100%|##########| 1/1 [00:01<00:00,  1.97s/it]
[2023-09-27T14:19:46.103+0700] {base.py:73} INFO - Using connection ID 'minio_s3_conn' for task execution.
[2023-09-27T14:19:46.104+0700] {connection_wrapper.py:340} INFO - AWS Connection (conn_id='minio_s3_conn', conn_type='aws') credentials retrieved from login and password.
[2023-09-27T14:19:46.322+0700] {logging_mixin.py:151} INFO - Invalid endpoint: host.docker.internal:9000
[2023-09-27T14:19:46.324+0700] {python.py:194} INFO - Done. Returned value was: None
[2023-09-27T14:19:46.334+0700] {taskinstance.py:1398} INFO - Marking task as SUCCESS. dag_id=crawl_dag_v01, task_id=run_my_async_task, execution_date=20230927T071940, start_date=20230927T071943, end_date=20230927T071946
[2023-09-27T14:19:46.369+0700] {local_task_job_runner.py:228} INFO - Task exited with return code 0
[2023-09-27T14:19:46.385+0700] {taskinstance.py:2776} INFO - 0 downstream tasks scheduled from follow-on schedule check
