[2023-09-25T17:02:47.366+0700] {taskinstance.py:1157} INFO - Dependencies all met for dep_context=non-requeueable deps ti=<TaskInstance: crawl_dag_v01.run_my_async_task manual__2023-09-25T06:50:22.632873+00:00 [queued]>
[2023-09-25T17:02:47.372+0700] {taskinstance.py:1157} INFO - Dependencies all met for dep_context=requeueable deps ti=<TaskInstance: crawl_dag_v01.run_my_async_task manual__2023-09-25T06:50:22.632873+00:00 [queued]>
[2023-09-25T17:02:47.373+0700] {taskinstance.py:1359} INFO - Starting attempt 29 of 34
[2023-09-25T17:02:47.382+0700] {taskinstance.py:1380} INFO - Executing <Task(PythonOperator): run_my_async_task> on 2023-09-25 06:50:22.632873+00:00
[2023-09-25T17:02:47.387+0700] {standard_task_runner.py:57} INFO - Started process 563 to run task
[2023-09-25T17:02:47.391+0700] {standard_task_runner.py:84} INFO - Running: ['***', 'tasks', 'run', 'crawl_dag_v01', 'run_my_async_task', 'manual__2023-09-25T06:50:22.632873+00:00', '--job-id', '171', '--raw', '--subdir', 'DAGS_FOLDER/crawlInvest.py', '--cfg-path', '/tmp/tmp5u8rvcga']
[2023-09-25T17:02:47.393+0700] {standard_task_runner.py:85} INFO - Job 171: Subtask run_my_async_task
[2023-09-25T17:02:47.442+0700] {task_command.py:415} INFO - Running <TaskInstance: crawl_dag_v01.run_my_async_task manual__2023-09-25T06:50:22.632873+00:00 [running]> on host 33b2b98956f5
[2023-09-25T17:02:47.507+0700] {taskinstance.py:1660} INFO - Exporting env vars: AIRFLOW_CTX_DAG_OWNER='linhhv' AIRFLOW_CTX_DAG_ID='crawl_dag_v01' AIRFLOW_CTX_TASK_ID='run_my_async_task' AIRFLOW_CTX_EXECUTION_DATE='2023-09-25T06:50:22.632873+00:00' AIRFLOW_CTX_TRY_NUMBER='29' AIRFLOW_CTX_DAG_RUN_ID='manual__2023-09-25T06:50:22.632873+00:00'
[2023-09-25T17:02:47.521+0700] {logging_mixin.py:151} INFO - ['ASG', 'BAX', 'BCF', 'BSA', 'BSH', 'DHB', 'DP2', 'DSG', 'DTK', 'EIC']
[2023-09-25T17:02:47.522+0700] {logging_mixin.py:151} INFO - etl_ingest_time_2023_09_25_17_02_47
[2023-09-25T17:02:47.555+0700] {logging_mixin.py:151} INFO - 10
[2023-09-25T17:02:47.556+0700] {logging_mixin.py:151} INFO - 1
[2023-09-25T17:02:47.560+0700] {logging_mixin.py:151} WARNING -   0%|          | 0/1 [00:00<?, ?it/s]
[2023-09-25T17:02:47.561+0700] {logging_mixin.py:151} INFO - ['ASG', 'BAX', 'BCF', 'BSA', 'BSH', 'DHB', 'DP2', 'DSG', 'DTK', 'EIC']
[2023-09-25T17:02:49.769+0700] {logging_mixin.py:151} INFO - [         p    v    cp  rcp a   ba   sa     hl  pcp         t
0  23100.0  100 -50.0  0.0    0.0  0.0  False  0.0  14:45:00,          p    v      cp  rcp   a     ba     sa     hl     pcp         t
0  53100.0  100 -3500.0 -0.1  BU  100.0  100.0  False  1000.0  14:27:20
1  52100.0  100 -4500.0 -0.1  SD    0.0  100.0  False     0.0  09:00:13,          p    v     cp  rcp   a   ba     sa     hl  pcp         t
0  29600.0  100 -900.0  0.0  SD  0.0  100.0  False  0.0  13:20:17,          p     v     cp  rcp   a     ba      sa     hl    pcp         t
0  17800.0   200 -100.0  0.0  BU  400.0  1500.0  False    0.0  14:40:31
1  17800.0   300 -100.0  0.0  SD  200.0  1500.0  False    0.0  14:35:00
2  17800.0   100 -100.0  0.0  SD  200.0  1200.0  False    0.0  14:30:14
3  17800.0  1000 -100.0  0.0  SD  200.0  1100.0  False    0.0  14:27:34
4  17800.0   100 -100.0  0.0  SD  200.0   100.0  False -100.0  14:25:41
5  17900.0   100    0.0  0.0  BU  200.0     0.0  False    0.0  13:51:15
6  17900.0   100    0.0  0.0  BU  100.0     0.0  False    0.0  09:03:13, Empty DataFrame
Columns: []
Index: [], Empty DataFrame
Columns: []
Index: [], Empty DataFrame
Columns: []
Index: [],         p    v     cp  rcp   a     ba   sa     hl  pcp         t
0  4300.0  100  300.0  0.1  BU  100.0  0.0  False  0.0  13:46:24,          p     v     cp  rcp   a      ba   sa     hl    pcp         t
0  10700.0  1100 -200.0  0.0      1600.0  0.0  False    0.0  14:45:02
1  10700.0  1000 -200.0  0.0  BU  1600.0  0.0  False    0.0  14:23:17
2  10700.0   100 -200.0  0.0  BU   600.0  0.0  False -300.0  14:21:21
3  11000.0   500  100.0  0.0  BU   500.0  0.0  False    0.0  13:00:06,          p     v     cp  rcp   a      ba   sa     hl  pcp         t
0  22300.0  1100  100.0  0.0  BU  1200.0  0.0  False  0.0  14:08:56
1  22300.0   100  100.0  0.0  BU   100.0  0.0  False  0.0  10:43:06]
[2023-09-25T17:02:49.770+0700] {logging_mixin.py:151} INFO - hello
[2023-09-25T17:02:49.771+0700] {logging_mixin.py:151} INFO - 10
[2023-09-25T17:02:49.772+0700] {logging_mixin.py:151} WARNING -   0%|          | 0/10 [00:00<?, ?it/s]
[2023-09-25T17:02:49.772+0700] {logging_mixin.py:151} WARNING - 
[2023-09-25T17:02:49.778+0700] {logging_mixin.py:151} INFO -          p    v    cp  rcp a   ba   sa     hl  pcp         t
0  23100.0  100 -50.0  0.0    0.0  0.0  False  0.0  14:45:00
[2023-09-25T17:02:49.793+0700] {logging_mixin.py:151} INFO - DRIVER={ODBC Driver 18 for SQL Server};SERVER=host.docker.internal;DATABASE=etl_ingest_time_2023_09_25_17_02_47;UID=sa;PWD=Docker@123;TrustServerCertificate=yes;
[2023-09-25T17:02:49.834+0700] {logging_mixin.py:151} WARNING -   0%|          | 0/10 [00:00<?, ?it/s]
[2023-09-25T17:02:49.835+0700] {logging_mixin.py:151} WARNING -   0%|          | 0/1 [00:02<?, ?it/s]
[2023-09-25T17:02:49.836+0700] {logging_mixin.py:151} INFO - (pyodbc.ProgrammingError) ('42000', '[42000] [Microsoft][ODBC Driver 18 for SQL Server][SQL Server]Cannot open database "etl_ingest_time_2023_09_25_17_02_47" requested by the login. The login failed. (4060) (SQLDriverConnect)')
(Background on this error at: https://sqlalche.me/e/14/f405)
[2023-09-25T17:02:49.837+0700] {python.py:194} INFO - Done. Returned value was: None
[2023-09-25T17:02:49.847+0700] {taskinstance.py:1398} INFO - Marking task as SUCCESS. dag_id=crawl_dag_v01, task_id=run_my_async_task, execution_date=20230925T065022, start_date=20230925T100247, end_date=20230925T100249
[2023-09-25T17:02:49.870+0700] {local_task_job_runner.py:228} INFO - Task exited with return code 0
[2023-09-25T17:02:49.886+0700] {taskinstance.py:2776} INFO - 0 downstream tasks scheduled from follow-on schedule check
