[2023-09-25T16:46:02.823+0700] {taskinstance.py:1157} INFO - Dependencies all met for dep_context=non-requeueable deps ti=<TaskInstance: crawl_dag_v01.run_my_async_task manual__2023-09-25T06:50:22.632873+00:00 [queued]>
[2023-09-25T16:46:02.830+0700] {taskinstance.py:1157} INFO - Dependencies all met for dep_context=requeueable deps ti=<TaskInstance: crawl_dag_v01.run_my_async_task manual__2023-09-25T06:50:22.632873+00:00 [queued]>
[2023-09-25T16:46:02.831+0700] {taskinstance.py:1359} INFO - Starting attempt 22 of 27
[2023-09-25T16:46:02.840+0700] {taskinstance.py:1380} INFO - Executing <Task(PythonOperator): run_my_async_task> on 2023-09-25 06:50:22.632873+00:00
[2023-09-25T16:46:02.845+0700] {standard_task_runner.py:57} INFO - Started process 240 to run task
[2023-09-25T16:46:02.849+0700] {standard_task_runner.py:84} INFO - Running: ['***', 'tasks', 'run', 'crawl_dag_v01', 'run_my_async_task', 'manual__2023-09-25T06:50:22.632873+00:00', '--job-id', '161', '--raw', '--subdir', 'DAGS_FOLDER/crawlInvest.py', '--cfg-path', '/tmp/tmpjje0lxdm']
[2023-09-25T16:46:02.851+0700] {standard_task_runner.py:85} INFO - Job 161: Subtask run_my_async_task
[2023-09-25T16:46:02.900+0700] {task_command.py:415} INFO - Running <TaskInstance: crawl_dag_v01.run_my_async_task manual__2023-09-25T06:50:22.632873+00:00 [running]> on host 33b2b98956f5
[2023-09-25T16:46:02.962+0700] {taskinstance.py:1660} INFO - Exporting env vars: AIRFLOW_CTX_DAG_OWNER='linhhv' AIRFLOW_CTX_DAG_ID='crawl_dag_v01' AIRFLOW_CTX_TASK_ID='run_my_async_task' AIRFLOW_CTX_EXECUTION_DATE='2023-09-25T06:50:22.632873+00:00' AIRFLOW_CTX_TRY_NUMBER='22' AIRFLOW_CTX_DAG_RUN_ID='manual__2023-09-25T06:50:22.632873+00:00'
[2023-09-25T16:46:02.975+0700] {logging_mixin.py:151} INFO - ['ASG', 'BAX', 'BCF', 'BSA', 'BSH', 'DHB', 'DP2', 'DSG', 'DTK', 'EIC']
[2023-09-25T16:46:02.977+0700] {logging_mixin.py:151} INFO - etl_ingest_time_2023_09_25_16_46_02
[2023-09-25T16:46:03.536+0700] {logging_mixin.py:151} INFO - 10
[2023-09-25T16:46:03.537+0700] {logging_mixin.py:151} INFO - 1
[2023-09-25T16:46:03.540+0700] {logging_mixin.py:151} WARNING -   0%|          | 0/1 [00:00<?, ?it/s]
[2023-09-25T16:46:03.541+0700] {logging_mixin.py:151} INFO - ['ASG', 'BAX', 'BCF', 'BSA', 'BSH', 'DHB', 'DP2', 'DSG', 'DTK', 'EIC']
[2023-09-25T16:46:05.385+0700] {logging_mixin.py:151} INFO - [         p    v    cp  rcp a   ba   sa     hl  pcp         t
0  23100.0  100 -50.0  0.0    0.0  0.0  False  0.0  14:45:00,          p    v      cp  rcp   a     ba     sa     hl     pcp         t
0  53100.0  100 -3500.0 -0.1  BU  100.0  100.0  False  1000.0  14:27:20
1  52100.0  100 -4500.0 -0.1  SD    0.0  100.0  False     0.0  09:00:13,          p    v     cp  rcp   a   ba     sa     hl  pcp         t
0  29600.0  100 -900.0  0.0  SD  0.0  100.0  False  0.0  13:20:17,          p     v     cp  rcp   a     ba      sa     hl    pcp         t
0  17800.0   200 -100.0  0.0  BU  400.0  1500.0  False    0.0  14:40:31
1  17800.0   300 -100.0  0.0  SD  200.0  1500.0  False    0.0  14:35:00
2  17800.0   100 -100.0  0.0  SD  200.0  1200.0  False    0.0  14:30:14
3  17800.0  1000 -100.0  0.0  SD  200.0  1100.0  False    0.0  14:27:34
4  17800.0   100 -100.0  0.0  SD  200.0   100.0  False -100.0  14:25:41
5  17900.0   100    0.0  0.0  BU  200.0     0.0  False    0.0  13:51:15
6  17900.0   100    0.0  0.0  BU  100.0     0.0  False    0.0  09:03:13, Empty DataFrame
Columns: []
Index: [], Empty DataFrame
Columns: []
Index: [], Empty DataFrame
Columns: []
Index: [],         p    v     cp  rcp   a     ba   sa     hl  pcp         t
0  4300.0  100  300.0  0.1  BU  100.0  0.0  False  0.0  13:46:24,          p     v     cp  rcp   a      ba   sa     hl    pcp         t
0  10700.0  1100 -200.0  0.0      1600.0  0.0  False    0.0  14:45:02
1  10700.0  1000 -200.0  0.0  BU  1600.0  0.0  False    0.0  14:23:17
2  10700.0   100 -200.0  0.0  BU   600.0  0.0  False -300.0  14:21:21
3  11000.0   500  100.0  0.0  BU   500.0  0.0  False    0.0  13:00:06,          p     v     cp  rcp   a      ba   sa     hl  pcp         t
0  22300.0  1100  100.0  0.0  BU  1200.0  0.0  False  0.0  14:08:56
1  22300.0   100  100.0  0.0  BU   100.0  0.0  False  0.0  10:43:06]
[2023-09-25T16:46:05.386+0700] {logging_mixin.py:151} INFO - hello
[2023-09-25T16:46:05.386+0700] {logging_mixin.py:151} WARNING -   0%|          | 0/10 [00:00<?, ?it/s]
[2023-09-25T16:46:05.387+0700] {logging_mixin.py:151} WARNING - 
[2023-09-25T16:46:05.392+0700] {logging_mixin.py:151} INFO -          p    v    cp  rcp a   ba   sa     hl  pcp         t
0  23100.0  100 -50.0  0.0    0.0  0.0  False  0.0  14:45:00
[2023-09-25T16:46:05.398+0700] {logging_mixin.py:151} INFO - DRIVER={ODBC Driver 18 for SQL Server};SERVER=host.docker.internal;DATABASE=etl_ingest_time_2023_09_25_16_46_02;UID=sa;PWD=Docker@123;
[2023-09-25T16:46:05.412+0700] {logging_mixin.py:151} WARNING -   0%|          | 0/10 [00:00<?, ?it/s]
[2023-09-25T16:46:05.413+0700] {logging_mixin.py:151} WARNING -   0%|          | 0/1 [00:01<?, ?it/s]
[2023-09-25T16:46:05.413+0700] {logging_mixin.py:151} INFO - (pyodbc.OperationalError) ('08001', '[08001] [Microsoft][ODBC Driver 18 for SQL Server]SSL Provider: [error:1416F086:SSL routines:tls_process_server_certificate:certificate verify failed:self signed certificate] (-1) (SQLDriverConnect)')
(Background on this error at: https://sqlalche.me/e/14/e3q8)
[2023-09-25T16:46:05.414+0700] {python.py:194} INFO - Done. Returned value was: None
[2023-09-25T16:46:05.423+0700] {taskinstance.py:1398} INFO - Marking task as SUCCESS. dag_id=crawl_dag_v01, task_id=run_my_async_task, execution_date=20230925T065022, start_date=20230925T094602, end_date=20230925T094605
[2023-09-25T16:46:05.469+0700] {local_task_job_runner.py:228} INFO - Task exited with return code 0
[2023-09-25T16:46:05.484+0700] {taskinstance.py:2776} INFO - 0 downstream tasks scheduled from follow-on schedule check
