[2023-09-27T14:48:14.386+0700] {taskinstance.py:1157} INFO - Dependencies all met for dep_context=non-requeueable deps ti=<TaskInstance: crawl_dag_v01.run_my_async_task manual__2023-09-27T07:48:11.837877+00:00 [queued]>
[2023-09-27T14:48:14.391+0700] {taskinstance.py:1157} INFO - Dependencies all met for dep_context=requeueable deps ti=<TaskInstance: crawl_dag_v01.run_my_async_task manual__2023-09-27T07:48:11.837877+00:00 [queued]>
[2023-09-27T14:48:14.392+0700] {taskinstance.py:1359} INFO - Starting attempt 1 of 6
[2023-09-27T14:48:14.400+0700] {taskinstance.py:1380} INFO - Executing <Task(PythonOperator): run_my_async_task> on 2023-09-27 07:48:11.837877+00:00
[2023-09-27T14:48:14.405+0700] {standard_task_runner.py:57} INFO - Started process 1164 to run task
[2023-09-27T14:48:14.409+0700] {standard_task_runner.py:84} INFO - Running: ['***', 'tasks', 'run', 'crawl_dag_v01', 'run_my_async_task', 'manual__2023-09-27T07:48:11.837877+00:00', '--job-id', '212', '--raw', '--subdir', 'DAGS_FOLDER/crawlInvest.py', '--cfg-path', '/tmp/tmpjdg0ud1w']
[2023-09-27T14:48:14.415+0700] {standard_task_runner.py:85} INFO - Job 212: Subtask run_my_async_task
[2023-09-27T14:48:14.459+0700] {task_command.py:415} INFO - Running <TaskInstance: crawl_dag_v01.run_my_async_task manual__2023-09-27T07:48:11.837877+00:00 [running]> on host 33b2b98956f5
[2023-09-27T14:48:14.517+0700] {taskinstance.py:1660} INFO - Exporting env vars: AIRFLOW_CTX_DAG_OWNER='linhhv' AIRFLOW_CTX_DAG_ID='crawl_dag_v01' AIRFLOW_CTX_TASK_ID='run_my_async_task' AIRFLOW_CTX_EXECUTION_DATE='2023-09-27T07:48:11.837877+00:00' AIRFLOW_CTX_TRY_NUMBER='1' AIRFLOW_CTX_DAG_RUN_ID='manual__2023-09-27T07:48:11.837877+00:00'
[2023-09-27T14:48:14.529+0700] {logging_mixin.py:151} INFO - ['ASG', 'BAX', 'BCF', 'BSA', 'BSH', 'DHB', 'DP2', 'DSG', 'DTK', 'EIC']
[2023-09-27T14:48:14.531+0700] {logging_mixin.py:151} INFO - etl_ingest_time_2023_09_27_14_48_14
[2023-09-27T14:48:14.722+0700] {logging_mixin.py:151} INFO - 10
[2023-09-27T14:48:14.723+0700] {logging_mixin.py:151} INFO - 1
[2023-09-27T14:48:14.730+0700] {logging_mixin.py:151} WARNING -   0%|          | 0/1 [00:00<?, ?it/s]
[2023-09-27T14:48:14.731+0700] {logging_mixin.py:151} INFO - ['ASG', 'BAX', 'BCF', 'BSA', 'BSH', 'DHB', 'DP2', 'DSG', 'DTK', 'EIC']
[2023-09-27T14:48:15.421+0700] {logging_mixin.py:151} INFO - [Empty DataFrame
Columns: []
Index: [],          p    v      cp  rcp   a     ba     sa     hl     pcp         t
0  54800.0  100  1700.0  0.0      200.0  200.0  False  4800.0  14:45:00
1  50000.0  100 -3100.0 -0.1  BU  200.0  200.0  False     0.0  11:07:53
2  50000.0  100 -3100.0 -0.1  BU  100.0  200.0  False -3000.0  11:07:38
3  53000.0  200  -100.0  0.0  SD    0.0  200.0  False     0.0  10:13:35,          p     v     cp  rcp   a     ba      sa     hl  pcp         t
0  29900.0   600  100.0  0.0  BU  600.0  1000.0  False  0.0  13:50:52
1  29900.0  1000  100.0  0.0  SD    0.0  1000.0  False  0.0  10:36:57,          p     v     cp  rcp   a     ba      sa     hl    pcp         t
0  17600.0   400 -100.0  0.0  SD  100.0  4900.0  False    0.0  11:24:46
1  17600.0  4000 -100.0  0.0  SD  100.0  4500.0  False    0.0  11:15:52
2  17600.0   500 -100.0  0.0  SD  100.0   500.0  False -200.0  11:15:08
3  17800.0   100  100.0  0.0  BU  100.0     0.0  False    0.0  11:15:07, Empty DataFrame
Columns: []
Index: [], Empty DataFrame
Columns: []
Index: [], Empty DataFrame
Columns: []
Index: [], Empty DataFrame
Columns: []
Index: [],          p    v     cp  rcp   a     ba   sa     hl  pcp         t
0  10700.0  200 -300.0  0.0  BU  400.0  0.0  False  0.0  11:29:11
1  10700.0  100 -300.0  0.0  BU  200.0  0.0  False  0.0  11:20:17
2  10700.0  100 -300.0  0.0  BU  100.0  0.0  False  0.0  09:28:31,          p    v     cp  rcp   a     ba   sa     hl  pcp         t
0  22800.0  100  500.0  0.0  BU  100.0  0.0  False  0.0  14:30:26]
[2023-09-27T14:48:15.422+0700] {logging_mixin.py:151} INFO - hello
[2023-09-27T14:48:15.423+0700] {logging_mixin.py:151} INFO - 10
[2023-09-27T14:48:15.423+0700] {logging_mixin.py:151} WARNING -   0%|          | 0/10 [00:00<?, ?it/s]
[2023-09-27T14:48:15.425+0700] {logging_mixin.py:151} WARNING - 
[2023-09-27T14:48:15.425+0700] {logging_mixin.py:151} INFO - ASG is empty
[2023-09-27T14:48:15.431+0700] {logging_mixin.py:151} INFO -          p    v      cp  rcp   a     ba     sa     hl     pcp         t
0  54800.0  100  1700.0  0.0      200.0  200.0  False  4800.0  14:45:00
1  50000.0  100 -3100.0 -0.1  BU  200.0  200.0  False     0.0  11:07:53
2  50000.0  100 -3100.0 -0.1  BU  100.0  200.0  False -3000.0  11:07:38
3  53000.0  200  -100.0  0.0  SD    0.0  200.0  False     0.0  10:13:35
[2023-09-27T14:48:15.438+0700] {logging_mixin.py:151} INFO - DRIVER={ODBC Driver 18 for SQL Server};SERVER=host.docker.internal;DATABASE=etl_ingest_time_2023_09_27_14_48_14;UID=sa;PWD=Docker@123;TrustServerCertificate=yes;
[2023-09-27T14:48:16.535+0700] {base.py:73} INFO - Using connection ID 'minio_s3_conn' for task execution.
[2023-09-27T14:48:16.536+0700] {connection_wrapper.py:340} INFO - AWS Connection (conn_id='minio_s3_conn', conn_type='aws') credentials retrieved from login and password.
[2023-09-27T14:48:16.782+0700] {logging_mixin.py:151} WARNING -  10%|#         | 1/10 [00:01<00:12,  1.36s/it]
[2023-09-27T14:48:16.783+0700] {logging_mixin.py:151} WARNING -   0%|          | 0/1 [00:02<?, ?it/s]
[2023-09-27T14:48:16.783+0700] {logging_mixin.py:151} INFO - Failed to upload /opt/***/data/etl_ingest_time_2023_09_27_14_48_14/data_BAX.csv to ***/etl_ingest_time_2023_09_27_14_48_14/data_BAX.csv: An error occurred (InvalidArgument) when calling the PutObject operation: S3 API Requests must be made to API port.
[2023-09-27T14:48:16.784+0700] {python.py:194} INFO - Done. Returned value was: None
[2023-09-27T14:48:16.794+0700] {taskinstance.py:1398} INFO - Marking task as SUCCESS. dag_id=crawl_dag_v01, task_id=run_my_async_task, execution_date=20230927T074811, start_date=20230927T074814, end_date=20230927T074816
[2023-09-27T14:48:16.813+0700] {local_task_job_runner.py:228} INFO - Task exited with return code 0
[2023-09-27T14:48:16.829+0700] {taskinstance.py:2776} INFO - 0 downstream tasks scheduled from follow-on schedule check
