[2023-09-28T14:14:43.717+0700] {taskinstance.py:1157} INFO - Dependencies all met for dep_context=non-requeueable deps ti=<TaskInstance: crawl_dag_v01.run_my_async_task scheduled__2023-09-22T00:30:00+00:00 [queued]>
[2023-09-28T14:14:43.740+0700] {taskinstance.py:1157} INFO - Dependencies all met for dep_context=requeueable deps ti=<TaskInstance: crawl_dag_v01.run_my_async_task scheduled__2023-09-22T00:30:00+00:00 [queued]>
[2023-09-28T14:14:43.746+0700] {taskinstance.py:1359} INFO - Starting attempt 1 of 6
[2023-09-28T14:14:43.832+0700] {taskinstance.py:1380} INFO - Executing <Task(PythonOperator): run_my_async_task> on 2023-09-22 00:30:00+00:00
[2023-09-28T14:14:43.848+0700] {standard_task_runner.py:57} INFO - Started process 1010 to run task
[2023-09-28T14:14:43.878+0700] {standard_task_runner.py:84} INFO - Running: ['***', 'tasks', 'run', 'crawl_dag_v01', 'run_my_async_task', 'scheduled__2023-09-22T00:30:00+00:00', '--job-id', '113', '--raw', '--subdir', 'DAGS_FOLDER/crawlInvest.py', '--cfg-path', '/tmp/tmpqo778zbt']
[2023-09-28T14:14:43.882+0700] {standard_task_runner.py:85} INFO - Job 113: Subtask run_my_async_task
[2023-09-28T14:14:44.009+0700] {task_command.py:415} INFO - Running <TaskInstance: crawl_dag_v01.run_my_async_task scheduled__2023-09-22T00:30:00+00:00 [running]> on host 052a1d3faae2
[2023-09-28T14:14:44.210+0700] {taskinstance.py:1660} INFO - Exporting env vars: AIRFLOW_CTX_DAG_OWNER='linhhv' AIRFLOW_CTX_DAG_ID='crawl_dag_v01' AIRFLOW_CTX_TASK_ID='run_my_async_task' AIRFLOW_CTX_EXECUTION_DATE='2023-09-22T00:30:00+00:00' AIRFLOW_CTX_TRY_NUMBER='1' AIRFLOW_CTX_DAG_RUN_ID='scheduled__2023-09-22T00:30:00+00:00'
[2023-09-28T14:14:44.242+0700] {logging_mixin.py:151} INFO - ['ASG', 'BAX', 'BCF', 'BSA', 'BSH', 'DHB', 'DP2', 'DSG', 'DTK', 'EIC']
[2023-09-28T14:14:44.244+0700] {logging_mixin.py:151} INFO - etl_ingest_time_2023_09_28_14_14_44
[2023-09-28T14:14:44.686+0700] {logging_mixin.py:151} INFO - 10
[2023-09-28T14:14:44.687+0700] {logging_mixin.py:151} INFO - 1
[2023-09-28T14:14:44.695+0700] {logging_mixin.py:151} WARNING -   0%|          | 0/1 [00:00<?, ?it/s]
[2023-09-28T14:14:44.695+0700] {logging_mixin.py:151} INFO - ['ASG', 'BAX', 'BCF', 'BSA', 'BSH', 'DHB', 'DP2', 'DSG', 'DTK', 'EIC']
[2023-09-28T14:14:45.412+0700] {logging_mixin.py:151} INFO - [Empty DataFrame
Columns: []
Index: [],          p    v      cp  rcp   a   ba     sa     hl  pcp         t
0  50200.0  100 -4600.0 -0.1  SD  0.0  100.0  False  0.0  09:00:13, Empty DataFrame
Columns: []
Index: [], Empty DataFrame
Columns: []
Index: [], Empty DataFrame
Columns: []
Index: [], Empty DataFrame
Columns: []
Index: [], Empty DataFrame
Columns: []
Index: [], Empty DataFrame
Columns: []
Index: [],          p    v     cp  rcp   a     ba     sa     hl    pcp         t
0  10700.0  200    0.0  0.0  BU  400.0  100.0  False    0.0  14:03:06
1  10700.0  100    0.0  0.0  BU  200.0  100.0  False    0.0  13:35:59
2  10700.0  100    0.0  0.0  SD  100.0  100.0  False -200.0  10:40:12
3  10900.0  100  200.0  0.0  BU  100.0    0.0  False    0.0  09:57:39, Empty DataFrame
Columns: []
Index: []]
[2023-09-28T14:14:45.413+0700] {logging_mixin.py:151} INFO - hello
[2023-09-28T14:14:45.414+0700] {logging_mixin.py:151} INFO - 10
[2023-09-28T14:14:45.415+0700] {logging_mixin.py:151} WARNING -   0%|          | 0/10 [00:00<?, ?it/s]
[2023-09-28T14:14:45.416+0700] {logging_mixin.py:151} WARNING - 
[2023-09-28T14:14:45.416+0700] {logging_mixin.py:151} INFO - ASG is empty
[2023-09-28T14:14:45.422+0700] {logging_mixin.py:151} INFO -          p    v      cp  rcp   a   ba     sa     hl  pcp         t
0  50200.0  100 -4600.0 -0.1  SD  0.0  100.0  False  0.0  09:00:13
[2023-09-28T14:14:45.430+0700] {logging_mixin.py:151} INFO - DRIVER={ODBC Driver 18 for SQL Server};SERVER=host.docker.internal;DATABASE=etl_ingest_time_2023_09_28_14_14_44;UID=sa;PWD=Docker@123;TrustServerCertificate=yes;
[2023-09-28T14:14:47.035+0700] {base.py:73} INFO - Using connection ID 'minio_s3_conn' for task execution.
[2023-09-28T14:14:47.036+0700] {connection_wrapper.py:340} INFO - AWS Connection (conn_id='minio_s3_conn', conn_type='aws') credentials retrieved from login and password.
[2023-09-28T14:14:47.291+0700] {logging_mixin.py:151} WARNING -  20%|##        | 2/10 [00:01<00:07,  1.07it/s]
[2023-09-28T14:14:47.292+0700] {logging_mixin.py:151} WARNING - 
[2023-09-28T14:14:47.292+0700] {logging_mixin.py:151} INFO - BCF is empty
[2023-09-28T14:14:47.293+0700] {logging_mixin.py:151} INFO - BSA is empty
[2023-09-28T14:14:47.293+0700] {logging_mixin.py:151} INFO - BSH is empty
[2023-09-28T14:14:47.294+0700] {logging_mixin.py:151} INFO - DHB is empty
[2023-09-28T14:14:47.294+0700] {logging_mixin.py:151} INFO - DP2 is empty
[2023-09-28T14:14:47.295+0700] {logging_mixin.py:151} INFO - DSG is empty
[2023-09-28T14:14:47.301+0700] {logging_mixin.py:151} INFO -          p    v     cp  rcp   a     ba     sa     hl    pcp         t
0  10700.0  200    0.0  0.0  BU  400.0  100.0  False    0.0  14:03:06
1  10700.0  100    0.0  0.0  BU  200.0  100.0  False    0.0  13:35:59
2  10700.0  100    0.0  0.0  SD  100.0  100.0  False -200.0  10:40:12
3  10900.0  100  200.0  0.0  BU  100.0    0.0  False    0.0  09:57:39
[2023-09-28T14:14:47.307+0700] {logging_mixin.py:151} INFO - DRIVER={ODBC Driver 18 for SQL Server};SERVER=host.docker.internal;DATABASE=etl_ingest_time_2023_09_28_14_14_44;UID=sa;PWD=Docker@123;TrustServerCertificate=yes;
[2023-09-28T14:14:47.416+0700] {base.py:73} INFO - Using connection ID 'minio_s3_conn' for task execution.
[2023-09-28T14:14:47.417+0700] {connection_wrapper.py:340} INFO - AWS Connection (conn_id='minio_s3_conn', conn_type='aws') credentials retrieved from login and password.
[2023-09-28T14:14:47.485+0700] {logging_mixin.py:151} WARNING -  90%|######### | 9/10 [00:02<00:00,  5.58it/s]
[2023-09-28T14:14:47.485+0700] {logging_mixin.py:151} WARNING - 
[2023-09-28T14:14:47.486+0700] {logging_mixin.py:151} INFO - EIC is empty
[2023-09-28T14:14:47.487+0700] {logging_mixin.py:151} WARNING - 100%|##########| 10/10 [00:02<00:00,  4.83it/s]
[2023-09-28T14:14:47.487+0700] {logging_mixin.py:151} INFO - chay lan 1
[2023-09-28T14:14:47.488+0700] {logging_mixin.py:151} INFO - Took 2.79 s
[2023-09-28T14:14:47.488+0700] {logging_mixin.py:151} WARNING - 100%|##########| 1/1 [00:02<00:00,  2.79s/it]
[2023-09-28T14:14:47.489+0700] {logging_mixin.py:151} WARNING - 100%|##########| 1/1 [00:02<00:00,  2.79s/it]
[2023-09-28T14:14:47.489+0700] {logging_mixin.py:151} INFO - DONE CRAWL IN 2.80 s
[2023-09-28T14:14:47.491+0700] {python.py:194} INFO - Done. Returned value was: None
[2023-09-28T14:14:47.502+0700] {taskinstance.py:1398} INFO - Marking task as SUCCESS. dag_id=crawl_dag_v01, task_id=run_my_async_task, execution_date=20230922T003000, start_date=20230928T071443, end_date=20230928T071447
[2023-09-28T14:14:47.526+0700] {local_task_job_runner.py:228} INFO - Task exited with return code 0
[2023-09-28T14:14:47.542+0700] {taskinstance.py:2776} INFO - 0 downstream tasks scheduled from follow-on schedule check
[2023-09-28T14:18:41.623+0700] {taskinstance.py:1157} INFO - Dependencies all met for dep_context=non-requeueable deps ti=<TaskInstance: crawl_dag_v01.run_my_async_task scheduled__2023-09-22T00:30:00+00:00 [queued]>
[2023-09-28T14:18:41.654+0700] {taskinstance.py:1157} INFO - Dependencies all met for dep_context=requeueable deps ti=<TaskInstance: crawl_dag_v01.run_my_async_task scheduled__2023-09-22T00:30:00+00:00 [queued]>
[2023-09-28T14:18:41.655+0700] {taskinstance.py:1359} INFO - Starting attempt 1 of 6
[2023-09-28T14:18:41.731+0700] {taskinstance.py:1380} INFO - Executing <Task(PythonOperator): run_my_async_task> on 2023-09-22 00:30:00+00:00
[2023-09-28T14:18:41.759+0700] {standard_task_runner.py:57} INFO - Started process 1222 to run task
[2023-09-28T14:18:41.815+0700] {standard_task_runner.py:84} INFO - Running: ['***', 'tasks', 'run', 'crawl_dag_v01', 'run_my_async_task', 'scheduled__2023-09-22T00:30:00+00:00', '--job-id', '141', '--raw', '--subdir', 'DAGS_FOLDER/crawlInvest.py', '--cfg-path', '/tmp/tmp4utlolxp']
[2023-09-28T14:18:41.826+0700] {standard_task_runner.py:85} INFO - Job 141: Subtask run_my_async_task
[2023-09-28T14:18:42.025+0700] {task_command.py:415} INFO - Running <TaskInstance: crawl_dag_v01.run_my_async_task scheduled__2023-09-22T00:30:00+00:00 [running]> on host 052a1d3faae2
[2023-09-28T14:18:42.393+0700] {taskinstance.py:1660} INFO - Exporting env vars: AIRFLOW_CTX_DAG_OWNER='linhhv' AIRFLOW_CTX_DAG_ID='crawl_dag_v01' AIRFLOW_CTX_TASK_ID='run_my_async_task' AIRFLOW_CTX_EXECUTION_DATE='2023-09-22T00:30:00+00:00' AIRFLOW_CTX_TRY_NUMBER='1' AIRFLOW_CTX_DAG_RUN_ID='scheduled__2023-09-22T00:30:00+00:00'
[2023-09-28T14:18:42.422+0700] {logging_mixin.py:151} INFO - ['ASG', 'BAX', 'BCF', 'BSA', 'BSH', 'DHB', 'DP2', 'DSG', 'DTK', 'EIC']
[2023-09-28T14:18:42.425+0700] {logging_mixin.py:151} INFO - etl_ingest_time_2023_09_28_14_18_42
[2023-09-28T14:18:43.294+0700] {logging_mixin.py:151} INFO - 10
[2023-09-28T14:18:43.295+0700] {logging_mixin.py:151} INFO - 1
[2023-09-28T14:18:43.344+0700] {logging_mixin.py:151} WARNING -   0%|          | 0/1 [00:00<?, ?it/s]
[2023-09-28T14:18:43.348+0700] {logging_mixin.py:151} INFO - ['ASG', 'BAX', 'BCF', 'BSA', 'BSH', 'DHB', 'DP2', 'DSG', 'DTK', 'EIC']
[2023-09-28T14:18:44.115+0700] {logging_mixin.py:151} INFO - [Empty DataFrame
Columns: []
Index: [],          p    v      cp  rcp   a   ba     sa     hl  pcp         t
0  50200.0  100 -4600.0 -0.1  SD  0.0  100.0  False  0.0  09:00:13, Empty DataFrame
Columns: []
Index: [], Empty DataFrame
Columns: []
Index: [], Empty DataFrame
Columns: []
Index: [], Empty DataFrame
Columns: []
Index: [], Empty DataFrame
Columns: []
Index: [], Empty DataFrame
Columns: []
Index: [],          p    v     cp  rcp   a     ba     sa     hl    pcp         t
0  10700.0  200    0.0  0.0  BU  400.0  100.0  False    0.0  14:03:06
1  10700.0  100    0.0  0.0  BU  200.0  100.0  False    0.0  13:35:59
2  10700.0  100    0.0  0.0  SD  100.0  100.0  False -200.0  10:40:12
3  10900.0  100  200.0  0.0  BU  100.0    0.0  False    0.0  09:57:39, Empty DataFrame
Columns: []
Index: []]
[2023-09-28T14:18:44.115+0700] {logging_mixin.py:151} INFO - hello
[2023-09-28T14:18:44.116+0700] {logging_mixin.py:151} INFO - 10
[2023-09-28T14:18:44.117+0700] {logging_mixin.py:151} WARNING -   0%|          | 0/10 [00:00<?, ?it/s]
[2023-09-28T14:18:44.117+0700] {logging_mixin.py:151} WARNING - 
[2023-09-28T14:18:44.118+0700] {logging_mixin.py:151} INFO - ASG is empty
[2023-09-28T14:18:44.138+0700] {logging_mixin.py:151} INFO -          p    v      cp  rcp   a   ba     sa     hl  pcp         t
0  50200.0  100 -4600.0 -0.1  SD  0.0  100.0  False  0.0  09:00:13
[2023-09-28T14:18:44.163+0700] {logging_mixin.py:151} INFO - DRIVER={ODBC Driver 18 for SQL Server};SERVER=host.docker.internal;DATABASE=etl_ingest_time_2023_09_28_14_18_42;UID=sa;PWD=Docker@123;TrustServerCertificate=yes;
[2023-09-28T14:18:47.721+0700] {base.py:73} INFO - Using connection ID 'minio_s3_conn' for task execution.
[2023-09-28T14:18:47.722+0700] {connection_wrapper.py:340} INFO - AWS Connection (conn_id='minio_s3_conn', conn_type='aws') credentials retrieved from login and password.
[2023-09-28T14:18:48.020+0700] {logging_mixin.py:151} WARNING -  20%|##        | 2/10 [00:03<00:15,  1.95s/it]
[2023-09-28T14:18:48.021+0700] {logging_mixin.py:151} WARNING - 
[2023-09-28T14:18:48.022+0700] {logging_mixin.py:151} INFO - BCF is empty
[2023-09-28T14:18:48.022+0700] {logging_mixin.py:151} INFO - BSA is empty
[2023-09-28T14:18:48.023+0700] {logging_mixin.py:151} INFO - BSH is empty
[2023-09-28T14:18:48.023+0700] {logging_mixin.py:151} INFO - DHB is empty
[2023-09-28T14:18:48.024+0700] {logging_mixin.py:151} INFO - DP2 is empty
[2023-09-28T14:18:48.024+0700] {logging_mixin.py:151} INFO - DSG is empty
[2023-09-28T14:18:48.030+0700] {logging_mixin.py:151} INFO -          p    v     cp  rcp   a     ba     sa     hl    pcp         t
0  10700.0  200    0.0  0.0  BU  400.0  100.0  False    0.0  14:03:06
1  10700.0  100    0.0  0.0  BU  200.0  100.0  False    0.0  13:35:59
2  10700.0  100    0.0  0.0  SD  100.0  100.0  False -200.0  10:40:12
3  10900.0  100  200.0  0.0  BU  100.0    0.0  False    0.0  09:57:39
[2023-09-28T14:18:48.035+0700] {logging_mixin.py:151} INFO - DRIVER={ODBC Driver 18 for SQL Server};SERVER=host.docker.internal;DATABASE=etl_ingest_time_2023_09_28_14_18_42;UID=sa;PWD=Docker@123;TrustServerCertificate=yes;
[2023-09-28T14:18:48.139+0700] {base.py:73} INFO - Using connection ID 'minio_s3_conn' for task execution.
[2023-09-28T14:18:48.140+0700] {connection_wrapper.py:340} INFO - AWS Connection (conn_id='minio_s3_conn', conn_type='aws') credentials retrieved from login and password.
[2023-09-28T14:18:48.224+0700] {logging_mixin.py:151} WARNING -  90%|######### | 9/10 [00:04<00:00,  2.86it/s]
[2023-09-28T14:18:48.224+0700] {logging_mixin.py:151} WARNING - 
[2023-09-28T14:18:48.226+0700] {logging_mixin.py:151} INFO - EIC is empty
[2023-09-28T14:18:48.226+0700] {logging_mixin.py:151} WARNING - 100%|##########| 10/10 [00:04<00:00,  2.43it/s]
[2023-09-28T14:18:48.226+0700] {logging_mixin.py:151} INFO - chay lan 1
[2023-09-28T14:18:48.227+0700] {logging_mixin.py:151} INFO - Took 4.88 s
[2023-09-28T14:18:48.228+0700] {logging_mixin.py:151} WARNING - 100%|##########| 1/1 [00:04<00:00,  4.88s/it]
[2023-09-28T14:18:48.228+0700] {logging_mixin.py:151} WARNING - 100%|##########| 1/1 [00:04<00:00,  4.88s/it]
[2023-09-28T14:18:48.229+0700] {logging_mixin.py:151} INFO - DONE CRAWL IN 4.93 s
[2023-09-28T14:18:48.231+0700] {python.py:194} INFO - Done. Returned value was: None
[2023-09-28T14:18:48.244+0700] {taskinstance.py:1398} INFO - Marking task as SUCCESS. dag_id=crawl_dag_v01, task_id=run_my_async_task, execution_date=20230922T003000, start_date=20230928T071841, end_date=20230928T071848
[2023-09-28T14:18:48.275+0700] {local_task_job_runner.py:228} INFO - Task exited with return code 0
[2023-09-28T14:18:48.289+0700] {taskinstance.py:2776} INFO - 0 downstream tasks scheduled from follow-on schedule check
