[2023-09-21T10:40:07.869+0000] {processor.py:157} INFO - Started process (PID=66) to work on /home/airflow/.local/lib/python3.8/site-packages/airflow/example_dags/example_branch_datetime_operator.py
[2023-09-21T10:40:07.870+0000] {processor.py:829} INFO - Processing file /home/airflow/.local/lib/python3.8/site-packages/airflow/example_dags/example_branch_datetime_operator.py for tasks to queue
[2023-09-21T10:40:07.873+0000] {logging_mixin.py:151} INFO - [2023-09-21T10:40:07.873+0000] {dagbag.py:539} INFO - Filling up the DagBag from /home/airflow/.local/lib/python3.8/site-packages/airflow/example_dags/example_branch_datetime_operator.py
[2023-09-21T10:40:07.892+0000] {processor.py:839} INFO - DAG(s) dict_keys(['example_branch_datetime_operator_3', 'example_branch_datetime_operator', 'example_branch_datetime_operator_2']) retrieved from /home/airflow/.local/lib/python3.8/site-packages/airflow/example_dags/example_branch_datetime_operator.py
[2023-09-21T10:40:07.925+0000] {logging_mixin.py:151} INFO - [2023-09-21T10:40:07.924+0000] {dag.py:2915} INFO - Sync 3 DAGs
[2023-09-21T10:40:07.948+0000] {logging_mixin.py:151} INFO - [2023-09-21T10:40:07.948+0000] {dag.py:3696} INFO - Setting next_dagrun for example_branch_datetime_operator to 2023-09-20T00:00:00+00:00, run_after=2023-09-21T00:00:00+00:00
[2023-09-21T10:40:07.953+0000] {logging_mixin.py:151} INFO - [2023-09-21T10:40:07.953+0000] {dag.py:3696} INFO - Setting next_dagrun for example_branch_datetime_operator_2 to 2023-09-20T00:00:00+00:00, run_after=2023-09-21T00:00:00+00:00
[2023-09-21T10:40:07.955+0000] {logging_mixin.py:151} INFO - [2023-09-21T10:40:07.955+0000] {dag.py:3696} INFO - Setting next_dagrun for example_branch_datetime_operator_3 to 2023-09-20T00:00:00+00:00, run_after=2023-09-21T00:00:00+00:00
[2023-09-21T10:40:07.979+0000] {processor.py:179} INFO - Processing /home/airflow/.local/lib/python3.8/site-packages/airflow/example_dags/example_branch_datetime_operator.py took 0.115 seconds
[2023-09-21T10:40:38.983+0000] {processor.py:157} INFO - Started process (PID=120) to work on /home/airflow/.local/lib/python3.8/site-packages/airflow/example_dags/example_branch_datetime_operator.py
[2023-09-21T10:40:38.984+0000] {processor.py:829} INFO - Processing file /home/airflow/.local/lib/python3.8/site-packages/airflow/example_dags/example_branch_datetime_operator.py for tasks to queue
[2023-09-21T10:40:38.987+0000] {logging_mixin.py:151} INFO - [2023-09-21T10:40:38.987+0000] {dagbag.py:539} INFO - Filling up the DagBag from /home/airflow/.local/lib/python3.8/site-packages/airflow/example_dags/example_branch_datetime_operator.py
[2023-09-21T10:40:38.995+0000] {processor.py:839} INFO - DAG(s) dict_keys(['example_branch_datetime_operator_2', 'example_branch_datetime_operator', 'example_branch_datetime_operator_3']) retrieved from /home/airflow/.local/lib/python3.8/site-packages/airflow/example_dags/example_branch_datetime_operator.py
[2023-09-21T10:40:39.018+0000] {logging_mixin.py:151} INFO - [2023-09-21T10:40:39.018+0000] {dag.py:2915} INFO - Sync 3 DAGs
[2023-09-21T10:40:39.031+0000] {logging_mixin.py:151} INFO - [2023-09-21T10:40:39.031+0000] {dag.py:3696} INFO - Setting next_dagrun for example_branch_datetime_operator to 2023-09-20T00:00:00+00:00, run_after=2023-09-21T00:00:00+00:00
[2023-09-21T10:40:39.034+0000] {logging_mixin.py:151} INFO - [2023-09-21T10:40:39.034+0000] {dag.py:3696} INFO - Setting next_dagrun for example_branch_datetime_operator_2 to 2023-09-20T00:00:00+00:00, run_after=2023-09-21T00:00:00+00:00
[2023-09-21T10:40:39.037+0000] {logging_mixin.py:151} INFO - [2023-09-21T10:40:39.037+0000] {dag.py:3696} INFO - Setting next_dagrun for example_branch_datetime_operator_3 to 2023-09-20T00:00:00+00:00, run_after=2023-09-21T00:00:00+00:00
[2023-09-21T10:40:39.046+0000] {processor.py:179} INFO - Processing /home/airflow/.local/lib/python3.8/site-packages/airflow/example_dags/example_branch_datetime_operator.py took 0.066 seconds
[2023-09-21T11:16:33.372+0000] {processor.py:157} INFO - Started process (PID=66) to work on /home/airflow/.local/lib/python3.8/site-packages/airflow/example_dags/example_branch_datetime_operator.py
[2023-09-21T11:16:33.374+0000] {processor.py:829} INFO - Processing file /home/airflow/.local/lib/python3.8/site-packages/airflow/example_dags/example_branch_datetime_operator.py for tasks to queue
[2023-09-21T11:16:33.379+0000] {logging_mixin.py:151} INFO - [2023-09-21T11:16:33.379+0000] {dagbag.py:539} INFO - Filling up the DagBag from /home/airflow/.local/lib/python3.8/site-packages/airflow/example_dags/example_branch_datetime_operator.py
[2023-09-21T11:16:33.391+0000] {processor.py:839} INFO - DAG(s) dict_keys(['example_branch_datetime_operator_3', 'example_branch_datetime_operator_2', 'example_branch_datetime_operator']) retrieved from /home/airflow/.local/lib/python3.8/site-packages/airflow/example_dags/example_branch_datetime_operator.py
[2023-09-21T11:16:33.408+0000] {logging_mixin.py:151} INFO - [2023-09-21T11:16:33.408+0000] {dag.py:2915} INFO - Sync 3 DAGs
[2023-09-21T11:16:33.433+0000] {logging_mixin.py:151} INFO - [2023-09-21T11:16:33.433+0000] {dag.py:3696} INFO - Setting next_dagrun for example_branch_datetime_operator to 2023-09-20T00:00:00+00:00, run_after=2023-09-21T00:00:00+00:00
[2023-09-21T11:16:33.437+0000] {logging_mixin.py:151} INFO - [2023-09-21T11:16:33.437+0000] {dag.py:3696} INFO - Setting next_dagrun for example_branch_datetime_operator_2 to 2023-09-20T00:00:00+00:00, run_after=2023-09-21T00:00:00+00:00
[2023-09-21T11:16:33.440+0000] {logging_mixin.py:151} INFO - [2023-09-21T11:16:33.439+0000] {dag.py:3696} INFO - Setting next_dagrun for example_branch_datetime_operator_3 to 2023-09-20T00:00:00+00:00, run_after=2023-09-21T00:00:00+00:00
[2023-09-21T11:16:33.455+0000] {processor.py:179} INFO - Processing /home/airflow/.local/lib/python3.8/site-packages/airflow/example_dags/example_branch_datetime_operator.py took 0.089 seconds
[2023-09-21T11:17:03.766+0000] {processor.py:157} INFO - Started process (PID=119) to work on /home/airflow/.local/lib/python3.8/site-packages/airflow/example_dags/example_branch_datetime_operator.py
[2023-09-21T11:17:03.767+0000] {processor.py:829} INFO - Processing file /home/airflow/.local/lib/python3.8/site-packages/airflow/example_dags/example_branch_datetime_operator.py for tasks to queue
[2023-09-21T11:17:03.769+0000] {logging_mixin.py:151} INFO - [2023-09-21T11:17:03.769+0000] {dagbag.py:539} INFO - Filling up the DagBag from /home/airflow/.local/lib/python3.8/site-packages/airflow/example_dags/example_branch_datetime_operator.py
[2023-09-21T11:17:03.775+0000] {processor.py:839} INFO - DAG(s) dict_keys(['example_branch_datetime_operator_2', 'example_branch_datetime_operator_3', 'example_branch_datetime_operator']) retrieved from /home/airflow/.local/lib/python3.8/site-packages/airflow/example_dags/example_branch_datetime_operator.py
[2023-09-21T11:17:03.796+0000] {logging_mixin.py:151} INFO - [2023-09-21T11:17:03.796+0000] {dag.py:2915} INFO - Sync 3 DAGs
[2023-09-21T11:17:03.811+0000] {logging_mixin.py:151} INFO - [2023-09-21T11:17:03.811+0000] {dag.py:3696} INFO - Setting next_dagrun for example_branch_datetime_operator to 2023-09-20T00:00:00+00:00, run_after=2023-09-21T00:00:00+00:00
[2023-09-21T11:17:03.814+0000] {logging_mixin.py:151} INFO - [2023-09-21T11:17:03.814+0000] {dag.py:3696} INFO - Setting next_dagrun for example_branch_datetime_operator_2 to 2023-09-20T00:00:00+00:00, run_after=2023-09-21T00:00:00+00:00
[2023-09-21T11:17:03.816+0000] {logging_mixin.py:151} INFO - [2023-09-21T11:17:03.816+0000] {dag.py:3696} INFO - Setting next_dagrun for example_branch_datetime_operator_3 to 2023-09-20T00:00:00+00:00, run_after=2023-09-21T00:00:00+00:00
[2023-09-21T11:17:03.826+0000] {processor.py:179} INFO - Processing /home/airflow/.local/lib/python3.8/site-packages/airflow/example_dags/example_branch_datetime_operator.py took 0.062 seconds
[2023-09-21T11:17:33.959+0000] {processor.py:157} INFO - Started process (PID=173) to work on /home/airflow/.local/lib/python3.8/site-packages/airflow/example_dags/example_branch_datetime_operator.py
[2023-09-21T11:17:33.961+0000] {processor.py:829} INFO - Processing file /home/airflow/.local/lib/python3.8/site-packages/airflow/example_dags/example_branch_datetime_operator.py for tasks to queue
[2023-09-21T11:17:33.963+0000] {logging_mixin.py:151} INFO - [2023-09-21T11:17:33.963+0000] {dagbag.py:539} INFO - Filling up the DagBag from /home/airflow/.local/lib/python3.8/site-packages/airflow/example_dags/example_branch_datetime_operator.py
[2023-09-21T11:17:33.971+0000] {processor.py:839} INFO - DAG(s) dict_keys(['example_branch_datetime_operator_2', 'example_branch_datetime_operator', 'example_branch_datetime_operator_3']) retrieved from /home/airflow/.local/lib/python3.8/site-packages/airflow/example_dags/example_branch_datetime_operator.py
[2023-09-21T11:17:33.994+0000] {logging_mixin.py:151} INFO - [2023-09-21T11:17:33.994+0000] {dag.py:2915} INFO - Sync 3 DAGs
[2023-09-21T11:17:34.014+0000] {logging_mixin.py:151} INFO - [2023-09-21T11:17:34.014+0000] {dag.py:3696} INFO - Setting next_dagrun for example_branch_datetime_operator to 2023-09-20T00:00:00+00:00, run_after=2023-09-21T00:00:00+00:00
[2023-09-21T11:17:34.018+0000] {logging_mixin.py:151} INFO - [2023-09-21T11:17:34.018+0000] {dag.py:3696} INFO - Setting next_dagrun for example_branch_datetime_operator_2 to 2023-09-20T00:00:00+00:00, run_after=2023-09-21T00:00:00+00:00
[2023-09-21T11:17:34.020+0000] {logging_mixin.py:151} INFO - [2023-09-21T11:17:34.020+0000] {dag.py:3696} INFO - Setting next_dagrun for example_branch_datetime_operator_3 to 2023-09-20T00:00:00+00:00, run_after=2023-09-21T00:00:00+00:00
[2023-09-21T11:17:34.036+0000] {processor.py:179} INFO - Processing /home/airflow/.local/lib/python3.8/site-packages/airflow/example_dags/example_branch_datetime_operator.py took 0.080 seconds
[2023-09-21T11:18:04.241+0000] {processor.py:157} INFO - Started process (PID=227) to work on /home/airflow/.local/lib/python3.8/site-packages/airflow/example_dags/example_branch_datetime_operator.py
[2023-09-21T11:18:04.242+0000] {processor.py:829} INFO - Processing file /home/airflow/.local/lib/python3.8/site-packages/airflow/example_dags/example_branch_datetime_operator.py for tasks to queue
[2023-09-21T11:18:04.244+0000] {logging_mixin.py:151} INFO - [2023-09-21T11:18:04.244+0000] {dagbag.py:539} INFO - Filling up the DagBag from /home/airflow/.local/lib/python3.8/site-packages/airflow/example_dags/example_branch_datetime_operator.py
[2023-09-21T11:18:04.250+0000] {processor.py:839} INFO - DAG(s) dict_keys(['example_branch_datetime_operator_2', 'example_branch_datetime_operator_3', 'example_branch_datetime_operator']) retrieved from /home/airflow/.local/lib/python3.8/site-packages/airflow/example_dags/example_branch_datetime_operator.py
[2023-09-21T11:18:04.272+0000] {logging_mixin.py:151} INFO - [2023-09-21T11:18:04.272+0000] {dag.py:2915} INFO - Sync 3 DAGs
[2023-09-21T11:18:04.287+0000] {logging_mixin.py:151} INFO - [2023-09-21T11:18:04.286+0000] {dag.py:3696} INFO - Setting next_dagrun for example_branch_datetime_operator to 2023-09-20T00:00:00+00:00, run_after=2023-09-21T00:00:00+00:00
[2023-09-21T11:18:04.290+0000] {logging_mixin.py:151} INFO - [2023-09-21T11:18:04.290+0000] {dag.py:3696} INFO - Setting next_dagrun for example_branch_datetime_operator_2 to 2023-09-20T00:00:00+00:00, run_after=2023-09-21T00:00:00+00:00
[2023-09-21T11:18:04.292+0000] {logging_mixin.py:151} INFO - [2023-09-21T11:18:04.292+0000] {dag.py:3696} INFO - Setting next_dagrun for example_branch_datetime_operator_3 to 2023-09-20T00:00:00+00:00, run_after=2023-09-21T00:00:00+00:00
[2023-09-21T11:18:04.302+0000] {processor.py:179} INFO - Processing /home/airflow/.local/lib/python3.8/site-packages/airflow/example_dags/example_branch_datetime_operator.py took 0.064 seconds
[2023-09-21T18:29:39.480+0700] {processor.py:157} INFO - Started process (PID=66) to work on /home/airflow/.local/lib/python3.8/site-packages/airflow/example_dags/example_branch_datetime_operator.py
[2023-09-21T18:29:39.482+0700] {processor.py:829} INFO - Processing file /home/airflow/.local/lib/python3.8/site-packages/airflow/example_dags/example_branch_datetime_operator.py for tasks to queue
[2023-09-21T18:29:39.485+0700] {logging_mixin.py:151} INFO - [2023-09-21T18:29:39.484+0700] {dagbag.py:539} INFO - Filling up the DagBag from /home/airflow/.local/lib/python3.8/site-packages/airflow/example_dags/example_branch_datetime_operator.py
[2023-09-21T18:29:39.494+0700] {processor.py:839} INFO - DAG(s) dict_keys(['example_branch_datetime_operator', 'example_branch_datetime_operator_2', 'example_branch_datetime_operator_3']) retrieved from /home/airflow/.local/lib/python3.8/site-packages/airflow/example_dags/example_branch_datetime_operator.py
[2023-09-21T18:29:39.512+0700] {logging_mixin.py:151} INFO - [2023-09-21T18:29:39.512+0700] {dag.py:2915} INFO - Sync 3 DAGs
[2023-09-21T18:29:39.539+0700] {logging_mixin.py:151} INFO - [2023-09-21T18:29:39.539+0700] {dag.py:3696} INFO - Setting next_dagrun for example_branch_datetime_operator to 2023-09-20T00:00:00+00:00, run_after=2023-09-21T00:00:00+00:00
[2023-09-21T18:29:39.544+0700] {logging_mixin.py:151} INFO - [2023-09-21T18:29:39.544+0700] {dag.py:3696} INFO - Setting next_dagrun for example_branch_datetime_operator_2 to 2023-09-20T00:00:00+00:00, run_after=2023-09-21T00:00:00+00:00
[2023-09-21T18:29:39.546+0700] {logging_mixin.py:151} INFO - [2023-09-21T18:29:39.546+0700] {dag.py:3696} INFO - Setting next_dagrun for example_branch_datetime_operator_3 to 2023-09-20T00:00:00+00:00, run_after=2023-09-21T00:00:00+00:00
[2023-09-21T18:29:39.558+0700] {processor.py:179} INFO - Processing /home/airflow/.local/lib/python3.8/site-packages/airflow/example_dags/example_branch_datetime_operator.py took 0.082 seconds
[2023-09-21T18:30:09.719+0700] {processor.py:157} INFO - Started process (PID=120) to work on /home/airflow/.local/lib/python3.8/site-packages/airflow/example_dags/example_branch_datetime_operator.py
[2023-09-21T18:30:09.720+0700] {processor.py:829} INFO - Processing file /home/airflow/.local/lib/python3.8/site-packages/airflow/example_dags/example_branch_datetime_operator.py for tasks to queue
[2023-09-21T18:30:09.722+0700] {logging_mixin.py:151} INFO - [2023-09-21T18:30:09.722+0700] {dagbag.py:539} INFO - Filling up the DagBag from /home/airflow/.local/lib/python3.8/site-packages/airflow/example_dags/example_branch_datetime_operator.py
[2023-09-21T18:30:09.730+0700] {processor.py:839} INFO - DAG(s) dict_keys(['example_branch_datetime_operator_3', 'example_branch_datetime_operator_2', 'example_branch_datetime_operator']) retrieved from /home/airflow/.local/lib/python3.8/site-packages/airflow/example_dags/example_branch_datetime_operator.py
[2023-09-21T18:30:09.751+0700] {logging_mixin.py:151} INFO - [2023-09-21T18:30:09.751+0700] {dag.py:2915} INFO - Sync 3 DAGs
[2023-09-21T18:30:09.767+0700] {logging_mixin.py:151} INFO - [2023-09-21T18:30:09.766+0700] {dag.py:3696} INFO - Setting next_dagrun for example_branch_datetime_operator to 2023-09-20T00:00:00+00:00, run_after=2023-09-21T00:00:00+00:00
[2023-09-21T18:30:09.770+0700] {logging_mixin.py:151} INFO - [2023-09-21T18:30:09.770+0700] {dag.py:3696} INFO - Setting next_dagrun for example_branch_datetime_operator_2 to 2023-09-20T00:00:00+00:00, run_after=2023-09-21T00:00:00+00:00
[2023-09-21T18:30:09.772+0700] {logging_mixin.py:151} INFO - [2023-09-21T18:30:09.772+0700] {dag.py:3696} INFO - Setting next_dagrun for example_branch_datetime_operator_3 to 2023-09-20T00:00:00+00:00, run_after=2023-09-21T00:00:00+00:00
[2023-09-21T18:30:09.783+0700] {processor.py:179} INFO - Processing /home/airflow/.local/lib/python3.8/site-packages/airflow/example_dags/example_branch_datetime_operator.py took 0.067 seconds
[2023-09-21T18:32:32.702+0700] {processor.py:157} INFO - Started process (PID=67) to work on /home/airflow/.local/lib/python3.8/site-packages/airflow/example_dags/example_branch_datetime_operator.py
[2023-09-21T18:32:32.704+0700] {processor.py:829} INFO - Processing file /home/airflow/.local/lib/python3.8/site-packages/airflow/example_dags/example_branch_datetime_operator.py for tasks to queue
[2023-09-21T18:32:32.706+0700] {logging_mixin.py:151} INFO - [2023-09-21T18:32:32.705+0700] {dagbag.py:539} INFO - Filling up the DagBag from /home/airflow/.local/lib/python3.8/site-packages/airflow/example_dags/example_branch_datetime_operator.py
[2023-09-21T18:32:32.715+0700] {processor.py:839} INFO - DAG(s) dict_keys(['example_branch_datetime_operator_2', 'example_branch_datetime_operator_3', 'example_branch_datetime_operator']) retrieved from /home/airflow/.local/lib/python3.8/site-packages/airflow/example_dags/example_branch_datetime_operator.py
[2023-09-21T18:32:32.730+0700] {logging_mixin.py:151} INFO - [2023-09-21T18:32:32.730+0700] {dag.py:2915} INFO - Sync 3 DAGs
[2023-09-21T18:32:32.765+0700] {logging_mixin.py:151} INFO - [2023-09-21T18:32:32.765+0700] {dag.py:3696} INFO - Setting next_dagrun for example_branch_datetime_operator to 2023-09-20T00:00:00+00:00, run_after=2023-09-21T00:00:00+00:00
[2023-09-21T18:32:32.770+0700] {logging_mixin.py:151} INFO - [2023-09-21T18:32:32.770+0700] {dag.py:3696} INFO - Setting next_dagrun for example_branch_datetime_operator_2 to 2023-09-20T00:00:00+00:00, run_after=2023-09-21T00:00:00+00:00
[2023-09-21T18:32:32.774+0700] {logging_mixin.py:151} INFO - [2023-09-21T18:32:32.774+0700] {dag.py:3696} INFO - Setting next_dagrun for example_branch_datetime_operator_3 to 2023-09-20T00:00:00+00:00, run_after=2023-09-21T00:00:00+00:00
[2023-09-21T18:32:32.798+0700] {processor.py:179} INFO - Processing /home/airflow/.local/lib/python3.8/site-packages/airflow/example_dags/example_branch_datetime_operator.py took 0.099 seconds
