[2023-09-21T10:40:06.331+0000] {processor.py:157} INFO - Started process (PID=45) to work on /home/airflow/.local/lib/python3.8/site-packages/airflow/example_dags/example_branch_operator.py
[2023-09-21T10:40:06.332+0000] {processor.py:829} INFO - Processing file /home/airflow/.local/lib/python3.8/site-packages/airflow/example_dags/example_branch_operator.py for tasks to queue
[2023-09-21T10:40:06.334+0000] {logging_mixin.py:151} INFO - [2023-09-21T10:40:06.334+0000] {dagbag.py:539} INFO - Filling up the DagBag from /home/airflow/.local/lib/python3.8/site-packages/airflow/example_dags/example_branch_operator.py
[2023-09-21T10:40:06.342+0000] {processor.py:839} INFO - DAG(s) dict_keys(['example_branch_operator']) retrieved from /home/airflow/.local/lib/python3.8/site-packages/airflow/example_dags/example_branch_operator.py
[2023-09-21T10:40:06.354+0000] {logging_mixin.py:151} INFO - [2023-09-21T10:40:06.354+0000] {dag.py:2915} INFO - Sync 1 DAGs
[2023-09-21T10:40:06.373+0000] {logging_mixin.py:151} INFO - [2023-09-21T10:40:06.373+0000] {dag.py:3696} INFO - Setting next_dagrun for example_branch_operator to 2023-09-20T00:00:00+00:00, run_after=2023-09-21T00:00:00+00:00
[2023-09-21T10:40:06.387+0000] {processor.py:179} INFO - Processing /home/airflow/.local/lib/python3.8/site-packages/airflow/example_dags/example_branch_operator.py took 0.059 seconds
[2023-09-21T10:40:36.878+0000] {processor.py:157} INFO - Started process (PID=99) to work on /home/airflow/.local/lib/python3.8/site-packages/airflow/example_dags/example_branch_operator.py
[2023-09-21T10:40:36.879+0000] {processor.py:829} INFO - Processing file /home/airflow/.local/lib/python3.8/site-packages/airflow/example_dags/example_branch_operator.py for tasks to queue
[2023-09-21T10:40:36.882+0000] {logging_mixin.py:151} INFO - [2023-09-21T10:40:36.881+0000] {dagbag.py:539} INFO - Filling up the DagBag from /home/airflow/.local/lib/python3.8/site-packages/airflow/example_dags/example_branch_operator.py
[2023-09-21T10:40:36.888+0000] {processor.py:839} INFO - DAG(s) dict_keys(['example_branch_operator']) retrieved from /home/airflow/.local/lib/python3.8/site-packages/airflow/example_dags/example_branch_operator.py
[2023-09-21T10:40:36.906+0000] {logging_mixin.py:151} INFO - [2023-09-21T10:40:36.906+0000] {dag.py:2915} INFO - Sync 1 DAGs
[2023-09-21T10:40:36.920+0000] {logging_mixin.py:151} INFO - [2023-09-21T10:40:36.919+0000] {dag.py:3696} INFO - Setting next_dagrun for example_branch_operator to 2023-09-20T00:00:00+00:00, run_after=2023-09-21T00:00:00+00:00
[2023-09-21T10:40:36.930+0000] {processor.py:179} INFO - Processing /home/airflow/.local/lib/python3.8/site-packages/airflow/example_dags/example_branch_operator.py took 0.055 seconds
[2023-09-21T11:16:32.038+0000] {processor.py:157} INFO - Started process (PID=45) to work on /home/airflow/.local/lib/python3.8/site-packages/airflow/example_dags/example_branch_operator.py
[2023-09-21T11:16:32.039+0000] {processor.py:829} INFO - Processing file /home/airflow/.local/lib/python3.8/site-packages/airflow/example_dags/example_branch_operator.py for tasks to queue
[2023-09-21T11:16:32.041+0000] {logging_mixin.py:151} INFO - [2023-09-21T11:16:32.041+0000] {dagbag.py:539} INFO - Filling up the DagBag from /home/airflow/.local/lib/python3.8/site-packages/airflow/example_dags/example_branch_operator.py
[2023-09-21T11:16:32.049+0000] {processor.py:839} INFO - DAG(s) dict_keys(['example_branch_operator']) retrieved from /home/airflow/.local/lib/python3.8/site-packages/airflow/example_dags/example_branch_operator.py
[2023-09-21T11:16:32.063+0000] {logging_mixin.py:151} INFO - [2023-09-21T11:16:32.063+0000] {dag.py:2915} INFO - Sync 1 DAGs
[2023-09-21T11:16:32.080+0000] {logging_mixin.py:151} INFO - [2023-09-21T11:16:32.080+0000] {dag.py:3696} INFO - Setting next_dagrun for example_branch_operator to 2023-09-20T00:00:00+00:00, run_after=2023-09-21T00:00:00+00:00
[2023-09-21T11:16:32.098+0000] {processor.py:179} INFO - Processing /home/airflow/.local/lib/python3.8/site-packages/airflow/example_dags/example_branch_operator.py took 0.063 seconds
[2023-09-21T11:17:02.836+0000] {processor.py:157} INFO - Started process (PID=98) to work on /home/airflow/.local/lib/python3.8/site-packages/airflow/example_dags/example_branch_operator.py
[2023-09-21T11:17:02.837+0000] {processor.py:829} INFO - Processing file /home/airflow/.local/lib/python3.8/site-packages/airflow/example_dags/example_branch_operator.py for tasks to queue
[2023-09-21T11:17:02.840+0000] {logging_mixin.py:151} INFO - [2023-09-21T11:17:02.839+0000] {dagbag.py:539} INFO - Filling up the DagBag from /home/airflow/.local/lib/python3.8/site-packages/airflow/example_dags/example_branch_operator.py
[2023-09-21T11:17:02.846+0000] {processor.py:839} INFO - DAG(s) dict_keys(['example_branch_operator']) retrieved from /home/airflow/.local/lib/python3.8/site-packages/airflow/example_dags/example_branch_operator.py
[2023-09-21T11:17:02.866+0000] {logging_mixin.py:151} INFO - [2023-09-21T11:17:02.866+0000] {dag.py:2915} INFO - Sync 1 DAGs
[2023-09-21T11:17:02.882+0000] {logging_mixin.py:151} INFO - [2023-09-21T11:17:02.881+0000] {dag.py:3696} INFO - Setting next_dagrun for example_branch_operator to 2023-09-20T00:00:00+00:00, run_after=2023-09-21T00:00:00+00:00
[2023-09-21T11:17:02.896+0000] {processor.py:179} INFO - Processing /home/airflow/.local/lib/python3.8/site-packages/airflow/example_dags/example_branch_operator.py took 0.062 seconds
[2023-09-21T11:17:33.028+0000] {processor.py:157} INFO - Started process (PID=152) to work on /home/airflow/.local/lib/python3.8/site-packages/airflow/example_dags/example_branch_operator.py
[2023-09-21T11:17:33.029+0000] {processor.py:829} INFO - Processing file /home/airflow/.local/lib/python3.8/site-packages/airflow/example_dags/example_branch_operator.py for tasks to queue
[2023-09-21T11:17:33.031+0000] {logging_mixin.py:151} INFO - [2023-09-21T11:17:33.031+0000] {dagbag.py:539} INFO - Filling up the DagBag from /home/airflow/.local/lib/python3.8/site-packages/airflow/example_dags/example_branch_operator.py
[2023-09-21T11:17:33.038+0000] {processor.py:839} INFO - DAG(s) dict_keys(['example_branch_operator']) retrieved from /home/airflow/.local/lib/python3.8/site-packages/airflow/example_dags/example_branch_operator.py
[2023-09-21T11:17:33.057+0000] {logging_mixin.py:151} INFO - [2023-09-21T11:17:33.057+0000] {dag.py:2915} INFO - Sync 1 DAGs
[2023-09-21T11:17:33.073+0000] {logging_mixin.py:151} INFO - [2023-09-21T11:17:33.073+0000] {dag.py:3696} INFO - Setting next_dagrun for example_branch_operator to 2023-09-20T00:00:00+00:00, run_after=2023-09-21T00:00:00+00:00
[2023-09-21T11:17:33.087+0000] {processor.py:179} INFO - Processing /home/airflow/.local/lib/python3.8/site-packages/airflow/example_dags/example_branch_operator.py took 0.062 seconds
[2023-09-21T11:18:03.333+0000] {processor.py:157} INFO - Started process (PID=206) to work on /home/airflow/.local/lib/python3.8/site-packages/airflow/example_dags/example_branch_operator.py
[2023-09-21T11:18:03.334+0000] {processor.py:829} INFO - Processing file /home/airflow/.local/lib/python3.8/site-packages/airflow/example_dags/example_branch_operator.py for tasks to queue
[2023-09-21T11:18:03.336+0000] {logging_mixin.py:151} INFO - [2023-09-21T11:18:03.336+0000] {dagbag.py:539} INFO - Filling up the DagBag from /home/airflow/.local/lib/python3.8/site-packages/airflow/example_dags/example_branch_operator.py
[2023-09-21T11:18:03.343+0000] {processor.py:839} INFO - DAG(s) dict_keys(['example_branch_operator']) retrieved from /home/airflow/.local/lib/python3.8/site-packages/airflow/example_dags/example_branch_operator.py
[2023-09-21T11:18:03.361+0000] {logging_mixin.py:151} INFO - [2023-09-21T11:18:03.361+0000] {dag.py:2915} INFO - Sync 1 DAGs
[2023-09-21T11:18:03.375+0000] {logging_mixin.py:151} INFO - [2023-09-21T11:18:03.375+0000] {dag.py:3696} INFO - Setting next_dagrun for example_branch_operator to 2023-09-20T00:00:00+00:00, run_after=2023-09-21T00:00:00+00:00
[2023-09-21T11:18:03.386+0000] {processor.py:179} INFO - Processing /home/airflow/.local/lib/python3.8/site-packages/airflow/example_dags/example_branch_operator.py took 0.055 seconds
[2023-09-21T18:29:38.252+0700] {processor.py:157} INFO - Started process (PID=45) to work on /home/airflow/.local/lib/python3.8/site-packages/airflow/example_dags/example_branch_operator.py
[2023-09-21T18:29:38.254+0700] {processor.py:829} INFO - Processing file /home/airflow/.local/lib/python3.8/site-packages/airflow/example_dags/example_branch_operator.py for tasks to queue
[2023-09-21T18:29:38.256+0700] {logging_mixin.py:151} INFO - [2023-09-21T18:29:38.255+0700] {dagbag.py:539} INFO - Filling up the DagBag from /home/airflow/.local/lib/python3.8/site-packages/airflow/example_dags/example_branch_operator.py
[2023-09-21T18:29:38.271+0700] {processor.py:839} INFO - DAG(s) dict_keys(['example_branch_operator']) retrieved from /home/airflow/.local/lib/python3.8/site-packages/airflow/example_dags/example_branch_operator.py
[2023-09-21T18:29:38.290+0700] {logging_mixin.py:151} INFO - [2023-09-21T18:29:38.290+0700] {dag.py:2915} INFO - Sync 1 DAGs
[2023-09-21T18:29:38.309+0700] {logging_mixin.py:151} INFO - [2023-09-21T18:29:38.309+0700] {dag.py:3696} INFO - Setting next_dagrun for example_branch_operator to 2023-09-20T00:00:00+00:00, run_after=2023-09-21T00:00:00+00:00
[2023-09-21T18:29:38.321+0700] {processor.py:179} INFO - Processing /home/airflow/.local/lib/python3.8/site-packages/airflow/example_dags/example_branch_operator.py took 0.072 seconds
[2023-09-21T18:30:08.582+0700] {processor.py:157} INFO - Started process (PID=99) to work on /home/airflow/.local/lib/python3.8/site-packages/airflow/example_dags/example_branch_operator.py
[2023-09-21T18:30:08.584+0700] {processor.py:829} INFO - Processing file /home/airflow/.local/lib/python3.8/site-packages/airflow/example_dags/example_branch_operator.py for tasks to queue
[2023-09-21T18:30:08.586+0700] {logging_mixin.py:151} INFO - [2023-09-21T18:30:08.585+0700] {dagbag.py:539} INFO - Filling up the DagBag from /home/airflow/.local/lib/python3.8/site-packages/airflow/example_dags/example_branch_operator.py
[2023-09-21T18:30:08.593+0700] {processor.py:839} INFO - DAG(s) dict_keys(['example_branch_operator']) retrieved from /home/airflow/.local/lib/python3.8/site-packages/airflow/example_dags/example_branch_operator.py
[2023-09-21T18:30:08.613+0700] {logging_mixin.py:151} INFO - [2023-09-21T18:30:08.613+0700] {dag.py:2915} INFO - Sync 1 DAGs
[2023-09-21T18:30:08.632+0700] {logging_mixin.py:151} INFO - [2023-09-21T18:30:08.632+0700] {dag.py:3696} INFO - Setting next_dagrun for example_branch_operator to 2023-09-20T00:00:00+00:00, run_after=2023-09-21T00:00:00+00:00
[2023-09-21T18:30:08.657+0700] {processor.py:179} INFO - Processing /home/airflow/.local/lib/python3.8/site-packages/airflow/example_dags/example_branch_operator.py took 0.077 seconds
[2023-09-21T18:32:31.488+0700] {processor.py:157} INFO - Started process (PID=46) to work on /home/airflow/.local/lib/python3.8/site-packages/airflow/example_dags/example_branch_operator.py
[2023-09-21T18:32:31.489+0700] {processor.py:829} INFO - Processing file /home/airflow/.local/lib/python3.8/site-packages/airflow/example_dags/example_branch_operator.py for tasks to queue
[2023-09-21T18:32:31.491+0700] {logging_mixin.py:151} INFO - [2023-09-21T18:32:31.491+0700] {dagbag.py:539} INFO - Filling up the DagBag from /home/airflow/.local/lib/python3.8/site-packages/airflow/example_dags/example_branch_operator.py
[2023-09-21T18:32:31.501+0700] {processor.py:839} INFO - DAG(s) dict_keys(['example_branch_operator']) retrieved from /home/airflow/.local/lib/python3.8/site-packages/airflow/example_dags/example_branch_operator.py
[2023-09-21T18:32:31.539+0700] {logging_mixin.py:151} INFO - [2023-09-21T18:32:31.539+0700] {dag.py:2915} INFO - Sync 1 DAGs
[2023-09-21T18:32:31.559+0700] {logging_mixin.py:151} INFO - [2023-09-21T18:32:31.559+0700] {dag.py:3696} INFO - Setting next_dagrun for example_branch_operator to 2023-09-20T00:00:00+00:00, run_after=2023-09-21T00:00:00+00:00
[2023-09-21T18:32:31.579+0700] {processor.py:179} INFO - Processing /home/airflow/.local/lib/python3.8/site-packages/airflow/example_dags/example_branch_operator.py took 0.094 seconds
