[2023-09-21T10:40:07.475+0000] {processor.py:157} INFO - Started process (PID=60) to work on /home/airflow/.local/lib/python3.8/site-packages/airflow/example_dags/example_task_group_decorator.py
[2023-09-21T10:40:07.478+0000] {processor.py:829} INFO - Processing file /home/airflow/.local/lib/python3.8/site-packages/airflow/example_dags/example_task_group_decorator.py for tasks to queue
[2023-09-21T10:40:07.482+0000] {logging_mixin.py:151} INFO - [2023-09-21T10:40:07.481+0000] {dagbag.py:539} INFO - Filling up the DagBag from /home/airflow/.local/lib/python3.8/site-packages/airflow/example_dags/example_task_group_decorator.py
[2023-09-21T10:40:07.499+0000] {processor.py:839} INFO - DAG(s) dict_keys(['example_task_group_decorator']) retrieved from /home/airflow/.local/lib/python3.8/site-packages/airflow/example_dags/example_task_group_decorator.py
[2023-09-21T10:40:07.514+0000] {logging_mixin.py:151} INFO - [2023-09-21T10:40:07.514+0000] {dag.py:2915} INFO - Sync 1 DAGs
[2023-09-21T10:40:07.540+0000] {logging_mixin.py:151} INFO - [2023-09-21T10:40:07.540+0000] {dag.py:3696} INFO - Setting next_dagrun for example_task_group_decorator to 2023-09-20T10:40:07.539753+00:00, run_after=2023-09-21T10:40:07.539753+00:00
[2023-09-21T10:40:07.571+0000] {processor.py:179} INFO - Processing /home/airflow/.local/lib/python3.8/site-packages/airflow/example_dags/example_task_group_decorator.py took 0.102 seconds
[2023-09-21T10:40:37.738+0000] {processor.py:157} INFO - Started process (PID=114) to work on /home/airflow/.local/lib/python3.8/site-packages/airflow/example_dags/example_task_group_decorator.py
[2023-09-21T10:40:37.739+0000] {processor.py:829} INFO - Processing file /home/airflow/.local/lib/python3.8/site-packages/airflow/example_dags/example_task_group_decorator.py for tasks to queue
[2023-09-21T10:40:37.740+0000] {logging_mixin.py:151} INFO - [2023-09-21T10:40:37.740+0000] {dagbag.py:539} INFO - Filling up the DagBag from /home/airflow/.local/lib/python3.8/site-packages/airflow/example_dags/example_task_group_decorator.py
[2023-09-21T10:40:37.749+0000] {processor.py:839} INFO - DAG(s) dict_keys(['example_task_group_decorator']) retrieved from /home/airflow/.local/lib/python3.8/site-packages/airflow/example_dags/example_task_group_decorator.py
[2023-09-21T10:40:37.768+0000] {logging_mixin.py:151} INFO - [2023-09-21T10:40:37.768+0000] {dag.py:2915} INFO - Sync 1 DAGs
[2023-09-21T10:40:37.782+0000] {logging_mixin.py:151} INFO - [2023-09-21T10:40:37.781+0000] {dag.py:3696} INFO - Setting next_dagrun for example_task_group_decorator to 2023-09-20T10:40:37.781615+00:00, run_after=2023-09-21T10:40:37.781615+00:00
[2023-09-21T10:40:37.793+0000] {processor.py:179} INFO - Processing /home/airflow/.local/lib/python3.8/site-packages/airflow/example_dags/example_task_group_decorator.py took 0.058 seconds
[2023-09-21T11:16:33.008+0000] {processor.py:157} INFO - Started process (PID=60) to work on /home/airflow/.local/lib/python3.8/site-packages/airflow/example_dags/example_task_group_decorator.py
[2023-09-21T11:16:33.013+0000] {processor.py:829} INFO - Processing file /home/airflow/.local/lib/python3.8/site-packages/airflow/example_dags/example_task_group_decorator.py for tasks to queue
[2023-09-21T11:16:33.017+0000] {logging_mixin.py:151} INFO - [2023-09-21T11:16:33.017+0000] {dagbag.py:539} INFO - Filling up the DagBag from /home/airflow/.local/lib/python3.8/site-packages/airflow/example_dags/example_task_group_decorator.py
[2023-09-21T11:16:33.046+0000] {processor.py:839} INFO - DAG(s) dict_keys(['example_task_group_decorator']) retrieved from /home/airflow/.local/lib/python3.8/site-packages/airflow/example_dags/example_task_group_decorator.py
[2023-09-21T11:16:33.060+0000] {logging_mixin.py:151} INFO - [2023-09-21T11:16:33.060+0000] {dag.py:2915} INFO - Sync 1 DAGs
[2023-09-21T11:16:33.082+0000] {logging_mixin.py:151} INFO - [2023-09-21T11:16:33.082+0000] {dag.py:3696} INFO - Setting next_dagrun for example_task_group_decorator to 2023-09-20T11:16:33.082202+00:00, run_after=2023-09-21T11:16:33.082202+00:00
[2023-09-21T11:16:33.101+0000] {processor.py:179} INFO - Processing /home/airflow/.local/lib/python3.8/site-packages/airflow/example_dags/example_task_group_decorator.py took 0.096 seconds
[2023-09-21T11:17:03.511+0000] {processor.py:157} INFO - Started process (PID=113) to work on /home/airflow/.local/lib/python3.8/site-packages/airflow/example_dags/example_task_group_decorator.py
[2023-09-21T11:17:03.513+0000] {processor.py:829} INFO - Processing file /home/airflow/.local/lib/python3.8/site-packages/airflow/example_dags/example_task_group_decorator.py for tasks to queue
[2023-09-21T11:17:03.515+0000] {logging_mixin.py:151} INFO - [2023-09-21T11:17:03.514+0000] {dagbag.py:539} INFO - Filling up the DagBag from /home/airflow/.local/lib/python3.8/site-packages/airflow/example_dags/example_task_group_decorator.py
[2023-09-21T11:17:03.524+0000] {processor.py:839} INFO - DAG(s) dict_keys(['example_task_group_decorator']) retrieved from /home/airflow/.local/lib/python3.8/site-packages/airflow/example_dags/example_task_group_decorator.py
[2023-09-21T11:17:03.544+0000] {logging_mixin.py:151} INFO - [2023-09-21T11:17:03.544+0000] {dag.py:2915} INFO - Sync 1 DAGs
[2023-09-21T11:17:03.558+0000] {logging_mixin.py:151} INFO - [2023-09-21T11:17:03.558+0000] {dag.py:3696} INFO - Setting next_dagrun for example_task_group_decorator to 2023-09-20T11:17:03.558385+00:00, run_after=2023-09-21T11:17:03.558385+00:00
[2023-09-21T11:17:03.570+0000] {processor.py:179} INFO - Processing /home/airflow/.local/lib/python3.8/site-packages/airflow/example_dags/example_task_group_decorator.py took 0.062 seconds
[2023-09-21T11:17:33.607+0000] {processor.py:157} INFO - Started process (PID=166) to work on /home/airflow/.local/lib/python3.8/site-packages/airflow/example_dags/example_task_group_decorator.py
[2023-09-21T11:17:33.608+0000] {processor.py:829} INFO - Processing file /home/airflow/.local/lib/python3.8/site-packages/airflow/example_dags/example_task_group_decorator.py for tasks to queue
[2023-09-21T11:17:33.610+0000] {logging_mixin.py:151} INFO - [2023-09-21T11:17:33.610+0000] {dagbag.py:539} INFO - Filling up the DagBag from /home/airflow/.local/lib/python3.8/site-packages/airflow/example_dags/example_task_group_decorator.py
[2023-09-21T11:17:33.620+0000] {processor.py:839} INFO - DAG(s) dict_keys(['example_task_group_decorator']) retrieved from /home/airflow/.local/lib/python3.8/site-packages/airflow/example_dags/example_task_group_decorator.py
[2023-09-21T11:17:33.642+0000] {logging_mixin.py:151} INFO - [2023-09-21T11:17:33.642+0000] {dag.py:2915} INFO - Sync 1 DAGs
[2023-09-21T11:17:33.657+0000] {logging_mixin.py:151} INFO - [2023-09-21T11:17:33.657+0000] {dag.py:3696} INFO - Setting next_dagrun for example_task_group_decorator to 2023-09-20T11:17:33.656948+00:00, run_after=2023-09-21T11:17:33.656948+00:00
[2023-09-21T11:17:33.670+0000] {processor.py:179} INFO - Processing /home/airflow/.local/lib/python3.8/site-packages/airflow/example_dags/example_task_group_decorator.py took 0.067 seconds
[2023-09-21T11:18:03.903+0000] {processor.py:157} INFO - Started process (PID=220) to work on /home/airflow/.local/lib/python3.8/site-packages/airflow/example_dags/example_task_group_decorator.py
[2023-09-21T11:18:03.904+0000] {processor.py:829} INFO - Processing file /home/airflow/.local/lib/python3.8/site-packages/airflow/example_dags/example_task_group_decorator.py for tasks to queue
[2023-09-21T11:18:03.906+0000] {logging_mixin.py:151} INFO - [2023-09-21T11:18:03.906+0000] {dagbag.py:539} INFO - Filling up the DagBag from /home/airflow/.local/lib/python3.8/site-packages/airflow/example_dags/example_task_group_decorator.py
[2023-09-21T11:18:03.915+0000] {processor.py:839} INFO - DAG(s) dict_keys(['example_task_group_decorator']) retrieved from /home/airflow/.local/lib/python3.8/site-packages/airflow/example_dags/example_task_group_decorator.py
[2023-09-21T11:18:03.934+0000] {logging_mixin.py:151} INFO - [2023-09-21T11:18:03.934+0000] {dag.py:2915} INFO - Sync 1 DAGs
[2023-09-21T11:18:03.949+0000] {logging_mixin.py:151} INFO - [2023-09-21T11:18:03.949+0000] {dag.py:3696} INFO - Setting next_dagrun for example_task_group_decorator to 2023-09-20T11:18:03.949092+00:00, run_after=2023-09-21T11:18:03.949092+00:00
[2023-09-21T11:18:03.961+0000] {processor.py:179} INFO - Processing /home/airflow/.local/lib/python3.8/site-packages/airflow/example_dags/example_task_group_decorator.py took 0.061 seconds
[2023-09-21T18:29:39.140+0700] {processor.py:157} INFO - Started process (PID=60) to work on /home/airflow/.local/lib/python3.8/site-packages/airflow/example_dags/example_task_group_decorator.py
[2023-09-21T18:29:39.149+0700] {processor.py:829} INFO - Processing file /home/airflow/.local/lib/python3.8/site-packages/airflow/example_dags/example_task_group_decorator.py for tasks to queue
[2023-09-21T18:29:39.151+0700] {logging_mixin.py:151} INFO - [2023-09-21T18:29:39.151+0700] {dagbag.py:539} INFO - Filling up the DagBag from /home/airflow/.local/lib/python3.8/site-packages/airflow/example_dags/example_task_group_decorator.py
[2023-09-21T18:29:39.170+0700] {processor.py:839} INFO - DAG(s) dict_keys(['example_task_group_decorator']) retrieved from /home/airflow/.local/lib/python3.8/site-packages/airflow/example_dags/example_task_group_decorator.py
[2023-09-21T18:29:39.194+0700] {logging_mixin.py:151} INFO - [2023-09-21T18:29:39.194+0700] {dag.py:2915} INFO - Sync 1 DAGs
[2023-09-21T18:29:39.217+0700] {logging_mixin.py:151} INFO - [2023-09-21T18:29:39.217+0700] {dag.py:3696} INFO - Setting next_dagrun for example_task_group_decorator to 2023-09-20T11:29:39.216976+00:00, run_after=2023-09-21T11:29:39.216976+00:00
[2023-09-21T18:29:39.229+0700] {processor.py:179} INFO - Processing /home/airflow/.local/lib/python3.8/site-packages/airflow/example_dags/example_task_group_decorator.py took 0.092 seconds
[2023-09-21T18:30:09.468+0700] {processor.py:157} INFO - Started process (PID=114) to work on /home/airflow/.local/lib/python3.8/site-packages/airflow/example_dags/example_task_group_decorator.py
[2023-09-21T18:30:09.469+0700] {processor.py:829} INFO - Processing file /home/airflow/.local/lib/python3.8/site-packages/airflow/example_dags/example_task_group_decorator.py for tasks to queue
[2023-09-21T18:30:09.472+0700] {logging_mixin.py:151} INFO - [2023-09-21T18:30:09.471+0700] {dagbag.py:539} INFO - Filling up the DagBag from /home/airflow/.local/lib/python3.8/site-packages/airflow/example_dags/example_task_group_decorator.py
[2023-09-21T18:30:09.481+0700] {processor.py:839} INFO - DAG(s) dict_keys(['example_task_group_decorator']) retrieved from /home/airflow/.local/lib/python3.8/site-packages/airflow/example_dags/example_task_group_decorator.py
[2023-09-21T18:30:09.501+0700] {logging_mixin.py:151} INFO - [2023-09-21T18:30:09.501+0700] {dag.py:2915} INFO - Sync 1 DAGs
[2023-09-21T18:30:09.517+0700] {logging_mixin.py:151} INFO - [2023-09-21T18:30:09.516+0700] {dag.py:3696} INFO - Setting next_dagrun for example_task_group_decorator to 2023-09-20T11:30:09.516701+00:00, run_after=2023-09-21T11:30:09.516701+00:00
[2023-09-21T18:30:09.531+0700] {processor.py:179} INFO - Processing /home/airflow/.local/lib/python3.8/site-packages/airflow/example_dags/example_task_group_decorator.py took 0.066 seconds
[2023-09-21T18:32:32.386+0700] {processor.py:157} INFO - Started process (PID=61) to work on /home/airflow/.local/lib/python3.8/site-packages/airflow/example_dags/example_task_group_decorator.py
[2023-09-21T18:32:32.391+0700] {processor.py:829} INFO - Processing file /home/airflow/.local/lib/python3.8/site-packages/airflow/example_dags/example_task_group_decorator.py for tasks to queue
[2023-09-21T18:32:32.393+0700] {logging_mixin.py:151} INFO - [2023-09-21T18:32:32.393+0700] {dagbag.py:539} INFO - Filling up the DagBag from /home/airflow/.local/lib/python3.8/site-packages/airflow/example_dags/example_task_group_decorator.py
[2023-09-21T18:32:32.403+0700] {processor.py:839} INFO - DAG(s) dict_keys(['example_task_group_decorator']) retrieved from /home/airflow/.local/lib/python3.8/site-packages/airflow/example_dags/example_task_group_decorator.py
[2023-09-21T18:32:32.417+0700] {logging_mixin.py:151} INFO - [2023-09-21T18:32:32.417+0700] {dag.py:2915} INFO - Sync 1 DAGs
[2023-09-21T18:32:32.439+0700] {logging_mixin.py:151} INFO - [2023-09-21T18:32:32.438+0700] {dag.py:3696} INFO - Setting next_dagrun for example_task_group_decorator to 2023-09-20T11:32:32.438713+00:00, run_after=2023-09-21T11:32:32.438713+00:00
[2023-09-21T18:32:32.451+0700] {processor.py:179} INFO - Processing /home/airflow/.local/lib/python3.8/site-packages/airflow/example_dags/example_task_group_decorator.py took 0.068 seconds
