[2023-09-21T10:40:06.111+0000] {processor.py:157} INFO - Started process (PID=43) to work on /home/airflow/.local/lib/python3.8/site-packages/airflow/example_dags/example_task_group.py
[2023-09-21T10:40:06.113+0000] {processor.py:829} INFO - Processing file /home/airflow/.local/lib/python3.8/site-packages/airflow/example_dags/example_task_group.py for tasks to queue
[2023-09-21T10:40:06.116+0000] {logging_mixin.py:151} INFO - [2023-09-21T10:40:06.115+0000] {dagbag.py:539} INFO - Filling up the DagBag from /home/airflow/.local/lib/python3.8/site-packages/airflow/example_dags/example_task_group.py
[2023-09-21T10:40:06.123+0000] {processor.py:839} INFO - DAG(s) dict_keys(['example_task_group']) retrieved from /home/airflow/.local/lib/python3.8/site-packages/airflow/example_dags/example_task_group.py
[2023-09-21T10:40:06.143+0000] {logging_mixin.py:151} INFO - [2023-09-21T10:40:06.143+0000] {dag.py:2915} INFO - Sync 1 DAGs
[2023-09-21T10:40:06.167+0000] {logging_mixin.py:151} INFO - [2023-09-21T10:40:06.167+0000] {dag.py:3696} INFO - Setting next_dagrun for example_task_group to 2023-09-20T10:40:06.166863+00:00, run_after=2023-09-21T10:40:06.166863+00:00
[2023-09-21T10:40:06.195+0000] {processor.py:179} INFO - Processing /home/airflow/.local/lib/python3.8/site-packages/airflow/example_dags/example_task_group.py took 0.087 seconds
[2023-09-21T10:40:36.797+0000] {processor.py:157} INFO - Started process (PID=97) to work on /home/airflow/.local/lib/python3.8/site-packages/airflow/example_dags/example_task_group.py
[2023-09-21T10:40:36.798+0000] {processor.py:829} INFO - Processing file /home/airflow/.local/lib/python3.8/site-packages/airflow/example_dags/example_task_group.py for tasks to queue
[2023-09-21T10:40:36.800+0000] {logging_mixin.py:151} INFO - [2023-09-21T10:40:36.800+0000] {dagbag.py:539} INFO - Filling up the DagBag from /home/airflow/.local/lib/python3.8/site-packages/airflow/example_dags/example_task_group.py
[2023-09-21T10:40:36.806+0000] {processor.py:839} INFO - DAG(s) dict_keys(['example_task_group']) retrieved from /home/airflow/.local/lib/python3.8/site-packages/airflow/example_dags/example_task_group.py
[2023-09-21T10:40:36.824+0000] {logging_mixin.py:151} INFO - [2023-09-21T10:40:36.824+0000] {dag.py:2915} INFO - Sync 1 DAGs
[2023-09-21T10:40:36.838+0000] {logging_mixin.py:151} INFO - [2023-09-21T10:40:36.838+0000] {dag.py:3696} INFO - Setting next_dagrun for example_task_group to 2023-09-20T10:40:36.838115+00:00, run_after=2023-09-21T10:40:36.838115+00:00
[2023-09-21T10:40:36.850+0000] {processor.py:179} INFO - Processing /home/airflow/.local/lib/python3.8/site-packages/airflow/example_dags/example_task_group.py took 0.056 seconds
[2023-09-21T11:16:31.868+0000] {processor.py:157} INFO - Started process (PID=43) to work on /home/airflow/.local/lib/python3.8/site-packages/airflow/example_dags/example_task_group.py
[2023-09-21T11:16:31.869+0000] {processor.py:829} INFO - Processing file /home/airflow/.local/lib/python3.8/site-packages/airflow/example_dags/example_task_group.py for tasks to queue
[2023-09-21T11:16:31.871+0000] {logging_mixin.py:151} INFO - [2023-09-21T11:16:31.871+0000] {dagbag.py:539} INFO - Filling up the DagBag from /home/airflow/.local/lib/python3.8/site-packages/airflow/example_dags/example_task_group.py
[2023-09-21T11:16:31.877+0000] {processor.py:839} INFO - DAG(s) dict_keys(['example_task_group']) retrieved from /home/airflow/.local/lib/python3.8/site-packages/airflow/example_dags/example_task_group.py
[2023-09-21T11:16:31.890+0000] {logging_mixin.py:151} INFO - [2023-09-21T11:16:31.890+0000] {dag.py:2915} INFO - Sync 1 DAGs
[2023-09-21T11:16:31.908+0000] {logging_mixin.py:151} INFO - [2023-09-21T11:16:31.908+0000] {dag.py:3696} INFO - Setting next_dagrun for example_task_group to 2023-09-20T11:16:31.908152+00:00, run_after=2023-09-21T11:16:31.908152+00:00
[2023-09-21T11:16:31.923+0000] {processor.py:179} INFO - Processing /home/airflow/.local/lib/python3.8/site-packages/airflow/example_dags/example_task_group.py took 0.057 seconds
[2023-09-21T11:17:02.737+0000] {processor.py:157} INFO - Started process (PID=96) to work on /home/airflow/.local/lib/python3.8/site-packages/airflow/example_dags/example_task_group.py
[2023-09-21T11:17:02.739+0000] {processor.py:829} INFO - Processing file /home/airflow/.local/lib/python3.8/site-packages/airflow/example_dags/example_task_group.py for tasks to queue
[2023-09-21T11:17:02.741+0000] {logging_mixin.py:151} INFO - [2023-09-21T11:17:02.740+0000] {dagbag.py:539} INFO - Filling up the DagBag from /home/airflow/.local/lib/python3.8/site-packages/airflow/example_dags/example_task_group.py
[2023-09-21T11:17:02.746+0000] {processor.py:839} INFO - DAG(s) dict_keys(['example_task_group']) retrieved from /home/airflow/.local/lib/python3.8/site-packages/airflow/example_dags/example_task_group.py
[2023-09-21T11:17:02.764+0000] {logging_mixin.py:151} INFO - [2023-09-21T11:17:02.764+0000] {dag.py:2915} INFO - Sync 1 DAGs
[2023-09-21T11:17:02.778+0000] {logging_mixin.py:151} INFO - [2023-09-21T11:17:02.778+0000] {dag.py:3696} INFO - Setting next_dagrun for example_task_group to 2023-09-20T11:17:02.778181+00:00, run_after=2023-09-21T11:17:02.778181+00:00
[2023-09-21T11:17:02.790+0000] {processor.py:179} INFO - Processing /home/airflow/.local/lib/python3.8/site-packages/airflow/example_dags/example_task_group.py took 0.055 seconds
[2023-09-21T11:17:32.940+0000] {processor.py:157} INFO - Started process (PID=150) to work on /home/airflow/.local/lib/python3.8/site-packages/airflow/example_dags/example_task_group.py
[2023-09-21T11:17:32.941+0000] {processor.py:829} INFO - Processing file /home/airflow/.local/lib/python3.8/site-packages/airflow/example_dags/example_task_group.py for tasks to queue
[2023-09-21T11:17:32.943+0000] {logging_mixin.py:151} INFO - [2023-09-21T11:17:32.943+0000] {dagbag.py:539} INFO - Filling up the DagBag from /home/airflow/.local/lib/python3.8/site-packages/airflow/example_dags/example_task_group.py
[2023-09-21T11:17:32.949+0000] {processor.py:839} INFO - DAG(s) dict_keys(['example_task_group']) retrieved from /home/airflow/.local/lib/python3.8/site-packages/airflow/example_dags/example_task_group.py
[2023-09-21T11:17:32.967+0000] {logging_mixin.py:151} INFO - [2023-09-21T11:17:32.967+0000] {dag.py:2915} INFO - Sync 1 DAGs
[2023-09-21T11:17:32.982+0000] {logging_mixin.py:151} INFO - [2023-09-21T11:17:32.982+0000] {dag.py:3696} INFO - Setting next_dagrun for example_task_group to 2023-09-20T11:17:32.982248+00:00, run_after=2023-09-21T11:17:32.982248+00:00
[2023-09-21T11:17:32.996+0000] {processor.py:179} INFO - Processing /home/airflow/.local/lib/python3.8/site-packages/airflow/example_dags/example_task_group.py took 0.058 seconds
[2023-09-21T11:18:03.256+0000] {processor.py:157} INFO - Started process (PID=204) to work on /home/airflow/.local/lib/python3.8/site-packages/airflow/example_dags/example_task_group.py
[2023-09-21T11:18:03.257+0000] {processor.py:829} INFO - Processing file /home/airflow/.local/lib/python3.8/site-packages/airflow/example_dags/example_task_group.py for tasks to queue
[2023-09-21T11:18:03.258+0000] {logging_mixin.py:151} INFO - [2023-09-21T11:18:03.258+0000] {dagbag.py:539} INFO - Filling up the DagBag from /home/airflow/.local/lib/python3.8/site-packages/airflow/example_dags/example_task_group.py
[2023-09-21T11:18:03.264+0000] {processor.py:839} INFO - DAG(s) dict_keys(['example_task_group']) retrieved from /home/airflow/.local/lib/python3.8/site-packages/airflow/example_dags/example_task_group.py
[2023-09-21T11:18:03.280+0000] {logging_mixin.py:151} INFO - [2023-09-21T11:18:03.280+0000] {dag.py:2915} INFO - Sync 1 DAGs
[2023-09-21T11:18:03.293+0000] {logging_mixin.py:151} INFO - [2023-09-21T11:18:03.293+0000] {dag.py:3696} INFO - Setting next_dagrun for example_task_group to 2023-09-20T11:18:03.293170+00:00, run_after=2023-09-21T11:18:03.293170+00:00
[2023-09-21T11:18:03.306+0000] {processor.py:179} INFO - Processing /home/airflow/.local/lib/python3.8/site-packages/airflow/example_dags/example_task_group.py took 0.052 seconds
[2023-09-21T18:29:38.100+0700] {processor.py:157} INFO - Started process (PID=43) to work on /home/airflow/.local/lib/python3.8/site-packages/airflow/example_dags/example_task_group.py
[2023-09-21T18:29:38.102+0700] {processor.py:829} INFO - Processing file /home/airflow/.local/lib/python3.8/site-packages/airflow/example_dags/example_task_group.py for tasks to queue
[2023-09-21T18:29:38.104+0700] {logging_mixin.py:151} INFO - [2023-09-21T18:29:38.104+0700] {dagbag.py:539} INFO - Filling up the DagBag from /home/airflow/.local/lib/python3.8/site-packages/airflow/example_dags/example_task_group.py
[2023-09-21T18:29:38.110+0700] {processor.py:839} INFO - DAG(s) dict_keys(['example_task_group']) retrieved from /home/airflow/.local/lib/python3.8/site-packages/airflow/example_dags/example_task_group.py
[2023-09-21T18:29:38.122+0700] {logging_mixin.py:151} INFO - [2023-09-21T18:29:38.122+0700] {dag.py:2915} INFO - Sync 1 DAGs
[2023-09-21T18:29:38.138+0700] {logging_mixin.py:151} INFO - [2023-09-21T18:29:38.138+0700] {dag.py:3696} INFO - Setting next_dagrun for example_task_group to 2023-09-20T11:29:38.137853+00:00, run_after=2023-09-21T11:29:38.137853+00:00
[2023-09-21T18:29:38.150+0700] {processor.py:179} INFO - Processing /home/airflow/.local/lib/python3.8/site-packages/airflow/example_dags/example_task_group.py took 0.053 seconds
[2023-09-21T18:30:08.417+0700] {processor.py:157} INFO - Started process (PID=97) to work on /home/airflow/.local/lib/python3.8/site-packages/airflow/example_dags/example_task_group.py
[2023-09-21T18:30:08.418+0700] {processor.py:829} INFO - Processing file /home/airflow/.local/lib/python3.8/site-packages/airflow/example_dags/example_task_group.py for tasks to queue
[2023-09-21T18:30:08.421+0700] {logging_mixin.py:151} INFO - [2023-09-21T18:30:08.420+0700] {dagbag.py:539} INFO - Filling up the DagBag from /home/airflow/.local/lib/python3.8/site-packages/airflow/example_dags/example_task_group.py
[2023-09-21T18:30:08.426+0700] {processor.py:839} INFO - DAG(s) dict_keys(['example_task_group']) retrieved from /home/airflow/.local/lib/python3.8/site-packages/airflow/example_dags/example_task_group.py
[2023-09-21T18:30:08.445+0700] {logging_mixin.py:151} INFO - [2023-09-21T18:30:08.445+0700] {dag.py:2915} INFO - Sync 1 DAGs
[2023-09-21T18:30:08.462+0700] {logging_mixin.py:151} INFO - [2023-09-21T18:30:08.461+0700] {dag.py:3696} INFO - Setting next_dagrun for example_task_group to 2023-09-20T11:30:08.461514+00:00, run_after=2023-09-21T11:30:08.461514+00:00
[2023-09-21T18:30:08.475+0700] {processor.py:179} INFO - Processing /home/airflow/.local/lib/python3.8/site-packages/airflow/example_dags/example_task_group.py took 0.061 seconds
[2023-09-21T18:32:31.323+0700] {processor.py:157} INFO - Started process (PID=44) to work on /home/airflow/.local/lib/python3.8/site-packages/airflow/example_dags/example_task_group.py
[2023-09-21T18:32:31.324+0700] {processor.py:829} INFO - Processing file /home/airflow/.local/lib/python3.8/site-packages/airflow/example_dags/example_task_group.py for tasks to queue
[2023-09-21T18:32:31.326+0700] {logging_mixin.py:151} INFO - [2023-09-21T18:32:31.326+0700] {dagbag.py:539} INFO - Filling up the DagBag from /home/airflow/.local/lib/python3.8/site-packages/airflow/example_dags/example_task_group.py
[2023-09-21T18:32:31.333+0700] {processor.py:839} INFO - DAG(s) dict_keys(['example_task_group']) retrieved from /home/airflow/.local/lib/python3.8/site-packages/airflow/example_dags/example_task_group.py
[2023-09-21T18:32:31.347+0700] {logging_mixin.py:151} INFO - [2023-09-21T18:32:31.347+0700] {dag.py:2915} INFO - Sync 1 DAGs
[2023-09-21T18:32:31.366+0700] {logging_mixin.py:151} INFO - [2023-09-21T18:32:31.366+0700] {dag.py:3696} INFO - Setting next_dagrun for example_task_group to 2023-09-20T11:32:31.366272+00:00, run_after=2023-09-21T11:32:31.366272+00:00
[2023-09-21T18:32:31.379+0700] {processor.py:179} INFO - Processing /home/airflow/.local/lib/python3.8/site-packages/airflow/example_dags/example_task_group.py took 0.059 seconds
