[2023-09-21T10:40:05.265+0000] {processor.py:157} INFO - Started process (PID=33) to work on /home/airflow/.local/lib/python3.8/site-packages/airflow/example_dags/example_external_task_marker_dag.py
[2023-09-21T10:40:05.267+0000] {processor.py:829} INFO - Processing file /home/airflow/.local/lib/python3.8/site-packages/airflow/example_dags/example_external_task_marker_dag.py for tasks to queue
[2023-09-21T10:40:05.285+0000] {logging_mixin.py:151} INFO - [2023-09-21T10:40:05.284+0000] {dagbag.py:539} INFO - Filling up the DagBag from /home/airflow/.local/lib/python3.8/site-packages/airflow/example_dags/example_external_task_marker_dag.py
[2023-09-21T10:40:05.293+0000] {processor.py:839} INFO - DAG(s) dict_keys(['example_external_task_marker_child', 'example_external_task_marker_parent']) retrieved from /home/airflow/.local/lib/python3.8/site-packages/airflow/example_dags/example_external_task_marker_dag.py
[2023-09-21T10:40:05.313+0000] {logging_mixin.py:151} INFO - [2023-09-21T10:40:05.313+0000] {dag.py:2915} INFO - Sync 2 DAGs
[2023-09-21T10:40:05.324+0000] {logging_mixin.py:151} INFO - [2023-09-21T10:40:05.324+0000] {dag.py:3696} INFO - Setting next_dagrun for example_external_task_marker_child to None, run_after=None
[2023-09-21T10:40:05.329+0000] {logging_mixin.py:151} INFO - [2023-09-21T10:40:05.329+0000] {dag.py:3696} INFO - Setting next_dagrun for example_external_task_marker_parent to None, run_after=None
[2023-09-21T10:40:05.341+0000] {processor.py:179} INFO - Processing /home/airflow/.local/lib/python3.8/site-packages/airflow/example_dags/example_external_task_marker_dag.py took 0.079 seconds
[2023-09-21T10:40:35.386+0000] {processor.py:157} INFO - Started process (PID=87) to work on /home/airflow/.local/lib/python3.8/site-packages/airflow/example_dags/example_external_task_marker_dag.py
[2023-09-21T10:40:35.387+0000] {processor.py:829} INFO - Processing file /home/airflow/.local/lib/python3.8/site-packages/airflow/example_dags/example_external_task_marker_dag.py for tasks to queue
[2023-09-21T10:40:35.390+0000] {logging_mixin.py:151} INFO - [2023-09-21T10:40:35.389+0000] {dagbag.py:539} INFO - Filling up the DagBag from /home/airflow/.local/lib/python3.8/site-packages/airflow/example_dags/example_external_task_marker_dag.py
[2023-09-21T10:40:35.395+0000] {processor.py:839} INFO - DAG(s) dict_keys(['example_external_task_marker_child', 'example_external_task_marker_parent']) retrieved from /home/airflow/.local/lib/python3.8/site-packages/airflow/example_dags/example_external_task_marker_dag.py
[2023-09-21T10:40:35.416+0000] {logging_mixin.py:151} INFO - [2023-09-21T10:40:35.416+0000] {dag.py:2915} INFO - Sync 2 DAGs
[2023-09-21T10:40:35.425+0000] {logging_mixin.py:151} INFO - [2023-09-21T10:40:35.425+0000] {dag.py:3696} INFO - Setting next_dagrun for example_external_task_marker_child to None, run_after=None
[2023-09-21T10:40:35.427+0000] {logging_mixin.py:151} INFO - [2023-09-21T10:40:35.427+0000] {dag.py:3696} INFO - Setting next_dagrun for example_external_task_marker_parent to None, run_after=None
[2023-09-21T10:40:35.437+0000] {processor.py:179} INFO - Processing /home/airflow/.local/lib/python3.8/site-packages/airflow/example_dags/example_external_task_marker_dag.py took 0.053 seconds
[2023-09-21T11:16:31.109+0000] {processor.py:157} INFO - Started process (PID=33) to work on /home/airflow/.local/lib/python3.8/site-packages/airflow/example_dags/example_external_task_marker_dag.py
[2023-09-21T11:16:31.110+0000] {processor.py:829} INFO - Processing file /home/airflow/.local/lib/python3.8/site-packages/airflow/example_dags/example_external_task_marker_dag.py for tasks to queue
[2023-09-21T11:16:31.113+0000] {logging_mixin.py:151} INFO - [2023-09-21T11:16:31.112+0000] {dagbag.py:539} INFO - Filling up the DagBag from /home/airflow/.local/lib/python3.8/site-packages/airflow/example_dags/example_external_task_marker_dag.py
[2023-09-21T11:16:31.120+0000] {processor.py:839} INFO - DAG(s) dict_keys(['example_external_task_marker_parent', 'example_external_task_marker_child']) retrieved from /home/airflow/.local/lib/python3.8/site-packages/airflow/example_dags/example_external_task_marker_dag.py
[2023-09-21T11:16:31.135+0000] {logging_mixin.py:151} INFO - [2023-09-21T11:16:31.135+0000] {dag.py:2915} INFO - Sync 2 DAGs
[2023-09-21T11:16:31.148+0000] {logging_mixin.py:151} INFO - [2023-09-21T11:16:31.147+0000] {dag.py:3696} INFO - Setting next_dagrun for example_external_task_marker_child to None, run_after=None
[2023-09-21T11:16:31.151+0000] {logging_mixin.py:151} INFO - [2023-09-21T11:16:31.151+0000] {dag.py:3696} INFO - Setting next_dagrun for example_external_task_marker_parent to None, run_after=None
[2023-09-21T11:16:31.167+0000] {processor.py:179} INFO - Processing /home/airflow/.local/lib/python3.8/site-packages/airflow/example_dags/example_external_task_marker_dag.py took 0.061 seconds
[2023-09-21T11:17:01.196+0000] {processor.py:157} INFO - Started process (PID=86) to work on /home/airflow/.local/lib/python3.8/site-packages/airflow/example_dags/example_external_task_marker_dag.py
[2023-09-21T11:17:01.198+0000] {processor.py:829} INFO - Processing file /home/airflow/.local/lib/python3.8/site-packages/airflow/example_dags/example_external_task_marker_dag.py for tasks to queue
[2023-09-21T11:17:01.199+0000] {logging_mixin.py:151} INFO - [2023-09-21T11:17:01.199+0000] {dagbag.py:539} INFO - Filling up the DagBag from /home/airflow/.local/lib/python3.8/site-packages/airflow/example_dags/example_external_task_marker_dag.py
[2023-09-21T11:17:01.204+0000] {processor.py:839} INFO - DAG(s) dict_keys(['example_external_task_marker_parent', 'example_external_task_marker_child']) retrieved from /home/airflow/.local/lib/python3.8/site-packages/airflow/example_dags/example_external_task_marker_dag.py
[2023-09-21T11:17:01.222+0000] {logging_mixin.py:151} INFO - [2023-09-21T11:17:01.222+0000] {dag.py:2915} INFO - Sync 2 DAGs
[2023-09-21T11:17:01.231+0000] {logging_mixin.py:151} INFO - [2023-09-21T11:17:01.231+0000] {dag.py:3696} INFO - Setting next_dagrun for example_external_task_marker_child to None, run_after=None
[2023-09-21T11:17:01.233+0000] {logging_mixin.py:151} INFO - [2023-09-21T11:17:01.233+0000] {dag.py:3696} INFO - Setting next_dagrun for example_external_task_marker_parent to None, run_after=None
[2023-09-21T11:17:01.242+0000] {processor.py:179} INFO - Processing /home/airflow/.local/lib/python3.8/site-packages/airflow/example_dags/example_external_task_marker_dag.py took 0.048 seconds
[2023-09-21T11:17:31.513+0000] {processor.py:157} INFO - Started process (PID=140) to work on /home/airflow/.local/lib/python3.8/site-packages/airflow/example_dags/example_external_task_marker_dag.py
[2023-09-21T11:17:31.514+0000] {processor.py:829} INFO - Processing file /home/airflow/.local/lib/python3.8/site-packages/airflow/example_dags/example_external_task_marker_dag.py for tasks to queue
[2023-09-21T11:17:31.516+0000] {logging_mixin.py:151} INFO - [2023-09-21T11:17:31.515+0000] {dagbag.py:539} INFO - Filling up the DagBag from /home/airflow/.local/lib/python3.8/site-packages/airflow/example_dags/example_external_task_marker_dag.py
[2023-09-21T11:17:31.520+0000] {processor.py:839} INFO - DAG(s) dict_keys(['example_external_task_marker_parent', 'example_external_task_marker_child']) retrieved from /home/airflow/.local/lib/python3.8/site-packages/airflow/example_dags/example_external_task_marker_dag.py
[2023-09-21T11:17:31.538+0000] {logging_mixin.py:151} INFO - [2023-09-21T11:17:31.538+0000] {dag.py:2915} INFO - Sync 2 DAGs
[2023-09-21T11:17:31.547+0000] {logging_mixin.py:151} INFO - [2023-09-21T11:17:31.547+0000] {dag.py:3696} INFO - Setting next_dagrun for example_external_task_marker_child to None, run_after=None
[2023-09-21T11:17:31.550+0000] {logging_mixin.py:151} INFO - [2023-09-21T11:17:31.549+0000] {dag.py:3696} INFO - Setting next_dagrun for example_external_task_marker_parent to None, run_after=None
[2023-09-21T11:17:31.559+0000] {processor.py:179} INFO - Processing /home/airflow/.local/lib/python3.8/site-packages/airflow/example_dags/example_external_task_marker_dag.py took 0.049 seconds
[2023-09-21T11:18:01.794+0000] {processor.py:157} INFO - Started process (PID=194) to work on /home/airflow/.local/lib/python3.8/site-packages/airflow/example_dags/example_external_task_marker_dag.py
[2023-09-21T11:18:01.795+0000] {processor.py:829} INFO - Processing file /home/airflow/.local/lib/python3.8/site-packages/airflow/example_dags/example_external_task_marker_dag.py for tasks to queue
[2023-09-21T11:18:01.797+0000] {logging_mixin.py:151} INFO - [2023-09-21T11:18:01.797+0000] {dagbag.py:539} INFO - Filling up the DagBag from /home/airflow/.local/lib/python3.8/site-packages/airflow/example_dags/example_external_task_marker_dag.py
[2023-09-21T11:18:01.802+0000] {processor.py:839} INFO - DAG(s) dict_keys(['example_external_task_marker_child', 'example_external_task_marker_parent']) retrieved from /home/airflow/.local/lib/python3.8/site-packages/airflow/example_dags/example_external_task_marker_dag.py
[2023-09-21T11:18:01.820+0000] {logging_mixin.py:151} INFO - [2023-09-21T11:18:01.820+0000] {dag.py:2915} INFO - Sync 2 DAGs
[2023-09-21T11:18:01.829+0000] {logging_mixin.py:151} INFO - [2023-09-21T11:18:01.829+0000] {dag.py:3696} INFO - Setting next_dagrun for example_external_task_marker_child to None, run_after=None
[2023-09-21T11:18:01.832+0000] {logging_mixin.py:151} INFO - [2023-09-21T11:18:01.831+0000] {dag.py:3696} INFO - Setting next_dagrun for example_external_task_marker_parent to None, run_after=None
[2023-09-21T11:18:01.841+0000] {processor.py:179} INFO - Processing /home/airflow/.local/lib/python3.8/site-packages/airflow/example_dags/example_external_task_marker_dag.py took 0.050 seconds
[2023-09-21T11:18:32.072+0000] {processor.py:157} INFO - Started process (PID=248) to work on /home/airflow/.local/lib/python3.8/site-packages/airflow/example_dags/example_external_task_marker_dag.py
[2023-09-21T11:18:32.073+0000] {processor.py:829} INFO - Processing file /home/airflow/.local/lib/python3.8/site-packages/airflow/example_dags/example_external_task_marker_dag.py for tasks to queue
[2023-09-21T11:18:32.076+0000] {logging_mixin.py:151} INFO - [2023-09-21T11:18:32.075+0000] {dagbag.py:539} INFO - Filling up the DagBag from /home/airflow/.local/lib/python3.8/site-packages/airflow/example_dags/example_external_task_marker_dag.py
[2023-09-21T11:18:32.080+0000] {processor.py:839} INFO - DAG(s) dict_keys(['example_external_task_marker_child', 'example_external_task_marker_parent']) retrieved from /home/airflow/.local/lib/python3.8/site-packages/airflow/example_dags/example_external_task_marker_dag.py
[2023-09-21T11:18:32.100+0000] {logging_mixin.py:151} INFO - [2023-09-21T11:18:32.099+0000] {dag.py:2915} INFO - Sync 2 DAGs
[2023-09-21T11:18:32.108+0000] {logging_mixin.py:151} INFO - [2023-09-21T11:18:32.108+0000] {dag.py:3696} INFO - Setting next_dagrun for example_external_task_marker_child to None, run_after=None
[2023-09-21T11:18:32.111+0000] {logging_mixin.py:151} INFO - [2023-09-21T11:18:32.111+0000] {dag.py:3696} INFO - Setting next_dagrun for example_external_task_marker_parent to None, run_after=None
[2023-09-21T11:18:32.121+0000] {processor.py:179} INFO - Processing /home/airflow/.local/lib/python3.8/site-packages/airflow/example_dags/example_external_task_marker_dag.py took 0.052 seconds
[2023-09-21T18:29:37.305+0700] {processor.py:157} INFO - Started process (PID=33) to work on /home/airflow/.local/lib/python3.8/site-packages/airflow/example_dags/example_external_task_marker_dag.py
[2023-09-21T18:29:37.306+0700] {processor.py:829} INFO - Processing file /home/airflow/.local/lib/python3.8/site-packages/airflow/example_dags/example_external_task_marker_dag.py for tasks to queue
[2023-09-21T18:29:37.308+0700] {logging_mixin.py:151} INFO - [2023-09-21T18:29:37.307+0700] {dagbag.py:539} INFO - Filling up the DagBag from /home/airflow/.local/lib/python3.8/site-packages/airflow/example_dags/example_external_task_marker_dag.py
[2023-09-21T18:29:37.315+0700] {processor.py:839} INFO - DAG(s) dict_keys(['example_external_task_marker_child', 'example_external_task_marker_parent']) retrieved from /home/airflow/.local/lib/python3.8/site-packages/airflow/example_dags/example_external_task_marker_dag.py
[2023-09-21T18:29:37.336+0700] {logging_mixin.py:151} INFO - [2023-09-21T18:29:37.336+0700] {dag.py:2915} INFO - Sync 2 DAGs
[2023-09-21T18:29:37.349+0700] {logging_mixin.py:151} INFO - [2023-09-21T18:29:37.349+0700] {dag.py:3696} INFO - Setting next_dagrun for example_external_task_marker_child to None, run_after=None
[2023-09-21T18:29:37.353+0700] {logging_mixin.py:151} INFO - [2023-09-21T18:29:37.352+0700] {dag.py:3696} INFO - Setting next_dagrun for example_external_task_marker_parent to None, run_after=None
[2023-09-21T18:29:37.363+0700] {processor.py:179} INFO - Processing /home/airflow/.local/lib/python3.8/site-packages/airflow/example_dags/example_external_task_marker_dag.py took 0.061 seconds
[2023-09-21T18:30:08.000+0700] {processor.py:157} INFO - Started process (PID=87) to work on /home/airflow/.local/lib/python3.8/site-packages/airflow/example_dags/example_external_task_marker_dag.py
[2023-09-21T18:30:08.002+0700] {processor.py:829} INFO - Processing file /home/airflow/.local/lib/python3.8/site-packages/airflow/example_dags/example_external_task_marker_dag.py for tasks to queue
[2023-09-21T18:30:08.004+0700] {logging_mixin.py:151} INFO - [2023-09-21T18:30:08.004+0700] {dagbag.py:539} INFO - Filling up the DagBag from /home/airflow/.local/lib/python3.8/site-packages/airflow/example_dags/example_external_task_marker_dag.py
[2023-09-21T18:30:08.010+0700] {processor.py:839} INFO - DAG(s) dict_keys(['example_external_task_marker_parent', 'example_external_task_marker_child']) retrieved from /home/airflow/.local/lib/python3.8/site-packages/airflow/example_dags/example_external_task_marker_dag.py
[2023-09-21T18:30:08.032+0700] {logging_mixin.py:151} INFO - [2023-09-21T18:30:08.032+0700] {dag.py:2915} INFO - Sync 2 DAGs
[2023-09-21T18:30:08.040+0700] {logging_mixin.py:151} INFO - [2023-09-21T18:30:08.040+0700] {dag.py:3696} INFO - Setting next_dagrun for example_external_task_marker_child to None, run_after=None
[2023-09-21T18:30:08.044+0700] {logging_mixin.py:151} INFO - [2023-09-21T18:30:08.044+0700] {dag.py:3696} INFO - Setting next_dagrun for example_external_task_marker_parent to None, run_after=None
[2023-09-21T18:30:08.055+0700] {processor.py:179} INFO - Processing /home/airflow/.local/lib/python3.8/site-packages/airflow/example_dags/example_external_task_marker_dag.py took 0.057 seconds
[2023-09-21T18:32:30.576+0700] {processor.py:157} INFO - Started process (PID=34) to work on /home/airflow/.local/lib/python3.8/site-packages/airflow/example_dags/example_external_task_marker_dag.py
[2023-09-21T18:32:30.577+0700] {processor.py:829} INFO - Processing file /home/airflow/.local/lib/python3.8/site-packages/airflow/example_dags/example_external_task_marker_dag.py for tasks to queue
[2023-09-21T18:32:30.580+0700] {logging_mixin.py:151} INFO - [2023-09-21T18:32:30.579+0700] {dagbag.py:539} INFO - Filling up the DagBag from /home/airflow/.local/lib/python3.8/site-packages/airflow/example_dags/example_external_task_marker_dag.py
[2023-09-21T18:32:30.598+0700] {processor.py:839} INFO - DAG(s) dict_keys(['example_external_task_marker_child', 'example_external_task_marker_parent']) retrieved from /home/airflow/.local/lib/python3.8/site-packages/airflow/example_dags/example_external_task_marker_dag.py
[2023-09-21T18:32:30.613+0700] {logging_mixin.py:151} INFO - [2023-09-21T18:32:30.612+0700] {dag.py:2915} INFO - Sync 2 DAGs
[2023-09-21T18:32:30.622+0700] {logging_mixin.py:151} INFO - [2023-09-21T18:32:30.622+0700] {dag.py:3696} INFO - Setting next_dagrun for example_external_task_marker_child to None, run_after=None
[2023-09-21T18:32:30.625+0700] {logging_mixin.py:151} INFO - [2023-09-21T18:32:30.625+0700] {dag.py:3696} INFO - Setting next_dagrun for example_external_task_marker_parent to None, run_after=None
[2023-09-21T18:32:30.635+0700] {processor.py:179} INFO - Processing /home/airflow/.local/lib/python3.8/site-packages/airflow/example_dags/example_external_task_marker_dag.py took 0.062 seconds
