[2023-09-21T10:40:08.120+0000] {processor.py:157} INFO - Started process (PID=70) to work on /home/airflow/.local/lib/python3.8/site-packages/airflow/example_dags/example_setup_teardown_taskflow.py
[2023-09-21T10:40:08.122+0000] {processor.py:829} INFO - Processing file /home/airflow/.local/lib/python3.8/site-packages/airflow/example_dags/example_setup_teardown_taskflow.py for tasks to queue
[2023-09-21T10:40:08.124+0000] {logging_mixin.py:151} INFO - [2023-09-21T10:40:08.124+0000] {dagbag.py:539} INFO - Filling up the DagBag from /home/airflow/.local/lib/python3.8/site-packages/airflow/example_dags/example_setup_teardown_taskflow.py
[2023-09-21T10:40:08.133+0000] {processor.py:839} INFO - DAG(s) dict_keys(['example_setup_teardown_taskflow']) retrieved from /home/airflow/.local/lib/python3.8/site-packages/airflow/example_dags/example_setup_teardown_taskflow.py
[2023-09-21T10:40:08.148+0000] {logging_mixin.py:151} INFO - [2023-09-21T10:40:08.148+0000] {dag.py:2915} INFO - Sync 1 DAGs
[2023-09-21T10:40:08.170+0000] {logging_mixin.py:151} INFO - [2023-09-21T10:40:08.170+0000] {dag.py:3696} INFO - Setting next_dagrun for example_setup_teardown_taskflow to 2023-09-20T10:40:08.170006+00:00, run_after=2023-09-21T10:40:08.170006+00:00
[2023-09-21T10:40:08.212+0000] {processor.py:179} INFO - Processing /home/airflow/.local/lib/python3.8/site-packages/airflow/example_dags/example_setup_teardown_taskflow.py took 0.096 seconds
[2023-09-21T10:40:39.133+0000] {processor.py:157} INFO - Started process (PID=124) to work on /home/airflow/.local/lib/python3.8/site-packages/airflow/example_dags/example_setup_teardown_taskflow.py
[2023-09-21T10:40:39.134+0000] {processor.py:829} INFO - Processing file /home/airflow/.local/lib/python3.8/site-packages/airflow/example_dags/example_setup_teardown_taskflow.py for tasks to queue
[2023-09-21T10:40:39.136+0000] {logging_mixin.py:151} INFO - [2023-09-21T10:40:39.136+0000] {dagbag.py:539} INFO - Filling up the DagBag from /home/airflow/.local/lib/python3.8/site-packages/airflow/example_dags/example_setup_teardown_taskflow.py
[2023-09-21T10:40:39.142+0000] {processor.py:839} INFO - DAG(s) dict_keys(['example_setup_teardown_taskflow']) retrieved from /home/airflow/.local/lib/python3.8/site-packages/airflow/example_dags/example_setup_teardown_taskflow.py
[2023-09-21T10:40:39.159+0000] {logging_mixin.py:151} INFO - [2023-09-21T10:40:39.159+0000] {dag.py:2915} INFO - Sync 1 DAGs
[2023-09-21T10:40:39.172+0000] {logging_mixin.py:151} INFO - [2023-09-21T10:40:39.172+0000] {dag.py:3696} INFO - Setting next_dagrun for example_setup_teardown_taskflow to 2023-09-20T10:40:39.172155+00:00, run_after=2023-09-21T10:40:39.172155+00:00
[2023-09-21T10:40:39.183+0000] {processor.py:179} INFO - Processing /home/airflow/.local/lib/python3.8/site-packages/airflow/example_dags/example_setup_teardown_taskflow.py took 0.053 seconds
[2023-09-21T11:16:33.587+0000] {processor.py:157} INFO - Started process (PID=70) to work on /home/airflow/.local/lib/python3.8/site-packages/airflow/example_dags/example_setup_teardown_taskflow.py
[2023-09-21T11:16:33.588+0000] {processor.py:829} INFO - Processing file /home/airflow/.local/lib/python3.8/site-packages/airflow/example_dags/example_setup_teardown_taskflow.py for tasks to queue
[2023-09-21T11:16:33.591+0000] {logging_mixin.py:151} INFO - [2023-09-21T11:16:33.590+0000] {dagbag.py:539} INFO - Filling up the DagBag from /home/airflow/.local/lib/python3.8/site-packages/airflow/example_dags/example_setup_teardown_taskflow.py
[2023-09-21T11:16:33.606+0000] {processor.py:839} INFO - DAG(s) dict_keys(['example_setup_teardown_taskflow']) retrieved from /home/airflow/.local/lib/python3.8/site-packages/airflow/example_dags/example_setup_teardown_taskflow.py
[2023-09-21T11:16:33.633+0000] {logging_mixin.py:151} INFO - [2023-09-21T11:16:33.633+0000] {dag.py:2915} INFO - Sync 1 DAGs
[2023-09-21T11:16:33.663+0000] {logging_mixin.py:151} INFO - [2023-09-21T11:16:33.663+0000] {dag.py:3696} INFO - Setting next_dagrun for example_setup_teardown_taskflow to 2023-09-20T11:16:33.662918+00:00, run_after=2023-09-21T11:16:33.662918+00:00
[2023-09-21T11:16:33.681+0000] {processor.py:179} INFO - Processing /home/airflow/.local/lib/python3.8/site-packages/airflow/example_dags/example_setup_teardown_taskflow.py took 0.097 seconds
[2023-09-21T11:17:03.928+0000] {processor.py:157} INFO - Started process (PID=123) to work on /home/airflow/.local/lib/python3.8/site-packages/airflow/example_dags/example_setup_teardown_taskflow.py
[2023-09-21T11:17:03.929+0000] {processor.py:829} INFO - Processing file /home/airflow/.local/lib/python3.8/site-packages/airflow/example_dags/example_setup_teardown_taskflow.py for tasks to queue
[2023-09-21T11:17:03.931+0000] {logging_mixin.py:151} INFO - [2023-09-21T11:17:03.931+0000] {dagbag.py:539} INFO - Filling up the DagBag from /home/airflow/.local/lib/python3.8/site-packages/airflow/example_dags/example_setup_teardown_taskflow.py
[2023-09-21T11:17:03.938+0000] {processor.py:839} INFO - DAG(s) dict_keys(['example_setup_teardown_taskflow']) retrieved from /home/airflow/.local/lib/python3.8/site-packages/airflow/example_dags/example_setup_teardown_taskflow.py
[2023-09-21T11:17:03.957+0000] {logging_mixin.py:151} INFO - [2023-09-21T11:17:03.957+0000] {dag.py:2915} INFO - Sync 1 DAGs
[2023-09-21T11:17:03.971+0000] {logging_mixin.py:151} INFO - [2023-09-21T11:17:03.971+0000] {dag.py:3696} INFO - Setting next_dagrun for example_setup_teardown_taskflow to 2023-09-20T11:17:03.971118+00:00, run_after=2023-09-21T11:17:03.971118+00:00
[2023-09-21T11:17:03.982+0000] {processor.py:179} INFO - Processing /home/airflow/.local/lib/python3.8/site-packages/airflow/example_dags/example_setup_teardown_taskflow.py took 0.057 seconds
[2023-09-21T11:17:34.147+0000] {processor.py:157} INFO - Started process (PID=177) to work on /home/airflow/.local/lib/python3.8/site-packages/airflow/example_dags/example_setup_teardown_taskflow.py
[2023-09-21T11:17:34.148+0000] {processor.py:829} INFO - Processing file /home/airflow/.local/lib/python3.8/site-packages/airflow/example_dags/example_setup_teardown_taskflow.py for tasks to queue
[2023-09-21T11:17:34.150+0000] {logging_mixin.py:151} INFO - [2023-09-21T11:17:34.150+0000] {dagbag.py:539} INFO - Filling up the DagBag from /home/airflow/.local/lib/python3.8/site-packages/airflow/example_dags/example_setup_teardown_taskflow.py
[2023-09-21T11:17:34.157+0000] {processor.py:839} INFO - DAG(s) dict_keys(['example_setup_teardown_taskflow']) retrieved from /home/airflow/.local/lib/python3.8/site-packages/airflow/example_dags/example_setup_teardown_taskflow.py
[2023-09-21T11:17:34.183+0000] {logging_mixin.py:151} INFO - [2023-09-21T11:17:34.183+0000] {dag.py:2915} INFO - Sync 1 DAGs
[2023-09-21T11:17:34.200+0000] {logging_mixin.py:151} INFO - [2023-09-21T11:17:34.200+0000] {dag.py:3696} INFO - Setting next_dagrun for example_setup_teardown_taskflow to 2023-09-20T11:17:34.199806+00:00, run_after=2023-09-21T11:17:34.199806+00:00
[2023-09-21T11:17:34.215+0000] {processor.py:179} INFO - Processing /home/airflow/.local/lib/python3.8/site-packages/airflow/example_dags/example_setup_teardown_taskflow.py took 0.071 seconds
[2023-09-21T11:18:04.396+0000] {processor.py:157} INFO - Started process (PID=231) to work on /home/airflow/.local/lib/python3.8/site-packages/airflow/example_dags/example_setup_teardown_taskflow.py
[2023-09-21T11:18:04.398+0000] {processor.py:829} INFO - Processing file /home/airflow/.local/lib/python3.8/site-packages/airflow/example_dags/example_setup_teardown_taskflow.py for tasks to queue
[2023-09-21T11:18:04.400+0000] {logging_mixin.py:151} INFO - [2023-09-21T11:18:04.399+0000] {dagbag.py:539} INFO - Filling up the DagBag from /home/airflow/.local/lib/python3.8/site-packages/airflow/example_dags/example_setup_teardown_taskflow.py
[2023-09-21T11:18:04.409+0000] {processor.py:839} INFO - DAG(s) dict_keys(['example_setup_teardown_taskflow']) retrieved from /home/airflow/.local/lib/python3.8/site-packages/airflow/example_dags/example_setup_teardown_taskflow.py
[2023-09-21T11:18:04.427+0000] {logging_mixin.py:151} INFO - [2023-09-21T11:18:04.427+0000] {dag.py:2915} INFO - Sync 1 DAGs
[2023-09-21T11:18:04.441+0000] {logging_mixin.py:151} INFO - [2023-09-21T11:18:04.441+0000] {dag.py:3696} INFO - Setting next_dagrun for example_setup_teardown_taskflow to 2023-09-20T11:18:04.440888+00:00, run_after=2023-09-21T11:18:04.440888+00:00
[2023-09-21T11:18:04.452+0000] {processor.py:179} INFO - Processing /home/airflow/.local/lib/python3.8/site-packages/airflow/example_dags/example_setup_teardown_taskflow.py took 0.058 seconds
[2023-09-21T18:29:39.686+0700] {processor.py:157} INFO - Started process (PID=70) to work on /home/airflow/.local/lib/python3.8/site-packages/airflow/example_dags/example_setup_teardown_taskflow.py
[2023-09-21T18:29:39.689+0700] {processor.py:829} INFO - Processing file /home/airflow/.local/lib/python3.8/site-packages/airflow/example_dags/example_setup_teardown_taskflow.py for tasks to queue
[2023-09-21T18:29:39.692+0700] {logging_mixin.py:151} INFO - [2023-09-21T18:29:39.692+0700] {dagbag.py:539} INFO - Filling up the DagBag from /home/airflow/.local/lib/python3.8/site-packages/airflow/example_dags/example_setup_teardown_taskflow.py
[2023-09-21T18:29:39.705+0700] {processor.py:839} INFO - DAG(s) dict_keys(['example_setup_teardown_taskflow']) retrieved from /home/airflow/.local/lib/python3.8/site-packages/airflow/example_dags/example_setup_teardown_taskflow.py
[2023-09-21T18:29:39.721+0700] {logging_mixin.py:151} INFO - [2023-09-21T18:29:39.721+0700] {dag.py:2915} INFO - Sync 1 DAGs
[2023-09-21T18:29:39.743+0700] {logging_mixin.py:151} INFO - [2023-09-21T18:29:39.743+0700] {dag.py:3696} INFO - Setting next_dagrun for example_setup_teardown_taskflow to 2023-09-20T11:29:39.742993+00:00, run_after=2023-09-21T11:29:39.742993+00:00
[2023-09-21T18:29:39.756+0700] {processor.py:179} INFO - Processing /home/airflow/.local/lib/python3.8/site-packages/airflow/example_dags/example_setup_teardown_taskflow.py took 0.073 seconds
[2023-09-21T18:30:09.874+0700] {processor.py:157} INFO - Started process (PID=124) to work on /home/airflow/.local/lib/python3.8/site-packages/airflow/example_dags/example_setup_teardown_taskflow.py
[2023-09-21T18:30:09.875+0700] {processor.py:829} INFO - Processing file /home/airflow/.local/lib/python3.8/site-packages/airflow/example_dags/example_setup_teardown_taskflow.py for tasks to queue
[2023-09-21T18:30:09.877+0700] {logging_mixin.py:151} INFO - [2023-09-21T18:30:09.876+0700] {dagbag.py:539} INFO - Filling up the DagBag from /home/airflow/.local/lib/python3.8/site-packages/airflow/example_dags/example_setup_teardown_taskflow.py
[2023-09-21T18:30:09.883+0700] {processor.py:839} INFO - DAG(s) dict_keys(['example_setup_teardown_taskflow']) retrieved from /home/airflow/.local/lib/python3.8/site-packages/airflow/example_dags/example_setup_teardown_taskflow.py
[2023-09-21T18:30:09.899+0700] {logging_mixin.py:151} INFO - [2023-09-21T18:30:09.899+0700] {dag.py:2915} INFO - Sync 1 DAGs
[2023-09-21T18:30:09.911+0700] {logging_mixin.py:151} INFO - [2023-09-21T18:30:09.911+0700] {dag.py:3696} INFO - Setting next_dagrun for example_setup_teardown_taskflow to 2023-09-20T11:30:09.911556+00:00, run_after=2023-09-21T11:30:09.911556+00:00
[2023-09-21T18:30:09.923+0700] {processor.py:179} INFO - Processing /home/airflow/.local/lib/python3.8/site-packages/airflow/example_dags/example_setup_teardown_taskflow.py took 0.052 seconds
[2023-09-21T18:32:32.951+0700] {processor.py:157} INFO - Started process (PID=71) to work on /home/airflow/.local/lib/python3.8/site-packages/airflow/example_dags/example_setup_teardown_taskflow.py
[2023-09-21T18:32:32.953+0700] {processor.py:829} INFO - Processing file /home/airflow/.local/lib/python3.8/site-packages/airflow/example_dags/example_setup_teardown_taskflow.py for tasks to queue
[2023-09-21T18:32:32.956+0700] {logging_mixin.py:151} INFO - [2023-09-21T18:32:32.956+0700] {dagbag.py:539} INFO - Filling up the DagBag from /home/airflow/.local/lib/python3.8/site-packages/airflow/example_dags/example_setup_teardown_taskflow.py
[2023-09-21T18:32:32.968+0700] {processor.py:839} INFO - DAG(s) dict_keys(['example_setup_teardown_taskflow']) retrieved from /home/airflow/.local/lib/python3.8/site-packages/airflow/example_dags/example_setup_teardown_taskflow.py
[2023-09-21T18:32:32.995+0700] {logging_mixin.py:151} INFO - [2023-09-21T18:32:32.995+0700] {dag.py:2915} INFO - Sync 1 DAGs
[2023-09-21T18:32:33.012+0700] {logging_mixin.py:151} INFO - [2023-09-21T18:32:33.012+0700] {dag.py:3696} INFO - Setting next_dagrun for example_setup_teardown_taskflow to 2023-09-20T11:32:33.012595+00:00, run_after=2023-09-21T11:32:33.012595+00:00
[2023-09-21T18:32:33.024+0700] {processor.py:179} INFO - Processing /home/airflow/.local/lib/python3.8/site-packages/airflow/example_dags/example_setup_teardown_taskflow.py took 0.076 seconds
