[2023-09-21T10:40:05.735+0000] {processor.py:157} INFO - Started process (PID=39) to work on /home/airflow/.local/lib/python3.8/site-packages/airflow/example_dags/example_short_circuit_decorator.py
[2023-09-21T10:40:05.736+0000] {processor.py:829} INFO - Processing file /home/airflow/.local/lib/python3.8/site-packages/airflow/example_dags/example_short_circuit_decorator.py for tasks to queue
[2023-09-21T10:40:05.738+0000] {logging_mixin.py:151} INFO - [2023-09-21T10:40:05.738+0000] {dagbag.py:539} INFO - Filling up the DagBag from /home/airflow/.local/lib/python3.8/site-packages/airflow/example_dags/example_short_circuit_decorator.py
[2023-09-21T10:40:05.746+0000] {processor.py:839} INFO - DAG(s) dict_keys(['example_short_circuit_decorator']) retrieved from /home/airflow/.local/lib/python3.8/site-packages/airflow/example_dags/example_short_circuit_decorator.py
[2023-09-21T10:40:05.758+0000] {logging_mixin.py:151} INFO - [2023-09-21T10:40:05.758+0000] {dag.py:2915} INFO - Sync 1 DAGs
[2023-09-21T10:40:05.776+0000] {logging_mixin.py:151} INFO - [2023-09-21T10:40:05.775+0000] {dag.py:3696} INFO - Setting next_dagrun for example_short_circuit_decorator to 2023-09-20T10:40:05.775595+00:00, run_after=2023-09-21T10:40:05.775595+00:00
[2023-09-21T10:40:05.791+0000] {processor.py:179} INFO - Processing /home/airflow/.local/lib/python3.8/site-packages/airflow/example_dags/example_short_circuit_decorator.py took 0.059 seconds
[2023-09-21T10:40:36.632+0000] {processor.py:157} INFO - Started process (PID=93) to work on /home/airflow/.local/lib/python3.8/site-packages/airflow/example_dags/example_short_circuit_decorator.py
[2023-09-21T10:40:36.633+0000] {processor.py:829} INFO - Processing file /home/airflow/.local/lib/python3.8/site-packages/airflow/example_dags/example_short_circuit_decorator.py for tasks to queue
[2023-09-21T10:40:36.635+0000] {logging_mixin.py:151} INFO - [2023-09-21T10:40:36.635+0000] {dagbag.py:539} INFO - Filling up the DagBag from /home/airflow/.local/lib/python3.8/site-packages/airflow/example_dags/example_short_circuit_decorator.py
[2023-09-21T10:40:36.642+0000] {processor.py:839} INFO - DAG(s) dict_keys(['example_short_circuit_decorator']) retrieved from /home/airflow/.local/lib/python3.8/site-packages/airflow/example_dags/example_short_circuit_decorator.py
[2023-09-21T10:40:36.661+0000] {logging_mixin.py:151} INFO - [2023-09-21T10:40:36.661+0000] {dag.py:2915} INFO - Sync 1 DAGs
[2023-09-21T10:40:36.675+0000] {logging_mixin.py:151} INFO - [2023-09-21T10:40:36.674+0000] {dag.py:3696} INFO - Setting next_dagrun for example_short_circuit_decorator to 2023-09-20T10:40:36.674644+00:00, run_after=2023-09-21T10:40:36.674644+00:00
[2023-09-21T10:40:36.686+0000] {processor.py:179} INFO - Processing /home/airflow/.local/lib/python3.8/site-packages/airflow/example_dags/example_short_circuit_decorator.py took 0.057 seconds
[2023-09-21T11:16:31.561+0000] {processor.py:157} INFO - Started process (PID=39) to work on /home/airflow/.local/lib/python3.8/site-packages/airflow/example_dags/example_short_circuit_decorator.py
[2023-09-21T11:16:31.562+0000] {processor.py:829} INFO - Processing file /home/airflow/.local/lib/python3.8/site-packages/airflow/example_dags/example_short_circuit_decorator.py for tasks to queue
[2023-09-21T11:16:31.564+0000] {logging_mixin.py:151} INFO - [2023-09-21T11:16:31.563+0000] {dagbag.py:539} INFO - Filling up the DagBag from /home/airflow/.local/lib/python3.8/site-packages/airflow/example_dags/example_short_circuit_decorator.py
[2023-09-21T11:16:31.572+0000] {processor.py:839} INFO - DAG(s) dict_keys(['example_short_circuit_decorator']) retrieved from /home/airflow/.local/lib/python3.8/site-packages/airflow/example_dags/example_short_circuit_decorator.py
[2023-09-21T11:16:31.583+0000] {logging_mixin.py:151} INFO - [2023-09-21T11:16:31.583+0000] {dag.py:2915} INFO - Sync 1 DAGs
[2023-09-21T11:16:31.598+0000] {logging_mixin.py:151} INFO - [2023-09-21T11:16:31.598+0000] {dag.py:3696} INFO - Setting next_dagrun for example_short_circuit_decorator to 2023-09-20T11:16:31.598430+00:00, run_after=2023-09-21T11:16:31.598430+00:00
[2023-09-21T11:16:31.612+0000] {processor.py:179} INFO - Processing /home/airflow/.local/lib/python3.8/site-packages/airflow/example_dags/example_short_circuit_decorator.py took 0.054 seconds
[2023-09-21T11:17:02.591+0000] {processor.py:157} INFO - Started process (PID=92) to work on /home/airflow/.local/lib/python3.8/site-packages/airflow/example_dags/example_short_circuit_decorator.py
[2023-09-21T11:17:02.592+0000] {processor.py:829} INFO - Processing file /home/airflow/.local/lib/python3.8/site-packages/airflow/example_dags/example_short_circuit_decorator.py for tasks to queue
[2023-09-21T11:17:02.594+0000] {logging_mixin.py:151} INFO - [2023-09-21T11:17:02.594+0000] {dagbag.py:539} INFO - Filling up the DagBag from /home/airflow/.local/lib/python3.8/site-packages/airflow/example_dags/example_short_circuit_decorator.py
[2023-09-21T11:17:02.601+0000] {processor.py:839} INFO - DAG(s) dict_keys(['example_short_circuit_decorator']) retrieved from /home/airflow/.local/lib/python3.8/site-packages/airflow/example_dags/example_short_circuit_decorator.py
[2023-09-21T11:17:02.619+0000] {logging_mixin.py:151} INFO - [2023-09-21T11:17:02.619+0000] {dag.py:2915} INFO - Sync 1 DAGs
[2023-09-21T11:17:02.634+0000] {logging_mixin.py:151} INFO - [2023-09-21T11:17:02.634+0000] {dag.py:3696} INFO - Setting next_dagrun for example_short_circuit_decorator to 2023-09-20T11:17:02.633980+00:00, run_after=2023-09-21T11:17:02.633980+00:00
[2023-09-21T11:17:02.645+0000] {processor.py:179} INFO - Processing /home/airflow/.local/lib/python3.8/site-packages/airflow/example_dags/example_short_circuit_decorator.py took 0.058 seconds
[2023-09-21T11:17:32.785+0000] {processor.py:157} INFO - Started process (PID=146) to work on /home/airflow/.local/lib/python3.8/site-packages/airflow/example_dags/example_short_circuit_decorator.py
[2023-09-21T11:17:32.786+0000] {processor.py:829} INFO - Processing file /home/airflow/.local/lib/python3.8/site-packages/airflow/example_dags/example_short_circuit_decorator.py for tasks to queue
[2023-09-21T11:17:32.788+0000] {logging_mixin.py:151} INFO - [2023-09-21T11:17:32.788+0000] {dagbag.py:539} INFO - Filling up the DagBag from /home/airflow/.local/lib/python3.8/site-packages/airflow/example_dags/example_short_circuit_decorator.py
[2023-09-21T11:17:32.794+0000] {processor.py:839} INFO - DAG(s) dict_keys(['example_short_circuit_decorator']) retrieved from /home/airflow/.local/lib/python3.8/site-packages/airflow/example_dags/example_short_circuit_decorator.py
[2023-09-21T11:17:32.813+0000] {logging_mixin.py:151} INFO - [2023-09-21T11:17:32.813+0000] {dag.py:2915} INFO - Sync 1 DAGs
[2023-09-21T11:17:32.827+0000] {logging_mixin.py:151} INFO - [2023-09-21T11:17:32.827+0000] {dag.py:3696} INFO - Setting next_dagrun for example_short_circuit_decorator to 2023-09-20T11:17:32.827057+00:00, run_after=2023-09-21T11:17:32.827057+00:00
[2023-09-21T11:17:32.839+0000] {processor.py:179} INFO - Processing /home/airflow/.local/lib/python3.8/site-packages/airflow/example_dags/example_short_circuit_decorator.py took 0.057 seconds
[2023-09-21T11:18:03.100+0000] {processor.py:157} INFO - Started process (PID=200) to work on /home/airflow/.local/lib/python3.8/site-packages/airflow/example_dags/example_short_circuit_decorator.py
[2023-09-21T11:18:03.101+0000] {processor.py:829} INFO - Processing file /home/airflow/.local/lib/python3.8/site-packages/airflow/example_dags/example_short_circuit_decorator.py for tasks to queue
[2023-09-21T11:18:03.103+0000] {logging_mixin.py:151} INFO - [2023-09-21T11:18:03.103+0000] {dagbag.py:539} INFO - Filling up the DagBag from /home/airflow/.local/lib/python3.8/site-packages/airflow/example_dags/example_short_circuit_decorator.py
[2023-09-21T11:18:03.110+0000] {processor.py:839} INFO - DAG(s) dict_keys(['example_short_circuit_decorator']) retrieved from /home/airflow/.local/lib/python3.8/site-packages/airflow/example_dags/example_short_circuit_decorator.py
[2023-09-21T11:18:03.128+0000] {logging_mixin.py:151} INFO - [2023-09-21T11:18:03.128+0000] {dag.py:2915} INFO - Sync 1 DAGs
[2023-09-21T11:18:03.140+0000] {logging_mixin.py:151} INFO - [2023-09-21T11:18:03.140+0000] {dag.py:3696} INFO - Setting next_dagrun for example_short_circuit_decorator to 2023-09-20T11:18:03.140522+00:00, run_after=2023-09-21T11:18:03.140522+00:00
[2023-09-21T11:18:03.152+0000] {processor.py:179} INFO - Processing /home/airflow/.local/lib/python3.8/site-packages/airflow/example_dags/example_short_circuit_decorator.py took 0.054 seconds
[2023-09-21T18:29:37.799+0700] {processor.py:157} INFO - Started process (PID=39) to work on /home/airflow/.local/lib/python3.8/site-packages/airflow/example_dags/example_short_circuit_decorator.py
[2023-09-21T18:29:37.800+0700] {processor.py:829} INFO - Processing file /home/airflow/.local/lib/python3.8/site-packages/airflow/example_dags/example_short_circuit_decorator.py for tasks to queue
[2023-09-21T18:29:37.802+0700] {logging_mixin.py:151} INFO - [2023-09-21T18:29:37.802+0700] {dagbag.py:539} INFO - Filling up the DagBag from /home/airflow/.local/lib/python3.8/site-packages/airflow/example_dags/example_short_circuit_decorator.py
[2023-09-21T18:29:37.809+0700] {processor.py:839} INFO - DAG(s) dict_keys(['example_short_circuit_decorator']) retrieved from /home/airflow/.local/lib/python3.8/site-packages/airflow/example_dags/example_short_circuit_decorator.py
[2023-09-21T18:29:37.822+0700] {logging_mixin.py:151} INFO - [2023-09-21T18:29:37.822+0700] {dag.py:2915} INFO - Sync 1 DAGs
[2023-09-21T18:29:37.837+0700] {logging_mixin.py:151} INFO - [2023-09-21T18:29:37.837+0700] {dag.py:3696} INFO - Setting next_dagrun for example_short_circuit_decorator to 2023-09-20T11:29:37.837349+00:00, run_after=2023-09-21T11:29:37.837349+00:00
[2023-09-21T18:29:37.849+0700] {processor.py:179} INFO - Processing /home/airflow/.local/lib/python3.8/site-packages/airflow/example_dags/example_short_circuit_decorator.py took 0.052 seconds
[2023-09-21T18:30:08.167+0700] {processor.py:157} INFO - Started process (PID=92) to work on /home/airflow/.local/lib/python3.8/site-packages/airflow/example_dags/example_short_circuit_decorator.py
[2023-09-21T18:30:08.169+0700] {processor.py:829} INFO - Processing file /home/airflow/.local/lib/python3.8/site-packages/airflow/example_dags/example_short_circuit_decorator.py for tasks to queue
[2023-09-21T18:30:08.171+0700] {logging_mixin.py:151} INFO - [2023-09-21T18:30:08.171+0700] {dagbag.py:539} INFO - Filling up the DagBag from /home/airflow/.local/lib/python3.8/site-packages/airflow/example_dags/example_short_circuit_decorator.py
[2023-09-21T18:30:08.178+0700] {processor.py:839} INFO - DAG(s) dict_keys(['example_short_circuit_decorator']) retrieved from /home/airflow/.local/lib/python3.8/site-packages/airflow/example_dags/example_short_circuit_decorator.py
[2023-09-21T18:30:08.196+0700] {logging_mixin.py:151} INFO - [2023-09-21T18:30:08.196+0700] {dag.py:2915} INFO - Sync 1 DAGs
[2023-09-21T18:30:08.210+0700] {logging_mixin.py:151} INFO - [2023-09-21T18:30:08.210+0700] {dag.py:3696} INFO - Setting next_dagrun for example_short_circuit_decorator to 2023-09-20T11:30:08.210298+00:00, run_after=2023-09-21T11:30:08.210298+00:00
[2023-09-21T18:30:08.223+0700] {processor.py:179} INFO - Processing /home/airflow/.local/lib/python3.8/site-packages/airflow/example_dags/example_short_circuit_decorator.py took 0.058 seconds
[2023-09-21T18:32:31.004+0700] {processor.py:157} INFO - Started process (PID=40) to work on /home/airflow/.local/lib/python3.8/site-packages/airflow/example_dags/example_short_circuit_decorator.py
[2023-09-21T18:32:31.005+0700] {processor.py:829} INFO - Processing file /home/airflow/.local/lib/python3.8/site-packages/airflow/example_dags/example_short_circuit_decorator.py for tasks to queue
[2023-09-21T18:32:31.007+0700] {logging_mixin.py:151} INFO - [2023-09-21T18:32:31.007+0700] {dagbag.py:539} INFO - Filling up the DagBag from /home/airflow/.local/lib/python3.8/site-packages/airflow/example_dags/example_short_circuit_decorator.py
[2023-09-21T18:32:31.014+0700] {processor.py:839} INFO - DAG(s) dict_keys(['example_short_circuit_decorator']) retrieved from /home/airflow/.local/lib/python3.8/site-packages/airflow/example_dags/example_short_circuit_decorator.py
[2023-09-21T18:32:31.027+0700] {logging_mixin.py:151} INFO - [2023-09-21T18:32:31.027+0700] {dag.py:2915} INFO - Sync 1 DAGs
[2023-09-21T18:32:31.044+0700] {logging_mixin.py:151} INFO - [2023-09-21T18:32:31.044+0700] {dag.py:3696} INFO - Setting next_dagrun for example_short_circuit_decorator to 2023-09-20T11:32:31.043874+00:00, run_after=2023-09-21T11:32:31.043874+00:00
[2023-09-21T18:32:31.056+0700] {processor.py:179} INFO - Processing /home/airflow/.local/lib/python3.8/site-packages/airflow/example_dags/example_short_circuit_decorator.py took 0.055 seconds
