[2023-09-21T10:40:05.633+0000] {processor.py:157} INFO - Started process (PID=38) to work on /home/airflow/.local/lib/python3.8/site-packages/airflow/example_dags/example_datasets.py
[2023-09-21T10:40:05.635+0000] {processor.py:829} INFO - Processing file /home/airflow/.local/lib/python3.8/site-packages/airflow/example_dags/example_datasets.py for tasks to queue
[2023-09-21T10:40:05.637+0000] {logging_mixin.py:151} INFO - [2023-09-21T10:40:05.637+0000] {dagbag.py:539} INFO - Filling up the DagBag from /home/airflow/.local/lib/python3.8/site-packages/airflow/example_dags/example_datasets.py
[2023-09-21T10:40:05.645+0000] {processor.py:839} INFO - DAG(s) dict_keys(['dataset_produces_1', 'dataset_produces_2', 'dataset_consumes_unknown_never_scheduled', 'dataset_consumes_1_never_scheduled', 'dataset_consumes_1', 'dataset_consumes_1_and_2']) retrieved from /home/airflow/.local/lib/python3.8/site-packages/airflow/example_dags/example_datasets.py
[2023-09-21T10:40:05.659+0000] {logging_mixin.py:151} INFO - [2023-09-21T10:40:05.659+0000] {dag.py:2915} INFO - Sync 6 DAGs
[2023-09-21T10:40:05.677+0000] {logging_mixin.py:151} INFO - [2023-09-21T10:40:05.677+0000] {dag.py:3696} INFO - Setting next_dagrun for dataset_consumes_1 to None, run_after=None
[2023-09-21T10:40:05.681+0000] {logging_mixin.py:151} INFO - [2023-09-21T10:40:05.681+0000] {dag.py:3696} INFO - Setting next_dagrun for dataset_consumes_1_and_2 to None, run_after=None
[2023-09-21T10:40:05.683+0000] {logging_mixin.py:151} INFO - [2023-09-21T10:40:05.682+0000] {dag.py:3696} INFO - Setting next_dagrun for dataset_consumes_1_never_scheduled to None, run_after=None
[2023-09-21T10:40:05.684+0000] {logging_mixin.py:151} INFO - [2023-09-21T10:40:05.684+0000] {dag.py:3696} INFO - Setting next_dagrun for dataset_consumes_unknown_never_scheduled to None, run_after=None
[2023-09-21T10:40:05.687+0000] {logging_mixin.py:151} INFO - [2023-09-21T10:40:05.686+0000] {dag.py:3696} INFO - Setting next_dagrun for dataset_produces_1 to 2023-09-20T00:00:00+00:00, run_after=2023-09-21T00:00:00+00:00
[2023-09-21T10:40:05.688+0000] {logging_mixin.py:151} INFO - [2023-09-21T10:40:05.688+0000] {dag.py:3696} INFO - Setting next_dagrun for dataset_produces_2 to None, run_after=None
[2023-09-21T10:40:05.711+0000] {processor.py:179} INFO - Processing /home/airflow/.local/lib/python3.8/site-packages/airflow/example_dags/example_datasets.py took 0.080 seconds
[2023-09-21T10:40:36.618+0000] {processor.py:157} INFO - Started process (PID=92) to work on /home/airflow/.local/lib/python3.8/site-packages/airflow/example_dags/example_datasets.py
[2023-09-21T10:40:36.619+0000] {processor.py:829} INFO - Processing file /home/airflow/.local/lib/python3.8/site-packages/airflow/example_dags/example_datasets.py for tasks to queue
[2023-09-21T10:40:36.622+0000] {logging_mixin.py:151} INFO - [2023-09-21T10:40:36.621+0000] {dagbag.py:539} INFO - Filling up the DagBag from /home/airflow/.local/lib/python3.8/site-packages/airflow/example_dags/example_datasets.py
[2023-09-21T10:40:36.628+0000] {processor.py:839} INFO - DAG(s) dict_keys(['dataset_produces_1', 'dataset_consumes_1', 'dataset_consumes_1_and_2', 'dataset_produces_2', 'dataset_consumes_1_never_scheduled', 'dataset_consumes_unknown_never_scheduled']) retrieved from /home/airflow/.local/lib/python3.8/site-packages/airflow/example_dags/example_datasets.py
[2023-09-21T10:40:36.653+0000] {logging_mixin.py:151} INFO - [2023-09-21T10:40:36.653+0000] {dag.py:2915} INFO - Sync 6 DAGs
[2023-09-21T10:40:36.668+0000] {logging_mixin.py:151} INFO - [2023-09-21T10:40:36.668+0000] {dag.py:3696} INFO - Setting next_dagrun for dataset_consumes_1 to None, run_after=None
[2023-09-21T10:40:36.671+0000] {logging_mixin.py:151} INFO - [2023-09-21T10:40:36.671+0000] {dag.py:3696} INFO - Setting next_dagrun for dataset_consumes_1_and_2 to None, run_after=None
[2023-09-21T10:40:36.672+0000] {logging_mixin.py:151} INFO - [2023-09-21T10:40:36.672+0000] {dag.py:3696} INFO - Setting next_dagrun for dataset_consumes_1_never_scheduled to None, run_after=None
[2023-09-21T10:40:36.673+0000] {logging_mixin.py:151} INFO - [2023-09-21T10:40:36.673+0000] {dag.py:3696} INFO - Setting next_dagrun for dataset_consumes_unknown_never_scheduled to None, run_after=None
[2023-09-21T10:40:36.676+0000] {logging_mixin.py:151} INFO - [2023-09-21T10:40:36.676+0000] {dag.py:3696} INFO - Setting next_dagrun for dataset_produces_1 to 2023-09-20T00:00:00+00:00, run_after=2023-09-21T00:00:00+00:00
[2023-09-21T10:40:36.677+0000] {logging_mixin.py:151} INFO - [2023-09-21T10:40:36.677+0000] {dag.py:3696} INFO - Setting next_dagrun for dataset_produces_2 to None, run_after=None
[2023-09-21T10:40:36.697+0000] {processor.py:179} INFO - Processing /home/airflow/.local/lib/python3.8/site-packages/airflow/example_dags/example_datasets.py took 0.082 seconds
[2023-09-21T11:16:31.463+0000] {processor.py:157} INFO - Started process (PID=38) to work on /home/airflow/.local/lib/python3.8/site-packages/airflow/example_dags/example_datasets.py
[2023-09-21T11:16:31.464+0000] {processor.py:829} INFO - Processing file /home/airflow/.local/lib/python3.8/site-packages/airflow/example_dags/example_datasets.py for tasks to queue
[2023-09-21T11:16:31.465+0000] {logging_mixin.py:151} INFO - [2023-09-21T11:16:31.465+0000] {dagbag.py:539} INFO - Filling up the DagBag from /home/airflow/.local/lib/python3.8/site-packages/airflow/example_dags/example_datasets.py
[2023-09-21T11:16:31.473+0000] {processor.py:839} INFO - DAG(s) dict_keys(['dataset_consumes_1_and_2', 'dataset_consumes_1', 'dataset_consumes_1_never_scheduled', 'dataset_consumes_unknown_never_scheduled', 'dataset_produces_1', 'dataset_produces_2']) retrieved from /home/airflow/.local/lib/python3.8/site-packages/airflow/example_dags/example_datasets.py
[2023-09-21T11:16:31.487+0000] {logging_mixin.py:151} INFO - [2023-09-21T11:16:31.487+0000] {dag.py:2915} INFO - Sync 6 DAGs
[2023-09-21T11:16:31.505+0000] {logging_mixin.py:151} INFO - [2023-09-21T11:16:31.505+0000] {dag.py:3696} INFO - Setting next_dagrun for dataset_consumes_1 to None, run_after=None
[2023-09-21T11:16:31.510+0000] {logging_mixin.py:151} INFO - [2023-09-21T11:16:31.510+0000] {dag.py:3696} INFO - Setting next_dagrun for dataset_consumes_1_and_2 to None, run_after=None
[2023-09-21T11:16:31.512+0000] {logging_mixin.py:151} INFO - [2023-09-21T11:16:31.512+0000] {dag.py:3696} INFO - Setting next_dagrun for dataset_consumes_1_never_scheduled to None, run_after=None
[2023-09-21T11:16:31.513+0000] {logging_mixin.py:151} INFO - [2023-09-21T11:16:31.513+0000] {dag.py:3696} INFO - Setting next_dagrun for dataset_consumes_unknown_never_scheduled to None, run_after=None
[2023-09-21T11:16:31.516+0000] {logging_mixin.py:151} INFO - [2023-09-21T11:16:31.516+0000] {dag.py:3696} INFO - Setting next_dagrun for dataset_produces_1 to 2023-09-20T00:00:00+00:00, run_after=2023-09-21T00:00:00+00:00
[2023-09-21T11:16:31.517+0000] {logging_mixin.py:151} INFO - [2023-09-21T11:16:31.517+0000] {dag.py:3696} INFO - Setting next_dagrun for dataset_produces_2 to None, run_after=None
[2023-09-21T11:16:31.538+0000] {processor.py:179} INFO - Processing /home/airflow/.local/lib/python3.8/site-packages/airflow/example_dags/example_datasets.py took 0.078 seconds
[2023-09-21T11:17:02.502+0000] {processor.py:157} INFO - Started process (PID=91) to work on /home/airflow/.local/lib/python3.8/site-packages/airflow/example_dags/example_datasets.py
[2023-09-21T11:17:02.503+0000] {processor.py:829} INFO - Processing file /home/airflow/.local/lib/python3.8/site-packages/airflow/example_dags/example_datasets.py for tasks to queue
[2023-09-21T11:17:02.505+0000] {logging_mixin.py:151} INFO - [2023-09-21T11:17:02.505+0000] {dagbag.py:539} INFO - Filling up the DagBag from /home/airflow/.local/lib/python3.8/site-packages/airflow/example_dags/example_datasets.py
[2023-09-21T11:17:02.511+0000] {processor.py:839} INFO - DAG(s) dict_keys(['dataset_consumes_1_and_2', 'dataset_produces_1', 'dataset_consumes_unknown_never_scheduled', 'dataset_produces_2', 'dataset_consumes_1', 'dataset_consumes_1_never_scheduled']) retrieved from /home/airflow/.local/lib/python3.8/site-packages/airflow/example_dags/example_datasets.py
[2023-09-21T11:17:02.534+0000] {logging_mixin.py:151} INFO - [2023-09-21T11:17:02.534+0000] {dag.py:2915} INFO - Sync 6 DAGs
[2023-09-21T11:17:02.547+0000] {logging_mixin.py:151} INFO - [2023-09-21T11:17:02.547+0000] {dag.py:3696} INFO - Setting next_dagrun for dataset_consumes_1 to None, run_after=None
[2023-09-21T11:17:02.549+0000] {logging_mixin.py:151} INFO - [2023-09-21T11:17:02.549+0000] {dag.py:3696} INFO - Setting next_dagrun for dataset_consumes_1_and_2 to None, run_after=None
[2023-09-21T11:17:02.550+0000] {logging_mixin.py:151} INFO - [2023-09-21T11:17:02.550+0000] {dag.py:3696} INFO - Setting next_dagrun for dataset_consumes_1_never_scheduled to None, run_after=None
[2023-09-21T11:17:02.551+0000] {logging_mixin.py:151} INFO - [2023-09-21T11:17:02.551+0000] {dag.py:3696} INFO - Setting next_dagrun for dataset_consumes_unknown_never_scheduled to None, run_after=None
[2023-09-21T11:17:02.553+0000] {logging_mixin.py:151} INFO - [2023-09-21T11:17:02.553+0000] {dag.py:3696} INFO - Setting next_dagrun for dataset_produces_1 to 2023-09-20T00:00:00+00:00, run_after=2023-09-21T00:00:00+00:00
[2023-09-21T11:17:02.554+0000] {logging_mixin.py:151} INFO - [2023-09-21T11:17:02.554+0000] {dag.py:3696} INFO - Setting next_dagrun for dataset_produces_2 to None, run_after=None
[2023-09-21T11:17:02.571+0000] {processor.py:179} INFO - Processing /home/airflow/.local/lib/python3.8/site-packages/airflow/example_dags/example_datasets.py took 0.071 seconds
[2023-09-21T11:17:32.770+0000] {processor.py:157} INFO - Started process (PID=145) to work on /home/airflow/.local/lib/python3.8/site-packages/airflow/example_dags/example_datasets.py
[2023-09-21T11:17:32.771+0000] {processor.py:829} INFO - Processing file /home/airflow/.local/lib/python3.8/site-packages/airflow/example_dags/example_datasets.py for tasks to queue
[2023-09-21T11:17:32.773+0000] {logging_mixin.py:151} INFO - [2023-09-21T11:17:32.773+0000] {dagbag.py:539} INFO - Filling up the DagBag from /home/airflow/.local/lib/python3.8/site-packages/airflow/example_dags/example_datasets.py
[2023-09-21T11:17:32.780+0000] {processor.py:839} INFO - DAG(s) dict_keys(['dataset_consumes_1_never_scheduled', 'dataset_consumes_unknown_never_scheduled', 'dataset_produces_2', 'dataset_produces_1', 'dataset_consumes_1', 'dataset_consumes_1_and_2']) retrieved from /home/airflow/.local/lib/python3.8/site-packages/airflow/example_dags/example_datasets.py
[2023-09-21T11:17:32.806+0000] {logging_mixin.py:151} INFO - [2023-09-21T11:17:32.806+0000] {dag.py:2915} INFO - Sync 6 DAGs
[2023-09-21T11:17:32.821+0000] {logging_mixin.py:151} INFO - [2023-09-21T11:17:32.821+0000] {dag.py:3696} INFO - Setting next_dagrun for dataset_consumes_1 to None, run_after=None
[2023-09-21T11:17:32.823+0000] {logging_mixin.py:151} INFO - [2023-09-21T11:17:32.823+0000] {dag.py:3696} INFO - Setting next_dagrun for dataset_consumes_1_and_2 to None, run_after=None
[2023-09-21T11:17:32.824+0000] {logging_mixin.py:151} INFO - [2023-09-21T11:17:32.824+0000] {dag.py:3696} INFO - Setting next_dagrun for dataset_consumes_1_never_scheduled to None, run_after=None
[2023-09-21T11:17:32.825+0000] {logging_mixin.py:151} INFO - [2023-09-21T11:17:32.825+0000] {dag.py:3696} INFO - Setting next_dagrun for dataset_consumes_unknown_never_scheduled to None, run_after=None
[2023-09-21T11:17:32.827+0000] {logging_mixin.py:151} INFO - [2023-09-21T11:17:32.827+0000] {dag.py:3696} INFO - Setting next_dagrun for dataset_produces_1 to 2023-09-20T00:00:00+00:00, run_after=2023-09-21T00:00:00+00:00
[2023-09-21T11:17:32.829+0000] {logging_mixin.py:151} INFO - [2023-09-21T11:17:32.829+0000] {dag.py:3696} INFO - Setting next_dagrun for dataset_produces_2 to None, run_after=None
[2023-09-21T11:17:32.847+0000] {processor.py:179} INFO - Processing /home/airflow/.local/lib/python3.8/site-packages/airflow/example_dags/example_datasets.py took 0.080 seconds
[2023-09-21T11:18:03.090+0000] {processor.py:157} INFO - Started process (PID=199) to work on /home/airflow/.local/lib/python3.8/site-packages/airflow/example_dags/example_datasets.py
[2023-09-21T11:18:03.091+0000] {processor.py:829} INFO - Processing file /home/airflow/.local/lib/python3.8/site-packages/airflow/example_dags/example_datasets.py for tasks to queue
[2023-09-21T11:18:03.093+0000] {logging_mixin.py:151} INFO - [2023-09-21T11:18:03.093+0000] {dagbag.py:539} INFO - Filling up the DagBag from /home/airflow/.local/lib/python3.8/site-packages/airflow/example_dags/example_datasets.py
[2023-09-21T11:18:03.100+0000] {processor.py:839} INFO - DAG(s) dict_keys(['dataset_consumes_1_and_2', 'dataset_consumes_1', 'dataset_consumes_1_never_scheduled', 'dataset_produces_2', 'dataset_produces_1', 'dataset_consumes_unknown_never_scheduled']) retrieved from /home/airflow/.local/lib/python3.8/site-packages/airflow/example_dags/example_datasets.py
[2023-09-21T11:18:03.125+0000] {logging_mixin.py:151} INFO - [2023-09-21T11:18:03.125+0000] {dag.py:2915} INFO - Sync 6 DAGs
[2023-09-21T11:18:03.139+0000] {logging_mixin.py:151} INFO - [2023-09-21T11:18:03.139+0000] {dag.py:3696} INFO - Setting next_dagrun for dataset_consumes_1 to None, run_after=None
[2023-09-21T11:18:03.142+0000] {logging_mixin.py:151} INFO - [2023-09-21T11:18:03.142+0000] {dag.py:3696} INFO - Setting next_dagrun for dataset_consumes_1_and_2 to None, run_after=None
[2023-09-21T11:18:03.143+0000] {logging_mixin.py:151} INFO - [2023-09-21T11:18:03.143+0000] {dag.py:3696} INFO - Setting next_dagrun for dataset_consumes_1_never_scheduled to None, run_after=None
[2023-09-21T11:18:03.144+0000] {logging_mixin.py:151} INFO - [2023-09-21T11:18:03.144+0000] {dag.py:3696} INFO - Setting next_dagrun for dataset_consumes_unknown_never_scheduled to None, run_after=None
[2023-09-21T11:18:03.146+0000] {logging_mixin.py:151} INFO - [2023-09-21T11:18:03.146+0000] {dag.py:3696} INFO - Setting next_dagrun for dataset_produces_1 to 2023-09-20T00:00:00+00:00, run_after=2023-09-21T00:00:00+00:00
[2023-09-21T11:18:03.147+0000] {logging_mixin.py:151} INFO - [2023-09-21T11:18:03.147+0000] {dag.py:3696} INFO - Setting next_dagrun for dataset_produces_2 to None, run_after=None
[2023-09-21T11:18:03.165+0000] {processor.py:179} INFO - Processing /home/airflow/.local/lib/python3.8/site-packages/airflow/example_dags/example_datasets.py took 0.077 seconds
[2023-09-21T18:29:37.694+0700] {processor.py:157} INFO - Started process (PID=38) to work on /home/airflow/.local/lib/python3.8/site-packages/airflow/example_dags/example_datasets.py
[2023-09-21T18:29:37.695+0700] {processor.py:829} INFO - Processing file /home/airflow/.local/lib/python3.8/site-packages/airflow/example_dags/example_datasets.py for tasks to queue
[2023-09-21T18:29:37.697+0700] {logging_mixin.py:151} INFO - [2023-09-21T18:29:37.697+0700] {dagbag.py:539} INFO - Filling up the DagBag from /home/airflow/.local/lib/python3.8/site-packages/airflow/example_dags/example_datasets.py
[2023-09-21T18:29:37.704+0700] {processor.py:839} INFO - DAG(s) dict_keys(['dataset_produces_1', 'dataset_consumes_1_never_scheduled', 'dataset_consumes_1', 'dataset_consumes_unknown_never_scheduled', 'dataset_consumes_1_and_2', 'dataset_produces_2']) retrieved from /home/airflow/.local/lib/python3.8/site-packages/airflow/example_dags/example_datasets.py
[2023-09-21T18:29:37.718+0700] {logging_mixin.py:151} INFO - [2023-09-21T18:29:37.718+0700] {dag.py:2915} INFO - Sync 6 DAGs
[2023-09-21T18:29:37.736+0700] {logging_mixin.py:151} INFO - [2023-09-21T18:29:37.736+0700] {dag.py:3696} INFO - Setting next_dagrun for dataset_consumes_1 to None, run_after=None
[2023-09-21T18:29:37.739+0700] {logging_mixin.py:151} INFO - [2023-09-21T18:29:37.739+0700] {dag.py:3696} INFO - Setting next_dagrun for dataset_consumes_1_and_2 to None, run_after=None
[2023-09-21T18:29:37.749+0700] {logging_mixin.py:151} INFO - [2023-09-21T18:29:37.748+0700] {dag.py:3696} INFO - Setting next_dagrun for dataset_consumes_1_never_scheduled to None, run_after=None
[2023-09-21T18:29:37.750+0700] {logging_mixin.py:151} INFO - [2023-09-21T18:29:37.750+0700] {dag.py:3696} INFO - Setting next_dagrun for dataset_consumes_unknown_never_scheduled to None, run_after=None
[2023-09-21T18:29:37.752+0700] {logging_mixin.py:151} INFO - [2023-09-21T18:29:37.752+0700] {dag.py:3696} INFO - Setting next_dagrun for dataset_produces_1 to 2023-09-20T00:00:00+00:00, run_after=2023-09-21T00:00:00+00:00
[2023-09-21T18:29:37.753+0700] {logging_mixin.py:151} INFO - [2023-09-21T18:29:37.753+0700] {dag.py:3696} INFO - Setting next_dagrun for dataset_produces_2 to None, run_after=None
[2023-09-21T18:29:37.778+0700] {processor.py:179} INFO - Processing /home/airflow/.local/lib/python3.8/site-packages/airflow/example_dags/example_datasets.py took 0.087 seconds
[2023-09-21T18:30:08.151+0700] {processor.py:157} INFO - Started process (PID=91) to work on /home/airflow/.local/lib/python3.8/site-packages/airflow/example_dags/example_datasets.py
[2023-09-21T18:30:08.153+0700] {processor.py:829} INFO - Processing file /home/airflow/.local/lib/python3.8/site-packages/airflow/example_dags/example_datasets.py for tasks to queue
[2023-09-21T18:30:08.155+0700] {logging_mixin.py:151} INFO - [2023-09-21T18:30:08.154+0700] {dagbag.py:539} INFO - Filling up the DagBag from /home/airflow/.local/lib/python3.8/site-packages/airflow/example_dags/example_datasets.py
[2023-09-21T18:30:08.161+0700] {processor.py:839} INFO - DAG(s) dict_keys(['dataset_produces_2', 'dataset_produces_1', 'dataset_consumes_1_and_2', 'dataset_consumes_1_never_scheduled', 'dataset_consumes_unknown_never_scheduled', 'dataset_consumes_1']) retrieved from /home/airflow/.local/lib/python3.8/site-packages/airflow/example_dags/example_datasets.py
[2023-09-21T18:30:08.190+0700] {logging_mixin.py:151} INFO - [2023-09-21T18:30:08.190+0700] {dag.py:2915} INFO - Sync 6 DAGs
[2023-09-21T18:30:08.205+0700] {logging_mixin.py:151} INFO - [2023-09-21T18:30:08.205+0700] {dag.py:3696} INFO - Setting next_dagrun for dataset_consumes_1 to None, run_after=None
[2023-09-21T18:30:08.208+0700] {logging_mixin.py:151} INFO - [2023-09-21T18:30:08.208+0700] {dag.py:3696} INFO - Setting next_dagrun for dataset_consumes_1_and_2 to None, run_after=None
[2023-09-21T18:30:08.209+0700] {logging_mixin.py:151} INFO - [2023-09-21T18:30:08.209+0700] {dag.py:3696} INFO - Setting next_dagrun for dataset_consumes_1_never_scheduled to None, run_after=None
[2023-09-21T18:30:08.210+0700] {logging_mixin.py:151} INFO - [2023-09-21T18:30:08.210+0700] {dag.py:3696} INFO - Setting next_dagrun for dataset_consumes_unknown_never_scheduled to None, run_after=None
[2023-09-21T18:30:08.212+0700] {logging_mixin.py:151} INFO - [2023-09-21T18:30:08.212+0700] {dag.py:3696} INFO - Setting next_dagrun for dataset_produces_1 to 2023-09-20T00:00:00+00:00, run_after=2023-09-21T00:00:00+00:00
[2023-09-21T18:30:08.214+0700] {logging_mixin.py:151} INFO - [2023-09-21T18:30:08.214+0700] {dag.py:3696} INFO - Setting next_dagrun for dataset_produces_2 to None, run_after=None
[2023-09-21T18:30:08.234+0700] {processor.py:179} INFO - Processing /home/airflow/.local/lib/python3.8/site-packages/airflow/example_dags/example_datasets.py took 0.086 seconds
[2023-09-21T18:32:30.913+0700] {processor.py:157} INFO - Started process (PID=39) to work on /home/airflow/.local/lib/python3.8/site-packages/airflow/example_dags/example_datasets.py
[2023-09-21T18:32:30.914+0700] {processor.py:829} INFO - Processing file /home/airflow/.local/lib/python3.8/site-packages/airflow/example_dags/example_datasets.py for tasks to queue
[2023-09-21T18:32:30.916+0700] {logging_mixin.py:151} INFO - [2023-09-21T18:32:30.916+0700] {dagbag.py:539} INFO - Filling up the DagBag from /home/airflow/.local/lib/python3.8/site-packages/airflow/example_dags/example_datasets.py
[2023-09-21T18:32:30.923+0700] {processor.py:839} INFO - DAG(s) dict_keys(['dataset_consumes_1_and_2', 'dataset_consumes_1', 'dataset_produces_2', 'dataset_produces_1', 'dataset_consumes_1_never_scheduled', 'dataset_consumes_unknown_never_scheduled']) retrieved from /home/airflow/.local/lib/python3.8/site-packages/airflow/example_dags/example_datasets.py
[2023-09-21T18:32:30.936+0700] {logging_mixin.py:151} INFO - [2023-09-21T18:32:30.936+0700] {dag.py:2915} INFO - Sync 6 DAGs
[2023-09-21T18:32:30.951+0700] {logging_mixin.py:151} INFO - [2023-09-21T18:32:30.951+0700] {dag.py:3696} INFO - Setting next_dagrun for dataset_consumes_1 to None, run_after=None
[2023-09-21T18:32:30.955+0700] {logging_mixin.py:151} INFO - [2023-09-21T18:32:30.955+0700] {dag.py:3696} INFO - Setting next_dagrun for dataset_consumes_1_and_2 to None, run_after=None
[2023-09-21T18:32:30.956+0700] {logging_mixin.py:151} INFO - [2023-09-21T18:32:30.956+0700] {dag.py:3696} INFO - Setting next_dagrun for dataset_consumes_1_never_scheduled to None, run_after=None
[2023-09-21T18:32:30.957+0700] {logging_mixin.py:151} INFO - [2023-09-21T18:32:30.957+0700] {dag.py:3696} INFO - Setting next_dagrun for dataset_consumes_unknown_never_scheduled to None, run_after=None
[2023-09-21T18:32:30.960+0700] {logging_mixin.py:151} INFO - [2023-09-21T18:32:30.960+0700] {dag.py:3696} INFO - Setting next_dagrun for dataset_produces_1 to 2023-09-20T00:00:00+00:00, run_after=2023-09-21T00:00:00+00:00
[2023-09-21T18:32:30.961+0700] {logging_mixin.py:151} INFO - [2023-09-21T18:32:30.961+0700] {dag.py:3696} INFO - Setting next_dagrun for dataset_produces_2 to None, run_after=None
[2023-09-21T18:32:30.977+0700] {processor.py:179} INFO - Processing /home/airflow/.local/lib/python3.8/site-packages/airflow/example_dags/example_datasets.py took 0.067 seconds
