[2023-09-21T10:40:06.680+0000] {processor.py:157} INFO - Started process (PID=50) to work on /home/airflow/.local/lib/python3.8/site-packages/airflow/example_dags/example_sensors.py
[2023-09-21T10:40:06.682+0000] {processor.py:829} INFO - Processing file /home/airflow/.local/lib/python3.8/site-packages/airflow/example_dags/example_sensors.py for tasks to queue
[2023-09-21T10:40:06.688+0000] {logging_mixin.py:151} INFO - [2023-09-21T10:40:06.686+0000] {dagbag.py:539} INFO - Filling up the DagBag from /home/airflow/.local/lib/python3.8/site-packages/airflow/example_dags/example_sensors.py
[2023-09-21T10:40:06.696+0000] {processor.py:839} INFO - DAG(s) dict_keys(['example_sensors']) retrieved from /home/airflow/.local/lib/python3.8/site-packages/airflow/example_dags/example_sensors.py
[2023-09-21T10:40:06.723+0000] {logging_mixin.py:151} INFO - [2023-09-21T10:40:06.723+0000] {dag.py:2915} INFO - Sync 1 DAGs
[2023-09-21T10:40:06.735+0000] {logging_mixin.py:151} INFO - [2023-09-21T10:40:06.735+0000] {dag.py:3696} INFO - Setting next_dagrun for example_sensors to None, run_after=None
[2023-09-21T10:40:06.753+0000] {processor.py:179} INFO - Processing /home/airflow/.local/lib/python3.8/site-packages/airflow/example_dags/example_sensors.py took 0.077 seconds
[2023-09-21T10:40:37.235+0000] {processor.py:157} INFO - Started process (PID=104) to work on /home/airflow/.local/lib/python3.8/site-packages/airflow/example_dags/example_sensors.py
[2023-09-21T10:40:37.236+0000] {processor.py:829} INFO - Processing file /home/airflow/.local/lib/python3.8/site-packages/airflow/example_dags/example_sensors.py for tasks to queue
[2023-09-21T10:40:37.239+0000] {logging_mixin.py:151} INFO - [2023-09-21T10:40:37.238+0000] {dagbag.py:539} INFO - Filling up the DagBag from /home/airflow/.local/lib/python3.8/site-packages/airflow/example_dags/example_sensors.py
[2023-09-21T10:40:37.246+0000] {processor.py:839} INFO - DAG(s) dict_keys(['example_sensors']) retrieved from /home/airflow/.local/lib/python3.8/site-packages/airflow/example_dags/example_sensors.py
[2023-09-21T10:40:37.266+0000] {logging_mixin.py:151} INFO - [2023-09-21T10:40:37.265+0000] {dag.py:2915} INFO - Sync 1 DAGs
[2023-09-21T10:40:37.273+0000] {logging_mixin.py:151} INFO - [2023-09-21T10:40:37.273+0000] {dag.py:3696} INFO - Setting next_dagrun for example_sensors to None, run_after=None
[2023-09-21T10:40:37.288+0000] {processor.py:179} INFO - Processing /home/airflow/.local/lib/python3.8/site-packages/airflow/example_dags/example_sensors.py took 0.056 seconds
[2023-09-21T11:16:32.336+0000] {processor.py:157} INFO - Started process (PID=50) to work on /home/airflow/.local/lib/python3.8/site-packages/airflow/example_dags/example_sensors.py
[2023-09-21T11:16:32.337+0000] {processor.py:829} INFO - Processing file /home/airflow/.local/lib/python3.8/site-packages/airflow/example_dags/example_sensors.py for tasks to queue
[2023-09-21T11:16:32.339+0000] {logging_mixin.py:151} INFO - [2023-09-21T11:16:32.338+0000] {dagbag.py:539} INFO - Filling up the DagBag from /home/airflow/.local/lib/python3.8/site-packages/airflow/example_dags/example_sensors.py
[2023-09-21T11:16:32.346+0000] {processor.py:839} INFO - DAG(s) dict_keys(['example_sensors']) retrieved from /home/airflow/.local/lib/python3.8/site-packages/airflow/example_dags/example_sensors.py
[2023-09-21T11:16:32.361+0000] {logging_mixin.py:151} INFO - [2023-09-21T11:16:32.361+0000] {dag.py:2915} INFO - Sync 1 DAGs
[2023-09-21T11:16:32.372+0000] {logging_mixin.py:151} INFO - [2023-09-21T11:16:32.372+0000] {dag.py:3696} INFO - Setting next_dagrun for example_sensors to None, run_after=None
[2023-09-21T11:16:32.386+0000] {processor.py:179} INFO - Processing /home/airflow/.local/lib/python3.8/site-packages/airflow/example_dags/example_sensors.py took 0.053 seconds
[2023-09-21T11:17:03.104+0000] {processor.py:157} INFO - Started process (PID=103) to work on /home/airflow/.local/lib/python3.8/site-packages/airflow/example_dags/example_sensors.py
[2023-09-21T11:17:03.105+0000] {processor.py:829} INFO - Processing file /home/airflow/.local/lib/python3.8/site-packages/airflow/example_dags/example_sensors.py for tasks to queue
[2023-09-21T11:17:03.107+0000] {logging_mixin.py:151} INFO - [2023-09-21T11:17:03.107+0000] {dagbag.py:539} INFO - Filling up the DagBag from /home/airflow/.local/lib/python3.8/site-packages/airflow/example_dags/example_sensors.py
[2023-09-21T11:17:03.113+0000] {processor.py:839} INFO - DAG(s) dict_keys(['example_sensors']) retrieved from /home/airflow/.local/lib/python3.8/site-packages/airflow/example_dags/example_sensors.py
[2023-09-21T11:17:03.132+0000] {logging_mixin.py:151} INFO - [2023-09-21T11:17:03.132+0000] {dag.py:2915} INFO - Sync 1 DAGs
[2023-09-21T11:17:03.140+0000] {logging_mixin.py:151} INFO - [2023-09-21T11:17:03.139+0000] {dag.py:3696} INFO - Setting next_dagrun for example_sensors to None, run_after=None
[2023-09-21T11:17:03.151+0000] {processor.py:179} INFO - Processing /home/airflow/.local/lib/python3.8/site-packages/airflow/example_dags/example_sensors.py took 0.050 seconds
[2023-09-21T11:17:33.264+0000] {processor.py:157} INFO - Started process (PID=157) to work on /home/airflow/.local/lib/python3.8/site-packages/airflow/example_dags/example_sensors.py
[2023-09-21T11:17:33.265+0000] {processor.py:829} INFO - Processing file /home/airflow/.local/lib/python3.8/site-packages/airflow/example_dags/example_sensors.py for tasks to queue
[2023-09-21T11:17:33.267+0000] {logging_mixin.py:151} INFO - [2023-09-21T11:17:33.267+0000] {dagbag.py:539} INFO - Filling up the DagBag from /home/airflow/.local/lib/python3.8/site-packages/airflow/example_dags/example_sensors.py
[2023-09-21T11:17:33.274+0000] {processor.py:839} INFO - DAG(s) dict_keys(['example_sensors']) retrieved from /home/airflow/.local/lib/python3.8/site-packages/airflow/example_dags/example_sensors.py
[2023-09-21T11:17:33.295+0000] {logging_mixin.py:151} INFO - [2023-09-21T11:17:33.294+0000] {dag.py:2915} INFO - Sync 1 DAGs
[2023-09-21T11:17:33.303+0000] {logging_mixin.py:151} INFO - [2023-09-21T11:17:33.302+0000] {dag.py:3696} INFO - Setting next_dagrun for example_sensors to None, run_after=None
[2023-09-21T11:17:33.315+0000] {processor.py:179} INFO - Processing /home/airflow/.local/lib/python3.8/site-packages/airflow/example_dags/example_sensors.py took 0.053 seconds
[2023-09-21T11:18:03.552+0000] {processor.py:157} INFO - Started process (PID=211) to work on /home/airflow/.local/lib/python3.8/site-packages/airflow/example_dags/example_sensors.py
[2023-09-21T11:18:03.553+0000] {processor.py:829} INFO - Processing file /home/airflow/.local/lib/python3.8/site-packages/airflow/example_dags/example_sensors.py for tasks to queue
[2023-09-21T11:18:03.555+0000] {logging_mixin.py:151} INFO - [2023-09-21T11:18:03.555+0000] {dagbag.py:539} INFO - Filling up the DagBag from /home/airflow/.local/lib/python3.8/site-packages/airflow/example_dags/example_sensors.py
[2023-09-21T11:18:03.562+0000] {processor.py:839} INFO - DAG(s) dict_keys(['example_sensors']) retrieved from /home/airflow/.local/lib/python3.8/site-packages/airflow/example_dags/example_sensors.py
[2023-09-21T11:18:03.581+0000] {logging_mixin.py:151} INFO - [2023-09-21T11:18:03.581+0000] {dag.py:2915} INFO - Sync 1 DAGs
[2023-09-21T11:18:03.588+0000] {logging_mixin.py:151} INFO - [2023-09-21T11:18:03.588+0000] {dag.py:3696} INFO - Setting next_dagrun for example_sensors to None, run_after=None
[2023-09-21T11:18:03.600+0000] {processor.py:179} INFO - Processing /home/airflow/.local/lib/python3.8/site-packages/airflow/example_dags/example_sensors.py took 0.051 seconds
[2023-09-21T18:29:38.525+0700] {processor.py:157} INFO - Started process (PID=50) to work on /home/airflow/.local/lib/python3.8/site-packages/airflow/example_dags/example_sensors.py
[2023-09-21T18:29:38.526+0700] {processor.py:829} INFO - Processing file /home/airflow/.local/lib/python3.8/site-packages/airflow/example_dags/example_sensors.py for tasks to queue
[2023-09-21T18:29:38.528+0700] {logging_mixin.py:151} INFO - [2023-09-21T18:29:38.528+0700] {dagbag.py:539} INFO - Filling up the DagBag from /home/airflow/.local/lib/python3.8/site-packages/airflow/example_dags/example_sensors.py
[2023-09-21T18:29:38.546+0700] {processor.py:839} INFO - DAG(s) dict_keys(['example_sensors']) retrieved from /home/airflow/.local/lib/python3.8/site-packages/airflow/example_dags/example_sensors.py
[2023-09-21T18:29:38.564+0700] {logging_mixin.py:151} INFO - [2023-09-21T18:29:38.564+0700] {dag.py:2915} INFO - Sync 1 DAGs
[2023-09-21T18:29:38.574+0700] {logging_mixin.py:151} INFO - [2023-09-21T18:29:38.574+0700] {dag.py:3696} INFO - Setting next_dagrun for example_sensors to None, run_after=None
[2023-09-21T18:29:38.601+0700] {processor.py:179} INFO - Processing /home/airflow/.local/lib/python3.8/site-packages/airflow/example_dags/example_sensors.py took 0.081 seconds
[2023-09-21T18:30:08.974+0700] {processor.py:157} INFO - Started process (PID=104) to work on /home/airflow/.local/lib/python3.8/site-packages/airflow/example_dags/example_sensors.py
[2023-09-21T18:30:08.975+0700] {processor.py:829} INFO - Processing file /home/airflow/.local/lib/python3.8/site-packages/airflow/example_dags/example_sensors.py for tasks to queue
[2023-09-21T18:30:08.977+0700] {logging_mixin.py:151} INFO - [2023-09-21T18:30:08.977+0700] {dagbag.py:539} INFO - Filling up the DagBag from /home/airflow/.local/lib/python3.8/site-packages/airflow/example_dags/example_sensors.py
[2023-09-21T18:30:08.984+0700] {processor.py:839} INFO - DAG(s) dict_keys(['example_sensors']) retrieved from /home/airflow/.local/lib/python3.8/site-packages/airflow/example_dags/example_sensors.py
[2023-09-21T18:30:09.005+0700] {logging_mixin.py:151} INFO - [2023-09-21T18:30:09.005+0700] {dag.py:2915} INFO - Sync 1 DAGs
[2023-09-21T18:30:09.015+0700] {logging_mixin.py:151} INFO - [2023-09-21T18:30:09.015+0700] {dag.py:3696} INFO - Setting next_dagrun for example_sensors to None, run_after=None
[2023-09-21T18:30:09.029+0700] {processor.py:179} INFO - Processing /home/airflow/.local/lib/python3.8/site-packages/airflow/example_dags/example_sensors.py took 0.059 seconds
[2023-09-21T18:32:31.801+0700] {processor.py:157} INFO - Started process (PID=51) to work on /home/airflow/.local/lib/python3.8/site-packages/airflow/example_dags/example_sensors.py
[2023-09-21T18:32:31.806+0700] {processor.py:829} INFO - Processing file /home/airflow/.local/lib/python3.8/site-packages/airflow/example_dags/example_sensors.py for tasks to queue
[2023-09-21T18:32:31.808+0700] {logging_mixin.py:151} INFO - [2023-09-21T18:32:31.808+0700] {dagbag.py:539} INFO - Filling up the DagBag from /home/airflow/.local/lib/python3.8/site-packages/airflow/example_dags/example_sensors.py
[2023-09-21T18:32:31.815+0700] {processor.py:839} INFO - DAG(s) dict_keys(['example_sensors']) retrieved from /home/airflow/.local/lib/python3.8/site-packages/airflow/example_dags/example_sensors.py
[2023-09-21T18:32:31.829+0700] {logging_mixin.py:151} INFO - [2023-09-21T18:32:31.829+0700] {dag.py:2915} INFO - Sync 1 DAGs
[2023-09-21T18:32:31.839+0700] {logging_mixin.py:151} INFO - [2023-09-21T18:32:31.839+0700] {dag.py:3696} INFO - Setting next_dagrun for example_sensors to None, run_after=None
[2023-09-21T18:32:31.853+0700] {processor.py:179} INFO - Processing /home/airflow/.local/lib/python3.8/site-packages/airflow/example_dags/example_sensors.py took 0.055 seconds
