[2023-09-21T10:40:06.922+0000] {processor.py:157} INFO - Started process (PID=54) to work on /home/airflow/.local/lib/python3.8/site-packages/airflow/example_dags/example_dynamic_task_mapping_with_no_taskflow_operators.py
[2023-09-21T10:40:06.924+0000] {processor.py:829} INFO - Processing file /home/airflow/.local/lib/python3.8/site-packages/airflow/example_dags/example_dynamic_task_mapping_with_no_taskflow_operators.py for tasks to queue
[2023-09-21T10:40:06.926+0000] {logging_mixin.py:151} INFO - [2023-09-21T10:40:06.926+0000] {dagbag.py:539} INFO - Filling up the DagBag from /home/airflow/.local/lib/python3.8/site-packages/airflow/example_dags/example_dynamic_task_mapping_with_no_taskflow_operators.py
[2023-09-21T10:40:06.933+0000] {processor.py:839} INFO - DAG(s) dict_keys(['example_dynamic_task_mapping_with_no_taskflow_operators']) retrieved from /home/airflow/.local/lib/python3.8/site-packages/airflow/example_dags/example_dynamic_task_mapping_with_no_taskflow_operators.py
[2023-09-21T10:40:06.952+0000] {logging_mixin.py:151} INFO - [2023-09-21T10:40:06.952+0000] {dag.py:2915} INFO - Sync 1 DAGs
[2023-09-21T10:40:06.977+0000] {logging_mixin.py:151} INFO - [2023-09-21T10:40:06.977+0000] {dag.py:3696} INFO - Setting next_dagrun for example_dynamic_task_mapping_with_no_taskflow_operators to 2023-09-20T10:40:06.977047+00:00, run_after=2023-09-21T10:40:06.977047+00:00
[2023-09-21T10:40:06.996+0000] {processor.py:179} INFO - Processing /home/airflow/.local/lib/python3.8/site-packages/airflow/example_dags/example_dynamic_task_mapping_with_no_taskflow_operators.py took 0.077 seconds
[2023-09-21T10:40:37.393+0000] {processor.py:157} INFO - Started process (PID=108) to work on /home/airflow/.local/lib/python3.8/site-packages/airflow/example_dags/example_dynamic_task_mapping_with_no_taskflow_operators.py
[2023-09-21T10:40:37.394+0000] {processor.py:829} INFO - Processing file /home/airflow/.local/lib/python3.8/site-packages/airflow/example_dags/example_dynamic_task_mapping_with_no_taskflow_operators.py for tasks to queue
[2023-09-21T10:40:37.396+0000] {logging_mixin.py:151} INFO - [2023-09-21T10:40:37.396+0000] {dagbag.py:539} INFO - Filling up the DagBag from /home/airflow/.local/lib/python3.8/site-packages/airflow/example_dags/example_dynamic_task_mapping_with_no_taskflow_operators.py
[2023-09-21T10:40:37.401+0000] {processor.py:839} INFO - DAG(s) dict_keys(['example_dynamic_task_mapping_with_no_taskflow_operators']) retrieved from /home/airflow/.local/lib/python3.8/site-packages/airflow/example_dags/example_dynamic_task_mapping_with_no_taskflow_operators.py
[2023-09-21T10:40:37.417+0000] {logging_mixin.py:151} INFO - [2023-09-21T10:40:37.417+0000] {dag.py:2915} INFO - Sync 1 DAGs
[2023-09-21T10:40:37.430+0000] {logging_mixin.py:151} INFO - [2023-09-21T10:40:37.430+0000] {dag.py:3696} INFO - Setting next_dagrun for example_dynamic_task_mapping_with_no_taskflow_operators to 2023-09-20T10:40:37.430036+00:00, run_after=2023-09-21T10:40:37.430036+00:00
[2023-09-21T10:40:37.442+0000] {processor.py:179} INFO - Processing /home/airflow/.local/lib/python3.8/site-packages/airflow/example_dags/example_dynamic_task_mapping_with_no_taskflow_operators.py took 0.051 seconds
[2023-09-21T11:16:32.525+0000] {processor.py:157} INFO - Started process (PID=54) to work on /home/airflow/.local/lib/python3.8/site-packages/airflow/example_dags/example_dynamic_task_mapping_with_no_taskflow_operators.py
[2023-09-21T11:16:32.526+0000] {processor.py:829} INFO - Processing file /home/airflow/.local/lib/python3.8/site-packages/airflow/example_dags/example_dynamic_task_mapping_with_no_taskflow_operators.py for tasks to queue
[2023-09-21T11:16:32.528+0000] {logging_mixin.py:151} INFO - [2023-09-21T11:16:32.528+0000] {dagbag.py:539} INFO - Filling up the DagBag from /home/airflow/.local/lib/python3.8/site-packages/airflow/example_dags/example_dynamic_task_mapping_with_no_taskflow_operators.py
[2023-09-21T11:16:32.537+0000] {processor.py:839} INFO - DAG(s) dict_keys(['example_dynamic_task_mapping_with_no_taskflow_operators']) retrieved from /home/airflow/.local/lib/python3.8/site-packages/airflow/example_dags/example_dynamic_task_mapping_with_no_taskflow_operators.py
[2023-09-21T11:16:32.558+0000] {logging_mixin.py:151} INFO - [2023-09-21T11:16:32.558+0000] {dag.py:2915} INFO - Sync 1 DAGs
[2023-09-21T11:16:32.584+0000] {logging_mixin.py:151} INFO - [2023-09-21T11:16:32.584+0000] {dag.py:3696} INFO - Setting next_dagrun for example_dynamic_task_mapping_with_no_taskflow_operators to 2023-09-20T11:16:32.584434+00:00, run_after=2023-09-21T11:16:32.584434+00:00
[2023-09-21T11:16:32.602+0000] {processor.py:179} INFO - Processing /home/airflow/.local/lib/python3.8/site-packages/airflow/example_dags/example_dynamic_task_mapping_with_no_taskflow_operators.py took 0.086 seconds
[2023-09-21T11:17:03.257+0000] {processor.py:157} INFO - Started process (PID=107) to work on /home/airflow/.local/lib/python3.8/site-packages/airflow/example_dags/example_dynamic_task_mapping_with_no_taskflow_operators.py
[2023-09-21T11:17:03.258+0000] {processor.py:829} INFO - Processing file /home/airflow/.local/lib/python3.8/site-packages/airflow/example_dags/example_dynamic_task_mapping_with_no_taskflow_operators.py for tasks to queue
[2023-09-21T11:17:03.260+0000] {logging_mixin.py:151} INFO - [2023-09-21T11:17:03.259+0000] {dagbag.py:539} INFO - Filling up the DagBag from /home/airflow/.local/lib/python3.8/site-packages/airflow/example_dags/example_dynamic_task_mapping_with_no_taskflow_operators.py
[2023-09-21T11:17:03.264+0000] {processor.py:839} INFO - DAG(s) dict_keys(['example_dynamic_task_mapping_with_no_taskflow_operators']) retrieved from /home/airflow/.local/lib/python3.8/site-packages/airflow/example_dags/example_dynamic_task_mapping_with_no_taskflow_operators.py
[2023-09-21T11:17:03.281+0000] {logging_mixin.py:151} INFO - [2023-09-21T11:17:03.280+0000] {dag.py:2915} INFO - Sync 1 DAGs
[2023-09-21T11:17:03.295+0000] {logging_mixin.py:151} INFO - [2023-09-21T11:17:03.295+0000] {dag.py:3696} INFO - Setting next_dagrun for example_dynamic_task_mapping_with_no_taskflow_operators to 2023-09-20T11:17:03.295175+00:00, run_after=2023-09-21T11:17:03.295175+00:00
[2023-09-21T11:17:03.307+0000] {processor.py:179} INFO - Processing /home/airflow/.local/lib/python3.8/site-packages/airflow/example_dags/example_dynamic_task_mapping_with_no_taskflow_operators.py took 0.052 seconds
[2023-09-21T11:17:33.419+0000] {processor.py:157} INFO - Started process (PID=161) to work on /home/airflow/.local/lib/python3.8/site-packages/airflow/example_dags/example_dynamic_task_mapping_with_no_taskflow_operators.py
[2023-09-21T11:17:33.420+0000] {processor.py:829} INFO - Processing file /home/airflow/.local/lib/python3.8/site-packages/airflow/example_dags/example_dynamic_task_mapping_with_no_taskflow_operators.py for tasks to queue
[2023-09-21T11:17:33.422+0000] {logging_mixin.py:151} INFO - [2023-09-21T11:17:33.422+0000] {dagbag.py:539} INFO - Filling up the DagBag from /home/airflow/.local/lib/python3.8/site-packages/airflow/example_dags/example_dynamic_task_mapping_with_no_taskflow_operators.py
[2023-09-21T11:17:33.427+0000] {processor.py:839} INFO - DAG(s) dict_keys(['example_dynamic_task_mapping_with_no_taskflow_operators']) retrieved from /home/airflow/.local/lib/python3.8/site-packages/airflow/example_dags/example_dynamic_task_mapping_with_no_taskflow_operators.py
[2023-09-21T11:17:33.444+0000] {logging_mixin.py:151} INFO - [2023-09-21T11:17:33.444+0000] {dag.py:2915} INFO - Sync 1 DAGs
[2023-09-21T11:17:33.458+0000] {logging_mixin.py:151} INFO - [2023-09-21T11:17:33.458+0000] {dag.py:3696} INFO - Setting next_dagrun for example_dynamic_task_mapping_with_no_taskflow_operators to 2023-09-20T11:17:33.458370+00:00, run_after=2023-09-21T11:17:33.458370+00:00
[2023-09-21T11:17:33.469+0000] {processor.py:179} INFO - Processing /home/airflow/.local/lib/python3.8/site-packages/airflow/example_dags/example_dynamic_task_mapping_with_no_taskflow_operators.py took 0.052 seconds
[2023-09-21T11:18:03.705+0000] {processor.py:157} INFO - Started process (PID=215) to work on /home/airflow/.local/lib/python3.8/site-packages/airflow/example_dags/example_dynamic_task_mapping_with_no_taskflow_operators.py
[2023-09-21T11:18:03.716+0000] {processor.py:829} INFO - Processing file /home/airflow/.local/lib/python3.8/site-packages/airflow/example_dags/example_dynamic_task_mapping_with_no_taskflow_operators.py for tasks to queue
[2023-09-21T11:18:03.720+0000] {logging_mixin.py:151} INFO - [2023-09-21T11:18:03.720+0000] {dagbag.py:539} INFO - Filling up the DagBag from /home/airflow/.local/lib/python3.8/site-packages/airflow/example_dags/example_dynamic_task_mapping_with_no_taskflow_operators.py
[2023-09-21T11:18:03.726+0000] {processor.py:839} INFO - DAG(s) dict_keys(['example_dynamic_task_mapping_with_no_taskflow_operators']) retrieved from /home/airflow/.local/lib/python3.8/site-packages/airflow/example_dags/example_dynamic_task_mapping_with_no_taskflow_operators.py
[2023-09-21T11:18:03.750+0000] {logging_mixin.py:151} INFO - [2023-09-21T11:18:03.750+0000] {dag.py:2915} INFO - Sync 1 DAGs
[2023-09-21T11:18:03.767+0000] {logging_mixin.py:151} INFO - [2023-09-21T11:18:03.767+0000] {dag.py:3696} INFO - Setting next_dagrun for example_dynamic_task_mapping_with_no_taskflow_operators to 2023-09-20T11:18:03.767156+00:00, run_after=2023-09-21T11:18:03.767156+00:00
[2023-09-21T11:18:03.778+0000] {processor.py:179} INFO - Processing /home/airflow/.local/lib/python3.8/site-packages/airflow/example_dags/example_dynamic_task_mapping_with_no_taskflow_operators.py took 0.076 seconds
[2023-09-21T18:29:38.763+0700] {processor.py:157} INFO - Started process (PID=54) to work on /home/airflow/.local/lib/python3.8/site-packages/airflow/example_dags/example_dynamic_task_mapping_with_no_taskflow_operators.py
[2023-09-21T18:29:38.764+0700] {processor.py:829} INFO - Processing file /home/airflow/.local/lib/python3.8/site-packages/airflow/example_dags/example_dynamic_task_mapping_with_no_taskflow_operators.py for tasks to queue
[2023-09-21T18:29:38.767+0700] {logging_mixin.py:151} INFO - [2023-09-21T18:29:38.767+0700] {dagbag.py:539} INFO - Filling up the DagBag from /home/airflow/.local/lib/python3.8/site-packages/airflow/example_dags/example_dynamic_task_mapping_with_no_taskflow_operators.py
[2023-09-21T18:29:38.776+0700] {processor.py:839} INFO - DAG(s) dict_keys(['example_dynamic_task_mapping_with_no_taskflow_operators']) retrieved from /home/airflow/.local/lib/python3.8/site-packages/airflow/example_dags/example_dynamic_task_mapping_with_no_taskflow_operators.py
[2023-09-21T18:29:38.788+0700] {logging_mixin.py:151} INFO - [2023-09-21T18:29:38.788+0700] {dag.py:2915} INFO - Sync 1 DAGs
[2023-09-21T18:29:38.804+0700] {logging_mixin.py:151} INFO - [2023-09-21T18:29:38.804+0700] {dag.py:3696} INFO - Setting next_dagrun for example_dynamic_task_mapping_with_no_taskflow_operators to 2023-09-20T11:29:38.804000+00:00, run_after=2023-09-21T11:29:38.804000+00:00
[2023-09-21T18:29:38.817+0700] {processor.py:179} INFO - Processing /home/airflow/.local/lib/python3.8/site-packages/airflow/example_dags/example_dynamic_task_mapping_with_no_taskflow_operators.py took 0.059 seconds
[2023-09-21T18:30:09.148+0700] {processor.py:157} INFO - Started process (PID=108) to work on /home/airflow/.local/lib/python3.8/site-packages/airflow/example_dags/example_dynamic_task_mapping_with_no_taskflow_operators.py
[2023-09-21T18:30:09.149+0700] {processor.py:829} INFO - Processing file /home/airflow/.local/lib/python3.8/site-packages/airflow/example_dags/example_dynamic_task_mapping_with_no_taskflow_operators.py for tasks to queue
[2023-09-21T18:30:09.151+0700] {logging_mixin.py:151} INFO - [2023-09-21T18:30:09.151+0700] {dagbag.py:539} INFO - Filling up the DagBag from /home/airflow/.local/lib/python3.8/site-packages/airflow/example_dags/example_dynamic_task_mapping_with_no_taskflow_operators.py
[2023-09-21T18:30:09.157+0700] {processor.py:839} INFO - DAG(s) dict_keys(['example_dynamic_task_mapping_with_no_taskflow_operators']) retrieved from /home/airflow/.local/lib/python3.8/site-packages/airflow/example_dags/example_dynamic_task_mapping_with_no_taskflow_operators.py
[2023-09-21T18:30:09.177+0700] {logging_mixin.py:151} INFO - [2023-09-21T18:30:09.176+0700] {dag.py:2915} INFO - Sync 1 DAGs
[2023-09-21T18:30:09.193+0700] {logging_mixin.py:151} INFO - [2023-09-21T18:30:09.193+0700] {dag.py:3696} INFO - Setting next_dagrun for example_dynamic_task_mapping_with_no_taskflow_operators to 2023-09-20T11:30:09.192805+00:00, run_after=2023-09-21T11:30:09.192805+00:00
[2023-09-21T18:30:09.208+0700] {processor.py:179} INFO - Processing /home/airflow/.local/lib/python3.8/site-packages/airflow/example_dags/example_dynamic_task_mapping_with_no_taskflow_operators.py took 0.063 seconds
[2023-09-21T18:32:32.004+0700] {processor.py:157} INFO - Started process (PID=55) to work on /home/airflow/.local/lib/python3.8/site-packages/airflow/example_dags/example_dynamic_task_mapping_with_no_taskflow_operators.py
[2023-09-21T18:32:32.005+0700] {processor.py:829} INFO - Processing file /home/airflow/.local/lib/python3.8/site-packages/airflow/example_dags/example_dynamic_task_mapping_with_no_taskflow_operators.py for tasks to queue
[2023-09-21T18:32:32.008+0700] {logging_mixin.py:151} INFO - [2023-09-21T18:32:32.007+0700] {dagbag.py:539} INFO - Filling up the DagBag from /home/airflow/.local/lib/python3.8/site-packages/airflow/example_dags/example_dynamic_task_mapping_with_no_taskflow_operators.py
[2023-09-21T18:32:32.015+0700] {processor.py:839} INFO - DAG(s) dict_keys(['example_dynamic_task_mapping_with_no_taskflow_operators']) retrieved from /home/airflow/.local/lib/python3.8/site-packages/airflow/example_dags/example_dynamic_task_mapping_with_no_taskflow_operators.py
[2023-09-21T18:32:32.031+0700] {logging_mixin.py:151} INFO - [2023-09-21T18:32:32.031+0700] {dag.py:2915} INFO - Sync 1 DAGs
[2023-09-21T18:32:32.056+0700] {logging_mixin.py:151} INFO - [2023-09-21T18:32:32.056+0700] {dag.py:3696} INFO - Setting next_dagrun for example_dynamic_task_mapping_with_no_taskflow_operators to 2023-09-20T11:32:32.056376+00:00, run_after=2023-09-21T11:32:32.056376+00:00
[2023-09-21T18:32:32.078+0700] {processor.py:179} INFO - Processing /home/airflow/.local/lib/python3.8/site-packages/airflow/example_dags/example_dynamic_task_mapping_with_no_taskflow_operators.py took 0.078 seconds
