[2023-09-21T10:40:05.474+0000] {processor.py:157} INFO - Started process (PID=36) to work on /home/airflow/.local/lib/python3.8/site-packages/airflow/example_dags/example_branch_labels.py
[2023-09-21T10:40:05.475+0000] {processor.py:829} INFO - Processing file /home/airflow/.local/lib/python3.8/site-packages/airflow/example_dags/example_branch_labels.py for tasks to queue
[2023-09-21T10:40:05.477+0000] {logging_mixin.py:151} INFO - [2023-09-21T10:40:05.477+0000] {dagbag.py:539} INFO - Filling up the DagBag from /home/airflow/.local/lib/python3.8/site-packages/airflow/example_dags/example_branch_labels.py
[2023-09-21T10:40:05.484+0000] {processor.py:839} INFO - DAG(s) dict_keys(['example_branch_labels']) retrieved from /home/airflow/.local/lib/python3.8/site-packages/airflow/example_dags/example_branch_labels.py
[2023-09-21T10:40:05.498+0000] {logging_mixin.py:151} INFO - [2023-09-21T10:40:05.498+0000] {dag.py:2915} INFO - Sync 1 DAGs
[2023-09-21T10:40:05.514+0000] {logging_mixin.py:151} INFO - [2023-09-21T10:40:05.514+0000] {dag.py:3696} INFO - Setting next_dagrun for example_branch_labels to 2023-09-20T00:00:00+00:00, run_after=2023-09-21T00:00:00+00:00
[2023-09-21T10:40:05.530+0000] {processor.py:179} INFO - Processing /home/airflow/.local/lib/python3.8/site-packages/airflow/example_dags/example_branch_labels.py took 0.059 seconds
[2023-09-21T10:40:36.481+0000] {processor.py:157} INFO - Started process (PID=90) to work on /home/airflow/.local/lib/python3.8/site-packages/airflow/example_dags/example_branch_labels.py
[2023-09-21T10:40:36.483+0000] {processor.py:829} INFO - Processing file /home/airflow/.local/lib/python3.8/site-packages/airflow/example_dags/example_branch_labels.py for tasks to queue
[2023-09-21T10:40:36.484+0000] {logging_mixin.py:151} INFO - [2023-09-21T10:40:36.484+0000] {dagbag.py:539} INFO - Filling up the DagBag from /home/airflow/.local/lib/python3.8/site-packages/airflow/example_dags/example_branch_labels.py
[2023-09-21T10:40:36.490+0000] {processor.py:839} INFO - DAG(s) dict_keys(['example_branch_labels']) retrieved from /home/airflow/.local/lib/python3.8/site-packages/airflow/example_dags/example_branch_labels.py
[2023-09-21T10:40:36.507+0000] {logging_mixin.py:151} INFO - [2023-09-21T10:40:36.507+0000] {dag.py:2915} INFO - Sync 1 DAGs
[2023-09-21T10:40:36.521+0000] {logging_mixin.py:151} INFO - [2023-09-21T10:40:36.520+0000] {dag.py:3696} INFO - Setting next_dagrun for example_branch_labels to 2023-09-20T00:00:00+00:00, run_after=2023-09-21T00:00:00+00:00
[2023-09-21T10:40:36.531+0000] {processor.py:179} INFO - Processing /home/airflow/.local/lib/python3.8/site-packages/airflow/example_dags/example_branch_labels.py took 0.052 seconds
[2023-09-21T11:16:31.307+0000] {processor.py:157} INFO - Started process (PID=36) to work on /home/airflow/.local/lib/python3.8/site-packages/airflow/example_dags/example_branch_labels.py
[2023-09-21T11:16:31.308+0000] {processor.py:829} INFO - Processing file /home/airflow/.local/lib/python3.8/site-packages/airflow/example_dags/example_branch_labels.py for tasks to queue
[2023-09-21T11:16:31.311+0000] {logging_mixin.py:151} INFO - [2023-09-21T11:16:31.310+0000] {dagbag.py:539} INFO - Filling up the DagBag from /home/airflow/.local/lib/python3.8/site-packages/airflow/example_dags/example_branch_labels.py
[2023-09-21T11:16:31.321+0000] {processor.py:839} INFO - DAG(s) dict_keys(['example_branch_labels']) retrieved from /home/airflow/.local/lib/python3.8/site-packages/airflow/example_dags/example_branch_labels.py
[2023-09-21T11:16:31.333+0000] {logging_mixin.py:151} INFO - [2023-09-21T11:16:31.333+0000] {dag.py:2915} INFO - Sync 1 DAGs
[2023-09-21T11:16:31.357+0000] {logging_mixin.py:151} INFO - [2023-09-21T11:16:31.357+0000] {dag.py:3696} INFO - Setting next_dagrun for example_branch_labels to 2023-09-20T00:00:00+00:00, run_after=2023-09-21T00:00:00+00:00
[2023-09-21T11:16:31.370+0000] {processor.py:179} INFO - Processing /home/airflow/.local/lib/python3.8/site-packages/airflow/example_dags/example_branch_labels.py took 0.067 seconds
[2023-09-21T11:17:02.372+0000] {processor.py:157} INFO - Started process (PID=89) to work on /home/airflow/.local/lib/python3.8/site-packages/airflow/example_dags/example_branch_labels.py
[2023-09-21T11:17:02.374+0000] {processor.py:829} INFO - Processing file /home/airflow/.local/lib/python3.8/site-packages/airflow/example_dags/example_branch_labels.py for tasks to queue
[2023-09-21T11:17:02.375+0000] {logging_mixin.py:151} INFO - [2023-09-21T11:17:02.375+0000] {dagbag.py:539} INFO - Filling up the DagBag from /home/airflow/.local/lib/python3.8/site-packages/airflow/example_dags/example_branch_labels.py
[2023-09-21T11:17:02.381+0000] {processor.py:839} INFO - DAG(s) dict_keys(['example_branch_labels']) retrieved from /home/airflow/.local/lib/python3.8/site-packages/airflow/example_dags/example_branch_labels.py
[2023-09-21T11:17:02.399+0000] {logging_mixin.py:151} INFO - [2023-09-21T11:17:02.399+0000] {dag.py:2915} INFO - Sync 1 DAGs
[2023-09-21T11:17:02.412+0000] {logging_mixin.py:151} INFO - [2023-09-21T11:17:02.412+0000] {dag.py:3696} INFO - Setting next_dagrun for example_branch_labels to 2023-09-20T00:00:00+00:00, run_after=2023-09-21T00:00:00+00:00
[2023-09-21T11:17:02.424+0000] {processor.py:179} INFO - Processing /home/airflow/.local/lib/python3.8/site-packages/airflow/example_dags/example_branch_labels.py took 0.054 seconds
[2023-09-21T11:17:32.641+0000] {processor.py:157} INFO - Started process (PID=143) to work on /home/airflow/.local/lib/python3.8/site-packages/airflow/example_dags/example_branch_labels.py
[2023-09-21T11:17:32.642+0000] {processor.py:829} INFO - Processing file /home/airflow/.local/lib/python3.8/site-packages/airflow/example_dags/example_branch_labels.py for tasks to queue
[2023-09-21T11:17:32.644+0000] {logging_mixin.py:151} INFO - [2023-09-21T11:17:32.643+0000] {dagbag.py:539} INFO - Filling up the DagBag from /home/airflow/.local/lib/python3.8/site-packages/airflow/example_dags/example_branch_labels.py
[2023-09-21T11:17:32.650+0000] {processor.py:839} INFO - DAG(s) dict_keys(['example_branch_labels']) retrieved from /home/airflow/.local/lib/python3.8/site-packages/airflow/example_dags/example_branch_labels.py
[2023-09-21T11:17:32.668+0000] {logging_mixin.py:151} INFO - [2023-09-21T11:17:32.668+0000] {dag.py:2915} INFO - Sync 1 DAGs
[2023-09-21T11:17:32.684+0000] {logging_mixin.py:151} INFO - [2023-09-21T11:17:32.684+0000] {dag.py:3696} INFO - Setting next_dagrun for example_branch_labels to 2023-09-20T00:00:00+00:00, run_after=2023-09-21T00:00:00+00:00
[2023-09-21T11:17:32.696+0000] {processor.py:179} INFO - Processing /home/airflow/.local/lib/python3.8/site-packages/airflow/example_dags/example_branch_labels.py took 0.058 seconds
[2023-09-21T11:18:02.965+0000] {processor.py:157} INFO - Started process (PID=197) to work on /home/airflow/.local/lib/python3.8/site-packages/airflow/example_dags/example_branch_labels.py
[2023-09-21T11:18:02.966+0000] {processor.py:829} INFO - Processing file /home/airflow/.local/lib/python3.8/site-packages/airflow/example_dags/example_branch_labels.py for tasks to queue
[2023-09-21T11:18:02.968+0000] {logging_mixin.py:151} INFO - [2023-09-21T11:18:02.968+0000] {dagbag.py:539} INFO - Filling up the DagBag from /home/airflow/.local/lib/python3.8/site-packages/airflow/example_dags/example_branch_labels.py
[2023-09-21T11:18:02.974+0000] {processor.py:839} INFO - DAG(s) dict_keys(['example_branch_labels']) retrieved from /home/airflow/.local/lib/python3.8/site-packages/airflow/example_dags/example_branch_labels.py
[2023-09-21T11:18:02.992+0000] {logging_mixin.py:151} INFO - [2023-09-21T11:18:02.992+0000] {dag.py:2915} INFO - Sync 1 DAGs
[2023-09-21T11:18:03.007+0000] {logging_mixin.py:151} INFO - [2023-09-21T11:18:03.007+0000] {dag.py:3696} INFO - Setting next_dagrun for example_branch_labels to 2023-09-20T00:00:00+00:00, run_after=2023-09-21T00:00:00+00:00
[2023-09-21T11:18:03.018+0000] {processor.py:179} INFO - Processing /home/airflow/.local/lib/python3.8/site-packages/airflow/example_dags/example_branch_labels.py took 0.056 seconds
[2023-09-21T11:18:33.087+0000] {processor.py:157} INFO - Started process (PID=250) to work on /home/airflow/.local/lib/python3.8/site-packages/airflow/example_dags/example_branch_labels.py
[2023-09-21T11:18:33.088+0000] {processor.py:829} INFO - Processing file /home/airflow/.local/lib/python3.8/site-packages/airflow/example_dags/example_branch_labels.py for tasks to queue
[2023-09-21T11:18:33.091+0000] {logging_mixin.py:151} INFO - [2023-09-21T11:18:33.091+0000] {dagbag.py:539} INFO - Filling up the DagBag from /home/airflow/.local/lib/python3.8/site-packages/airflow/example_dags/example_branch_labels.py
[2023-09-21T11:18:33.099+0000] {processor.py:839} INFO - DAG(s) dict_keys(['example_branch_labels']) retrieved from /home/airflow/.local/lib/python3.8/site-packages/airflow/example_dags/example_branch_labels.py
[2023-09-21T11:18:33.130+0000] {logging_mixin.py:151} INFO - [2023-09-21T11:18:33.130+0000] {dag.py:2915} INFO - Sync 1 DAGs
[2023-09-21T11:18:33.149+0000] {logging_mixin.py:151} INFO - [2023-09-21T11:18:33.149+0000] {dag.py:3696} INFO - Setting next_dagrun for example_branch_labels to 2023-09-20T00:00:00+00:00, run_after=2023-09-21T00:00:00+00:00
[2023-09-21T11:18:33.164+0000] {processor.py:179} INFO - Processing /home/airflow/.local/lib/python3.8/site-packages/airflow/example_dags/example_branch_labels.py took 0.081 seconds
[2023-09-21T18:29:37.503+0700] {processor.py:157} INFO - Started process (PID=36) to work on /home/airflow/.local/lib/python3.8/site-packages/airflow/example_dags/example_branch_labels.py
[2023-09-21T18:29:37.504+0700] {processor.py:829} INFO - Processing file /home/airflow/.local/lib/python3.8/site-packages/airflow/example_dags/example_branch_labels.py for tasks to queue
[2023-09-21T18:29:37.506+0700] {logging_mixin.py:151} INFO - [2023-09-21T18:29:37.506+0700] {dagbag.py:539} INFO - Filling up the DagBag from /home/airflow/.local/lib/python3.8/site-packages/airflow/example_dags/example_branch_labels.py
[2023-09-21T18:29:37.515+0700] {processor.py:839} INFO - DAG(s) dict_keys(['example_branch_labels']) retrieved from /home/airflow/.local/lib/python3.8/site-packages/airflow/example_dags/example_branch_labels.py
[2023-09-21T18:29:37.527+0700] {logging_mixin.py:151} INFO - [2023-09-21T18:29:37.526+0700] {dag.py:2915} INFO - Sync 1 DAGs
[2023-09-21T18:29:37.547+0700] {logging_mixin.py:151} INFO - [2023-09-21T18:29:37.547+0700] {dag.py:3696} INFO - Setting next_dagrun for example_branch_labels to 2023-09-20T00:00:00+00:00, run_after=2023-09-21T00:00:00+00:00
[2023-09-21T18:29:37.566+0700] {processor.py:179} INFO - Processing /home/airflow/.local/lib/python3.8/site-packages/airflow/example_dags/example_branch_labels.py took 0.066 seconds
[2023-09-21T18:30:08.076+0700] {processor.py:157} INFO - Started process (PID=89) to work on /home/airflow/.local/lib/python3.8/site-packages/airflow/example_dags/example_branch_labels.py
[2023-09-21T18:30:08.077+0700] {processor.py:829} INFO - Processing file /home/airflow/.local/lib/python3.8/site-packages/airflow/example_dags/example_branch_labels.py for tasks to queue
[2023-09-21T18:30:08.079+0700] {logging_mixin.py:151} INFO - [2023-09-21T18:30:08.079+0700] {dagbag.py:539} INFO - Filling up the DagBag from /home/airflow/.local/lib/python3.8/site-packages/airflow/example_dags/example_branch_labels.py
[2023-09-21T18:30:08.085+0700] {processor.py:839} INFO - DAG(s) dict_keys(['example_branch_labels']) retrieved from /home/airflow/.local/lib/python3.8/site-packages/airflow/example_dags/example_branch_labels.py
[2023-09-21T18:30:08.104+0700] {logging_mixin.py:151} INFO - [2023-09-21T18:30:08.104+0700] {dag.py:2915} INFO - Sync 1 DAGs
[2023-09-21T18:30:08.119+0700] {logging_mixin.py:151} INFO - [2023-09-21T18:30:08.118+0700] {dag.py:3696} INFO - Setting next_dagrun for example_branch_labels to 2023-09-20T00:00:00+00:00, run_after=2023-09-21T00:00:00+00:00
[2023-09-21T18:30:08.130+0700] {processor.py:179} INFO - Processing /home/airflow/.local/lib/python3.8/site-packages/airflow/example_dags/example_branch_labels.py took 0.057 seconds
[2023-09-21T18:32:30.761+0700] {processor.py:157} INFO - Started process (PID=37) to work on /home/airflow/.local/lib/python3.8/site-packages/airflow/example_dags/example_branch_labels.py
[2023-09-21T18:32:30.762+0700] {processor.py:829} INFO - Processing file /home/airflow/.local/lib/python3.8/site-packages/airflow/example_dags/example_branch_labels.py for tasks to queue
[2023-09-21T18:32:30.764+0700] {logging_mixin.py:151} INFO - [2023-09-21T18:32:30.764+0700] {dagbag.py:539} INFO - Filling up the DagBag from /home/airflow/.local/lib/python3.8/site-packages/airflow/example_dags/example_branch_labels.py
[2023-09-21T18:32:30.773+0700] {processor.py:839} INFO - DAG(s) dict_keys(['example_branch_labels']) retrieved from /home/airflow/.local/lib/python3.8/site-packages/airflow/example_dags/example_branch_labels.py
[2023-09-21T18:32:30.786+0700] {logging_mixin.py:151} INFO - [2023-09-21T18:32:30.785+0700] {dag.py:2915} INFO - Sync 1 DAGs
[2023-09-21T18:32:30.805+0700] {logging_mixin.py:151} INFO - [2023-09-21T18:32:30.805+0700] {dag.py:3696} INFO - Setting next_dagrun for example_branch_labels to 2023-09-20T00:00:00+00:00, run_after=2023-09-21T00:00:00+00:00
[2023-09-21T18:32:30.816+0700] {processor.py:179} INFO - Processing /home/airflow/.local/lib/python3.8/site-packages/airflow/example_dags/example_branch_labels.py took 0.058 seconds
