[2023-09-21T10:40:07.117+0000] {processor.py:157} INFO - Started process (PID=57) to work on /home/airflow/.local/lib/python3.8/site-packages/airflow/example_dags/example_complex.py
[2023-09-21T10:40:07.119+0000] {processor.py:829} INFO - Processing file /home/airflow/.local/lib/python3.8/site-packages/airflow/example_dags/example_complex.py for tasks to queue
[2023-09-21T10:40:07.121+0000] {logging_mixin.py:151} INFO - [2023-09-21T10:40:07.121+0000] {dagbag.py:539} INFO - Filling up the DagBag from /home/airflow/.local/lib/python3.8/site-packages/airflow/example_dags/example_complex.py
[2023-09-21T10:40:07.171+0000] {processor.py:839} INFO - DAG(s) dict_keys(['example_complex']) retrieved from /home/airflow/.local/lib/python3.8/site-packages/airflow/example_dags/example_complex.py
[2023-09-21T10:40:07.208+0000] {logging_mixin.py:151} INFO - [2023-09-21T10:40:07.208+0000] {dag.py:2915} INFO - Sync 1 DAGs
[2023-09-21T10:40:07.224+0000] {logging_mixin.py:151} INFO - [2023-09-21T10:40:07.224+0000] {dag.py:3696} INFO - Setting next_dagrun for example_complex to None, run_after=None
[2023-09-21T10:40:07.257+0000] {processor.py:179} INFO - Processing /home/airflow/.local/lib/python3.8/site-packages/airflow/example_dags/example_complex.py took 0.143 seconds
[2023-09-21T10:40:37.525+0000] {processor.py:157} INFO - Started process (PID=110) to work on /home/airflow/.local/lib/python3.8/site-packages/airflow/example_dags/example_complex.py
[2023-09-21T10:40:37.526+0000] {processor.py:829} INFO - Processing file /home/airflow/.local/lib/python3.8/site-packages/airflow/example_dags/example_complex.py for tasks to queue
[2023-09-21T10:40:37.527+0000] {logging_mixin.py:151} INFO - [2023-09-21T10:40:37.527+0000] {dagbag.py:539} INFO - Filling up the DagBag from /home/airflow/.local/lib/python3.8/site-packages/airflow/example_dags/example_complex.py
[2023-09-21T10:40:37.534+0000] {processor.py:839} INFO - DAG(s) dict_keys(['example_complex']) retrieved from /home/airflow/.local/lib/python3.8/site-packages/airflow/example_dags/example_complex.py
[2023-09-21T10:40:37.555+0000] {logging_mixin.py:151} INFO - [2023-09-21T10:40:37.555+0000] {dag.py:2915} INFO - Sync 1 DAGs
[2023-09-21T10:40:37.563+0000] {logging_mixin.py:151} INFO - [2023-09-21T10:40:37.563+0000] {dag.py:3696} INFO - Setting next_dagrun for example_complex to None, run_after=None
[2023-09-21T10:40:37.574+0000] {processor.py:179} INFO - Processing /home/airflow/.local/lib/python3.8/site-packages/airflow/example_dags/example_complex.py took 0.052 seconds
[2023-09-21T11:16:32.718+0000] {processor.py:157} INFO - Started process (PID=57) to work on /home/airflow/.local/lib/python3.8/site-packages/airflow/example_dags/example_complex.py
[2023-09-21T11:16:32.719+0000] {processor.py:829} INFO - Processing file /home/airflow/.local/lib/python3.8/site-packages/airflow/example_dags/example_complex.py for tasks to queue
[2023-09-21T11:16:32.732+0000] {logging_mixin.py:151} INFO - [2023-09-21T11:16:32.731+0000] {dagbag.py:539} INFO - Filling up the DagBag from /home/airflow/.local/lib/python3.8/site-packages/airflow/example_dags/example_complex.py
[2023-09-21T11:16:32.743+0000] {processor.py:839} INFO - DAG(s) dict_keys(['example_complex']) retrieved from /home/airflow/.local/lib/python3.8/site-packages/airflow/example_dags/example_complex.py
[2023-09-21T11:16:32.771+0000] {logging_mixin.py:151} INFO - [2023-09-21T11:16:32.771+0000] {dag.py:2915} INFO - Sync 1 DAGs
[2023-09-21T11:16:32.790+0000] {logging_mixin.py:151} INFO - [2023-09-21T11:16:32.790+0000] {dag.py:3696} INFO - Setting next_dagrun for example_complex to None, run_after=None
[2023-09-21T11:16:32.805+0000] {processor.py:179} INFO - Processing /home/airflow/.local/lib/python3.8/site-packages/airflow/example_dags/example_complex.py took 0.093 seconds
[2023-09-21T11:17:03.327+0000] {processor.py:157} INFO - Started process (PID=109) to work on /home/airflow/.local/lib/python3.8/site-packages/airflow/example_dags/example_complex.py
[2023-09-21T11:17:03.328+0000] {processor.py:829} INFO - Processing file /home/airflow/.local/lib/python3.8/site-packages/airflow/example_dags/example_complex.py for tasks to queue
[2023-09-21T11:17:03.331+0000] {logging_mixin.py:151} INFO - [2023-09-21T11:17:03.330+0000] {dagbag.py:539} INFO - Filling up the DagBag from /home/airflow/.local/lib/python3.8/site-packages/airflow/example_dags/example_complex.py
[2023-09-21T11:17:03.339+0000] {processor.py:839} INFO - DAG(s) dict_keys(['example_complex']) retrieved from /home/airflow/.local/lib/python3.8/site-packages/airflow/example_dags/example_complex.py
[2023-09-21T11:17:03.362+0000] {logging_mixin.py:151} INFO - [2023-09-21T11:17:03.362+0000] {dag.py:2915} INFO - Sync 1 DAGs
[2023-09-21T11:17:03.370+0000] {logging_mixin.py:151} INFO - [2023-09-21T11:17:03.370+0000] {dag.py:3696} INFO - Setting next_dagrun for example_complex to None, run_after=None
[2023-09-21T11:17:03.382+0000] {processor.py:179} INFO - Processing /home/airflow/.local/lib/python3.8/site-packages/airflow/example_dags/example_complex.py took 0.058 seconds
[2023-09-21T11:17:33.489+0000] {processor.py:157} INFO - Started process (PID=163) to work on /home/airflow/.local/lib/python3.8/site-packages/airflow/example_dags/example_complex.py
[2023-09-21T11:17:33.490+0000] {processor.py:829} INFO - Processing file /home/airflow/.local/lib/python3.8/site-packages/airflow/example_dags/example_complex.py for tasks to queue
[2023-09-21T11:17:33.492+0000] {logging_mixin.py:151} INFO - [2023-09-21T11:17:33.492+0000] {dagbag.py:539} INFO - Filling up the DagBag from /home/airflow/.local/lib/python3.8/site-packages/airflow/example_dags/example_complex.py
[2023-09-21T11:17:33.499+0000] {processor.py:839} INFO - DAG(s) dict_keys(['example_complex']) retrieved from /home/airflow/.local/lib/python3.8/site-packages/airflow/example_dags/example_complex.py
[2023-09-21T11:17:33.522+0000] {logging_mixin.py:151} INFO - [2023-09-21T11:17:33.522+0000] {dag.py:2915} INFO - Sync 1 DAGs
[2023-09-21T11:17:33.530+0000] {logging_mixin.py:151} INFO - [2023-09-21T11:17:33.530+0000] {dag.py:3696} INFO - Setting next_dagrun for example_complex to None, run_after=None
[2023-09-21T11:17:33.542+0000] {processor.py:179} INFO - Processing /home/airflow/.local/lib/python3.8/site-packages/airflow/example_dags/example_complex.py took 0.055 seconds
[2023-09-21T11:18:03.801+0000] {processor.py:157} INFO - Started process (PID=217) to work on /home/airflow/.local/lib/python3.8/site-packages/airflow/example_dags/example_complex.py
[2023-09-21T11:18:03.802+0000] {processor.py:829} INFO - Processing file /home/airflow/.local/lib/python3.8/site-packages/airflow/example_dags/example_complex.py for tasks to queue
[2023-09-21T11:18:03.804+0000] {logging_mixin.py:151} INFO - [2023-09-21T11:18:03.804+0000] {dagbag.py:539} INFO - Filling up the DagBag from /home/airflow/.local/lib/python3.8/site-packages/airflow/example_dags/example_complex.py
[2023-09-21T11:18:03.812+0000] {processor.py:839} INFO - DAG(s) dict_keys(['example_complex']) retrieved from /home/airflow/.local/lib/python3.8/site-packages/airflow/example_dags/example_complex.py
[2023-09-21T11:18:03.835+0000] {logging_mixin.py:151} INFO - [2023-09-21T11:18:03.835+0000] {dag.py:2915} INFO - Sync 1 DAGs
[2023-09-21T11:18:03.843+0000] {logging_mixin.py:151} INFO - [2023-09-21T11:18:03.843+0000] {dag.py:3696} INFO - Setting next_dagrun for example_complex to None, run_after=None
[2023-09-21T11:18:03.855+0000] {processor.py:179} INFO - Processing /home/airflow/.local/lib/python3.8/site-packages/airflow/example_dags/example_complex.py took 0.057 seconds
[2023-09-21T18:29:38.940+0700] {processor.py:157} INFO - Started process (PID=57) to work on /home/airflow/.local/lib/python3.8/site-packages/airflow/example_dags/example_complex.py
[2023-09-21T18:29:38.941+0700] {processor.py:829} INFO - Processing file /home/airflow/.local/lib/python3.8/site-packages/airflow/example_dags/example_complex.py for tasks to queue
[2023-09-21T18:29:38.943+0700] {logging_mixin.py:151} INFO - [2023-09-21T18:29:38.943+0700] {dagbag.py:539} INFO - Filling up the DagBag from /home/airflow/.local/lib/python3.8/site-packages/airflow/example_dags/example_complex.py
[2023-09-21T18:29:38.953+0700] {processor.py:839} INFO - DAG(s) dict_keys(['example_complex']) retrieved from /home/airflow/.local/lib/python3.8/site-packages/airflow/example_dags/example_complex.py
[2023-09-21T18:29:38.965+0700] {logging_mixin.py:151} INFO - [2023-09-21T18:29:38.965+0700] {dag.py:2915} INFO - Sync 1 DAGs
[2023-09-21T18:29:38.979+0700] {logging_mixin.py:151} INFO - [2023-09-21T18:29:38.979+0700] {dag.py:3696} INFO - Setting next_dagrun for example_complex to None, run_after=None
[2023-09-21T18:29:39.001+0700] {processor.py:179} INFO - Processing /home/airflow/.local/lib/python3.8/site-packages/airflow/example_dags/example_complex.py took 0.064 seconds
[2023-09-21T18:30:09.255+0700] {processor.py:157} INFO - Started process (PID=111) to work on /home/airflow/.local/lib/python3.8/site-packages/airflow/example_dags/example_complex.py
[2023-09-21T18:30:09.256+0700] {processor.py:829} INFO - Processing file /home/airflow/.local/lib/python3.8/site-packages/airflow/example_dags/example_complex.py for tasks to queue
[2023-09-21T18:30:09.258+0700] {logging_mixin.py:151} INFO - [2023-09-21T18:30:09.258+0700] {dagbag.py:539} INFO - Filling up the DagBag from /home/airflow/.local/lib/python3.8/site-packages/airflow/example_dags/example_complex.py
[2023-09-21T18:30:09.267+0700] {processor.py:839} INFO - DAG(s) dict_keys(['example_complex']) retrieved from /home/airflow/.local/lib/python3.8/site-packages/airflow/example_dags/example_complex.py
[2023-09-21T18:30:09.291+0700] {logging_mixin.py:151} INFO - [2023-09-21T18:30:09.291+0700] {dag.py:2915} INFO - Sync 1 DAGs
[2023-09-21T18:30:09.300+0700] {logging_mixin.py:151} INFO - [2023-09-21T18:30:09.300+0700] {dag.py:3696} INFO - Setting next_dagrun for example_complex to None, run_after=None
[2023-09-21T18:30:09.313+0700] {processor.py:179} INFO - Processing /home/airflow/.local/lib/python3.8/site-packages/airflow/example_dags/example_complex.py took 0.061 seconds
[2023-09-21T18:32:32.131+0700] {processor.py:157} INFO - Started process (PID=58) to work on /home/airflow/.local/lib/python3.8/site-packages/airflow/example_dags/example_complex.py
[2023-09-21T18:32:32.132+0700] {processor.py:829} INFO - Processing file /home/airflow/.local/lib/python3.8/site-packages/airflow/example_dags/example_complex.py for tasks to queue
[2023-09-21T18:32:32.134+0700] {logging_mixin.py:151} INFO - [2023-09-21T18:32:32.134+0700] {dagbag.py:539} INFO - Filling up the DagBag from /home/airflow/.local/lib/python3.8/site-packages/airflow/example_dags/example_complex.py
[2023-09-21T18:32:32.142+0700] {processor.py:839} INFO - DAG(s) dict_keys(['example_complex']) retrieved from /home/airflow/.local/lib/python3.8/site-packages/airflow/example_dags/example_complex.py
[2023-09-21T18:32:32.163+0700] {logging_mixin.py:151} INFO - [2023-09-21T18:32:32.163+0700] {dag.py:2915} INFO - Sync 1 DAGs
[2023-09-21T18:32:32.173+0700] {logging_mixin.py:151} INFO - [2023-09-21T18:32:32.173+0700] {dag.py:3696} INFO - Setting next_dagrun for example_complex to None, run_after=None
[2023-09-21T18:32:32.188+0700] {processor.py:179} INFO - Processing /home/airflow/.local/lib/python3.8/site-packages/airflow/example_dags/example_complex.py took 0.060 seconds
