[2023-09-21T10:40:06.783+0000] {processor.py:157} INFO - Started process (PID=51) to work on /home/airflow/.local/lib/python3.8/site-packages/airflow/example_dags/example_sensor_decorator.py
[2023-09-21T10:40:06.786+0000] {processor.py:829} INFO - Processing file /home/airflow/.local/lib/python3.8/site-packages/airflow/example_dags/example_sensor_decorator.py for tasks to queue
[2023-09-21T10:40:06.789+0000] {logging_mixin.py:151} INFO - [2023-09-21T10:40:06.789+0000] {dagbag.py:539} INFO - Filling up the DagBag from /home/airflow/.local/lib/python3.8/site-packages/airflow/example_dags/example_sensor_decorator.py
[2023-09-21T10:40:06.796+0000] {processor.py:839} INFO - DAG(s) dict_keys(['example_sensor_decorator']) retrieved from /home/airflow/.local/lib/python3.8/site-packages/airflow/example_dags/example_sensor_decorator.py
[2023-09-21T10:40:06.810+0000] {logging_mixin.py:151} INFO - [2023-09-21T10:40:06.810+0000] {dag.py:2915} INFO - Sync 1 DAGs
[2023-09-21T10:40:06.822+0000] {logging_mixin.py:151} INFO - [2023-09-21T10:40:06.822+0000] {dag.py:3696} INFO - Setting next_dagrun for example_sensor_decorator to None, run_after=None
[2023-09-21T10:40:06.842+0000] {processor.py:179} INFO - Processing /home/airflow/.local/lib/python3.8/site-packages/airflow/example_dags/example_sensor_decorator.py took 0.065 seconds
[2023-09-21T10:40:37.240+0000] {processor.py:157} INFO - Started process (PID=105) to work on /home/airflow/.local/lib/python3.8/site-packages/airflow/example_dags/example_sensor_decorator.py
[2023-09-21T10:40:37.241+0000] {processor.py:829} INFO - Processing file /home/airflow/.local/lib/python3.8/site-packages/airflow/example_dags/example_sensor_decorator.py for tasks to queue
[2023-09-21T10:40:37.243+0000] {logging_mixin.py:151} INFO - [2023-09-21T10:40:37.243+0000] {dagbag.py:539} INFO - Filling up the DagBag from /home/airflow/.local/lib/python3.8/site-packages/airflow/example_dags/example_sensor_decorator.py
[2023-09-21T10:40:37.248+0000] {processor.py:839} INFO - DAG(s) dict_keys(['example_sensor_decorator']) retrieved from /home/airflow/.local/lib/python3.8/site-packages/airflow/example_dags/example_sensor_decorator.py
[2023-09-21T10:40:37.265+0000] {logging_mixin.py:151} INFO - [2023-09-21T10:40:37.264+0000] {dag.py:2915} INFO - Sync 1 DAGs
[2023-09-21T10:40:37.273+0000] {logging_mixin.py:151} INFO - [2023-09-21T10:40:37.273+0000] {dag.py:3696} INFO - Setting next_dagrun for example_sensor_decorator to None, run_after=None
[2023-09-21T10:40:37.285+0000] {processor.py:179} INFO - Processing /home/airflow/.local/lib/python3.8/site-packages/airflow/example_dags/example_sensor_decorator.py took 0.048 seconds
[2023-09-21T11:16:32.406+0000] {processor.py:157} INFO - Started process (PID=51) to work on /home/airflow/.local/lib/python3.8/site-packages/airflow/example_dags/example_sensor_decorator.py
[2023-09-21T11:16:32.408+0000] {processor.py:829} INFO - Processing file /home/airflow/.local/lib/python3.8/site-packages/airflow/example_dags/example_sensor_decorator.py for tasks to queue
[2023-09-21T11:16:32.411+0000] {logging_mixin.py:151} INFO - [2023-09-21T11:16:32.410+0000] {dagbag.py:539} INFO - Filling up the DagBag from /home/airflow/.local/lib/python3.8/site-packages/airflow/example_dags/example_sensor_decorator.py
[2023-09-21T11:16:32.420+0000] {processor.py:839} INFO - DAG(s) dict_keys(['example_sensor_decorator']) retrieved from /home/airflow/.local/lib/python3.8/site-packages/airflow/example_dags/example_sensor_decorator.py
[2023-09-21T11:16:32.434+0000] {logging_mixin.py:151} INFO - [2023-09-21T11:16:32.434+0000] {dag.py:2915} INFO - Sync 1 DAGs
[2023-09-21T11:16:32.446+0000] {logging_mixin.py:151} INFO - [2023-09-21T11:16:32.446+0000] {dag.py:3696} INFO - Setting next_dagrun for example_sensor_decorator to None, run_after=None
[2023-09-21T11:16:32.467+0000] {processor.py:179} INFO - Processing /home/airflow/.local/lib/python3.8/site-packages/airflow/example_dags/example_sensor_decorator.py took 0.064 seconds
[2023-09-21T11:17:03.146+0000] {processor.py:157} INFO - Started process (PID=104) to work on /home/airflow/.local/lib/python3.8/site-packages/airflow/example_dags/example_sensor_decorator.py
[2023-09-21T11:17:03.147+0000] {processor.py:829} INFO - Processing file /home/airflow/.local/lib/python3.8/site-packages/airflow/example_dags/example_sensor_decorator.py for tasks to queue
[2023-09-21T11:17:03.149+0000] {logging_mixin.py:151} INFO - [2023-09-21T11:17:03.149+0000] {dagbag.py:539} INFO - Filling up the DagBag from /home/airflow/.local/lib/python3.8/site-packages/airflow/example_dags/example_sensor_decorator.py
[2023-09-21T11:17:03.154+0000] {processor.py:839} INFO - DAG(s) dict_keys(['example_sensor_decorator']) retrieved from /home/airflow/.local/lib/python3.8/site-packages/airflow/example_dags/example_sensor_decorator.py
[2023-09-21T11:17:03.171+0000] {logging_mixin.py:151} INFO - [2023-09-21T11:17:03.171+0000] {dag.py:2915} INFO - Sync 1 DAGs
[2023-09-21T11:17:03.179+0000] {logging_mixin.py:151} INFO - [2023-09-21T11:17:03.179+0000] {dag.py:3696} INFO - Setting next_dagrun for example_sensor_decorator to None, run_after=None
[2023-09-21T11:17:03.189+0000] {processor.py:179} INFO - Processing /home/airflow/.local/lib/python3.8/site-packages/airflow/example_dags/example_sensor_decorator.py took 0.045 seconds
[2023-09-21T11:17:33.327+0000] {processor.py:157} INFO - Started process (PID=158) to work on /home/airflow/.local/lib/python3.8/site-packages/airflow/example_dags/example_sensor_decorator.py
[2023-09-21T11:17:33.328+0000] {processor.py:829} INFO - Processing file /home/airflow/.local/lib/python3.8/site-packages/airflow/example_dags/example_sensor_decorator.py for tasks to queue
[2023-09-21T11:17:33.330+0000] {logging_mixin.py:151} INFO - [2023-09-21T11:17:33.329+0000] {dagbag.py:539} INFO - Filling up the DagBag from /home/airflow/.local/lib/python3.8/site-packages/airflow/example_dags/example_sensor_decorator.py
[2023-09-21T11:17:33.334+0000] {processor.py:839} INFO - DAG(s) dict_keys(['example_sensor_decorator']) retrieved from /home/airflow/.local/lib/python3.8/site-packages/airflow/example_dags/example_sensor_decorator.py
[2023-09-21T11:17:33.351+0000] {logging_mixin.py:151} INFO - [2023-09-21T11:17:33.351+0000] {dag.py:2915} INFO - Sync 1 DAGs
[2023-09-21T11:17:33.359+0000] {logging_mixin.py:151} INFO - [2023-09-21T11:17:33.359+0000] {dag.py:3696} INFO - Setting next_dagrun for example_sensor_decorator to None, run_after=None
[2023-09-21T11:17:33.371+0000] {processor.py:179} INFO - Processing /home/airflow/.local/lib/python3.8/site-packages/airflow/example_dags/example_sensor_decorator.py took 0.047 seconds
[2023-09-21T11:18:03.604+0000] {processor.py:157} INFO - Started process (PID=212) to work on /home/airflow/.local/lib/python3.8/site-packages/airflow/example_dags/example_sensor_decorator.py
[2023-09-21T11:18:03.606+0000] {processor.py:829} INFO - Processing file /home/airflow/.local/lib/python3.8/site-packages/airflow/example_dags/example_sensor_decorator.py for tasks to queue
[2023-09-21T11:18:03.607+0000] {logging_mixin.py:151} INFO - [2023-09-21T11:18:03.607+0000] {dagbag.py:539} INFO - Filling up the DagBag from /home/airflow/.local/lib/python3.8/site-packages/airflow/example_dags/example_sensor_decorator.py
[2023-09-21T11:18:03.612+0000] {processor.py:839} INFO - DAG(s) dict_keys(['example_sensor_decorator']) retrieved from /home/airflow/.local/lib/python3.8/site-packages/airflow/example_dags/example_sensor_decorator.py
[2023-09-21T11:18:03.629+0000] {logging_mixin.py:151} INFO - [2023-09-21T11:18:03.629+0000] {dag.py:2915} INFO - Sync 1 DAGs
[2023-09-21T11:18:03.637+0000] {logging_mixin.py:151} INFO - [2023-09-21T11:18:03.637+0000] {dag.py:3696} INFO - Setting next_dagrun for example_sensor_decorator to None, run_after=None
[2023-09-21T11:18:03.648+0000] {processor.py:179} INFO - Processing /home/airflow/.local/lib/python3.8/site-packages/airflow/example_dags/example_sensor_decorator.py took 0.046 seconds
[2023-09-21T18:29:38.542+0700] {processor.py:157} INFO - Started process (PID=51) to work on /home/airflow/.local/lib/python3.8/site-packages/airflow/example_dags/example_sensor_decorator.py
[2023-09-21T18:29:38.549+0700] {processor.py:829} INFO - Processing file /home/airflow/.local/lib/python3.8/site-packages/airflow/example_dags/example_sensor_decorator.py for tasks to queue
[2023-09-21T18:29:38.552+0700] {logging_mixin.py:151} INFO - [2023-09-21T18:29:38.551+0700] {dagbag.py:539} INFO - Filling up the DagBag from /home/airflow/.local/lib/python3.8/site-packages/airflow/example_dags/example_sensor_decorator.py
[2023-09-21T18:29:38.557+0700] {processor.py:839} INFO - DAG(s) dict_keys(['example_sensor_decorator']) retrieved from /home/airflow/.local/lib/python3.8/site-packages/airflow/example_dags/example_sensor_decorator.py
[2023-09-21T18:29:38.583+0700] {logging_mixin.py:151} INFO - [2023-09-21T18:29:38.583+0700] {dag.py:2915} INFO - Sync 1 DAGs
[2023-09-21T18:29:38.593+0700] {logging_mixin.py:151} INFO - [2023-09-21T18:29:38.593+0700] {dag.py:3696} INFO - Setting next_dagrun for example_sensor_decorator to None, run_after=None
[2023-09-21T18:29:38.625+0700] {processor.py:179} INFO - Processing /home/airflow/.local/lib/python3.8/site-packages/airflow/example_dags/example_sensor_decorator.py took 0.086 seconds
[2023-09-21T18:30:09.016+0700] {processor.py:157} INFO - Started process (PID=105) to work on /home/airflow/.local/lib/python3.8/site-packages/airflow/example_dags/example_sensor_decorator.py
[2023-09-21T18:30:09.017+0700] {processor.py:829} INFO - Processing file /home/airflow/.local/lib/python3.8/site-packages/airflow/example_dags/example_sensor_decorator.py for tasks to queue
[2023-09-21T18:30:09.020+0700] {logging_mixin.py:151} INFO - [2023-09-21T18:30:09.019+0700] {dagbag.py:539} INFO - Filling up the DagBag from /home/airflow/.local/lib/python3.8/site-packages/airflow/example_dags/example_sensor_decorator.py
[2023-09-21T18:30:09.025+0700] {processor.py:839} INFO - DAG(s) dict_keys(['example_sensor_decorator']) retrieved from /home/airflow/.local/lib/python3.8/site-packages/airflow/example_dags/example_sensor_decorator.py
[2023-09-21T18:30:09.045+0700] {logging_mixin.py:151} INFO - [2023-09-21T18:30:09.045+0700] {dag.py:2915} INFO - Sync 1 DAGs
[2023-09-21T18:30:09.054+0700] {logging_mixin.py:151} INFO - [2023-09-21T18:30:09.054+0700] {dag.py:3696} INFO - Setting next_dagrun for example_sensor_decorator to None, run_after=None
[2023-09-21T18:30:09.067+0700] {processor.py:179} INFO - Processing /home/airflow/.local/lib/python3.8/site-packages/airflow/example_dags/example_sensor_decorator.py took 0.054 seconds
[2023-09-21T18:32:31.846+0700] {processor.py:157} INFO - Started process (PID=52) to work on /home/airflow/.local/lib/python3.8/site-packages/airflow/example_dags/example_sensor_decorator.py
[2023-09-21T18:32:31.848+0700] {processor.py:829} INFO - Processing file /home/airflow/.local/lib/python3.8/site-packages/airflow/example_dags/example_sensor_decorator.py for tasks to queue
[2023-09-21T18:32:31.850+0700] {logging_mixin.py:151} INFO - [2023-09-21T18:32:31.849+0700] {dagbag.py:539} INFO - Filling up the DagBag from /home/airflow/.local/lib/python3.8/site-packages/airflow/example_dags/example_sensor_decorator.py
[2023-09-21T18:32:31.856+0700] {processor.py:839} INFO - DAG(s) dict_keys(['example_sensor_decorator']) retrieved from /home/airflow/.local/lib/python3.8/site-packages/airflow/example_dags/example_sensor_decorator.py
[2023-09-21T18:32:31.871+0700] {logging_mixin.py:151} INFO - [2023-09-21T18:32:31.870+0700] {dag.py:2915} INFO - Sync 1 DAGs
[2023-09-21T18:32:31.884+0700] {logging_mixin.py:151} INFO - [2023-09-21T18:32:31.884+0700] {dag.py:3696} INFO - Setting next_dagrun for example_sensor_decorator to None, run_after=None
[2023-09-21T18:32:31.898+0700] {processor.py:179} INFO - Processing /home/airflow/.local/lib/python3.8/site-packages/airflow/example_dags/example_sensor_decorator.py took 0.055 seconds
