[2023-09-21T10:40:07.469+0000] {processor.py:157} INFO - Started process (PID=59) to work on /home/airflow/.local/lib/python3.8/site-packages/airflow/example_dags/example_latest_only_with_trigger.py
[2023-09-21T10:40:07.473+0000] {processor.py:829} INFO - Processing file /home/airflow/.local/lib/python3.8/site-packages/airflow/example_dags/example_latest_only_with_trigger.py for tasks to queue
[2023-09-21T10:40:07.475+0000] {logging_mixin.py:151} INFO - [2023-09-21T10:40:07.475+0000] {dagbag.py:539} INFO - Filling up the DagBag from /home/airflow/.local/lib/python3.8/site-packages/airflow/example_dags/example_latest_only_with_trigger.py
[2023-09-21T10:40:07.483+0000] {processor.py:839} INFO - DAG(s) dict_keys(['latest_only_with_trigger']) retrieved from /home/airflow/.local/lib/python3.8/site-packages/airflow/example_dags/example_latest_only_with_trigger.py
[2023-09-21T10:40:07.502+0000] {logging_mixin.py:151} INFO - [2023-09-21T10:40:07.502+0000] {dag.py:2915} INFO - Sync 1 DAGs
[2023-09-21T10:40:07.525+0000] {logging_mixin.py:151} INFO - [2023-09-21T10:40:07.525+0000] {dag.py:3696} INFO - Setting next_dagrun for latest_only_with_trigger to 2023-09-21T06:40:07.524953+00:00, run_after=2023-09-21T10:40:07.524953+00:00
[2023-09-21T10:40:07.555+0000] {processor.py:179} INFO - Processing /home/airflow/.local/lib/python3.8/site-packages/airflow/example_dags/example_latest_only_with_trigger.py took 0.092 seconds
[2023-09-21T10:40:37.668+0000] {processor.py:157} INFO - Started process (PID=113) to work on /home/airflow/.local/lib/python3.8/site-packages/airflow/example_dags/example_latest_only_with_trigger.py
[2023-09-21T10:40:37.669+0000] {processor.py:829} INFO - Processing file /home/airflow/.local/lib/python3.8/site-packages/airflow/example_dags/example_latest_only_with_trigger.py for tasks to queue
[2023-09-21T10:40:37.671+0000] {logging_mixin.py:151} INFO - [2023-09-21T10:40:37.671+0000] {dagbag.py:539} INFO - Filling up the DagBag from /home/airflow/.local/lib/python3.8/site-packages/airflow/example_dags/example_latest_only_with_trigger.py
[2023-09-21T10:40:37.675+0000] {processor.py:839} INFO - DAG(s) dict_keys(['latest_only_with_trigger']) retrieved from /home/airflow/.local/lib/python3.8/site-packages/airflow/example_dags/example_latest_only_with_trigger.py
[2023-09-21T10:40:37.693+0000] {logging_mixin.py:151} INFO - [2023-09-21T10:40:37.693+0000] {dag.py:2915} INFO - Sync 1 DAGs
[2023-09-21T10:40:37.706+0000] {logging_mixin.py:151} INFO - [2023-09-21T10:40:37.706+0000] {dag.py:3696} INFO - Setting next_dagrun for latest_only_with_trigger to 2023-09-21T06:40:37.705969+00:00, run_after=2023-09-21T10:40:37.705969+00:00
[2023-09-21T10:40:37.718+0000] {processor.py:179} INFO - Processing /home/airflow/.local/lib/python3.8/site-packages/airflow/example_dags/example_latest_only_with_trigger.py took 0.053 seconds
[2023-09-21T11:16:32.949+0000] {processor.py:157} INFO - Started process (PID=59) to work on /home/airflow/.local/lib/python3.8/site-packages/airflow/example_dags/example_latest_only_with_trigger.py
[2023-09-21T11:16:32.950+0000] {processor.py:829} INFO - Processing file /home/airflow/.local/lib/python3.8/site-packages/airflow/example_dags/example_latest_only_with_trigger.py for tasks to queue
[2023-09-21T11:16:32.954+0000] {logging_mixin.py:151} INFO - [2023-09-21T11:16:32.954+0000] {dagbag.py:539} INFO - Filling up the DagBag from /home/airflow/.local/lib/python3.8/site-packages/airflow/example_dags/example_latest_only_with_trigger.py
[2023-09-21T11:16:32.959+0000] {processor.py:839} INFO - DAG(s) dict_keys(['latest_only_with_trigger']) retrieved from /home/airflow/.local/lib/python3.8/site-packages/airflow/example_dags/example_latest_only_with_trigger.py
[2023-09-21T11:16:32.981+0000] {logging_mixin.py:151} INFO - [2023-09-21T11:16:32.980+0000] {dag.py:2915} INFO - Sync 1 DAGs
[2023-09-21T11:16:33.000+0000] {logging_mixin.py:151} INFO - [2023-09-21T11:16:33.000+0000] {dag.py:3696} INFO - Setting next_dagrun for latest_only_with_trigger to 2023-09-21T07:16:33.000196+00:00, run_after=2023-09-21T11:16:33.000196+00:00
[2023-09-21T11:16:33.016+0000] {processor.py:179} INFO - Processing /home/airflow/.local/lib/python3.8/site-packages/airflow/example_dags/example_latest_only_with_trigger.py took 0.070 seconds
[2023-09-21T11:17:03.424+0000] {processor.py:157} INFO - Started process (PID=112) to work on /home/airflow/.local/lib/python3.8/site-packages/airflow/example_dags/example_latest_only_with_trigger.py
[2023-09-21T11:17:03.431+0000] {processor.py:829} INFO - Processing file /home/airflow/.local/lib/python3.8/site-packages/airflow/example_dags/example_latest_only_with_trigger.py for tasks to queue
[2023-09-21T11:17:03.436+0000] {logging_mixin.py:151} INFO - [2023-09-21T11:17:03.436+0000] {dagbag.py:539} INFO - Filling up the DagBag from /home/airflow/.local/lib/python3.8/site-packages/airflow/example_dags/example_latest_only_with_trigger.py
[2023-09-21T11:17:03.442+0000] {processor.py:839} INFO - DAG(s) dict_keys(['latest_only_with_trigger']) retrieved from /home/airflow/.local/lib/python3.8/site-packages/airflow/example_dags/example_latest_only_with_trigger.py
[2023-09-21T11:17:03.463+0000] {logging_mixin.py:151} INFO - [2023-09-21T11:17:03.463+0000] {dag.py:2915} INFO - Sync 1 DAGs
[2023-09-21T11:17:03.478+0000] {logging_mixin.py:151} INFO - [2023-09-21T11:17:03.478+0000] {dag.py:3696} INFO - Setting next_dagrun for latest_only_with_trigger to 2023-09-21T07:17:03.478573+00:00, run_after=2023-09-21T11:17:03.478573+00:00
[2023-09-21T11:17:03.492+0000] {processor.py:179} INFO - Processing /home/airflow/.local/lib/python3.8/site-packages/airflow/example_dags/example_latest_only_with_trigger.py took 0.071 seconds
[2023-09-21T11:17:33.563+0000] {processor.py:157} INFO - Started process (PID=165) to work on /home/airflow/.local/lib/python3.8/site-packages/airflow/example_dags/example_latest_only_with_trigger.py
[2023-09-21T11:17:33.564+0000] {processor.py:829} INFO - Processing file /home/airflow/.local/lib/python3.8/site-packages/airflow/example_dags/example_latest_only_with_trigger.py for tasks to queue
[2023-09-21T11:17:33.566+0000] {logging_mixin.py:151} INFO - [2023-09-21T11:17:33.566+0000] {dagbag.py:539} INFO - Filling up the DagBag from /home/airflow/.local/lib/python3.8/site-packages/airflow/example_dags/example_latest_only_with_trigger.py
[2023-09-21T11:17:33.571+0000] {processor.py:839} INFO - DAG(s) dict_keys(['latest_only_with_trigger']) retrieved from /home/airflow/.local/lib/python3.8/site-packages/airflow/example_dags/example_latest_only_with_trigger.py
[2023-09-21T11:17:33.589+0000] {logging_mixin.py:151} INFO - [2023-09-21T11:17:33.589+0000] {dag.py:2915} INFO - Sync 1 DAGs
[2023-09-21T11:17:33.605+0000] {logging_mixin.py:151} INFO - [2023-09-21T11:17:33.605+0000] {dag.py:3696} INFO - Setting next_dagrun for latest_only_with_trigger to 2023-09-21T07:17:33.605589+00:00, run_after=2023-09-21T11:17:33.605589+00:00
[2023-09-21T11:17:33.620+0000] {processor.py:179} INFO - Processing /home/airflow/.local/lib/python3.8/site-packages/airflow/example_dags/example_latest_only_with_trigger.py took 0.060 seconds
[2023-09-21T11:18:03.878+0000] {processor.py:157} INFO - Started process (PID=219) to work on /home/airflow/.local/lib/python3.8/site-packages/airflow/example_dags/example_latest_only_with_trigger.py
[2023-09-21T11:18:03.879+0000] {processor.py:829} INFO - Processing file /home/airflow/.local/lib/python3.8/site-packages/airflow/example_dags/example_latest_only_with_trigger.py for tasks to queue
[2023-09-21T11:18:03.880+0000] {logging_mixin.py:151} INFO - [2023-09-21T11:18:03.880+0000] {dagbag.py:539} INFO - Filling up the DagBag from /home/airflow/.local/lib/python3.8/site-packages/airflow/example_dags/example_latest_only_with_trigger.py
[2023-09-21T11:18:03.885+0000] {processor.py:839} INFO - DAG(s) dict_keys(['latest_only_with_trigger']) retrieved from /home/airflow/.local/lib/python3.8/site-packages/airflow/example_dags/example_latest_only_with_trigger.py
[2023-09-21T11:18:03.903+0000] {logging_mixin.py:151} INFO - [2023-09-21T11:18:03.903+0000] {dag.py:2915} INFO - Sync 1 DAGs
[2023-09-21T11:18:03.918+0000] {logging_mixin.py:151} INFO - [2023-09-21T11:18:03.917+0000] {dag.py:3696} INFO - Setting next_dagrun for latest_only_with_trigger to 2023-09-21T07:18:03.917726+00:00, run_after=2023-09-21T11:18:03.917726+00:00
[2023-09-21T11:18:03.930+0000] {processor.py:179} INFO - Processing /home/airflow/.local/lib/python3.8/site-packages/airflow/example_dags/example_latest_only_with_trigger.py took 0.055 seconds
[2023-09-21T18:29:39.140+0700] {processor.py:157} INFO - Started process (PID=59) to work on /home/airflow/.local/lib/python3.8/site-packages/airflow/example_dags/example_latest_only_with_trigger.py
[2023-09-21T18:29:39.141+0700] {processor.py:829} INFO - Processing file /home/airflow/.local/lib/python3.8/site-packages/airflow/example_dags/example_latest_only_with_trigger.py for tasks to queue
[2023-09-21T18:29:39.144+0700] {logging_mixin.py:151} INFO - [2023-09-21T18:29:39.143+0700] {dagbag.py:539} INFO - Filling up the DagBag from /home/airflow/.local/lib/python3.8/site-packages/airflow/example_dags/example_latest_only_with_trigger.py
[2023-09-21T18:29:39.149+0700] {processor.py:839} INFO - DAG(s) dict_keys(['latest_only_with_trigger']) retrieved from /home/airflow/.local/lib/python3.8/site-packages/airflow/example_dags/example_latest_only_with_trigger.py
[2023-09-21T18:29:39.163+0700] {logging_mixin.py:151} INFO - [2023-09-21T18:29:39.163+0700] {dag.py:2915} INFO - Sync 1 DAGs
[2023-09-21T18:29:39.187+0700] {logging_mixin.py:151} INFO - [2023-09-21T18:29:39.187+0700] {dag.py:3696} INFO - Setting next_dagrun for latest_only_with_trigger to 2023-09-21T07:29:39.187456+00:00, run_after=2023-09-21T11:29:39.187456+00:00
[2023-09-21T18:29:39.209+0700] {processor.py:179} INFO - Processing /home/airflow/.local/lib/python3.8/site-packages/airflow/example_dags/example_latest_only_with_trigger.py took 0.072 seconds
[2023-09-21T18:30:09.415+0700] {processor.py:157} INFO - Started process (PID=113) to work on /home/airflow/.local/lib/python3.8/site-packages/airflow/example_dags/example_latest_only_with_trigger.py
[2023-09-21T18:30:09.416+0700] {processor.py:829} INFO - Processing file /home/airflow/.local/lib/python3.8/site-packages/airflow/example_dags/example_latest_only_with_trigger.py for tasks to queue
[2023-09-21T18:30:09.419+0700] {logging_mixin.py:151} INFO - [2023-09-21T18:30:09.418+0700] {dagbag.py:539} INFO - Filling up the DagBag from /home/airflow/.local/lib/python3.8/site-packages/airflow/example_dags/example_latest_only_with_trigger.py
[2023-09-21T18:30:09.424+0700] {processor.py:839} INFO - DAG(s) dict_keys(['latest_only_with_trigger']) retrieved from /home/airflow/.local/lib/python3.8/site-packages/airflow/example_dags/example_latest_only_with_trigger.py
[2023-09-21T18:30:09.442+0700] {logging_mixin.py:151} INFO - [2023-09-21T18:30:09.442+0700] {dag.py:2915} INFO - Sync 1 DAGs
[2023-09-21T18:30:09.457+0700] {logging_mixin.py:151} INFO - [2023-09-21T18:30:09.457+0700] {dag.py:3696} INFO - Setting next_dagrun for latest_only_with_trigger to 2023-09-21T07:30:09.457192+00:00, run_after=2023-09-21T11:30:09.457192+00:00
[2023-09-21T18:30:09.472+0700] {processor.py:179} INFO - Processing /home/airflow/.local/lib/python3.8/site-packages/airflow/example_dags/example_latest_only_with_trigger.py took 0.060 seconds
[2023-09-21T18:32:32.315+0700] {processor.py:157} INFO - Started process (PID=60) to work on /home/airflow/.local/lib/python3.8/site-packages/airflow/example_dags/example_latest_only_with_trigger.py
[2023-09-21T18:32:32.319+0700] {processor.py:829} INFO - Processing file /home/airflow/.local/lib/python3.8/site-packages/airflow/example_dags/example_latest_only_with_trigger.py for tasks to queue
[2023-09-21T18:32:32.322+0700] {logging_mixin.py:151} INFO - [2023-09-21T18:32:32.321+0700] {dagbag.py:539} INFO - Filling up the DagBag from /home/airflow/.local/lib/python3.8/site-packages/airflow/example_dags/example_latest_only_with_trigger.py
[2023-09-21T18:32:32.330+0700] {processor.py:839} INFO - DAG(s) dict_keys(['latest_only_with_trigger']) retrieved from /home/airflow/.local/lib/python3.8/site-packages/airflow/example_dags/example_latest_only_with_trigger.py
[2023-09-21T18:32:32.348+0700] {logging_mixin.py:151} INFO - [2023-09-21T18:32:32.348+0700] {dag.py:2915} INFO - Sync 1 DAGs
[2023-09-21T18:32:32.372+0700] {logging_mixin.py:151} INFO - [2023-09-21T18:32:32.371+0700] {dag.py:3696} INFO - Setting next_dagrun for latest_only_with_trigger to 2023-09-21T07:32:32.371705+00:00, run_after=2023-09-21T11:32:32.371705+00:00
[2023-09-21T18:32:32.387+0700] {processor.py:179} INFO - Processing /home/airflow/.local/lib/python3.8/site-packages/airflow/example_dags/example_latest_only_with_trigger.py took 0.075 seconds
