[2023-09-21T10:40:05.375+0000] {processor.py:157} INFO - Started process (PID=35) to work on /home/airflow/.local/lib/python3.8/site-packages/airflow/example_dags/example_subdag_operator.py
[2023-09-21T10:40:05.376+0000] {processor.py:829} INFO - Processing file /home/airflow/.local/lib/python3.8/site-packages/airflow/example_dags/example_subdag_operator.py for tasks to queue
[2023-09-21T10:40:05.379+0000] {logging_mixin.py:151} INFO - [2023-09-21T10:40:05.378+0000] {dagbag.py:539} INFO - Filling up the DagBag from /home/airflow/.local/lib/python3.8/site-packages/airflow/example_dags/example_subdag_operator.py
[2023-09-21T10:40:05.400+0000] {processor.py:839} INFO - DAG(s) dict_keys(['example_subdag_operator.section-1', 'example_subdag_operator.section-2', 'example_subdag_operator']) retrieved from /home/airflow/.local/lib/python3.8/site-packages/airflow/example_dags/example_subdag_operator.py
[2023-09-21T10:40:05.404+0000] {logging_mixin.py:151} INFO - [2023-09-21T10:40:05.404+0000] {dag.py:2915} INFO - Sync 3 DAGs
[2023-09-21T10:40:05.421+0000] {logging_mixin.py:151} INFO - [2023-09-21T10:40:05.421+0000] {dag.py:3696} INFO - Setting next_dagrun for example_subdag_operator to 2022-01-01T00:00:00+00:00, run_after=2022-01-01T00:00:00+00:00
[2023-09-21T10:40:05.424+0000] {logging_mixin.py:151} INFO - [2023-09-21T10:40:05.424+0000] {dag.py:3696} INFO - Setting next_dagrun for example_subdag_operator.section-1 to None, run_after=None
[2023-09-21T10:40:05.426+0000] {logging_mixin.py:151} INFO - [2023-09-21T10:40:05.426+0000] {dag.py:3696} INFO - Setting next_dagrun for example_subdag_operator.section-2 to None, run_after=None
[2023-09-21T10:40:05.432+0000] {logging_mixin.py:151} INFO - [2023-09-21T10:40:05.432+0000] {dag.py:2915} INFO - Sync 2 DAGs
[2023-09-21T10:40:05.437+0000] {logging_mixin.py:151} INFO - [2023-09-21T10:40:05.437+0000] {dag.py:3696} INFO - Setting next_dagrun for example_subdag_operator.section-1 to None, run_after=None
[2023-09-21T10:40:05.438+0000] {logging_mixin.py:151} INFO - [2023-09-21T10:40:05.437+0000] {dag.py:3696} INFO - Setting next_dagrun for example_subdag_operator.section-2 to None, run_after=None
[2023-09-21T10:40:05.446+0000] {processor.py:179} INFO - Processing /home/airflow/.local/lib/python3.8/site-packages/airflow/example_dags/example_subdag_operator.py took 0.074 seconds
[2023-09-21T10:40:36.398+0000] {processor.py:157} INFO - Started process (PID=89) to work on /home/airflow/.local/lib/python3.8/site-packages/airflow/example_dags/example_subdag_operator.py
[2023-09-21T10:40:36.400+0000] {processor.py:829} INFO - Processing file /home/airflow/.local/lib/python3.8/site-packages/airflow/example_dags/example_subdag_operator.py for tasks to queue
[2023-09-21T10:40:36.402+0000] {logging_mixin.py:151} INFO - [2023-09-21T10:40:36.401+0000] {dagbag.py:539} INFO - Filling up the DagBag from /home/airflow/.local/lib/python3.8/site-packages/airflow/example_dags/example_subdag_operator.py
[2023-09-21T10:40:36.421+0000] {processor.py:839} INFO - DAG(s) dict_keys(['example_subdag_operator.section-1', 'example_subdag_operator.section-2', 'example_subdag_operator']) retrieved from /home/airflow/.local/lib/python3.8/site-packages/airflow/example_dags/example_subdag_operator.py
[2023-09-21T10:40:36.430+0000] {logging_mixin.py:151} INFO - [2023-09-21T10:40:36.430+0000] {dag.py:2915} INFO - Sync 3 DAGs
[2023-09-21T10:40:36.443+0000] {logging_mixin.py:151} INFO - [2023-09-21T10:40:36.443+0000] {dag.py:3696} INFO - Setting next_dagrun for example_subdag_operator to 2022-01-01T00:00:00+00:00, run_after=2022-01-01T00:00:00+00:00
[2023-09-21T10:40:36.446+0000] {logging_mixin.py:151} INFO - [2023-09-21T10:40:36.446+0000] {dag.py:3696} INFO - Setting next_dagrun for example_subdag_operator.section-1 to None, run_after=None
[2023-09-21T10:40:36.448+0000] {logging_mixin.py:151} INFO - [2023-09-21T10:40:36.447+0000] {dag.py:3696} INFO - Setting next_dagrun for example_subdag_operator.section-2 to None, run_after=None
[2023-09-21T10:40:36.453+0000] {logging_mixin.py:151} INFO - [2023-09-21T10:40:36.453+0000] {dag.py:2915} INFO - Sync 2 DAGs
[2023-09-21T10:40:36.457+0000] {logging_mixin.py:151} INFO - [2023-09-21T10:40:36.456+0000] {dag.py:3696} INFO - Setting next_dagrun for example_subdag_operator.section-1 to None, run_after=None
[2023-09-21T10:40:36.457+0000] {logging_mixin.py:151} INFO - [2023-09-21T10:40:36.457+0000] {dag.py:3696} INFO - Setting next_dagrun for example_subdag_operator.section-2 to None, run_after=None
[2023-09-21T10:40:36.464+0000] {processor.py:179} INFO - Processing /home/airflow/.local/lib/python3.8/site-packages/airflow/example_dags/example_subdag_operator.py took 0.068 seconds
[2023-09-21T11:16:31.191+0000] {processor.py:157} INFO - Started process (PID=35) to work on /home/airflow/.local/lib/python3.8/site-packages/airflow/example_dags/example_subdag_operator.py
[2023-09-21T11:16:31.192+0000] {processor.py:829} INFO - Processing file /home/airflow/.local/lib/python3.8/site-packages/airflow/example_dags/example_subdag_operator.py for tasks to queue
[2023-09-21T11:16:31.194+0000] {logging_mixin.py:151} INFO - [2023-09-21T11:16:31.194+0000] {dagbag.py:539} INFO - Filling up the DagBag from /home/airflow/.local/lib/python3.8/site-packages/airflow/example_dags/example_subdag_operator.py
[2023-09-21T11:16:31.215+0000] {processor.py:839} INFO - DAG(s) dict_keys(['example_subdag_operator.section-1', 'example_subdag_operator.section-2', 'example_subdag_operator']) retrieved from /home/airflow/.local/lib/python3.8/site-packages/airflow/example_dags/example_subdag_operator.py
[2023-09-21T11:16:31.222+0000] {logging_mixin.py:151} INFO - [2023-09-21T11:16:31.221+0000] {dag.py:2915} INFO - Sync 3 DAGs
[2023-09-21T11:16:31.240+0000] {logging_mixin.py:151} INFO - [2023-09-21T11:16:31.239+0000] {dag.py:3696} INFO - Setting next_dagrun for example_subdag_operator to 2022-01-01T00:00:00+00:00, run_after=2022-01-01T00:00:00+00:00
[2023-09-21T11:16:31.242+0000] {logging_mixin.py:151} INFO - [2023-09-21T11:16:31.242+0000] {dag.py:3696} INFO - Setting next_dagrun for example_subdag_operator.section-1 to None, run_after=None
[2023-09-21T11:16:31.245+0000] {logging_mixin.py:151} INFO - [2023-09-21T11:16:31.245+0000] {dag.py:3696} INFO - Setting next_dagrun for example_subdag_operator.section-2 to None, run_after=None
[2023-09-21T11:16:31.251+0000] {logging_mixin.py:151} INFO - [2023-09-21T11:16:31.251+0000] {dag.py:2915} INFO - Sync 2 DAGs
[2023-09-21T11:16:31.256+0000] {logging_mixin.py:151} INFO - [2023-09-21T11:16:31.256+0000] {dag.py:3696} INFO - Setting next_dagrun for example_subdag_operator.section-1 to None, run_after=None
[2023-09-21T11:16:31.257+0000] {logging_mixin.py:151} INFO - [2023-09-21T11:16:31.257+0000] {dag.py:3696} INFO - Setting next_dagrun for example_subdag_operator.section-2 to None, run_after=None
[2023-09-21T11:16:31.268+0000] {processor.py:179} INFO - Processing /home/airflow/.local/lib/python3.8/site-packages/airflow/example_dags/example_subdag_operator.py took 0.080 seconds
[2023-09-21T11:17:02.287+0000] {processor.py:157} INFO - Started process (PID=88) to work on /home/airflow/.local/lib/python3.8/site-packages/airflow/example_dags/example_subdag_operator.py
[2023-09-21T11:17:02.288+0000] {processor.py:829} INFO - Processing file /home/airflow/.local/lib/python3.8/site-packages/airflow/example_dags/example_subdag_operator.py for tasks to queue
[2023-09-21T11:17:02.290+0000] {logging_mixin.py:151} INFO - [2023-09-21T11:17:02.290+0000] {dagbag.py:539} INFO - Filling up the DagBag from /home/airflow/.local/lib/python3.8/site-packages/airflow/example_dags/example_subdag_operator.py
[2023-09-21T11:17:02.313+0000] {processor.py:839} INFO - DAG(s) dict_keys(['example_subdag_operator.section-1', 'example_subdag_operator.section-2', 'example_subdag_operator']) retrieved from /home/airflow/.local/lib/python3.8/site-packages/airflow/example_dags/example_subdag_operator.py
[2023-09-21T11:17:02.323+0000] {logging_mixin.py:151} INFO - [2023-09-21T11:17:02.323+0000] {dag.py:2915} INFO - Sync 3 DAGs
[2023-09-21T11:17:02.336+0000] {logging_mixin.py:151} INFO - [2023-09-21T11:17:02.336+0000] {dag.py:3696} INFO - Setting next_dagrun for example_subdag_operator to 2022-01-01T00:00:00+00:00, run_after=2022-01-01T00:00:00+00:00
[2023-09-21T11:17:02.338+0000] {logging_mixin.py:151} INFO - [2023-09-21T11:17:02.338+0000] {dag.py:3696} INFO - Setting next_dagrun for example_subdag_operator.section-1 to None, run_after=None
[2023-09-21T11:17:02.340+0000] {logging_mixin.py:151} INFO - [2023-09-21T11:17:02.340+0000] {dag.py:3696} INFO - Setting next_dagrun for example_subdag_operator.section-2 to None, run_after=None
[2023-09-21T11:17:02.344+0000] {logging_mixin.py:151} INFO - [2023-09-21T11:17:02.344+0000] {dag.py:2915} INFO - Sync 2 DAGs
[2023-09-21T11:17:02.348+0000] {logging_mixin.py:151} INFO - [2023-09-21T11:17:02.348+0000] {dag.py:3696} INFO - Setting next_dagrun for example_subdag_operator.section-1 to None, run_after=None
[2023-09-21T11:17:02.348+0000] {logging_mixin.py:151} INFO - [2023-09-21T11:17:02.348+0000] {dag.py:3696} INFO - Setting next_dagrun for example_subdag_operator.section-2 to None, run_after=None
[2023-09-21T11:17:02.355+0000] {processor.py:179} INFO - Processing /home/airflow/.local/lib/python3.8/site-packages/airflow/example_dags/example_subdag_operator.py took 0.073 seconds
[2023-09-21T11:17:32.544+0000] {processor.py:157} INFO - Started process (PID=142) to work on /home/airflow/.local/lib/python3.8/site-packages/airflow/example_dags/example_subdag_operator.py
[2023-09-21T11:17:32.546+0000] {processor.py:829} INFO - Processing file /home/airflow/.local/lib/python3.8/site-packages/airflow/example_dags/example_subdag_operator.py for tasks to queue
[2023-09-21T11:17:32.548+0000] {logging_mixin.py:151} INFO - [2023-09-21T11:17:32.548+0000] {dagbag.py:539} INFO - Filling up the DagBag from /home/airflow/.local/lib/python3.8/site-packages/airflow/example_dags/example_subdag_operator.py
[2023-09-21T11:17:32.572+0000] {processor.py:839} INFO - DAG(s) dict_keys(['example_subdag_operator.section-1', 'example_subdag_operator.section-2', 'example_subdag_operator']) retrieved from /home/airflow/.local/lib/python3.8/site-packages/airflow/example_dags/example_subdag_operator.py
[2023-09-21T11:17:32.584+0000] {logging_mixin.py:151} INFO - [2023-09-21T11:17:32.584+0000] {dag.py:2915} INFO - Sync 3 DAGs
[2023-09-21T11:17:32.600+0000] {logging_mixin.py:151} INFO - [2023-09-21T11:17:32.599+0000] {dag.py:3696} INFO - Setting next_dagrun for example_subdag_operator to 2022-01-01T00:00:00+00:00, run_after=2022-01-01T00:00:00+00:00
[2023-09-21T11:17:32.603+0000] {logging_mixin.py:151} INFO - [2023-09-21T11:17:32.603+0000] {dag.py:3696} INFO - Setting next_dagrun for example_subdag_operator.section-1 to None, run_after=None
[2023-09-21T11:17:32.604+0000] {logging_mixin.py:151} INFO - [2023-09-21T11:17:32.604+0000] {dag.py:3696} INFO - Setting next_dagrun for example_subdag_operator.section-2 to None, run_after=None
[2023-09-21T11:17:32.609+0000] {logging_mixin.py:151} INFO - [2023-09-21T11:17:32.609+0000] {dag.py:2915} INFO - Sync 2 DAGs
[2023-09-21T11:17:32.613+0000] {logging_mixin.py:151} INFO - [2023-09-21T11:17:32.613+0000] {dag.py:3696} INFO - Setting next_dagrun for example_subdag_operator.section-1 to None, run_after=None
[2023-09-21T11:17:32.614+0000] {logging_mixin.py:151} INFO - [2023-09-21T11:17:32.614+0000] {dag.py:3696} INFO - Setting next_dagrun for example_subdag_operator.section-2 to None, run_after=None
[2023-09-21T11:17:32.623+0000] {processor.py:179} INFO - Processing /home/airflow/.local/lib/python3.8/site-packages/airflow/example_dags/example_subdag_operator.py took 0.082 seconds
[2023-09-21T11:18:02.876+0000] {processor.py:157} INFO - Started process (PID=196) to work on /home/airflow/.local/lib/python3.8/site-packages/airflow/example_dags/example_subdag_operator.py
[2023-09-21T11:18:02.878+0000] {processor.py:829} INFO - Processing file /home/airflow/.local/lib/python3.8/site-packages/airflow/example_dags/example_subdag_operator.py for tasks to queue
[2023-09-21T11:18:02.880+0000] {logging_mixin.py:151} INFO - [2023-09-21T11:18:02.880+0000] {dagbag.py:539} INFO - Filling up the DagBag from /home/airflow/.local/lib/python3.8/site-packages/airflow/example_dags/example_subdag_operator.py
[2023-09-21T11:18:02.902+0000] {processor.py:839} INFO - DAG(s) dict_keys(['example_subdag_operator.section-1', 'example_subdag_operator.section-2', 'example_subdag_operator']) retrieved from /home/airflow/.local/lib/python3.8/site-packages/airflow/example_dags/example_subdag_operator.py
[2023-09-21T11:18:02.913+0000] {logging_mixin.py:151} INFO - [2023-09-21T11:18:02.913+0000] {dag.py:2915} INFO - Sync 3 DAGs
[2023-09-21T11:18:02.927+0000] {logging_mixin.py:151} INFO - [2023-09-21T11:18:02.927+0000] {dag.py:3696} INFO - Setting next_dagrun for example_subdag_operator to 2022-01-01T00:00:00+00:00, run_after=2022-01-01T00:00:00+00:00
[2023-09-21T11:18:02.930+0000] {logging_mixin.py:151} INFO - [2023-09-21T11:18:02.929+0000] {dag.py:3696} INFO - Setting next_dagrun for example_subdag_operator.section-1 to None, run_after=None
[2023-09-21T11:18:02.931+0000] {logging_mixin.py:151} INFO - [2023-09-21T11:18:02.931+0000] {dag.py:3696} INFO - Setting next_dagrun for example_subdag_operator.section-2 to None, run_after=None
[2023-09-21T11:18:02.936+0000] {logging_mixin.py:151} INFO - [2023-09-21T11:18:02.936+0000] {dag.py:2915} INFO - Sync 2 DAGs
[2023-09-21T11:18:02.940+0000] {logging_mixin.py:151} INFO - [2023-09-21T11:18:02.940+0000] {dag.py:3696} INFO - Setting next_dagrun for example_subdag_operator.section-1 to None, run_after=None
[2023-09-21T11:18:02.941+0000] {logging_mixin.py:151} INFO - [2023-09-21T11:18:02.941+0000] {dag.py:3696} INFO - Setting next_dagrun for example_subdag_operator.section-2 to None, run_after=None
[2023-09-21T11:18:02.948+0000] {processor.py:179} INFO - Processing /home/airflow/.local/lib/python3.8/site-packages/airflow/example_dags/example_subdag_operator.py took 0.075 seconds
[2023-09-21T11:18:33.081+0000] {processor.py:157} INFO - Started process (PID=249) to work on /home/airflow/.local/lib/python3.8/site-packages/airflow/example_dags/example_subdag_operator.py
[2023-09-21T11:18:33.082+0000] {processor.py:829} INFO - Processing file /home/airflow/.local/lib/python3.8/site-packages/airflow/example_dags/example_subdag_operator.py for tasks to queue
[2023-09-21T11:18:33.085+0000] {logging_mixin.py:151} INFO - [2023-09-21T11:18:33.085+0000] {dagbag.py:539} INFO - Filling up the DagBag from /home/airflow/.local/lib/python3.8/site-packages/airflow/example_dags/example_subdag_operator.py
[2023-09-21T11:18:33.118+0000] {processor.py:839} INFO - DAG(s) dict_keys(['example_subdag_operator.section-1', 'example_subdag_operator.section-2', 'example_subdag_operator']) retrieved from /home/airflow/.local/lib/python3.8/site-packages/airflow/example_dags/example_subdag_operator.py
[2023-09-21T11:18:33.138+0000] {logging_mixin.py:151} INFO - [2023-09-21T11:18:33.138+0000] {dag.py:2915} INFO - Sync 3 DAGs
[2023-09-21T11:18:33.155+0000] {logging_mixin.py:151} INFO - [2023-09-21T11:18:33.155+0000] {dag.py:3696} INFO - Setting next_dagrun for example_subdag_operator to 2022-01-01T00:00:00+00:00, run_after=2022-01-01T00:00:00+00:00
[2023-09-21T11:18:33.158+0000] {logging_mixin.py:151} INFO - [2023-09-21T11:18:33.158+0000] {dag.py:3696} INFO - Setting next_dagrun for example_subdag_operator.section-1 to None, run_after=None
[2023-09-21T11:18:33.160+0000] {logging_mixin.py:151} INFO - [2023-09-21T11:18:33.160+0000] {dag.py:3696} INFO - Setting next_dagrun for example_subdag_operator.section-2 to None, run_after=None
[2023-09-21T11:18:33.165+0000] {logging_mixin.py:151} INFO - [2023-09-21T11:18:33.165+0000] {dag.py:2915} INFO - Sync 2 DAGs
[2023-09-21T11:18:33.170+0000] {logging_mixin.py:151} INFO - [2023-09-21T11:18:33.170+0000] {dag.py:3696} INFO - Setting next_dagrun for example_subdag_operator.section-1 to None, run_after=None
[2023-09-21T11:18:33.171+0000] {logging_mixin.py:151} INFO - [2023-09-21T11:18:33.170+0000] {dag.py:3696} INFO - Setting next_dagrun for example_subdag_operator.section-2 to None, run_after=None
[2023-09-21T11:18:33.179+0000] {processor.py:179} INFO - Processing /home/airflow/.local/lib/python3.8/site-packages/airflow/example_dags/example_subdag_operator.py took 0.101 seconds
[2023-09-21T18:29:37.396+0700] {processor.py:157} INFO - Started process (PID=35) to work on /home/airflow/.local/lib/python3.8/site-packages/airflow/example_dags/example_subdag_operator.py
[2023-09-21T18:29:37.397+0700] {processor.py:829} INFO - Processing file /home/airflow/.local/lib/python3.8/site-packages/airflow/example_dags/example_subdag_operator.py for tasks to queue
[2023-09-21T18:29:37.399+0700] {logging_mixin.py:151} INFO - [2023-09-21T18:29:37.399+0700] {dagbag.py:539} INFO - Filling up the DagBag from /home/airflow/.local/lib/python3.8/site-packages/airflow/example_dags/example_subdag_operator.py
[2023-09-21T18:29:37.432+0700] {processor.py:839} INFO - DAG(s) dict_keys(['example_subdag_operator.section-1', 'example_subdag_operator.section-2', 'example_subdag_operator']) retrieved from /home/airflow/.local/lib/python3.8/site-packages/airflow/example_dags/example_subdag_operator.py
[2023-09-21T18:29:37.437+0700] {logging_mixin.py:151} INFO - [2023-09-21T18:29:37.437+0700] {dag.py:2915} INFO - Sync 3 DAGs
[2023-09-21T18:29:37.454+0700] {logging_mixin.py:151} INFO - [2023-09-21T18:29:37.454+0700] {dag.py:3696} INFO - Setting next_dagrun for example_subdag_operator to 2022-01-01T00:00:00+00:00, run_after=2022-01-01T00:00:00+00:00
[2023-09-21T18:29:37.457+0700] {logging_mixin.py:151} INFO - [2023-09-21T18:29:37.456+0700] {dag.py:3696} INFO - Setting next_dagrun for example_subdag_operator.section-1 to None, run_after=None
[2023-09-21T18:29:37.460+0700] {logging_mixin.py:151} INFO - [2023-09-21T18:29:37.460+0700] {dag.py:3696} INFO - Setting next_dagrun for example_subdag_operator.section-2 to None, run_after=None
[2023-09-21T18:29:37.468+0700] {logging_mixin.py:151} INFO - [2023-09-21T18:29:37.468+0700] {dag.py:2915} INFO - Sync 2 DAGs
[2023-09-21T18:29:37.471+0700] {logging_mixin.py:151} INFO - [2023-09-21T18:29:37.471+0700] {dag.py:3696} INFO - Setting next_dagrun for example_subdag_operator.section-1 to None, run_after=None
[2023-09-21T18:29:37.471+0700] {logging_mixin.py:151} INFO - [2023-09-21T18:29:37.471+0700] {dag.py:3696} INFO - Setting next_dagrun for example_subdag_operator.section-2 to None, run_after=None
[2023-09-21T18:29:37.478+0700] {processor.py:179} INFO - Processing /home/airflow/.local/lib/python3.8/site-packages/airflow/example_dags/example_subdag_operator.py took 0.084 seconds
[2023-09-21T18:30:08.005+0700] {processor.py:157} INFO - Started process (PID=88) to work on /home/airflow/.local/lib/python3.8/site-packages/airflow/example_dags/example_subdag_operator.py
[2023-09-21T18:30:08.006+0700] {processor.py:829} INFO - Processing file /home/airflow/.local/lib/python3.8/site-packages/airflow/example_dags/example_subdag_operator.py for tasks to queue
[2023-09-21T18:30:08.009+0700] {logging_mixin.py:151} INFO - [2023-09-21T18:30:08.008+0700] {dagbag.py:539} INFO - Filling up the DagBag from /home/airflow/.local/lib/python3.8/site-packages/airflow/example_dags/example_subdag_operator.py
[2023-09-21T18:30:08.030+0700] {processor.py:839} INFO - DAG(s) dict_keys(['example_subdag_operator.section-1', 'example_subdag_operator.section-2', 'example_subdag_operator']) retrieved from /home/airflow/.local/lib/python3.8/site-packages/airflow/example_dags/example_subdag_operator.py
[2023-09-21T18:30:08.041+0700] {logging_mixin.py:151} INFO - [2023-09-21T18:30:08.041+0700] {dag.py:2915} INFO - Sync 3 DAGs
[2023-09-21T18:30:08.055+0700] {logging_mixin.py:151} INFO - [2023-09-21T18:30:08.054+0700] {dag.py:3696} INFO - Setting next_dagrun for example_subdag_operator to 2022-01-01T00:00:00+00:00, run_after=2022-01-01T00:00:00+00:00
[2023-09-21T18:30:08.057+0700] {logging_mixin.py:151} INFO - [2023-09-21T18:30:08.057+0700] {dag.py:3696} INFO - Setting next_dagrun for example_subdag_operator.section-1 to None, run_after=None
[2023-09-21T18:30:08.059+0700] {logging_mixin.py:151} INFO - [2023-09-21T18:30:08.059+0700] {dag.py:3696} INFO - Setting next_dagrun for example_subdag_operator.section-2 to None, run_after=None
[2023-09-21T18:30:08.064+0700] {logging_mixin.py:151} INFO - [2023-09-21T18:30:08.064+0700] {dag.py:2915} INFO - Sync 2 DAGs
[2023-09-21T18:30:08.069+0700] {logging_mixin.py:151} INFO - [2023-09-21T18:30:08.069+0700] {dag.py:3696} INFO - Setting next_dagrun for example_subdag_operator.section-1 to None, run_after=None
[2023-09-21T18:30:08.070+0700] {logging_mixin.py:151} INFO - [2023-09-21T18:30:08.070+0700] {dag.py:3696} INFO - Setting next_dagrun for example_subdag_operator.section-2 to None, run_after=None
[2023-09-21T18:30:08.078+0700] {processor.py:179} INFO - Processing /home/airflow/.local/lib/python3.8/site-packages/airflow/example_dags/example_subdag_operator.py took 0.076 seconds
[2023-09-21T18:32:30.664+0700] {processor.py:157} INFO - Started process (PID=36) to work on /home/airflow/.local/lib/python3.8/site-packages/airflow/example_dags/example_subdag_operator.py
[2023-09-21T18:32:30.665+0700] {processor.py:829} INFO - Processing file /home/airflow/.local/lib/python3.8/site-packages/airflow/example_dags/example_subdag_operator.py for tasks to queue
[2023-09-21T18:32:30.667+0700] {logging_mixin.py:151} INFO - [2023-09-21T18:32:30.667+0700] {dagbag.py:539} INFO - Filling up the DagBag from /home/airflow/.local/lib/python3.8/site-packages/airflow/example_dags/example_subdag_operator.py
[2023-09-21T18:32:30.690+0700] {processor.py:839} INFO - DAG(s) dict_keys(['example_subdag_operator.section-1', 'example_subdag_operator.section-2', 'example_subdag_operator']) retrieved from /home/airflow/.local/lib/python3.8/site-packages/airflow/example_dags/example_subdag_operator.py
[2023-09-21T18:32:30.694+0700] {logging_mixin.py:151} INFO - [2023-09-21T18:32:30.693+0700] {dag.py:2915} INFO - Sync 3 DAGs
[2023-09-21T18:32:30.708+0700] {logging_mixin.py:151} INFO - [2023-09-21T18:32:30.708+0700] {dag.py:3696} INFO - Setting next_dagrun for example_subdag_operator to 2022-01-01T00:00:00+00:00, run_after=2022-01-01T00:00:00+00:00
[2023-09-21T18:32:30.711+0700] {logging_mixin.py:151} INFO - [2023-09-21T18:32:30.711+0700] {dag.py:3696} INFO - Setting next_dagrun for example_subdag_operator.section-1 to None, run_after=None
[2023-09-21T18:32:30.714+0700] {logging_mixin.py:151} INFO - [2023-09-21T18:32:30.714+0700] {dag.py:3696} INFO - Setting next_dagrun for example_subdag_operator.section-2 to None, run_after=None
[2023-09-21T18:32:30.719+0700] {logging_mixin.py:151} INFO - [2023-09-21T18:32:30.719+0700] {dag.py:2915} INFO - Sync 2 DAGs
[2023-09-21T18:32:30.723+0700] {logging_mixin.py:151} INFO - [2023-09-21T18:32:30.723+0700] {dag.py:3696} INFO - Setting next_dagrun for example_subdag_operator.section-1 to None, run_after=None
[2023-09-21T18:32:30.724+0700] {logging_mixin.py:151} INFO - [2023-09-21T18:32:30.724+0700] {dag.py:3696} INFO - Setting next_dagrun for example_subdag_operator.section-2 to None, run_after=None
[2023-09-21T18:32:30.731+0700] {processor.py:179} INFO - Processing /home/airflow/.local/lib/python3.8/site-packages/airflow/example_dags/example_subdag_operator.py took 0.069 seconds
