[2023-09-21T10:40:06.507+0000] {processor.py:157} INFO - Started process (PID=48) to work on /home/airflow/.local/lib/python3.8/site-packages/airflow/example_dags/example_python_operator.py
[2023-09-21T10:40:06.509+0000] {processor.py:829} INFO - Processing file /home/airflow/.local/lib/python3.8/site-packages/airflow/example_dags/example_python_operator.py for tasks to queue
[2023-09-21T10:40:06.511+0000] {logging_mixin.py:151} INFO - [2023-09-21T10:40:06.511+0000] {dagbag.py:539} INFO - Filling up the DagBag from /home/airflow/.local/lib/python3.8/site-packages/airflow/example_dags/example_python_operator.py
[2023-09-21T10:40:06.529+0000] {processor.py:839} INFO - DAG(s) dict_keys(['example_python_operator']) retrieved from /home/airflow/.local/lib/python3.8/site-packages/airflow/example_dags/example_python_operator.py
[2023-09-21T10:40:06.556+0000] {logging_mixin.py:151} INFO - [2023-09-21T10:40:06.556+0000] {dag.py:2915} INFO - Sync 1 DAGs
[2023-09-21T10:40:06.569+0000] {logging_mixin.py:151} INFO - [2023-09-21T10:40:06.569+0000] {dag.py:3696} INFO - Setting next_dagrun for example_python_operator to None, run_after=None
[2023-09-21T10:40:06.607+0000] {processor.py:179} INFO - Processing /home/airflow/.local/lib/python3.8/site-packages/airflow/example_dags/example_python_operator.py took 0.103 seconds
[2023-09-21T10:40:37.010+0000] {processor.py:157} INFO - Started process (PID=102) to work on /home/airflow/.local/lib/python3.8/site-packages/airflow/example_dags/example_python_operator.py
[2023-09-21T10:40:37.011+0000] {processor.py:829} INFO - Processing file /home/airflow/.local/lib/python3.8/site-packages/airflow/example_dags/example_python_operator.py for tasks to queue
[2023-09-21T10:40:37.013+0000] {logging_mixin.py:151} INFO - [2023-09-21T10:40:37.013+0000] {dagbag.py:539} INFO - Filling up the DagBag from /home/airflow/.local/lib/python3.8/site-packages/airflow/example_dags/example_python_operator.py
[2023-09-21T10:40:37.020+0000] {processor.py:839} INFO - DAG(s) dict_keys(['example_python_operator']) retrieved from /home/airflow/.local/lib/python3.8/site-packages/airflow/example_dags/example_python_operator.py
[2023-09-21T10:40:37.114+0000] {logging_mixin.py:151} INFO - [2023-09-21T10:40:37.113+0000] {security.py:708} INFO - Not syncing DAG-level permissions for DAG 'DAG:example_python_operator' as access control is unset.
[2023-09-21T10:40:37.114+0000] {logging_mixin.py:151} INFO - [2023-09-21T10:40:37.114+0000] {dag.py:2915} INFO - Sync 1 DAGs
[2023-09-21T10:40:37.122+0000] {logging_mixin.py:151} INFO - [2023-09-21T10:40:37.122+0000] {dag.py:3696} INFO - Setting next_dagrun for example_python_operator to None, run_after=None
[2023-09-21T10:40:37.132+0000] {processor.py:179} INFO - Processing /home/airflow/.local/lib/python3.8/site-packages/airflow/example_dags/example_python_operator.py took 0.125 seconds
[2023-09-21T11:16:32.164+0000] {processor.py:157} INFO - Started process (PID=48) to work on /home/airflow/.local/lib/python3.8/site-packages/airflow/example_dags/example_python_operator.py
[2023-09-21T11:16:32.165+0000] {processor.py:829} INFO - Processing file /home/airflow/.local/lib/python3.8/site-packages/airflow/example_dags/example_python_operator.py for tasks to queue
[2023-09-21T11:16:32.169+0000] {logging_mixin.py:151} INFO - [2023-09-21T11:16:32.168+0000] {dagbag.py:539} INFO - Filling up the DagBag from /home/airflow/.local/lib/python3.8/site-packages/airflow/example_dags/example_python_operator.py
[2023-09-21T11:16:32.178+0000] {processor.py:839} INFO - DAG(s) dict_keys(['example_python_operator']) retrieved from /home/airflow/.local/lib/python3.8/site-packages/airflow/example_dags/example_python_operator.py
[2023-09-21T11:16:32.192+0000] {logging_mixin.py:151} INFO - [2023-09-21T11:16:32.192+0000] {dag.py:2915} INFO - Sync 1 DAGs
[2023-09-21T11:16:32.203+0000] {logging_mixin.py:151} INFO - [2023-09-21T11:16:32.203+0000] {dag.py:3696} INFO - Setting next_dagrun for example_python_operator to None, run_after=None
[2023-09-21T11:16:32.220+0000] {processor.py:179} INFO - Processing /home/airflow/.local/lib/python3.8/site-packages/airflow/example_dags/example_python_operator.py took 0.060 seconds
[2023-09-21T11:17:02.915+0000] {processor.py:157} INFO - Started process (PID=100) to work on /home/airflow/.local/lib/python3.8/site-packages/airflow/example_dags/example_python_operator.py
[2023-09-21T11:17:02.917+0000] {processor.py:829} INFO - Processing file /home/airflow/.local/lib/python3.8/site-packages/airflow/example_dags/example_python_operator.py for tasks to queue
[2023-09-21T11:17:02.918+0000] {logging_mixin.py:151} INFO - [2023-09-21T11:17:02.918+0000] {dagbag.py:539} INFO - Filling up the DagBag from /home/airflow/.local/lib/python3.8/site-packages/airflow/example_dags/example_python_operator.py
[2023-09-21T11:17:02.926+0000] {processor.py:839} INFO - DAG(s) dict_keys(['example_python_operator']) retrieved from /home/airflow/.local/lib/python3.8/site-packages/airflow/example_dags/example_python_operator.py
[2023-09-21T11:17:03.036+0000] {logging_mixin.py:151} INFO - [2023-09-21T11:17:03.036+0000] {security.py:708} INFO - Not syncing DAG-level permissions for DAG 'DAG:example_python_operator' as access control is unset.
[2023-09-21T11:17:03.037+0000] {logging_mixin.py:151} INFO - [2023-09-21T11:17:03.037+0000] {dag.py:2915} INFO - Sync 1 DAGs
[2023-09-21T11:17:03.044+0000] {logging_mixin.py:151} INFO - [2023-09-21T11:17:03.044+0000] {dag.py:3696} INFO - Setting next_dagrun for example_python_operator to None, run_after=None
[2023-09-21T11:17:03.057+0000] {processor.py:179} INFO - Processing /home/airflow/.local/lib/python3.8/site-packages/airflow/example_dags/example_python_operator.py took 0.144 seconds
[2023-09-21T11:17:33.110+0000] {processor.py:157} INFO - Started process (PID=154) to work on /home/airflow/.local/lib/python3.8/site-packages/airflow/example_dags/example_python_operator.py
[2023-09-21T11:17:33.111+0000] {processor.py:829} INFO - Processing file /home/airflow/.local/lib/python3.8/site-packages/airflow/example_dags/example_python_operator.py for tasks to queue
[2023-09-21T11:17:33.114+0000] {logging_mixin.py:151} INFO - [2023-09-21T11:17:33.113+0000] {dagbag.py:539} INFO - Filling up the DagBag from /home/airflow/.local/lib/python3.8/site-packages/airflow/example_dags/example_python_operator.py
[2023-09-21T11:17:33.121+0000] {processor.py:839} INFO - DAG(s) dict_keys(['example_python_operator']) retrieved from /home/airflow/.local/lib/python3.8/site-packages/airflow/example_dags/example_python_operator.py
[2023-09-21T11:17:33.140+0000] {logging_mixin.py:151} INFO - [2023-09-21T11:17:33.140+0000] {dag.py:2915} INFO - Sync 1 DAGs
[2023-09-21T11:17:33.148+0000] {logging_mixin.py:151} INFO - [2023-09-21T11:17:33.148+0000] {dag.py:3696} INFO - Setting next_dagrun for example_python_operator to None, run_after=None
[2023-09-21T11:17:33.162+0000] {processor.py:179} INFO - Processing /home/airflow/.local/lib/python3.8/site-packages/airflow/example_dags/example_python_operator.py took 0.054 seconds
[2023-09-21T11:18:03.465+0000] {processor.py:157} INFO - Started process (PID=209) to work on /home/airflow/.local/lib/python3.8/site-packages/airflow/example_dags/example_python_operator.py
[2023-09-21T11:18:03.466+0000] {processor.py:829} INFO - Processing file /home/airflow/.local/lib/python3.8/site-packages/airflow/example_dags/example_python_operator.py for tasks to queue
[2023-09-21T11:18:03.468+0000] {logging_mixin.py:151} INFO - [2023-09-21T11:18:03.468+0000] {dagbag.py:539} INFO - Filling up the DagBag from /home/airflow/.local/lib/python3.8/site-packages/airflow/example_dags/example_python_operator.py
[2023-09-21T11:18:03.475+0000] {processor.py:839} INFO - DAG(s) dict_keys(['example_python_operator']) retrieved from /home/airflow/.local/lib/python3.8/site-packages/airflow/example_dags/example_python_operator.py
[2023-09-21T11:18:03.494+0000] {logging_mixin.py:151} INFO - [2023-09-21T11:18:03.493+0000] {dag.py:2915} INFO - Sync 1 DAGs
[2023-09-21T11:18:03.502+0000] {logging_mixin.py:151} INFO - [2023-09-21T11:18:03.502+0000] {dag.py:3696} INFO - Setting next_dagrun for example_python_operator to None, run_after=None
[2023-09-21T11:18:03.514+0000] {processor.py:179} INFO - Processing /home/airflow/.local/lib/python3.8/site-packages/airflow/example_dags/example_python_operator.py took 0.052 seconds
[2023-09-21T18:29:38.362+0700] {processor.py:157} INFO - Started process (PID=48) to work on /home/airflow/.local/lib/python3.8/site-packages/airflow/example_dags/example_python_operator.py
[2023-09-21T18:29:38.364+0700] {processor.py:829} INFO - Processing file /home/airflow/.local/lib/python3.8/site-packages/airflow/example_dags/example_python_operator.py for tasks to queue
[2023-09-21T18:29:38.366+0700] {logging_mixin.py:151} INFO - [2023-09-21T18:29:38.366+0700] {dagbag.py:539} INFO - Filling up the DagBag from /home/airflow/.local/lib/python3.8/site-packages/airflow/example_dags/example_python_operator.py
[2023-09-21T18:29:38.375+0700] {processor.py:839} INFO - DAG(s) dict_keys(['example_python_operator']) retrieved from /home/airflow/.local/lib/python3.8/site-packages/airflow/example_dags/example_python_operator.py
[2023-09-21T18:29:38.388+0700] {logging_mixin.py:151} INFO - [2023-09-21T18:29:38.387+0700] {dag.py:2915} INFO - Sync 1 DAGs
[2023-09-21T18:29:38.397+0700] {logging_mixin.py:151} INFO - [2023-09-21T18:29:38.397+0700] {dag.py:3696} INFO - Setting next_dagrun for example_python_operator to None, run_after=None
[2023-09-21T18:29:38.417+0700] {processor.py:179} INFO - Processing /home/airflow/.local/lib/python3.8/site-packages/airflow/example_dags/example_python_operator.py took 0.057 seconds
[2023-09-21T18:30:08.892+0700] {processor.py:157} INFO - Started process (PID=102) to work on /home/airflow/.local/lib/python3.8/site-packages/airflow/example_dags/example_python_operator.py
[2023-09-21T18:30:08.893+0700] {processor.py:829} INFO - Processing file /home/airflow/.local/lib/python3.8/site-packages/airflow/example_dags/example_python_operator.py for tasks to queue
[2023-09-21T18:30:08.896+0700] {logging_mixin.py:151} INFO - [2023-09-21T18:30:08.895+0700] {dagbag.py:539} INFO - Filling up the DagBag from /home/airflow/.local/lib/python3.8/site-packages/airflow/example_dags/example_python_operator.py
[2023-09-21T18:30:08.903+0700] {processor.py:839} INFO - DAG(s) dict_keys(['example_python_operator']) retrieved from /home/airflow/.local/lib/python3.8/site-packages/airflow/example_dags/example_python_operator.py
[2023-09-21T18:30:08.971+0700] {logging_mixin.py:151} INFO - [2023-09-21T18:30:08.971+0700] {security.py:708} INFO - Not syncing DAG-level permissions for DAG 'DAG:example_python_operator' as access control is unset.
[2023-09-21T18:30:08.972+0700] {logging_mixin.py:151} INFO - [2023-09-21T18:30:08.972+0700] {dag.py:2915} INFO - Sync 1 DAGs
[2023-09-21T18:30:08.979+0700] {logging_mixin.py:151} INFO - [2023-09-21T18:30:08.979+0700] {dag.py:3696} INFO - Setting next_dagrun for example_python_operator to None, run_after=None
[2023-09-21T18:30:08.993+0700] {processor.py:179} INFO - Processing /home/airflow/.local/lib/python3.8/site-packages/airflow/example_dags/example_python_operator.py took 0.104 seconds
[2023-09-21T18:32:31.646+0700] {processor.py:157} INFO - Started process (PID=49) to work on /home/airflow/.local/lib/python3.8/site-packages/airflow/example_dags/example_python_operator.py
[2023-09-21T18:32:31.649+0700] {processor.py:829} INFO - Processing file /home/airflow/.local/lib/python3.8/site-packages/airflow/example_dags/example_python_operator.py for tasks to queue
[2023-09-21T18:32:31.651+0700] {logging_mixin.py:151} INFO - [2023-09-21T18:32:31.651+0700] {dagbag.py:539} INFO - Filling up the DagBag from /home/airflow/.local/lib/python3.8/site-packages/airflow/example_dags/example_python_operator.py
[2023-09-21T18:32:31.663+0700] {processor.py:839} INFO - DAG(s) dict_keys(['example_python_operator']) retrieved from /home/airflow/.local/lib/python3.8/site-packages/airflow/example_dags/example_python_operator.py
[2023-09-21T18:32:31.676+0700] {logging_mixin.py:151} INFO - [2023-09-21T18:32:31.676+0700] {dag.py:2915} INFO - Sync 1 DAGs
[2023-09-21T18:32:31.687+0700] {logging_mixin.py:151} INFO - [2023-09-21T18:32:31.686+0700] {dag.py:3696} INFO - Setting next_dagrun for example_python_operator to None, run_after=None
[2023-09-21T18:32:31.701+0700] {processor.py:179} INFO - Processing /home/airflow/.local/lib/python3.8/site-packages/airflow/example_dags/example_python_operator.py took 0.061 seconds
