[2023-09-21T10:40:06.230+0000] {processor.py:157} INFO - Started process (PID=44) to work on /home/airflow/.local/lib/python3.8/site-packages/airflow/example_dags/example_branch_python_dop_operator_3.py
[2023-09-21T10:40:06.231+0000] {processor.py:829} INFO - Processing file /home/airflow/.local/lib/python3.8/site-packages/airflow/example_dags/example_branch_python_dop_operator_3.py for tasks to queue
[2023-09-21T10:40:06.234+0000] {logging_mixin.py:151} INFO - [2023-09-21T10:40:06.233+0000] {dagbag.py:539} INFO - Filling up the DagBag from /home/airflow/.local/lib/python3.8/site-packages/airflow/example_dags/example_branch_python_dop_operator_3.py
[2023-09-21T10:40:06.241+0000] {processor.py:839} INFO - DAG(s) dict_keys(['example_branch_dop_operator_v3']) retrieved from /home/airflow/.local/lib/python3.8/site-packages/airflow/example_dags/example_branch_python_dop_operator_3.py
[2023-09-21T10:40:06.257+0000] {logging_mixin.py:151} INFO - [2023-09-21T10:40:06.257+0000] {dag.py:2915} INFO - Sync 1 DAGs
[2023-09-21T10:40:06.283+0000] {logging_mixin.py:151} INFO - [2023-09-21T10:40:06.283+0000] {dag.py:3696} INFO - Setting next_dagrun for example_branch_dop_operator_v3 to 2023-09-21T10:39:00+00:00, run_after=2023-09-21T10:40:00+00:00
[2023-09-21T10:40:06.301+0000] {processor.py:179} INFO - Processing /home/airflow/.local/lib/python3.8/site-packages/airflow/example_dags/example_branch_python_dop_operator_3.py took 0.074 seconds
[2023-09-21T10:40:36.869+0000] {processor.py:157} INFO - Started process (PID=98) to work on /home/airflow/.local/lib/python3.8/site-packages/airflow/example_dags/example_branch_python_dop_operator_3.py
[2023-09-21T10:40:36.870+0000] {processor.py:829} INFO - Processing file /home/airflow/.local/lib/python3.8/site-packages/airflow/example_dags/example_branch_python_dop_operator_3.py for tasks to queue
[2023-09-21T10:40:36.872+0000] {logging_mixin.py:151} INFO - [2023-09-21T10:40:36.871+0000] {dagbag.py:539} INFO - Filling up the DagBag from /home/airflow/.local/lib/python3.8/site-packages/airflow/example_dags/example_branch_python_dop_operator_3.py
[2023-09-21T10:40:36.878+0000] {processor.py:839} INFO - DAG(s) dict_keys(['example_branch_dop_operator_v3']) retrieved from /home/airflow/.local/lib/python3.8/site-packages/airflow/example_dags/example_branch_python_dop_operator_3.py
[2023-09-21T10:40:36.895+0000] {logging_mixin.py:151} INFO - [2023-09-21T10:40:36.895+0000] {dag.py:2915} INFO - Sync 1 DAGs
[2023-09-21T10:40:36.912+0000] {logging_mixin.py:151} INFO - [2023-09-21T10:40:36.912+0000] {dag.py:3696} INFO - Setting next_dagrun for example_branch_dop_operator_v3 to 2023-09-21T10:39:00+00:00, run_after=2023-09-21T10:40:00+00:00
[2023-09-21T10:40:36.923+0000] {processor.py:179} INFO - Processing /home/airflow/.local/lib/python3.8/site-packages/airflow/example_dags/example_branch_python_dop_operator_3.py took 0.056 seconds
[2023-09-21T11:16:31.958+0000] {processor.py:157} INFO - Started process (PID=44) to work on /home/airflow/.local/lib/python3.8/site-packages/airflow/example_dags/example_branch_python_dop_operator_3.py
[2023-09-21T11:16:31.960+0000] {processor.py:829} INFO - Processing file /home/airflow/.local/lib/python3.8/site-packages/airflow/example_dags/example_branch_python_dop_operator_3.py for tasks to queue
[2023-09-21T11:16:31.962+0000] {logging_mixin.py:151} INFO - [2023-09-21T11:16:31.961+0000] {dagbag.py:539} INFO - Filling up the DagBag from /home/airflow/.local/lib/python3.8/site-packages/airflow/example_dags/example_branch_python_dop_operator_3.py
[2023-09-21T11:16:31.968+0000] {processor.py:839} INFO - DAG(s) dict_keys(['example_branch_dop_operator_v3']) retrieved from /home/airflow/.local/lib/python3.8/site-packages/airflow/example_dags/example_branch_python_dop_operator_3.py
[2023-09-21T11:16:31.982+0000] {logging_mixin.py:151} INFO - [2023-09-21T11:16:31.982+0000] {dag.py:2915} INFO - Sync 1 DAGs
[2023-09-21T11:16:32.002+0000] {logging_mixin.py:151} INFO - [2023-09-21T11:16:32.002+0000] {dag.py:3696} INFO - Setting next_dagrun for example_branch_dop_operator_v3 to 2023-09-21T11:15:00+00:00, run_after=2023-09-21T11:16:00+00:00
[2023-09-21T11:16:32.018+0000] {processor.py:179} INFO - Processing /home/airflow/.local/lib/python3.8/site-packages/airflow/example_dags/example_branch_python_dop_operator_3.py took 0.063 seconds
[2023-09-21T11:17:02.810+0000] {processor.py:157} INFO - Started process (PID=97) to work on /home/airflow/.local/lib/python3.8/site-packages/airflow/example_dags/example_branch_python_dop_operator_3.py
[2023-09-21T11:17:02.811+0000] {processor.py:829} INFO - Processing file /home/airflow/.local/lib/python3.8/site-packages/airflow/example_dags/example_branch_python_dop_operator_3.py for tasks to queue
[2023-09-21T11:17:02.813+0000] {logging_mixin.py:151} INFO - [2023-09-21T11:17:02.813+0000] {dagbag.py:539} INFO - Filling up the DagBag from /home/airflow/.local/lib/python3.8/site-packages/airflow/example_dags/example_branch_python_dop_operator_3.py
[2023-09-21T11:17:02.820+0000] {processor.py:839} INFO - DAG(s) dict_keys(['example_branch_dop_operator_v3']) retrieved from /home/airflow/.local/lib/python3.8/site-packages/airflow/example_dags/example_branch_python_dop_operator_3.py
[2023-09-21T11:17:02.839+0000] {logging_mixin.py:151} INFO - [2023-09-21T11:17:02.839+0000] {dag.py:2915} INFO - Sync 1 DAGs
[2023-09-21T11:17:02.856+0000] {logging_mixin.py:151} INFO - [2023-09-21T11:17:02.856+0000] {dag.py:3696} INFO - Setting next_dagrun for example_branch_dop_operator_v3 to 2023-09-21T11:16:00+00:00, run_after=2023-09-21T11:17:00+00:00
[2023-09-21T11:17:02.870+0000] {processor.py:179} INFO - Processing /home/airflow/.local/lib/python3.8/site-packages/airflow/example_dags/example_branch_python_dop_operator_3.py took 0.062 seconds
[2023-09-21T11:17:33.017+0000] {processor.py:157} INFO - Started process (PID=151) to work on /home/airflow/.local/lib/python3.8/site-packages/airflow/example_dags/example_branch_python_dop_operator_3.py
[2023-09-21T11:17:33.018+0000] {processor.py:829} INFO - Processing file /home/airflow/.local/lib/python3.8/site-packages/airflow/example_dags/example_branch_python_dop_operator_3.py for tasks to queue
[2023-09-21T11:17:33.020+0000] {logging_mixin.py:151} INFO - [2023-09-21T11:17:33.020+0000] {dagbag.py:539} INFO - Filling up the DagBag from /home/airflow/.local/lib/python3.8/site-packages/airflow/example_dags/example_branch_python_dop_operator_3.py
[2023-09-21T11:17:33.027+0000] {processor.py:839} INFO - DAG(s) dict_keys(['example_branch_dop_operator_v3']) retrieved from /home/airflow/.local/lib/python3.8/site-packages/airflow/example_dags/example_branch_python_dop_operator_3.py
[2023-09-21T11:17:33.045+0000] {logging_mixin.py:151} INFO - [2023-09-21T11:17:33.045+0000] {dag.py:2915} INFO - Sync 1 DAGs
[2023-09-21T11:17:33.063+0000] {logging_mixin.py:151} INFO - [2023-09-21T11:17:33.063+0000] {dag.py:3696} INFO - Setting next_dagrun for example_branch_dop_operator_v3 to 2023-09-21T11:16:00+00:00, run_after=2023-09-21T11:17:00+00:00
[2023-09-21T11:17:33.077+0000] {processor.py:179} INFO - Processing /home/airflow/.local/lib/python3.8/site-packages/airflow/example_dags/example_branch_python_dop_operator_3.py took 0.062 seconds
[2023-09-21T11:18:03.324+0000] {processor.py:157} INFO - Started process (PID=205) to work on /home/airflow/.local/lib/python3.8/site-packages/airflow/example_dags/example_branch_python_dop_operator_3.py
[2023-09-21T11:18:03.325+0000] {processor.py:829} INFO - Processing file /home/airflow/.local/lib/python3.8/site-packages/airflow/example_dags/example_branch_python_dop_operator_3.py for tasks to queue
[2023-09-21T11:18:03.327+0000] {logging_mixin.py:151} INFO - [2023-09-21T11:18:03.327+0000] {dagbag.py:539} INFO - Filling up the DagBag from /home/airflow/.local/lib/python3.8/site-packages/airflow/example_dags/example_branch_python_dop_operator_3.py
[2023-09-21T11:18:03.334+0000] {processor.py:839} INFO - DAG(s) dict_keys(['example_branch_dop_operator_v3']) retrieved from /home/airflow/.local/lib/python3.8/site-packages/airflow/example_dags/example_branch_python_dop_operator_3.py
[2023-09-21T11:18:03.350+0000] {logging_mixin.py:151} INFO - [2023-09-21T11:18:03.350+0000] {dag.py:2915} INFO - Sync 1 DAGs
[2023-09-21T11:18:03.367+0000] {logging_mixin.py:151} INFO - [2023-09-21T11:18:03.367+0000] {dag.py:3696} INFO - Setting next_dagrun for example_branch_dop_operator_v3 to 2023-09-21T11:17:00+00:00, run_after=2023-09-21T11:18:00+00:00
[2023-09-21T11:18:03.379+0000] {processor.py:179} INFO - Processing /home/airflow/.local/lib/python3.8/site-packages/airflow/example_dags/example_branch_python_dop_operator_3.py took 0.057 seconds
[2023-09-21T18:29:38.176+0700] {processor.py:157} INFO - Started process (PID=44) to work on /home/airflow/.local/lib/python3.8/site-packages/airflow/example_dags/example_branch_python_dop_operator_3.py
[2023-09-21T18:29:38.178+0700] {processor.py:829} INFO - Processing file /home/airflow/.local/lib/python3.8/site-packages/airflow/example_dags/example_branch_python_dop_operator_3.py for tasks to queue
[2023-09-21T18:29:38.180+0700] {logging_mixin.py:151} INFO - [2023-09-21T18:29:38.179+0700] {dagbag.py:539} INFO - Filling up the DagBag from /home/airflow/.local/lib/python3.8/site-packages/airflow/example_dags/example_branch_python_dop_operator_3.py
[2023-09-21T18:29:38.192+0700] {processor.py:839} INFO - DAG(s) dict_keys(['example_branch_dop_operator_v3']) retrieved from /home/airflow/.local/lib/python3.8/site-packages/airflow/example_dags/example_branch_python_dop_operator_3.py
[2023-09-21T18:29:38.208+0700] {logging_mixin.py:151} INFO - [2023-09-21T18:29:38.208+0700] {dag.py:2915} INFO - Sync 1 DAGs
[2023-09-21T18:29:38.227+0700] {logging_mixin.py:151} INFO - [2023-09-21T18:29:38.226+0700] {dag.py:3696} INFO - Setting next_dagrun for example_branch_dop_operator_v3 to 2023-09-21T11:28:00+00:00, run_after=2023-09-21T11:29:00+00:00
[2023-09-21T18:29:38.248+0700] {processor.py:179} INFO - Processing /home/airflow/.local/lib/python3.8/site-packages/airflow/example_dags/example_branch_python_dop_operator_3.py took 0.074 seconds
[2023-09-21T18:30:08.496+0700] {processor.py:157} INFO - Started process (PID=98) to work on /home/airflow/.local/lib/python3.8/site-packages/airflow/example_dags/example_branch_python_dop_operator_3.py
[2023-09-21T18:30:08.497+0700] {processor.py:829} INFO - Processing file /home/airflow/.local/lib/python3.8/site-packages/airflow/example_dags/example_branch_python_dop_operator_3.py for tasks to queue
[2023-09-21T18:30:08.500+0700] {logging_mixin.py:151} INFO - [2023-09-21T18:30:08.499+0700] {dagbag.py:539} INFO - Filling up the DagBag from /home/airflow/.local/lib/python3.8/site-packages/airflow/example_dags/example_branch_python_dop_operator_3.py
[2023-09-21T18:30:08.507+0700] {processor.py:839} INFO - DAG(s) dict_keys(['example_branch_dop_operator_v3']) retrieved from /home/airflow/.local/lib/python3.8/site-packages/airflow/example_dags/example_branch_python_dop_operator_3.py
[2023-09-21T18:30:08.528+0700] {logging_mixin.py:151} INFO - [2023-09-21T18:30:08.526+0700] {dag.py:2915} INFO - Sync 1 DAGs
[2023-09-21T18:30:08.558+0700] {logging_mixin.py:151} INFO - [2023-09-21T18:30:08.558+0700] {dag.py:3696} INFO - Setting next_dagrun for example_branch_dop_operator_v3 to 2023-09-21T11:29:00+00:00, run_after=2023-09-21T11:30:00+00:00
[2023-09-21T18:30:08.571+0700] {processor.py:179} INFO - Processing /home/airflow/.local/lib/python3.8/site-packages/airflow/example_dags/example_branch_python_dop_operator_3.py took 0.078 seconds
[2023-09-21T18:32:31.402+0700] {processor.py:157} INFO - Started process (PID=45) to work on /home/airflow/.local/lib/python3.8/site-packages/airflow/example_dags/example_branch_python_dop_operator_3.py
[2023-09-21T18:32:31.404+0700] {processor.py:829} INFO - Processing file /home/airflow/.local/lib/python3.8/site-packages/airflow/example_dags/example_branch_python_dop_operator_3.py for tasks to queue
[2023-09-21T18:32:31.406+0700] {logging_mixin.py:151} INFO - [2023-09-21T18:32:31.406+0700] {dagbag.py:539} INFO - Filling up the DagBag from /home/airflow/.local/lib/python3.8/site-packages/airflow/example_dags/example_branch_python_dop_operator_3.py
[2023-09-21T18:32:31.414+0700] {processor.py:839} INFO - DAG(s) dict_keys(['example_branch_dop_operator_v3']) retrieved from /home/airflow/.local/lib/python3.8/site-packages/airflow/example_dags/example_branch_python_dop_operator_3.py
[2023-09-21T18:32:31.427+0700] {logging_mixin.py:151} INFO - [2023-09-21T18:32:31.427+0700] {dag.py:2915} INFO - Sync 1 DAGs
[2023-09-21T18:32:31.448+0700] {logging_mixin.py:151} INFO - [2023-09-21T18:32:31.447+0700] {dag.py:3696} INFO - Setting next_dagrun for example_branch_dop_operator_v3 to 2023-09-21T11:31:00+00:00, run_after=2023-09-21T11:32:00+00:00
[2023-09-21T18:32:31.461+0700] {processor.py:179} INFO - Processing /home/airflow/.local/lib/python3.8/site-packages/airflow/example_dags/example_branch_python_dop_operator_3.py took 0.061 seconds
