[2023-09-21T10:40:08.142+0000] {processor.py:157} INFO - Started process (PID=71) to work on /home/airflow/.local/lib/python3.8/site-packages/airflow/example_dags/example_short_circuit_operator.py
[2023-09-21T10:40:08.144+0000] {processor.py:829} INFO - Processing file /home/airflow/.local/lib/python3.8/site-packages/airflow/example_dags/example_short_circuit_operator.py for tasks to queue
[2023-09-21T10:40:08.148+0000] {logging_mixin.py:151} INFO - [2023-09-21T10:40:08.148+0000] {dagbag.py:539} INFO - Filling up the DagBag from /home/airflow/.local/lib/python3.8/site-packages/airflow/example_dags/example_short_circuit_operator.py
[2023-09-21T10:40:08.157+0000] {processor.py:839} INFO - DAG(s) dict_keys(['example_short_circuit_operator']) retrieved from /home/airflow/.local/lib/python3.8/site-packages/airflow/example_dags/example_short_circuit_operator.py
[2023-09-21T10:40:08.188+0000] {logging_mixin.py:151} INFO - [2023-09-21T10:40:08.188+0000] {dag.py:2915} INFO - Sync 1 DAGs
[2023-09-21T10:40:08.210+0000] {logging_mixin.py:151} INFO - [2023-09-21T10:40:08.210+0000] {dag.py:3696} INFO - Setting next_dagrun for example_short_circuit_operator to 2023-09-20T10:40:08.209947+00:00, run_after=2023-09-21T10:40:08.209947+00:00
[2023-09-21T10:40:08.236+0000] {processor.py:179} INFO - Processing /home/airflow/.local/lib/python3.8/site-packages/airflow/example_dags/example_short_circuit_operator.py took 0.100 seconds
[2023-09-21T10:40:39.196+0000] {processor.py:157} INFO - Started process (PID=125) to work on /home/airflow/.local/lib/python3.8/site-packages/airflow/example_dags/example_short_circuit_operator.py
[2023-09-21T10:40:39.197+0000] {processor.py:829} INFO - Processing file /home/airflow/.local/lib/python3.8/site-packages/airflow/example_dags/example_short_circuit_operator.py for tasks to queue
[2023-09-21T10:40:39.199+0000] {logging_mixin.py:151} INFO - [2023-09-21T10:40:39.198+0000] {dagbag.py:539} INFO - Filling up the DagBag from /home/airflow/.local/lib/python3.8/site-packages/airflow/example_dags/example_short_circuit_operator.py
[2023-09-21T10:40:39.204+0000] {processor.py:839} INFO - DAG(s) dict_keys(['example_short_circuit_operator']) retrieved from /home/airflow/.local/lib/python3.8/site-packages/airflow/example_dags/example_short_circuit_operator.py
[2023-09-21T10:40:39.223+0000] {logging_mixin.py:151} INFO - [2023-09-21T10:40:39.223+0000] {dag.py:2915} INFO - Sync 1 DAGs
[2023-09-21T10:40:39.237+0000] {logging_mixin.py:151} INFO - [2023-09-21T10:40:39.237+0000] {dag.py:3696} INFO - Setting next_dagrun for example_short_circuit_operator to 2023-09-20T10:40:39.237356+00:00, run_after=2023-09-21T10:40:39.237356+00:00
[2023-09-21T10:40:39.249+0000] {processor.py:179} INFO - Processing /home/airflow/.local/lib/python3.8/site-packages/airflow/example_dags/example_short_circuit_operator.py took 0.056 seconds
[2023-09-21T11:16:33.621+0000] {processor.py:157} INFO - Started process (PID=71) to work on /home/airflow/.local/lib/python3.8/site-packages/airflow/example_dags/example_short_circuit_operator.py
[2023-09-21T11:16:33.622+0000] {processor.py:829} INFO - Processing file /home/airflow/.local/lib/python3.8/site-packages/airflow/example_dags/example_short_circuit_operator.py for tasks to queue
[2023-09-21T11:16:33.625+0000] {logging_mixin.py:151} INFO - [2023-09-21T11:16:33.625+0000] {dagbag.py:539} INFO - Filling up the DagBag from /home/airflow/.local/lib/python3.8/site-packages/airflow/example_dags/example_short_circuit_operator.py
[2023-09-21T11:16:33.636+0000] {processor.py:839} INFO - DAG(s) dict_keys(['example_short_circuit_operator']) retrieved from /home/airflow/.local/lib/python3.8/site-packages/airflow/example_dags/example_short_circuit_operator.py
[2023-09-21T11:16:33.653+0000] {logging_mixin.py:151} INFO - [2023-09-21T11:16:33.653+0000] {dag.py:2915} INFO - Sync 1 DAGs
[2023-09-21T11:16:33.679+0000] {logging_mixin.py:151} INFO - [2023-09-21T11:16:33.679+0000] {dag.py:3696} INFO - Setting next_dagrun for example_short_circuit_operator to 2023-09-20T11:16:33.679378+00:00, run_after=2023-09-21T11:16:33.679378+00:00
[2023-09-21T11:16:33.707+0000] {processor.py:179} INFO - Processing /home/airflow/.local/lib/python3.8/site-packages/airflow/example_dags/example_short_circuit_operator.py took 0.090 seconds
[2023-09-21T11:17:03.953+0000] {processor.py:157} INFO - Started process (PID=124) to work on /home/airflow/.local/lib/python3.8/site-packages/airflow/example_dags/example_short_circuit_operator.py
[2023-09-21T11:17:03.954+0000] {processor.py:829} INFO - Processing file /home/airflow/.local/lib/python3.8/site-packages/airflow/example_dags/example_short_circuit_operator.py for tasks to queue
[2023-09-21T11:17:03.956+0000] {logging_mixin.py:151} INFO - [2023-09-21T11:17:03.955+0000] {dagbag.py:539} INFO - Filling up the DagBag from /home/airflow/.local/lib/python3.8/site-packages/airflow/example_dags/example_short_circuit_operator.py
[2023-09-21T11:17:03.961+0000] {processor.py:839} INFO - DAG(s) dict_keys(['example_short_circuit_operator']) retrieved from /home/airflow/.local/lib/python3.8/site-packages/airflow/example_dags/example_short_circuit_operator.py
[2023-09-21T11:17:03.979+0000] {logging_mixin.py:151} INFO - [2023-09-21T11:17:03.979+0000] {dag.py:2915} INFO - Sync 1 DAGs
[2023-09-21T11:17:03.995+0000] {logging_mixin.py:151} INFO - [2023-09-21T11:17:03.995+0000] {dag.py:3696} INFO - Setting next_dagrun for example_short_circuit_operator to 2023-09-20T11:17:03.995485+00:00, run_after=2023-09-21T11:17:03.995485+00:00
[2023-09-21T11:17:04.010+0000] {processor.py:179} INFO - Processing /home/airflow/.local/lib/python3.8/site-packages/airflow/example_dags/example_short_circuit_operator.py took 0.060 seconds
[2023-09-21T11:17:34.190+0000] {processor.py:157} INFO - Started process (PID=178) to work on /home/airflow/.local/lib/python3.8/site-packages/airflow/example_dags/example_short_circuit_operator.py
[2023-09-21T11:17:34.191+0000] {processor.py:829} INFO - Processing file /home/airflow/.local/lib/python3.8/site-packages/airflow/example_dags/example_short_circuit_operator.py for tasks to queue
[2023-09-21T11:17:34.193+0000] {logging_mixin.py:151} INFO - [2023-09-21T11:17:34.193+0000] {dagbag.py:539} INFO - Filling up the DagBag from /home/airflow/.local/lib/python3.8/site-packages/airflow/example_dags/example_short_circuit_operator.py
[2023-09-21T11:17:34.200+0000] {processor.py:839} INFO - DAG(s) dict_keys(['example_short_circuit_operator']) retrieved from /home/airflow/.local/lib/python3.8/site-packages/airflow/example_dags/example_short_circuit_operator.py
[2023-09-21T11:17:34.225+0000] {logging_mixin.py:151} INFO - [2023-09-21T11:17:34.225+0000] {dag.py:2915} INFO - Sync 1 DAGs
[2023-09-21T11:17:34.242+0000] {logging_mixin.py:151} INFO - [2023-09-21T11:17:34.242+0000] {dag.py:3696} INFO - Setting next_dagrun for example_short_circuit_operator to 2023-09-20T11:17:34.242171+00:00, run_after=2023-09-21T11:17:34.242171+00:00
[2023-09-21T11:17:34.257+0000] {processor.py:179} INFO - Processing /home/airflow/.local/lib/python3.8/site-packages/airflow/example_dags/example_short_circuit_operator.py took 0.070 seconds
[2023-09-21T11:18:04.423+0000] {processor.py:157} INFO - Started process (PID=232) to work on /home/airflow/.local/lib/python3.8/site-packages/airflow/example_dags/example_short_circuit_operator.py
[2023-09-21T11:18:04.424+0000] {processor.py:829} INFO - Processing file /home/airflow/.local/lib/python3.8/site-packages/airflow/example_dags/example_short_circuit_operator.py for tasks to queue
[2023-09-21T11:18:04.426+0000] {logging_mixin.py:151} INFO - [2023-09-21T11:18:04.426+0000] {dagbag.py:539} INFO - Filling up the DagBag from /home/airflow/.local/lib/python3.8/site-packages/airflow/example_dags/example_short_circuit_operator.py
[2023-09-21T11:18:04.432+0000] {processor.py:839} INFO - DAG(s) dict_keys(['example_short_circuit_operator']) retrieved from /home/airflow/.local/lib/python3.8/site-packages/airflow/example_dags/example_short_circuit_operator.py
[2023-09-21T11:18:04.450+0000] {logging_mixin.py:151} INFO - [2023-09-21T11:18:04.450+0000] {dag.py:2915} INFO - Sync 1 DAGs
[2023-09-21T11:18:04.464+0000] {logging_mixin.py:151} INFO - [2023-09-21T11:18:04.464+0000] {dag.py:3696} INFO - Setting next_dagrun for example_short_circuit_operator to 2023-09-20T11:18:04.463914+00:00, run_after=2023-09-21T11:18:04.463914+00:00
[2023-09-21T11:18:04.477+0000] {processor.py:179} INFO - Processing /home/airflow/.local/lib/python3.8/site-packages/airflow/example_dags/example_short_circuit_operator.py took 0.057 seconds
[2023-09-21T18:29:39.742+0700] {processor.py:157} INFO - Started process (PID=71) to work on /home/airflow/.local/lib/python3.8/site-packages/airflow/example_dags/example_short_circuit_operator.py
[2023-09-21T18:29:39.743+0700] {processor.py:829} INFO - Processing file /home/airflow/.local/lib/python3.8/site-packages/airflow/example_dags/example_short_circuit_operator.py for tasks to queue
[2023-09-21T18:29:39.746+0700] {logging_mixin.py:151} INFO - [2023-09-21T18:29:39.746+0700] {dagbag.py:539} INFO - Filling up the DagBag from /home/airflow/.local/lib/python3.8/site-packages/airflow/example_dags/example_short_circuit_operator.py
[2023-09-21T18:29:39.753+0700] {processor.py:839} INFO - DAG(s) dict_keys(['example_short_circuit_operator']) retrieved from /home/airflow/.local/lib/python3.8/site-packages/airflow/example_dags/example_short_circuit_operator.py
[2023-09-21T18:29:39.766+0700] {logging_mixin.py:151} INFO - [2023-09-21T18:29:39.766+0700] {dag.py:2915} INFO - Sync 1 DAGs
[2023-09-21T18:29:39.782+0700] {logging_mixin.py:151} INFO - [2023-09-21T18:29:39.782+0700] {dag.py:3696} INFO - Setting next_dagrun for example_short_circuit_operator to 2023-09-20T11:29:39.782225+00:00, run_after=2023-09-21T11:29:39.782225+00:00
[2023-09-21T18:29:39.794+0700] {processor.py:179} INFO - Processing /home/airflow/.local/lib/python3.8/site-packages/airflow/example_dags/example_short_circuit_operator.py took 0.056 seconds
[2023-09-21T18:30:09.931+0700] {processor.py:157} INFO - Started process (PID=125) to work on /home/airflow/.local/lib/python3.8/site-packages/airflow/example_dags/example_short_circuit_operator.py
[2023-09-21T18:30:09.932+0700] {processor.py:829} INFO - Processing file /home/airflow/.local/lib/python3.8/site-packages/airflow/example_dags/example_short_circuit_operator.py for tasks to queue
[2023-09-21T18:30:09.934+0700] {logging_mixin.py:151} INFO - [2023-09-21T18:30:09.934+0700] {dagbag.py:539} INFO - Filling up the DagBag from /home/airflow/.local/lib/python3.8/site-packages/airflow/example_dags/example_short_circuit_operator.py
[2023-09-21T18:30:09.939+0700] {processor.py:839} INFO - DAG(s) dict_keys(['example_short_circuit_operator']) retrieved from /home/airflow/.local/lib/python3.8/site-packages/airflow/example_dags/example_short_circuit_operator.py
[2023-09-21T18:30:09.958+0700] {logging_mixin.py:151} INFO - [2023-09-21T18:30:09.958+0700] {dag.py:2915} INFO - Sync 1 DAGs
[2023-09-21T18:30:09.971+0700] {logging_mixin.py:151} INFO - [2023-09-21T18:30:09.971+0700] {dag.py:3696} INFO - Setting next_dagrun for example_short_circuit_operator to 2023-09-20T11:30:09.971175+00:00, run_after=2023-09-21T11:30:09.971175+00:00
[2023-09-21T18:30:09.990+0700] {processor.py:179} INFO - Processing /home/airflow/.local/lib/python3.8/site-packages/airflow/example_dags/example_short_circuit_operator.py took 0.061 seconds
[2023-09-21T18:32:33.012+0700] {processor.py:157} INFO - Started process (PID=72) to work on /home/airflow/.local/lib/python3.8/site-packages/airflow/example_dags/example_short_circuit_operator.py
[2023-09-21T18:32:33.014+0700] {processor.py:829} INFO - Processing file /home/airflow/.local/lib/python3.8/site-packages/airflow/example_dags/example_short_circuit_operator.py for tasks to queue
[2023-09-21T18:32:33.018+0700] {logging_mixin.py:151} INFO - [2023-09-21T18:32:33.018+0700] {dagbag.py:539} INFO - Filling up the DagBag from /home/airflow/.local/lib/python3.8/site-packages/airflow/example_dags/example_short_circuit_operator.py
[2023-09-21T18:32:33.026+0700] {processor.py:839} INFO - DAG(s) dict_keys(['example_short_circuit_operator']) retrieved from /home/airflow/.local/lib/python3.8/site-packages/airflow/example_dags/example_short_circuit_operator.py
[2023-09-21T18:32:33.040+0700] {logging_mixin.py:151} INFO - [2023-09-21T18:32:33.040+0700] {dag.py:2915} INFO - Sync 1 DAGs
[2023-09-21T18:32:33.069+0700] {logging_mixin.py:151} INFO - [2023-09-21T18:32:33.069+0700] {dag.py:3696} INFO - Setting next_dagrun for example_short_circuit_operator to 2023-09-20T11:32:33.069307+00:00, run_after=2023-09-21T11:32:33.069307+00:00
[2023-09-21T18:32:33.089+0700] {processor.py:179} INFO - Processing /home/airflow/.local/lib/python3.8/site-packages/airflow/example_dags/example_short_circuit_operator.py took 0.080 seconds
