[2023-09-21T10:40:05.897+0000] {processor.py:157} INFO - Started process (PID=41) to work on /home/airflow/.local/lib/python3.8/site-packages/airflow/example_dags/tutorial.py
[2023-09-21T10:40:05.899+0000] {processor.py:829} INFO - Processing file /home/airflow/.local/lib/python3.8/site-packages/airflow/example_dags/tutorial.py for tasks to queue
[2023-09-21T10:40:05.902+0000] {logging_mixin.py:151} INFO - [2023-09-21T10:40:05.901+0000] {dagbag.py:539} INFO - Filling up the DagBag from /home/airflow/.local/lib/python3.8/site-packages/airflow/example_dags/tutorial.py
[2023-09-21T10:40:05.908+0000] {processor.py:839} INFO - DAG(s) dict_keys(['tutorial']) retrieved from /home/airflow/.local/lib/python3.8/site-packages/airflow/example_dags/tutorial.py
[2023-09-21T10:40:05.926+0000] {logging_mixin.py:151} INFO - [2023-09-21T10:40:05.926+0000] {dag.py:2915} INFO - Sync 1 DAGs
[2023-09-21T10:40:05.943+0000] {logging_mixin.py:151} INFO - [2023-09-21T10:40:05.943+0000] {dag.py:3696} INFO - Setting next_dagrun for tutorial to 2023-09-20T10:40:05.942952+00:00, run_after=2023-09-21T10:40:05.942952+00:00
[2023-09-21T10:40:05.958+0000] {processor.py:179} INFO - Processing /home/airflow/.local/lib/python3.8/site-packages/airflow/example_dags/tutorial.py took 0.064 seconds
[2023-09-21T10:40:36.719+0000] {processor.py:157} INFO - Started process (PID=95) to work on /home/airflow/.local/lib/python3.8/site-packages/airflow/example_dags/tutorial.py
[2023-09-21T10:40:36.720+0000] {processor.py:829} INFO - Processing file /home/airflow/.local/lib/python3.8/site-packages/airflow/example_dags/tutorial.py for tasks to queue
[2023-09-21T10:40:36.723+0000] {logging_mixin.py:151} INFO - [2023-09-21T10:40:36.722+0000] {dagbag.py:539} INFO - Filling up the DagBag from /home/airflow/.local/lib/python3.8/site-packages/airflow/example_dags/tutorial.py
[2023-09-21T10:40:36.728+0000] {processor.py:839} INFO - DAG(s) dict_keys(['tutorial']) retrieved from /home/airflow/.local/lib/python3.8/site-packages/airflow/example_dags/tutorial.py
[2023-09-21T10:40:36.746+0000] {logging_mixin.py:151} INFO - [2023-09-21T10:40:36.746+0000] {dag.py:2915} INFO - Sync 1 DAGs
[2023-09-21T10:40:36.761+0000] {logging_mixin.py:151} INFO - [2023-09-21T10:40:36.760+0000] {dag.py:3696} INFO - Setting next_dagrun for tutorial to 2023-09-20T10:40:36.760708+00:00, run_after=2023-09-21T10:40:36.760708+00:00
[2023-09-21T10:40:36.774+0000] {processor.py:179} INFO - Processing /home/airflow/.local/lib/python3.8/site-packages/airflow/example_dags/tutorial.py took 0.058 seconds
[2023-09-21T11:16:31.702+0000] {processor.py:157} INFO - Started process (PID=41) to work on /home/airflow/.local/lib/python3.8/site-packages/airflow/example_dags/tutorial.py
[2023-09-21T11:16:31.703+0000] {processor.py:829} INFO - Processing file /home/airflow/.local/lib/python3.8/site-packages/airflow/example_dags/tutorial.py for tasks to queue
[2023-09-21T11:16:31.705+0000] {logging_mixin.py:151} INFO - [2023-09-21T11:16:31.704+0000] {dagbag.py:539} INFO - Filling up the DagBag from /home/airflow/.local/lib/python3.8/site-packages/airflow/example_dags/tutorial.py
[2023-09-21T11:16:31.711+0000] {processor.py:839} INFO - DAG(s) dict_keys(['tutorial']) retrieved from /home/airflow/.local/lib/python3.8/site-packages/airflow/example_dags/tutorial.py
[2023-09-21T11:16:31.723+0000] {logging_mixin.py:151} INFO - [2023-09-21T11:16:31.723+0000] {dag.py:2915} INFO - Sync 1 DAGs
[2023-09-21T11:16:31.738+0000] {logging_mixin.py:151} INFO - [2023-09-21T11:16:31.738+0000] {dag.py:3696} INFO - Setting next_dagrun for tutorial to 2023-09-20T11:16:31.737832+00:00, run_after=2023-09-21T11:16:31.737832+00:00
[2023-09-21T11:16:31.750+0000] {processor.py:179} INFO - Processing /home/airflow/.local/lib/python3.8/site-packages/airflow/example_dags/tutorial.py took 0.051 seconds
[2023-09-21T11:17:02.660+0000] {processor.py:157} INFO - Started process (PID=94) to work on /home/airflow/.local/lib/python3.8/site-packages/airflow/example_dags/tutorial.py
[2023-09-21T11:17:02.661+0000] {processor.py:829} INFO - Processing file /home/airflow/.local/lib/python3.8/site-packages/airflow/example_dags/tutorial.py for tasks to queue
[2023-09-21T11:17:02.664+0000] {logging_mixin.py:151} INFO - [2023-09-21T11:17:02.663+0000] {dagbag.py:539} INFO - Filling up the DagBag from /home/airflow/.local/lib/python3.8/site-packages/airflow/example_dags/tutorial.py
[2023-09-21T11:17:02.669+0000] {processor.py:839} INFO - DAG(s) dict_keys(['tutorial']) retrieved from /home/airflow/.local/lib/python3.8/site-packages/airflow/example_dags/tutorial.py
[2023-09-21T11:17:02.686+0000] {logging_mixin.py:151} INFO - [2023-09-21T11:17:02.686+0000] {dag.py:2915} INFO - Sync 1 DAGs
[2023-09-21T11:17:02.701+0000] {logging_mixin.py:151} INFO - [2023-09-21T11:17:02.701+0000] {dag.py:3696} INFO - Setting next_dagrun for tutorial to 2023-09-20T11:17:02.700850+00:00, run_after=2023-09-21T11:17:02.700850+00:00
[2023-09-21T11:17:02.714+0000] {processor.py:179} INFO - Processing /home/airflow/.local/lib/python3.8/site-packages/airflow/example_dags/tutorial.py took 0.056 seconds
[2023-09-21T11:17:32.868+0000] {processor.py:157} INFO - Started process (PID=148) to work on /home/airflow/.local/lib/python3.8/site-packages/airflow/example_dags/tutorial.py
[2023-09-21T11:17:32.869+0000] {processor.py:829} INFO - Processing file /home/airflow/.local/lib/python3.8/site-packages/airflow/example_dags/tutorial.py for tasks to queue
[2023-09-21T11:17:32.871+0000] {logging_mixin.py:151} INFO - [2023-09-21T11:17:32.871+0000] {dagbag.py:539} INFO - Filling up the DagBag from /home/airflow/.local/lib/python3.8/site-packages/airflow/example_dags/tutorial.py
[2023-09-21T11:17:32.876+0000] {processor.py:839} INFO - DAG(s) dict_keys(['tutorial']) retrieved from /home/airflow/.local/lib/python3.8/site-packages/airflow/example_dags/tutorial.py
[2023-09-21T11:17:32.894+0000] {logging_mixin.py:151} INFO - [2023-09-21T11:17:32.894+0000] {dag.py:2915} INFO - Sync 1 DAGs
[2023-09-21T11:17:32.907+0000] {logging_mixin.py:151} INFO - [2023-09-21T11:17:32.907+0000] {dag.py:3696} INFO - Setting next_dagrun for tutorial to 2023-09-20T11:17:32.907520+00:00, run_after=2023-09-21T11:17:32.907520+00:00
[2023-09-21T11:17:32.919+0000] {processor.py:179} INFO - Processing /home/airflow/.local/lib/python3.8/site-packages/airflow/example_dags/tutorial.py took 0.054 seconds
[2023-09-21T11:18:03.184+0000] {processor.py:157} INFO - Started process (PID=202) to work on /home/airflow/.local/lib/python3.8/site-packages/airflow/example_dags/tutorial.py
[2023-09-21T11:18:03.186+0000] {processor.py:829} INFO - Processing file /home/airflow/.local/lib/python3.8/site-packages/airflow/example_dags/tutorial.py for tasks to queue
[2023-09-21T11:18:03.187+0000] {logging_mixin.py:151} INFO - [2023-09-21T11:18:03.187+0000] {dagbag.py:539} INFO - Filling up the DagBag from /home/airflow/.local/lib/python3.8/site-packages/airflow/example_dags/tutorial.py
[2023-09-21T11:18:03.192+0000] {processor.py:839} INFO - DAG(s) dict_keys(['tutorial']) retrieved from /home/airflow/.local/lib/python3.8/site-packages/airflow/example_dags/tutorial.py
[2023-09-21T11:18:03.209+0000] {logging_mixin.py:151} INFO - [2023-09-21T11:18:03.209+0000] {dag.py:2915} INFO - Sync 1 DAGs
[2023-09-21T11:18:03.222+0000] {logging_mixin.py:151} INFO - [2023-09-21T11:18:03.222+0000] {dag.py:3696} INFO - Setting next_dagrun for tutorial to 2023-09-20T11:18:03.222496+00:00, run_after=2023-09-21T11:18:03.222496+00:00
[2023-09-21T11:18:03.237+0000] {processor.py:179} INFO - Processing /home/airflow/.local/lib/python3.8/site-packages/airflow/example_dags/tutorial.py took 0.055 seconds
[2023-09-21T18:29:37.938+0700] {processor.py:157} INFO - Started process (PID=41) to work on /home/airflow/.local/lib/python3.8/site-packages/airflow/example_dags/tutorial.py
[2023-09-21T18:29:37.939+0700] {processor.py:829} INFO - Processing file /home/airflow/.local/lib/python3.8/site-packages/airflow/example_dags/tutorial.py for tasks to queue
[2023-09-21T18:29:37.941+0700] {logging_mixin.py:151} INFO - [2023-09-21T18:29:37.941+0700] {dagbag.py:539} INFO - Filling up the DagBag from /home/airflow/.local/lib/python3.8/site-packages/airflow/example_dags/tutorial.py
[2023-09-21T18:29:37.946+0700] {processor.py:839} INFO - DAG(s) dict_keys(['tutorial']) retrieved from /home/airflow/.local/lib/python3.8/site-packages/airflow/example_dags/tutorial.py
[2023-09-21T18:29:37.958+0700] {logging_mixin.py:151} INFO - [2023-09-21T18:29:37.958+0700] {dag.py:2915} INFO - Sync 1 DAGs
[2023-09-21T18:29:37.974+0700] {logging_mixin.py:151} INFO - [2023-09-21T18:29:37.974+0700] {dag.py:3696} INFO - Setting next_dagrun for tutorial to 2023-09-20T11:29:37.974433+00:00, run_after=2023-09-21T11:29:37.974433+00:00
[2023-09-21T18:29:37.987+0700] {processor.py:179} INFO - Processing /home/airflow/.local/lib/python3.8/site-packages/airflow/example_dags/tutorial.py took 0.051 seconds
[2023-09-21T18:30:08.256+0700] {processor.py:157} INFO - Started process (PID=94) to work on /home/airflow/.local/lib/python3.8/site-packages/airflow/example_dags/tutorial.py
[2023-09-21T18:30:08.257+0700] {processor.py:829} INFO - Processing file /home/airflow/.local/lib/python3.8/site-packages/airflow/example_dags/tutorial.py for tasks to queue
[2023-09-21T18:30:08.259+0700] {logging_mixin.py:151} INFO - [2023-09-21T18:30:08.259+0700] {dagbag.py:539} INFO - Filling up the DagBag from /home/airflow/.local/lib/python3.8/site-packages/airflow/example_dags/tutorial.py
[2023-09-21T18:30:08.264+0700] {processor.py:839} INFO - DAG(s) dict_keys(['tutorial']) retrieved from /home/airflow/.local/lib/python3.8/site-packages/airflow/example_dags/tutorial.py
[2023-09-21T18:30:08.282+0700] {logging_mixin.py:151} INFO - [2023-09-21T18:30:08.282+0700] {dag.py:2915} INFO - Sync 1 DAGs
[2023-09-21T18:30:08.296+0700] {logging_mixin.py:151} INFO - [2023-09-21T18:30:08.296+0700] {dag.py:3696} INFO - Setting next_dagrun for tutorial to 2023-09-20T11:30:08.296119+00:00, run_after=2023-09-21T11:30:08.296119+00:00
[2023-09-21T18:30:08.310+0700] {processor.py:179} INFO - Processing /home/airflow/.local/lib/python3.8/site-packages/airflow/example_dags/tutorial.py took 0.056 seconds
[2023-09-21T18:32:31.155+0700] {processor.py:157} INFO - Started process (PID=42) to work on /home/airflow/.local/lib/python3.8/site-packages/airflow/example_dags/tutorial.py
[2023-09-21T18:32:31.156+0700] {processor.py:829} INFO - Processing file /home/airflow/.local/lib/python3.8/site-packages/airflow/example_dags/tutorial.py for tasks to queue
[2023-09-21T18:32:31.158+0700] {logging_mixin.py:151} INFO - [2023-09-21T18:32:31.158+0700] {dagbag.py:539} INFO - Filling up the DagBag from /home/airflow/.local/lib/python3.8/site-packages/airflow/example_dags/tutorial.py
[2023-09-21T18:32:31.164+0700] {processor.py:839} INFO - DAG(s) dict_keys(['tutorial']) retrieved from /home/airflow/.local/lib/python3.8/site-packages/airflow/example_dags/tutorial.py
[2023-09-21T18:32:31.176+0700] {logging_mixin.py:151} INFO - [2023-09-21T18:32:31.176+0700] {dag.py:2915} INFO - Sync 1 DAGs
[2023-09-21T18:32:31.191+0700] {logging_mixin.py:151} INFO - [2023-09-21T18:32:31.191+0700] {dag.py:3696} INFO - Setting next_dagrun for tutorial to 2023-09-20T11:32:31.191277+00:00, run_after=2023-09-21T11:32:31.191277+00:00
[2023-09-21T18:32:31.203+0700] {processor.py:179} INFO - Processing /home/airflow/.local/lib/python3.8/site-packages/airflow/example_dags/tutorial.py took 0.051 seconds
